\BOOKMARK [1][-]{section.1}{Introduzione}{}% 1
\BOOKMARK [2][-]{subsection.1.1}{Scopo del documento}{section.1}% 2
\BOOKMARK [2][-]{subsection.1.2}{Scopo del Prodotto}{section.1}% 3
\BOOKMARK [2][-]{subsection.1.3}{Glossario}{section.1}% 4
\BOOKMARK [2][-]{subsection.1.4}{Riferimenti}{section.1}% 5
\BOOKMARK [3][-]{subsubsection.1.4.1}{Normativi}{subsection.1.4}% 6
\BOOKMARK [3][-]{subsubsection.1.4.2}{Informativi}{subsection.1.4}% 7
\BOOKMARK [1][-]{section.2}{Processi Primari}{}% 8
\BOOKMARK [2][-]{subsection.2.1}{Processi di sviluppo}{section.2}% 9
\BOOKMARK [3][-]{subsubsection.2.1.1}{Analisi dei requisiti}{subsection.2.1}% 10
\BOOKMARK [4][-]{subsubsubsection.2.1.1.1}{ Casi d'uso}{subsubsection.2.1.1}% 11
\BOOKMARK [4][-]{subsubsubsection.2.1.1.2}{ Requisiti}{subsubsection.2.1.1}% 12
\BOOKMARK [3][-]{subsubsection.2.1.2}{ **Strumenti per il tracciamento dei requisiti}{subsection.2.1}% 13
\BOOKMARK [3][-]{subsubsection.2.1.3}{ **UML}{subsection.2.1}% 14
\BOOKMARK [2][-]{subsection.2.2}{ Progettazione}{section.2}% 15
\BOOKMARK [3][-]{subsubsection.2.2.1}{ Scopo del processo}{subsection.2.2}% 16
\BOOKMARK [3][-]{subsubsection.2.2.2}{ Descrizione}{subsection.2.2}% 17
\BOOKMARK [3][-]{subsubsection.2.2.3}{ Diagrammi UML}{subsection.2.2}% 18
\BOOKMARK [3][-]{subsubsection.2.2.4}{ Stile di progettazione}{subsection.2.2}% 19
\BOOKMARK [2][-]{subsection.2.3}{Codifica}{section.2}% 20
\BOOKMARK [3][-]{subsubsection.2.3.1}{Scopo del processo}{subsection.2.3}% 21
\BOOKMARK [3][-]{subsubsection.2.3.2}{Descrizione}{subsection.2.3}% 22
\BOOKMARK [3][-]{subsubsection.2.3.3}{Intestazione dei file}{subsection.2.3}% 23
\BOOKMARK [3][-]{subsubsection.2.3.4}{Formattazione}{subsection.2.3}% 24
\BOOKMARK [2][-]{subsection.2.4}{Verifica e validazione}{section.2}% 25
\BOOKMARK [3][-]{subsubsection.2.4.1}{Strumenti di verifica}{subsection.2.4}% 26
\BOOKMARK [1][-]{section.3}{Processi di supporto}{}% 27
\BOOKMARK [2][-]{subsection.3.1}{Processo di documentazione}{section.3}% 28
\BOOKMARK [3][-]{subsubsection.3.1.1}{Scopo del processo}{subsection.3.1}% 29
\BOOKMARK [3][-]{subsubsection.3.1.2}{Procedure}{subsection.3.1}% 30
\BOOKMARK [3][-]{subsubsection.3.1.3}{Template}{subsection.3.1}% 31
\BOOKMARK [3][-]{subsubsection.3.1.4}{Struttura dei documenti}{subsection.3.1}% 32
\BOOKMARK [4][-]{subsubsubsection.3.1.4.1}{Comandi personalizzati}{subsubsection.3.1.4}% 33
\BOOKMARK [4][-]{subsubsubsection.3.1.4.2}{Frontespizio}{subsubsection.3.1.4}% 34
\BOOKMARK [4][-]{subsubsubsection.3.1.4.3}{Registro delle modifiche}{subsubsection.3.1.4}% 35
\BOOKMARK [4][-]{subsubsubsection.3.1.4.4}{Indice}{subsubsection.3.1.4}% 36
\BOOKMARK [4][-]{subsubsubsection.3.1.4.5}{Intestazione}{subsubsection.3.1.4}% 37
\BOOKMARK [4][-]{subsubsubsection.3.1.4.6}{Pi\350 di pagina}{subsubsection.3.1.4}% 38
\BOOKMARK [3][-]{subsubsection.3.1.5}{Versionamento}{subsection.3.1}% 39
\BOOKMARK [3][-]{subsubsection.3.1.6}{Norme tipografiche}{subsection.3.1}% 40
\BOOKMARK [4][-]{subsubsubsection.3.1.6.1}{Formattazione del testo}{subsubsection.3.1.6}% 41
\BOOKMARK [4][-]{subsubsubsection.3.1.6.2}{Punteggiatura}{subsubsection.3.1.6}% 42
\BOOKMARK [4][-]{subsubsubsection.3.1.6.3}{Composizione del testo}{subsubsection.3.1.6}% 43
\BOOKMARK [4][-]{subsubsubsection.3.1.6.4}{Formati}{subsubsection.3.1.6}% 44
\BOOKMARK [3][-]{subsubsection.3.1.7}{Sigle}{subsection.3.1}% 45
\BOOKMARK [3][-]{subsubsection.3.1.8}{Componenti grafiche}{subsection.3.1}% 46
\BOOKMARK [4][-]{subsubsubsection.3.1.8.1}{Tabelle}{subsubsection.3.1.8}% 47
\BOOKMARK [4][-]{subsubsubsection.3.1.8.2}{Immagini}{subsubsection.3.1.8}% 48
\BOOKMARK [3][-]{subsubsection.3.1.9}{Strumenti per la documentazione}{subsection.3.1}% 49
\BOOKMARK [2][-]{subsection.3.2}{Processo di verifica}{section.3}% 50
\BOOKMARK [3][-]{subsubsection.3.2.1}{Scopo del processo}{subsection.3.2}% 51
\BOOKMARK [3][-]{subsubsection.3.2.2}{Risultati osservabili}{subsection.3.2}% 52
\BOOKMARK [3][-]{subsubsection.3.2.3}{Tecniche di analisi}{subsection.3.2}% 53
\BOOKMARK [4][-]{subsubsubsection.3.2.3.1}{Analisi statica}{subsubsection.3.2.3}% 54
\BOOKMARK [4][-]{subsubsubsection.3.2.3.2}{Analisi dinamica}{subsubsection.3.2.3}% 55
\BOOKMARK [3][-]{subsubsection.3.2.4}{Test}{subsection.3.2}% 56
\BOOKMARK [4][-]{subsubsubsection.3.2.4.1}{Test di unit\340}{subsubsection.3.2.4}% 57
\BOOKMARK [4][-]{subsubsubsection.3.2.4.2}{Test di integrazione}{subsubsection.3.2.4}% 58
\BOOKMARK [4][-]{subsubsubsection.3.2.4.3}{Test di sistema}{subsubsection.3.2.4}% 59
\BOOKMARK [4][-]{subsubsubsection.3.2.4.4}{Test di regressione}{subsubsection.3.2.4}% 60
\BOOKMARK [4][-]{subsubsubsection.3.2.4.5}{Test di accettazione}{subsubsection.3.2.4}% 61
\BOOKMARK [1][-]{section.4}{Processi Organizzativo}{}% 62
\BOOKMARK [2][-]{subsection.4.1}{Scopo del processo}{section.4}% 63
\BOOKMARK [2][-]{subsection.4.2}{@**@ Processo di gestione}{section.4}% 64
\BOOKMARK [3][-]{subsubsection.4.2.1}{Ruoli di progetto}{subsection.4.2}% 65
\BOOKMARK [4][-]{subsubsubsection.4.2.1.1}{Definizione dei ruoli}{subsubsection.4.2.1}% 66
\BOOKMARK [3][-]{subsubsection.4.2.2}{Comunicazione}{subsection.4.2}% 67
\BOOKMARK [4][-]{subsubsubsection.4.2.2.1}{Interna}{subsubsection.4.2.2}% 68
\BOOKMARK [4][-]{subsubsubsection.4.2.2.2}{Esterna}{subsubsection.4.2.2}% 69
\BOOKMARK [3][-]{subsubsection.4.2.3}{Incontri}{subsection.4.2}% 70
\BOOKMARK [4][-]{subsubsubsection.4.2.3.1}{Interni}{subsubsection.4.2.3}% 71
\BOOKMARK [4][-]{subsubsubsection.4.2.3.2}{Esterni}{subsubsection.4.2.3}% 72
\BOOKMARK [3][-]{subsubsection.4.2.4}{Ticketing}{subsection.4.2}% 73
\BOOKMARK [2][-]{subsection.4.3}{@**@ Processo di Allestimento}{section.4}% 74
\BOOKMARK [3][-]{subsubsection.4.3.1}{Strumenti di progetto}{subsection.4.3}% 75
\BOOKMARK [4][-]{subsubsubsection.4.3.1.1}{Sistema operativo}{subsubsection.4.3.1}% 76
\BOOKMARK [4][-]{subsubsubsection.4.3.1.2}{Codifica dei caratteri}{subsubsection.4.3.1}% 77
\BOOKMARK [4][-]{subsubsubsection.4.3.1.3}{Versionamento}{subsubsection.4.3.1}% 78
\BOOKMARK [4][-]{subsubsubsection.4.3.1.4}{Git - Modo d'uso}{subsubsection.4.3.1}% 79
\BOOKMARK [4][-]{subsubsubsection.4.3.1.5}{GitHub - Modo d'uso}{subsubsection.4.3.1}% 80
\BOOKMARK [3][-]{subsubsection.4.3.2}{Produzione dei documenti}{subsection.4.3}% 81
\BOOKMARK [4][-]{subsubsubsection.4.3.2.1}{Dropbox}{subsubsection.4.3.2}% 82
\BOOKMARK [4][-]{subsubsubsection.4.3.2.2}{Editor}{subsubsection.4.3.2}% 83
\BOOKMARK [4][-]{subsubsubsection.4.3.2.3}{Correttore ortografico}{subsubsection.4.3.2}% 84
