\BOOKMARK [1][-]{section.1}{Introduzione}{}% 1
\BOOKMARK [2][-]{subsection.1.1}{Scopo del documento}{section.1}% 2
\BOOKMARK [2][-]{subsection.1.2}{Scopo del prodotto}{section.1}% 3
\BOOKMARK [2][-]{subsection.1.3}{Glossario}{section.1}% 4
\BOOKMARK [2][-]{subsection.1.4}{Riferimenti}{section.1}% 5
\BOOKMARK [3][-]{subsubsection.1.4.1}{Normativi}{subsection.1.4}% 6
\BOOKMARK [3][-]{subsubsection.1.4.2}{Informativi}{subsection.1.4}% 7
\BOOKMARK [1][-]{section.2}{Strategia generale di qualifica}{}% 8
\BOOKMARK [2][-]{subsection.2.1}{Definizione obiettivi}{section.2}% 9
\BOOKMARK [2][-]{subsection.2.2}{Qualit\340 di processo}{section.2}% 10
\BOOKMARK [3][-]{subsubsection.2.2.1}{Standard utilizzati}{subsection.2.2}% 11
\BOOKMARK [2][-]{subsection.2.3}{Qualit\340 di prodotto}{section.2}% 12
\BOOKMARK [3][-]{subsubsection.2.3.1}{Standard utilizzati}{subsection.2.3}% 13
\BOOKMARK [1][-]{section.3}{Verifica qualitativa sui processi}{}% 14
\BOOKMARK [2][-]{subsection.3.1}{Infrastructure Management Process}{section.3}% 15
\BOOKMARK [3][-]{subsubsection.3.1.1}{Obiettivi e strategie}{subsection.3.1}% 16
\BOOKMARK [2][-]{subsection.3.2}{Project Planning, Assessment and Control Process}{section.3}% 17
\BOOKMARK [3][-]{subsubsection.3.2.1}{Obiettivi e strategie}{subsection.3.2}% 18
\BOOKMARK [3][-]{subsubsection.3.2.2}{Metriche}{subsection.3.2}% 19
\BOOKMARK [4][-]{subsubsubsection.3.2.2.1}{Schedule Variance}{subsubsection.3.2.2}% 20
\BOOKMARK [4][-]{subsubsubsection.3.2.2.2}{Budget variance}{subsubsection.3.2.2}% 21
\BOOKMARK [2][-]{subsection.3.3}{System/Software Requirements Analysis Process}{section.3}% 22
\BOOKMARK [3][-]{subsubsection.3.3.1}{Obiettivi e strategie}{subsection.3.3}% 23
\BOOKMARK [3][-]{subsubsection.3.3.2}{Metriche e misure}{subsection.3.3}% 24
\BOOKMARK [4][-]{subsubsubsection.3.3.2.1}{Copertura dei requisiti}{subsubsection.3.3.2}% 25
\BOOKMARK [2][-]{subsection.3.4}{System/Software Architectural Design Process}{section.3}% 26
\BOOKMARK [3][-]{subsubsection.3.4.1}{Obiettivi}{subsection.3.4}% 27
\BOOKMARK [3][-]{subsubsection.3.4.2}{Metriche e misure}{subsection.3.4}% 28
\BOOKMARK [4][-]{subsubsubsection.3.4.2.1}{Change cost}{subsubsection.3.4.2}% 29
\BOOKMARK [4][-]{subsubsubsection.3.4.2.2}{Core size}{subsubsection.3.4.2}% 30
\BOOKMARK [2][-]{subsection.3.5}{Software Detailed Design Process}{section.3}% 31
\BOOKMARK [3][-]{subsubsection.3.5.1}{Obiettivi}{subsection.3.5}% 32
\BOOKMARK [3][-]{subsubsection.3.5.2}{Metriche e misure}{subsection.3.5}% 33
\BOOKMARK [4][-]{subsubsubsection.3.5.2.1}{Parameter count}{subsubsection.3.5.2}% 34
\BOOKMARK [2][-]{subsection.3.6}{Software Construction Process}{section.3}% 35
\BOOKMARK [3][-]{subsubsection.3.6.1}{Obiettivi}{subsection.3.6}% 36
\BOOKMARK [3][-]{subsubsection.3.6.2}{Metriche e misure}{subsection.3.6}% 37
\BOOKMARK [4][-]{subsubsubsection.3.6.2.1}{Cyclomatic complexity}{subsubsection.3.6.2}% 38
\BOOKMARK [4][-]{subsubsubsection.3.6.2.2}{Metriche di Halstead}{subsubsection.3.6.2}% 39
\BOOKMARK [4][-]{subsubsubsection.3.6.2.3}{Maintainability Index}{subsubsection.3.6.2}% 40
\BOOKMARK [2][-]{subsection.3.7}{System/Software Qualification Testing Process}{section.3}% 41
\BOOKMARK [3][-]{subsubsection.3.7.1}{Obiettivi e strategie}{subsection.3.7}% 42
\BOOKMARK [3][-]{subsubsection.3.7.2}{Metriche e misure}{subsection.3.7}% 43
\BOOKMARK [4][-]{subsubsubsection.3.7.2.1}{Test di Accettazione eseguiti}{subsubsection.3.7.2}% 44
\BOOKMARK [4][-]{subsubsubsection.3.7.2.2}{Test di Sistema eseguiti}{subsubsection.3.7.2}% 45
\BOOKMARK [4][-]{subsubsubsection.3.7.2.3}{Test di Integrazione eseguiti}{subsubsection.3.7.2}% 46
\BOOKMARK [4][-]{subsubsubsection.3.7.2.4}{Test di Unit\340 eseguiti}{subsubsection.3.7.2}% 47
\BOOKMARK [2][-]{subsection.3.8}{Software Documentation Management Process}{section.3}% 48
\BOOKMARK [3][-]{subsubsection.3.8.1}{Obiettivi e strategie}{subsection.3.8}% 49
\BOOKMARK [3][-]{subsubsection.3.8.2}{Metriche e misure}{subsection.3.8}% 50
\BOOKMARK [3][-]{subsubsection.3.8.3}{Indice Gulpease}{subsection.3.8}% 51
\BOOKMARK [2][-]{subsection.3.9}{Misure e metriche: riepilogo parametri di tolleranza}{section.3}% 52
\BOOKMARK [3][-]{subsubsection.3.9.1}{Processi}{subsection.3.9}% 53
\BOOKMARK [3][-]{subsubsection.3.9.2}{Documenti}{subsection.3.9}% 54
\BOOKMARK [3][-]{subsubsection.3.9.3}{Software}{subsection.3.9}% 55
\BOOKMARK [1][-]{section*.2}{Appendici}{}% 56
\BOOKMARK [1][-]{appendix.Alph1}{Specifica test}{}% 57
\BOOKMARK [2][-]{subsection.Alph1.1}{Livelli di testing}{appendix.Alph1}% 58
\BOOKMARK [2][-]{subsection.Alph1.2}{Test di accettazione}{appendix.Alph1}% 59
\BOOKMARK [2][-]{subsection.Alph1.3}{Test di sistema}{appendix.Alph1}% 60
\BOOKMARK [3][-]{subsubsection.Alph1.3.1}{Requisiti funzionali}{subsection.Alph1.3}% 61
\BOOKMARK [3][-]{subsubsection.Alph1.3.2}{Requisiti di qualit\340}{subsection.Alph1.3}% 62
\BOOKMARK [2][-]{subsection.Alph1.4}{Test di integrazione}{appendix.Alph1}% 63
\BOOKMARK [2][-]{subsection.Alph1.5}{Test di unit\340}{appendix.Alph1}% 64
\BOOKMARK [1][-]{appendix.Alph2}{Tracciamento componenti - requisiti}{}% 65
\BOOKMARK [1][-]{appendix.Alph3}{Tracciamento requisiti - componenti}{}% 66
\BOOKMARK [1][-]{appendix.Alph4}{Tracciamento metodi - test di unit\340}{}% 67
\BOOKMARK [1][-]{appendix.Alph5}{Tracciamento test di unit\340 - metodi}{}% 68
\BOOKMARK [1][-]{appendix.Alph6}{Esito misurazioni}{}% 69
\BOOKMARK [2][-]{subsection.Alph6.1}{Analisi}{appendix.Alph6}% 70
\BOOKMARK [3][-]{subsubsection.Alph6.1.1}{Processi}{subsection.Alph6.1}% 71
\BOOKMARK [3][-]{subsubsection.Alph6.1.2}{Documenti}{subsection.Alph6.1}% 72
\BOOKMARK [2][-]{subsection.Alph6.2}{Progettazione Architetturale}{appendix.Alph6}% 73
\BOOKMARK [3][-]{subsubsection.Alph6.2.1}{Documenti}{subsection.Alph6.2}% 74
\BOOKMARK [2][-]{subsection.Alph6.3}{Progettazione di dettaglio}{appendix.Alph6}% 75
\BOOKMARK [3][-]{subsubsection.Alph6.3.1}{Processi}{subsection.Alph6.3}% 76
\BOOKMARK [3][-]{subsubsection.Alph6.3.2}{Documenti}{subsection.Alph6.3}% 77
\BOOKMARK [2][-]{subsection.Alph6.4}{Codifica}{appendix.Alph6}% 78
\BOOKMARK [3][-]{subsubsection.Alph6.4.1}{Processi}{subsection.Alph6.4}% 79
\BOOKMARK [3][-]{subsubsection.Alph6.4.2}{Documenti}{subsection.Alph6.4}% 80
\BOOKMARK [3][-]{subsubsection.Alph6.4.3}{Software}{subsection.Alph6.4}% 81
