This is pdfTeX, Version 3.14159265-2.6-1.40.15 (MiKTeX 2.9 64-bit) (preloaded format=pdflatex 2015.12.20)  23 JUL 2016 12:23
entering extended mode
**piano_di_qualifica_4.0.tex
(piano_di_qualifica_4.0.tex
LaTeX2e <2014/05/01>
Babel <3.9l> and hyphenation patterns for 68 languages loaded.
("C:\Program Files\MiKTeX 2.9\tex\latex\base\article.cls"
Document Class: article 2014/09/29 v1.4h Standard LaTeX document class
("C:\Program Files\MiKTeX 2.9\tex\latex\base\size11.clo"
File: size11.clo 2014/09/29 v1.4h Standard LaTeX file (size option)
)
\c@part=\count79
\c@section=\count80
\c@subsection=\count81
\c@subsubsection=\count82
\c@paragraph=\count83
\c@subparagraph=\count84
\c@figure=\count85
\c@table=\count86
\abovecaptionskip=\skip41
\belowcaptionskip=\skip42
\bibindent=\dimen102
)
(../../../template.tex ("C:\Program Files\MiKTeX 2.9\tex\latex\base\inputenc.st
y"
Package: inputenc 2014/04/30 v1.2b Input encoding file
\inpenc@prehook=\toks14
\inpenc@posthook=\toks15
 ("C:\Program Files\MiKTeX 2.9\tex\latex\base\utf8.def"
File: utf8.def 2014/09/29 v1.1m UTF-8 support for inputenc
Now handling font encoding OML ...
... no UTF-8 mapping file for font encoding OML
Now handling font encoding T1 ...
... processing UTF-8 mapping file for font encoding T1

("C:\Program Files\MiKTeX 2.9\tex\latex\base\t1enc.dfu"
File: t1enc.dfu 2014/09/29 v1.1m UTF-8 support for inputenc
   defining Unicode char U+00A1 (decimal 161)
   defining Unicode char U+00A3 (decimal 163)
   defining Unicode char U+00AB (decimal 171)
   defining Unicode char U+00BB (decimal 187)
   defining Unicode char U+00BF (decimal 191)
   defining Unicode char U+00C0 (decimal 192)
   defining Unicode char U+00C1 (decimal 193)
   defining Unicode char U+00C2 (decimal 194)
   defining Unicode char U+00C3 (decimal 195)
   defining Unicode char U+00C4 (decimal 196)
   defining Unicode char U+00C5 (decimal 197)
   defining Unicode char U+00C6 (decimal 198)
   defining Unicode char U+00C7 (decimal 199)
   defining Unicode char U+00C8 (decimal 200)
   defining Unicode char U+00C9 (decimal 201)
   defining Unicode char U+00CA (decimal 202)
   defining Unicode char U+00CB (decimal 203)
   defining Unicode char U+00CC (decimal 204)
   defining Unicode char U+00CD (decimal 205)
   defining Unicode char U+00CE (decimal 206)
   defining Unicode char U+00CF (decimal 207)
   defining Unicode char U+00D0 (decimal 208)
   defining Unicode char U+00D1 (decimal 209)
   defining Unicode char U+00D2 (decimal 210)
   defining Unicode char U+00D3 (decimal 211)
   defining Unicode char U+00D4 (decimal 212)
   defining Unicode char U+00D5 (decimal 213)
   defining Unicode char U+00D6 (decimal 214)
   defining Unicode char U+00D8 (decimal 216)
   defining Unicode char U+00D9 (decimal 217)
   defining Unicode char U+00DA (decimal 218)
   defining Unicode char U+00DB (decimal 219)
   defining Unicode char U+00DC (decimal 220)
   defining Unicode char U+00DD (decimal 221)
   defining Unicode char U+00DE (decimal 222)
   defining Unicode char U+00DF (decimal 223)
   defining Unicode char U+00E0 (decimal 224)
   defining Unicode char U+00E1 (decimal 225)
   defining Unicode char U+00E2 (decimal 226)
   defining Unicode char U+00E3 (decimal 227)
   defining Unicode char U+00E4 (decimal 228)
   defining Unicode char U+00E5 (decimal 229)
   defining Unicode char U+00E6 (decimal 230)
   defining Unicode char U+00E7 (decimal 231)
   defining Unicode char U+00E8 (decimal 232)
   defining Unicode char U+00E9 (decimal 233)
   defining Unicode char U+00EA (decimal 234)
   defining Unicode char U+00EB (decimal 235)
   defining Unicode char U+00EC (decimal 236)
   defining Unicode char U+00ED (decimal 237)
   defining Unicode char U+00EE (decimal 238)
   defining Unicode char U+00EF (decimal 239)
   defining Unicode char U+00F0 (decimal 240)
   defining Unicode char U+00F1 (decimal 241)
   defining Unicode char U+00F2 (decimal 242)
   defining Unicode char U+00F3 (decimal 243)
   defining Unicode char U+00F4 (decimal 244)
   defining Unicode char U+00F5 (decimal 245)
   defining Unicode char U+00F6 (decimal 246)
   defining Unicode char U+00F8 (decimal 248)
   defining Unicode char U+00F9 (decimal 249)
   defining Unicode char U+00FA (decimal 250)
   defining Unicode char U+00FB (decimal 251)
   defining Unicode char U+00FC (decimal 252)
   defining Unicode char U+00FD (decimal 253)
   defining Unicode char U+00FE (decimal 254)
   defining Unicode char U+00FF (decimal 255)
   defining Unicode char U+0102 (decimal 258)
   defining Unicode char U+0103 (decimal 259)
   defining Unicode char U+0104 (decimal 260)
   defining Unicode char U+0105 (decimal 261)
   defining Unicode char U+0106 (decimal 262)
   defining Unicode char U+0107 (decimal 263)
   defining Unicode char U+010C (decimal 268)
   defining Unicode char U+010D (decimal 269)
   defining Unicode char U+010E (decimal 270)
   defining Unicode char U+010F (decimal 271)
   defining Unicode char U+0110 (decimal 272)
   defining Unicode char U+0111 (decimal 273)
   defining Unicode char U+0118 (decimal 280)
   defining Unicode char U+0119 (decimal 281)
   defining Unicode char U+011A (decimal 282)
   defining Unicode char U+011B (decimal 283)
   defining Unicode char U+011E (decimal 286)
   defining Unicode char U+011F (decimal 287)
   defining Unicode char U+0130 (decimal 304)
   defining Unicode char U+0131 (decimal 305)
   defining Unicode char U+0132 (decimal 306)
   defining Unicode char U+0133 (decimal 307)
   defining Unicode char U+0139 (decimal 313)
   defining Unicode char U+013A (decimal 314)
   defining Unicode char U+013D (decimal 317)
   defining Unicode char U+013E (decimal 318)
   defining Unicode char U+0141 (decimal 321)
   defining Unicode char U+0142 (decimal 322)
   defining Unicode char U+0143 (decimal 323)
   defining Unicode char U+0144 (decimal 324)
   defining Unicode char U+0147 (decimal 327)
   defining Unicode char U+0148 (decimal 328)
   defining Unicode char U+014A (decimal 330)
   defining Unicode char U+014B (decimal 331)
   defining Unicode char U+0150 (decimal 336)
   defining Unicode char U+0151 (decimal 337)
   defining Unicode char U+0152 (decimal 338)
   defining Unicode char U+0153 (decimal 339)
   defining Unicode char U+0154 (decimal 340)
   defining Unicode char U+0155 (decimal 341)
   defining Unicode char U+0158 (decimal 344)
   defining Unicode char U+0159 (decimal 345)
   defining Unicode char U+015A (decimal 346)
   defining Unicode char U+015B (decimal 347)
   defining Unicode char U+015E (decimal 350)
   defining Unicode char U+015F (decimal 351)
   defining Unicode char U+0160 (decimal 352)
   defining Unicode char U+0161 (decimal 353)
   defining Unicode char U+0162 (decimal 354)
   defining Unicode char U+0163 (decimal 355)
   defining Unicode char U+0164 (decimal 356)
   defining Unicode char U+0165 (decimal 357)
   defining Unicode char U+016E (decimal 366)
   defining Unicode char U+016F (decimal 367)
   defining Unicode char U+0170 (decimal 368)
   defining Unicode char U+0171 (decimal 369)
   defining Unicode char U+0178 (decimal 376)
   defining Unicode char U+0179 (decimal 377)
   defining Unicode char U+017A (decimal 378)
   defining Unicode char U+017B (decimal 379)
   defining Unicode char U+017C (decimal 380)
   defining Unicode char U+017D (decimal 381)
   defining Unicode char U+017E (decimal 382)
   defining Unicode char U+200C (decimal 8204)
   defining Unicode char U+2013 (decimal 8211)
   defining Unicode char U+2014 (decimal 8212)
   defining Unicode char U+2018 (decimal 8216)
   defining Unicode char U+2019 (decimal 8217)
   defining Unicode char U+201A (decimal 8218)
   defining Unicode char U+201C (decimal 8220)
   defining Unicode char U+201D (decimal 8221)
   defining Unicode char U+201E (decimal 8222)
   defining Unicode char U+2030 (decimal 8240)
   defining Unicode char U+2031 (decimal 8241)
   defining Unicode char U+2039 (decimal 8249)
   defining Unicode char U+203A (decimal 8250)
   defining Unicode char U+2423 (decimal 9251)
)
Now handling font encoding OT1 ...
... processing UTF-8 mapping file for font encoding OT1

("C:\Program Files\MiKTeX 2.9\tex\latex\base\ot1enc.dfu"
File: ot1enc.dfu 2014/09/29 v1.1m UTF-8 support for inputenc
   defining Unicode char U+00A1 (decimal 161)
   defining Unicode char U+00A3 (decimal 163)
   defining Unicode char U+00B8 (decimal 184)
   defining Unicode char U+00BF (decimal 191)
   defining Unicode char U+00C5 (decimal 197)
   defining Unicode char U+00C6 (decimal 198)
   defining Unicode char U+00D8 (decimal 216)
   defining Unicode char U+00DF (decimal 223)
   defining Unicode char U+00E6 (decimal 230)
   defining Unicode char U+00EC (decimal 236)
   defining Unicode char U+00ED (decimal 237)
   defining Unicode char U+00EE (decimal 238)
   defining Unicode char U+00EF (decimal 239)
   defining Unicode char U+00F8 (decimal 248)
   defining Unicode char U+0131 (decimal 305)
   defining Unicode char U+0141 (decimal 321)
   defining Unicode char U+0142 (decimal 322)
   defining Unicode char U+0152 (decimal 338)
   defining Unicode char U+0153 (decimal 339)
   defining Unicode char U+2013 (decimal 8211)
   defining Unicode char U+2014 (decimal 8212)
   defining Unicode char U+2018 (decimal 8216)
   defining Unicode char U+2019 (decimal 8217)
   defining Unicode char U+201C (decimal 8220)
   defining Unicode char U+201D (decimal 8221)
)
Now handling font encoding OMS ...
... processing UTF-8 mapping file for font encoding OMS

("C:\Program Files\MiKTeX 2.9\tex\latex\base\omsenc.dfu"
File: omsenc.dfu 2014/09/29 v1.1m UTF-8 support for inputenc
   defining Unicode char U+00A7 (decimal 167)
   defining Unicode char U+00B6 (decimal 182)
   defining Unicode char U+00B7 (decimal 183)
   defining Unicode char U+2020 (decimal 8224)
   defining Unicode char U+2021 (decimal 8225)
   defining Unicode char U+2022 (decimal 8226)
)
Now handling font encoding OMX ...
... no UTF-8 mapping file for font encoding OMX
Now handling font encoding U ...
... no UTF-8 mapping file for font encoding U
   defining Unicode char U+00A9 (decimal 169)
   defining Unicode char U+00AA (decimal 170)
   defining Unicode char U+00AE (decimal 174)
   defining Unicode char U+00BA (decimal 186)
   defining Unicode char U+02C6 (decimal 710)
   defining Unicode char U+02DC (decimal 732)
   defining Unicode char U+200C (decimal 8204)
   defining Unicode char U+2026 (decimal 8230)
   defining Unicode char U+2122 (decimal 8482)
   defining Unicode char U+2423 (decimal 9251)
))
("C:\Program Files\MiKTeX 2.9\tex\latex\babel\babel.sty"
Package: babel 2014/09/25 3.9l The Babel package

*************************************
* Local config file bblopts.cfg used
*
("C:\Program Files\MiKTeX 2.9\tex\latex\00miktex\bblopts.cfg"
File: bblopts.cfg 2006/07/31 v1.0 MiKTeX 'babel' configuration
)
("C:\Program Files\MiKTeX 2.9\tex\latex\babel-italian\italian.ldf"
Language: italian 2014/03/29 v1.3k Italian support from the babel system

("C:\Program Files\MiKTeX 2.9\tex\latex\babel\babel.def"
File: babel.def 2014/09/25 3.9l Babel common definitions
\babel@savecnt=\count87
\U@D=\dimen103
)
\it@lettering=\count88
\it@doublequoteactive=\count89
\it@ISOcompliance=\count90
\Virgola=\count91
))
("C:\Program Files\MiKTeX 2.9\tex\latex\etoolbox\etoolbox.sty"
Package: etoolbox 2015/03/10 v2.1b e-TeX tools for LaTeX (JAW)

("C:\Program Files\MiKTeX 2.9\tex\latex\misc\etex.sty"
Package: etex 2015/03/02 v2.1 eTeX basic definition package (PEB,DPC)
\et@xins=\count92
)
\etb@tempcnta=\count93
)
("C:\Program Files\MiKTeX 2.9\tex\latex\hyperref\hyperref.sty"
Package: hyperref 2012/11/06 v6.83m Hypertext links for LaTeX

("C:\Program Files\MiKTeX 2.9\tex\generic\oberdiek\hobsub-hyperref.sty"
Package: hobsub-hyperref 2012/04/25 v1.12 Bundle oberdiek, subset hyperref (HO)


("C:\Program Files\MiKTeX 2.9\tex\generic\oberdiek\hobsub-generic.sty"
Package: hobsub-generic 2012/04/25 v1.12 Bundle oberdiek, subset generic (HO)
Package: hobsub 2012/04/25 v1.12 Construct package bundles (HO)
Package: infwarerr 2010/04/08 v1.3 Providing info/warning/error messages (HO)
Package: ltxcmds 2011/11/09 v1.22 LaTeX kernel commands for general use (HO)
Package: ifluatex 2010/03/01 v1.3 Provides the ifluatex switch (HO)
Package ifluatex Info: LuaTeX not detected.
Package: ifvtex 2010/03/01 v1.5 Detect VTeX and its facilities (HO)
Package ifvtex Info: VTeX not detected.
Package: intcalc 2007/09/27 v1.1 Expandable calculations with integers (HO)
Package: ifpdf 2011/01/30 v2.3 Provides the ifpdf switch (HO)
Package ifpdf Info: pdfTeX in PDF mode is detected.
Package: etexcmds 2011/02/16 v1.5 Avoid name clashes with e-TeX commands (HO)
Package etexcmds Info: Could not find \expanded.
(etexcmds)             That can mean that you are not using pdfTeX 1.50 or
(etexcmds)             that some package has redefined \expanded.
(etexcmds)             In the latter case, load this package earlier.
Package: kvsetkeys 2012/04/25 v1.16 Key value parser (HO)
Package: kvdefinekeys 2011/04/07 v1.3 Define keys (HO)
Package: pdftexcmds 2011/11/29 v0.20 Utility functions of pdfTeX for LuaTeX (HO
)
Package pdftexcmds Info: LuaTeX not detected.
Package pdftexcmds Info: \pdf@primitive is available.
Package pdftexcmds Info: \pdf@ifprimitive is available.
Package pdftexcmds Info: \pdfdraftmode found.
Package: pdfescape 2011/11/25 v1.13 Implements pdfTeX's escape features (HO)
Package: bigintcalc 2012/04/08 v1.3 Expandable calculations on big integers (HO
)
Package: bitset 2011/01/30 v1.1 Handle bit-vector datatype (HO)
Package: uniquecounter 2011/01/30 v1.2 Provide unlimited unique counter (HO)
)
Package hobsub Info: Skipping package `hobsub' (already loaded).
Package: letltxmacro 2010/09/02 v1.4 Let assignment for LaTeX macros (HO)
Package: hopatch 2011/06/24 v1.1 Wrapper for package hooks (HO)
Package: xcolor-patch 2011/01/30 xcolor patch
Package: atveryend 2011/06/30 v1.8 Hooks at the very end of document (HO)
Package: atbegshi 2011/10/05 v1.16 At begin shipout hook (HO)
Package: refcount 2011/10/16 v3.4 Data extraction from label references (HO)
Package: hycolor 2011/01/30 v1.7 Color options for hyperref/bookmark (HO)
)
("C:\Program Files\MiKTeX 2.9\tex\latex\graphics\keyval.sty"
Package: keyval 2014/10/28 v1.15 key=value parser (DPC)
\KV@toks@=\toks16
)
("C:\Program Files\MiKTeX 2.9\tex\generic\ifxetex\ifxetex.sty"
Package: ifxetex 2010/09/12 v0.6 Provides ifxetex conditional
)
("C:\Program Files\MiKTeX 2.9\tex\latex\oberdiek\auxhook.sty"
Package: auxhook 2011/03/04 v1.3 Hooks for auxiliary files (HO)
)
("C:\Program Files\MiKTeX 2.9\tex\latex\oberdiek\kvoptions.sty"
Package: kvoptions 2011/06/30 v3.11 Key value format for package options (HO)
)
\@linkdim=\dimen104
\Hy@linkcounter=\count94
\Hy@pagecounter=\count95

("C:\Program Files\MiKTeX 2.9\tex\latex\hyperref\pd1enc.def"
File: pd1enc.def 2012/11/06 v6.83m Hyperref: PDFDocEncoding definition (HO)
Now handling font encoding PD1 ...
... no UTF-8 mapping file for font encoding PD1
)
\Hy@SavedSpaceFactor=\count96

("C:\Program Files\MiKTeX 2.9\tex\latex\00miktex\hyperref.cfg"
File: hyperref.cfg 2002/06/06 v1.2 hyperref configuration of TeXLive
)
Package hyperref Info: Hyper figures OFF on input line 4443.
Package hyperref Info: Link nesting OFF on input line 4448.
Package hyperref Info: Hyper index ON on input line 4451.
Package hyperref Info: Plain pages OFF on input line 4458.
Package hyperref Info: Backreferencing OFF on input line 4463.
Package hyperref Info: Implicit mode ON; LaTeX internals redefined.
Package hyperref Info: Bookmarks ON on input line 4688.
\c@Hy@tempcnt=\count97

("C:\Program Files\MiKTeX 2.9\tex\latex\url\url.sty"
\Urlmuskip=\muskip10
Package: url 2013/09/16  ver 3.4  Verb mode for urls, etc.
)
LaTeX Info: Redefining \url on input line 5041.
\XeTeXLinkMargin=\dimen105
\Fld@menulength=\count98
\Field@Width=\dimen106
\Fld@charsize=\dimen107
Package hyperref Info: Hyper figures OFF on input line 6295.
Package hyperref Info: Link nesting OFF on input line 6300.
Package hyperref Info: Hyper index ON on input line 6303.
Package hyperref Info: backreferencing OFF on input line 6310.
Package hyperref Info: Link coloring OFF on input line 6315.
Package hyperref Info: Link coloring with OCG OFF on input line 6320.
Package hyperref Info: PDF/A mode OFF on input line 6325.
LaTeX Info: Redefining \ref on input line 6365.
LaTeX Info: Redefining \pageref on input line 6369.
\Hy@abspage=\count99
\c@Item=\count100
\c@Hfootnote=\count101
)

Package hyperref Message: Driver (autodetected): hpdftex.

("C:\Program Files\MiKTeX 2.9\tex\latex\hyperref\hpdftex.def"
File: hpdftex.def 2012/11/06 v6.83m Hyperref driver for pdfTeX
\Fld@listcount=\count102
\c@bookmark@seq@number=\count103

("C:\Program Files\MiKTeX 2.9\tex\latex\oberdiek\rerunfilecheck.sty"
Package: rerunfilecheck 2011/04/15 v1.7 Rerun checks for auxiliary files (HO)
Package uniquecounter Info: New unique counter `rerunfilecheck' on input line 2
82.
)
\Hy@SectionHShift=\skip43
)
("C:\Program Files\MiKTeX 2.9\tex\latex\booktabs\booktabs.sty"
Package: booktabs 2005/04/14 v1.61803 publication quality tables
\heavyrulewidth=\dimen108
\lightrulewidth=\dimen109
\cmidrulewidth=\dimen110
\belowrulesep=\dimen111
\belowbottomsep=\dimen112
\aboverulesep=\dimen113
\abovetopsep=\dimen114
\cmidrulesep=\dimen115
\cmidrulekern=\dimen116
\defaultaddspace=\dimen117
\@cmidla=\count104
\@cmidlb=\count105
\@aboverulesep=\dimen118
\@belowrulesep=\dimen119
\@thisruleclass=\count106
\@lastruleclass=\count107
\@thisrulewidth=\dimen120
)
("C:\Program Files\MiKTeX 2.9\tex\latex\tools\longtable.sty"
Package: longtable 2014/10/28 v4.11 Multi-page Table package (DPC)
\LTleft=\skip44
\LTright=\skip45
\LTpre=\skip46
\LTpost=\skip47
\LTchunksize=\count108
\LTcapwidth=\dimen121
\LT@head=\box26
\LT@firsthead=\box27
\LT@foot=\box28
\LT@lastfoot=\box29
\LT@cols=\count109
\LT@rows=\count110
\c@LT@tables=\count111
\c@LT@chunks=\count112
\LT@p@ftn=\toks17
)
("C:\Program Files\MiKTeX 2.9\tex\latex\tools\tabularx.sty"
Package: tabularx 2014/10/28 v2.10 `tabularx' package (DPC)

("C:\Program Files\MiKTeX 2.9\tex\latex\tools\array.sty"
Package: array 2014/10/28 v2.4c Tabular extension package (FMi)
\col@sep=\dimen122
\extrarowheight=\dimen123
\NC@list=\toks18
\extratabsurround=\skip48
\backup@length=\skip49
)
\TX@col@width=\dimen124
\TX@old@table=\dimen125
\TX@old@col=\dimen126
\TX@target=\dimen127
\TX@delta=\dimen128
\TX@cols=\count113
\TX@ftn=\toks19
)
("C:\Program Files\MiKTeX 2.9\tex\latex\listings\listings.sty"
\lst@mode=\count114
\lst@gtempboxa=\box30
\lst@token=\toks20
\lst@length=\count115
\lst@currlwidth=\dimen129
\lst@column=\count116
\lst@pos=\count117
\lst@lostspace=\dimen130
\lst@width=\dimen131
\lst@newlines=\count118
\lst@lineno=\count119
\lst@maxwidth=\dimen132

("C:\Program Files\MiKTeX 2.9\tex\latex\listings\lstmisc.sty"
File: lstmisc.sty 2014/09/06 1.5e (Carsten Heinz)
\c@lstnumber=\count120
\lst@skipnumbers=\count121
\lst@framebox=\box31
)
("C:\Program Files\MiKTeX 2.9\tex\latex\listings\listings.cfg"
File: listings.cfg 2014/09/06 1.5e listings configuration
))
Package: listings 2014/09/06 1.5e (Carsten Heinz)

("C:\Program Files\MiKTeX 2.9\tex\latex\appendix\appendix.sty"
Package: appendix 2009/09/02 v1.2b extra appendix facilities
\c@@pps=\count122
\c@@ppsavesec=\count123
\c@@ppsaveapp=\count124
)
("C:\Program Files\MiKTeX 2.9\tex\latex\graphics\graphicx.sty"
Package: graphicx 2014/10/28 v1.0g Enhanced LaTeX Graphics (DPC,SPQR)

("C:\Program Files\MiKTeX 2.9\tex\latex\graphics\graphics.sty"
Package: graphics 2014/10/28 v1.0p Standard LaTeX Graphics (DPC,SPQR)

("C:\Program Files\MiKTeX 2.9\tex\latex\graphics\trig.sty"
Package: trig 1999/03/16 v1.09 sin cos tan (DPC)
)
("C:\Program Files\MiKTeX 2.9\tex\latex\00miktex\graphics.cfg"
File: graphics.cfg 2007/01/18 v1.5 graphics configuration of teTeX/TeXLive
)
Package graphics Info: Driver file: pdftex.def on input line 91.

("C:\Program Files\MiKTeX 2.9\tex\latex\pdftex-def\pdftex.def"
File: pdftex.def 2011/05/27 v0.06d Graphics/color for pdfTeX
\Gread@gobject=\count125
))
\Gin@req@height=\dimen133
\Gin@req@width=\dimen134
)
("C:\Program Files\MiKTeX 2.9\tex\latex\caption\caption.sty"
Package: caption 2013/05/02 v3.3-89 Customizing captions (AR)

("C:\Program Files\MiKTeX 2.9\tex\latex\caption\caption3.sty"
Package: caption3 2013/05/02 v1.6-88 caption3 kernel (AR)
Package caption3 Info: TeX engine: e-TeX on input line 57.
\captionmargin=\dimen135
\captionmargin@=\dimen136
\captionwidth=\dimen137
\caption@tempdima=\dimen138
\caption@indent=\dimen139
\caption@parindent=\dimen140
\caption@hangindent=\dimen141
)
\c@ContinuedFloat=\count126
Package caption Info: hyperref package is loaded.
Package caption Info: listings package is loaded.
Package caption Info: longtable package is loaded.

("C:\Program Files\MiKTeX 2.9\tex\latex\caption\ltcaption.sty"
Package: ltcaption 2013/02/03 v1.3-62 longtable captions (AR)
))
("C:\Program Files\MiKTeX 2.9\tex\latex\fancyhdr\fancyhdr.sty"
\fancy@headwidth=\skip50
\f@ncyO@elh=\skip51
\f@ncyO@erh=\skip52
\f@ncyO@olh=\skip53
\f@ncyO@orh=\skip54
\f@ncyO@elf=\skip55
\f@ncyO@erf=\skip56
\f@ncyO@olf=\skip57
\f@ncyO@orf=\skip58
)
("C:\Program Files\MiKTeX 2.9\tex\latex\geometry\geometry.sty"
Package: geometry 2010/09/12 v5.6 Page Geometry
\Gm@cnth=\count127
\Gm@cntv=\count128
\c@Gm@tempcnt=\count129
\Gm@bindingoffset=\dimen142
\Gm@wd@mp=\dimen143
\Gm@odd@mp=\dimen144
\Gm@even@mp=\dimen145
\Gm@layoutwidth=\dimen146
\Gm@layoutheight=\dimen147
\Gm@layouthoffset=\dimen148
\Gm@layoutvoffset=\dimen149
\Gm@dimlist=\toks21

("C:\Program Files\MiKTeX 2.9\tex\latex\geometry\geometry.cfg"))
("C:\Program Files\MiKTeX 2.9\tex\latex\base\makeidx.sty"
Package: makeidx 2014/09/29 v1.0m Standard LaTeX package
)
("C:\Program Files\MiKTeX 2.9\tex\latex\base\textcomp.sty"
Package: textcomp 2005/09/27 v1.99g Standard LaTeX package
Package textcomp Info: Sub-encoding information:
(textcomp)               5 = only ISO-Adobe without \textcurrency
(textcomp)               4 = 5 + \texteuro
(textcomp)               3 = 4 + \textohm
(textcomp)               2 = 3 + \textestimated + \textcurrency
(textcomp)               1 = TS1 - \textcircled - \t
(textcomp)               0 = TS1 (full)
(textcomp)             Font families with sub-encoding setting implement
(textcomp)             only a restricted character set as indicated.
(textcomp)             Family '?' is the default used for unknown fonts.
(textcomp)             See the documentation for details.
Package textcomp Info: Setting ? sub-encoding to TS1/1 on input line 71.

("C:\Program Files\MiKTeX 2.9\tex\latex\base\ts1enc.def"
File: ts1enc.def 2001/06/05 v3.0e (jk/car/fm) Standard LaTeX file
Now handling font encoding TS1 ...
... processing UTF-8 mapping file for font encoding TS1

("C:\Program Files\MiKTeX 2.9\tex\latex\base\ts1enc.dfu"
File: ts1enc.dfu 2014/09/29 v1.1m UTF-8 support for inputenc
   defining Unicode char U+00A2 (decimal 162)
   defining Unicode char U+00A3 (decimal 163)
   defining Unicode char U+00A4 (decimal 164)
   defining Unicode char U+00A5 (decimal 165)
   defining Unicode char U+00A6 (decimal 166)
   defining Unicode char U+00A7 (decimal 167)
   defining Unicode char U+00A8 (decimal 168)
   defining Unicode char U+00A9 (decimal 169)
   defining Unicode char U+00AA (decimal 170)
   defining Unicode char U+00AC (decimal 172)
   defining Unicode char U+00AE (decimal 174)
   defining Unicode char U+00AF (decimal 175)
   defining Unicode char U+00B0 (decimal 176)
   defining Unicode char U+00B1 (decimal 177)
   defining Unicode char U+00B2 (decimal 178)
   defining Unicode char U+00B3 (decimal 179)
   defining Unicode char U+00B4 (decimal 180)
   defining Unicode char U+00B5 (decimal 181)
   defining Unicode char U+00B6 (decimal 182)
   defining Unicode char U+00B7 (decimal 183)
   defining Unicode char U+00B9 (decimal 185)
   defining Unicode char U+00BA (decimal 186)
   defining Unicode char U+00BC (decimal 188)
   defining Unicode char U+00BD (decimal 189)
   defining Unicode char U+00BE (decimal 190)
   defining Unicode char U+00D7 (decimal 215)
   defining Unicode char U+00F7 (decimal 247)
   defining Unicode char U+0192 (decimal 402)
   defining Unicode char U+02C7 (decimal 711)
   defining Unicode char U+02D8 (decimal 728)
   defining Unicode char U+02DD (decimal 733)
   defining Unicode char U+0E3F (decimal 3647)
   defining Unicode char U+2016 (decimal 8214)
   defining Unicode char U+2020 (decimal 8224)
   defining Unicode char U+2021 (decimal 8225)
   defining Unicode char U+2022 (decimal 8226)
   defining Unicode char U+2030 (decimal 8240)
   defining Unicode char U+2031 (decimal 8241)
   defining Unicode char U+203B (decimal 8251)
   defining Unicode char U+203D (decimal 8253)
   defining Unicode char U+2044 (decimal 8260)
   defining Unicode char U+204E (decimal 8270)
   defining Unicode char U+2052 (decimal 8274)
   defining Unicode char U+20A1 (decimal 8353)
   defining Unicode char U+20A4 (decimal 8356)
   defining Unicode char U+20A6 (decimal 8358)
   defining Unicode char U+20A9 (decimal 8361)
   defining Unicode char U+20AB (decimal 8363)
   defining Unicode char U+20AC (decimal 8364)
   defining Unicode char U+20B1 (decimal 8369)
   defining Unicode char U+2103 (decimal 8451)
   defining Unicode char U+2116 (decimal 8470)
   defining Unicode char U+2117 (decimal 8471)
   defining Unicode char U+211E (decimal 8478)
   defining Unicode char U+2120 (decimal 8480)
   defining Unicode char U+2122 (decimal 8482)
   defining Unicode char U+2126 (decimal 8486)
   defining Unicode char U+2127 (decimal 8487)
   defining Unicode char U+212E (decimal 8494)
   defining Unicode char U+2190 (decimal 8592)
   defining Unicode char U+2191 (decimal 8593)
   defining Unicode char U+2192 (decimal 8594)
   defining Unicode char U+2193 (decimal 8595)
   defining Unicode char U+2329 (decimal 9001)
   defining Unicode char U+232A (decimal 9002)
   defining Unicode char U+2422 (decimal 9250)
   defining Unicode char U+25E6 (decimal 9702)
   defining Unicode char U+25EF (decimal 9711)
   defining Unicode char U+266A (decimal 9834)
))
LaTeX Info: Redefining \oldstylenums on input line 266.
Package textcomp Info: Setting cmr sub-encoding to TS1/0 on input line 281.
Package textcomp Info: Setting cmss sub-encoding to TS1/0 on input line 282.
Package textcomp Info: Setting cmtt sub-encoding to TS1/0 on input line 283.
Package textcomp Info: Setting cmvtt sub-encoding to TS1/0 on input line 284.
Package textcomp Info: Setting cmbr sub-encoding to TS1/0 on input line 285.
Package textcomp Info: Setting cmtl sub-encoding to TS1/0 on input line 286.
Package textcomp Info: Setting ccr sub-encoding to TS1/0 on input line 287.
Package textcomp Info: Setting ptm sub-encoding to TS1/4 on input line 288.
Package textcomp Info: Setting pcr sub-encoding to TS1/4 on input line 289.
Package textcomp Info: Setting phv sub-encoding to TS1/4 on input line 290.
Package textcomp Info: Setting ppl sub-encoding to TS1/3 on input line 291.
Package textcomp Info: Setting pag sub-encoding to TS1/4 on input line 292.
Package textcomp Info: Setting pbk sub-encoding to TS1/4 on input line 293.
Package textcomp Info: Setting pnc sub-encoding to TS1/4 on input line 294.
Package textcomp Info: Setting pzc sub-encoding to TS1/4 on input line 295.
Package textcomp Info: Setting bch sub-encoding to TS1/4 on input line 296.
Package textcomp Info: Setting put sub-encoding to TS1/5 on input line 297.
Package textcomp Info: Setting uag sub-encoding to TS1/5 on input line 298.
Package textcomp Info: Setting ugq sub-encoding to TS1/5 on input line 299.
Package textcomp Info: Setting ul8 sub-encoding to TS1/4 on input line 300.
Package textcomp Info: Setting ul9 sub-encoding to TS1/4 on input line 301.
Package textcomp Info: Setting augie sub-encoding to TS1/5 on input line 302.
Package textcomp Info: Setting dayrom sub-encoding to TS1/3 on input line 303.
Package textcomp Info: Setting dayroms sub-encoding to TS1/3 on input line 304.

Package textcomp Info: Setting pxr sub-encoding to TS1/0 on input line 305.
Package textcomp Info: Setting pxss sub-encoding to TS1/0 on input line 306.
Package textcomp Info: Setting pxtt sub-encoding to TS1/0 on input line 307.
Package textcomp Info: Setting txr sub-encoding to TS1/0 on input line 308.
Package textcomp Info: Setting txss sub-encoding to TS1/0 on input line 309.
Package textcomp Info: Setting txtt sub-encoding to TS1/0 on input line 310.
Package textcomp Info: Setting lmr sub-encoding to TS1/0 on input line 311.
Package textcomp Info: Setting lmdh sub-encoding to TS1/0 on input line 312.
Package textcomp Info: Setting lmss sub-encoding to TS1/0 on input line 313.
Package textcomp Info: Setting lmssq sub-encoding to TS1/0 on input line 314.
Package textcomp Info: Setting lmvtt sub-encoding to TS1/0 on input line 315.
Package textcomp Info: Setting qhv sub-encoding to TS1/0 on input line 316.
Package textcomp Info: Setting qag sub-encoding to TS1/0 on input line 317.
Package textcomp Info: Setting qbk sub-encoding to TS1/0 on input line 318.
Package textcomp Info: Setting qcr sub-encoding to TS1/0 on input line 319.
Package textcomp Info: Setting qcs sub-encoding to TS1/0 on input line 320.
Package textcomp Info: Setting qpl sub-encoding to TS1/0 on input line 321.
Package textcomp Info: Setting qtm sub-encoding to TS1/0 on input line 322.
Package textcomp Info: Setting qzc sub-encoding to TS1/0 on input line 323.
Package textcomp Info: Setting qhvc sub-encoding to TS1/0 on input line 324.
Package textcomp Info: Setting futs sub-encoding to TS1/4 on input line 325.
Package textcomp Info: Setting futx sub-encoding to TS1/4 on input line 326.
Package textcomp Info: Setting futj sub-encoding to TS1/4 on input line 327.
Package textcomp Info: Setting hlh sub-encoding to TS1/3 on input line 328.
Package textcomp Info: Setting hls sub-encoding to TS1/3 on input line 329.
Package textcomp Info: Setting hlst sub-encoding to TS1/3 on input line 330.
Package textcomp Info: Setting hlct sub-encoding to TS1/5 on input line 331.
Package textcomp Info: Setting hlx sub-encoding to TS1/5 on input line 332.
Package textcomp Info: Setting hlce sub-encoding to TS1/5 on input line 333.
Package textcomp Info: Setting hlcn sub-encoding to TS1/5 on input line 334.
Package textcomp Info: Setting hlcw sub-encoding to TS1/5 on input line 335.
Package textcomp Info: Setting hlcf sub-encoding to TS1/5 on input line 336.
Package textcomp Info: Setting pplx sub-encoding to TS1/3 on input line 337.
Package textcomp Info: Setting pplj sub-encoding to TS1/3 on input line 338.
Package textcomp Info: Setting ptmx sub-encoding to TS1/4 on input line 339.
Package textcomp Info: Setting ptmj sub-encoding to TS1/4 on input line 340.
)
("C:\Program Files\MiKTeX 2.9\tex\latex\multirow\multirow.sty"
\bigstrutjot=\dimen150
)
("C:\Program Files\MiKTeX 2.9\tex\latex\rotfloat\rotfloat.sty"
Package: rotfloat 2004/01/04 v1.2 Combining float+rotating package (AS)

("C:\Program Files\MiKTeX 2.9\tex\latex\float\float.sty"
Package: float 2001/11/08 v1.3d Float enhancements (AL)
\c@float@type=\count130
\float@exts=\toks22
\float@box=\box32
\@float@everytoks=\toks23
\@floatcapt=\box33
)
("C:\Program Files\MiKTeX 2.9\tex\latex\rotating\rotating.sty"
Package: rotating 2009/03/28 v2.16a rotated objects in LaTeX

("C:\Program Files\MiKTeX 2.9\tex\latex\base\ifthen.sty"
Package: ifthen 2014/09/29 v1.1c Standard LaTeX ifthen package (DPC)
)
\c@r@tfl@t=\count131
\rotFPtop=\skip59
\rotFPbot=\skip60
\rot@float@box=\box34
\rot@mess@toks=\toks24
)
Package rotfloat Info: float package v1.3 detected on input line 74.
)
("C:\Program Files\MiKTeX 2.9\tex\latex\lastpage\lastpage.sty"
Package: lastpage 2013/01/28 v1.2l Refers to last page's name (HMM; JPG)
)
("C:\Program Files\MiKTeX 2.9\tex\latex\titlesec\titlesec.sty"
Package: titlesec 2011/12/15 v2.10.0 Sectioning titles
\ttl@box=\box35
\beforetitleunit=\skip61
\aftertitleunit=\skip62
\ttl@plus=\dimen151
\ttl@minus=\dimen152
\ttl@toksa=\toks25
\titlewidth=\dimen153
\titlewidthlast=\dimen154
\titlewidthfirst=\dimen155
)
\c@subsubsubsection=\count132

("C:\Program Files\MiKTeX 2.9\tex\latex\listings\lstlang1.sty"
File: lstlang1.sty 2014/09/06 1.5e listings language file
)
("C:\Program Files\MiKTeX 2.9\tex\latex\cantarell\cantarell.sty"
Package: cantarell 2012/01/03 Cantarell

("C:\Program Files\MiKTeX 2.9\tex\latex\slantsc\slantsc.sty"
Package: slantsc 2012/01/01 v2.11 Provide Slanted an Italic Small Caps
LaTeX Info: Redefining \upshape on input line 35.
LaTeX Info: Redefining \slshape on input line 45.
LaTeX Info: Redefining \itshape on input line 55.
LaTeX Info: Redefining \scshape on input line 65.
))
("C:\Program Files\MiKTeX 2.9\tex\latex\base\fontenc.sty"
Package: fontenc 2005/09/27 v1.99g Standard LaTeX package

("C:\Program Files\MiKTeX 2.9\tex\latex\base\t1enc.def"
File: t1enc.def 2005/09/27 v1.99g Standard LaTeX file
LaTeX Font Info:    Redeclaring font encoding T1 on input line 43.
))
Package hyperref Info: Option `colorlinks' set `true' on input line 89.
)
(piano_di_qualifica_4.0.aux)
LaTeX Font Info:    Checking defaults for OML/cmm/m/it on input line 10.
LaTeX Font Info:    ... okay on input line 10.
LaTeX Font Info:    Checking defaults for T1/cmr/m/n on input line 10.
LaTeX Font Info:    ... okay on input line 10.
LaTeX Font Info:    Checking defaults for OT1/cmr/m/n on input line 10.
LaTeX Font Info:    ... okay on input line 10.
LaTeX Font Info:    Checking defaults for OMS/cmsy/m/n on input line 10.
LaTeX Font Info:    ... okay on input line 10.
LaTeX Font Info:    Checking defaults for OMX/cmex/m/n on input line 10.
LaTeX Font Info:    ... okay on input line 10.
LaTeX Font Info:    Checking defaults for U/cmr/m/n on input line 10.
LaTeX Font Info:    ... okay on input line 10.
LaTeX Font Info:    Checking defaults for PD1/pdf/m/n on input line 10.
LaTeX Font Info:    ... okay on input line 10.
LaTeX Font Info:    Checking defaults for TS1/cmr/m/n on input line 10.
LaTeX Font Info:    Try loading font information for TS1+cmr on input line 10.

("C:\Program Files\MiKTeX 2.9\tex\latex\base\ts1cmr.fd"
File: ts1cmr.fd 2014/09/29 v2.5h Standard LaTeX font definitions
)
LaTeX Font Info:    ... okay on input line 10.
LaTeX Font Info:    Try loading font information for T1+fca on input line 10.

("C:\Program Files\MiKTeX 2.9\tex\latex\cantarell\t1fca.fd"
File: t1fca.fd 2012/06/11 Fontinst v1.933 font definitions for T1/fca.
)
LaTeX Info: Redefining \it@ocap on input line 10.
LaTeX Info: Redefining \it@ccap on input line 10.
\AtBeginShipoutBox=\box36

("C:\Program Files\MiKTeX 2.9\tex\latex\graphics\color.sty"
Package: color 2014/10/28 v1.1a Standard LaTeX Color (DPC)

("C:\Program Files\MiKTeX 2.9\tex\latex\00miktex\color.cfg"
File: color.cfg 2007/01/18 v1.5 color configuration of teTeX/TeXLive
)
Package color Info: Driver file: pdftex.def on input line 137.
)
Package hyperref Info: Link coloring ON on input line 10.

("C:\Program Files\MiKTeX 2.9\tex\latex\hyperref\nameref.sty"
Package: nameref 2012/10/27 v2.43 Cross-referencing by name of section

("C:\Program Files\MiKTeX 2.9\tex\generic\oberdiek\gettitlestring.sty"
Package: gettitlestring 2010/12/03 v1.4 Cleanup title references (HO)
)
\c@section@level=\count133
)
LaTeX Info: Redefining \ref on input line 10.
LaTeX Info: Redefining \pageref on input line 10.
LaTeX Info: Redefining \nameref on input line 10.

(piano_di_qualifica_4.0.out) (piano_di_qualifica_4.0.out)
\@outlinefile=\write3
\c@lstlisting=\count134

("C:\Program Files\MiKTeX 2.9\tex\context\base\supp-pdf.mkii"
[Loading MPS to PDF converter (version 2006.09.02).]
\scratchcounter=\count135
\scratchdimen=\dimen156
\scratchbox=\box37
\nofMPsegments=\count136
\nofMParguments=\count137
\everyMPshowfont=\toks26
\MPscratchCnt=\count138
\MPscratchDim=\dimen157
\MPnumerator=\count139
\makeMPintoPDFobject=\count140
\everyMPtoPDFconversion=\toks27
)
Package caption Info: Begin \AtBeginDocument code.
Package caption Info: float package is loaded.
Package caption Info: rotating package is loaded.
Package caption Info: End \AtBeginDocument code.

*geometry* driver: auto-detecting
*geometry* detected driver: pdftex
*geometry* verbose mode - [ preamble ] result:
* driver: pdftex
* paper: a4paper
* layout: <same size as paper>
* layoutoffset:(h,v)=(0.0pt,0.0pt)
* modes: 
* h-part:(L,W,R)=(71.13188pt, 455.24411pt, 71.13188pt)
* v-part:(T,H,B)=(85.35826pt, 674.33032pt, 85.35826pt)
* \paperwidth=597.50787pt
* \paperheight=845.04684pt
* \textwidth=455.24411pt
* \textheight=674.33032pt
* \oddsidemargin=-1.1381pt
* \evensidemargin=-1.1381pt
* \topmargin=-23.91173pt
* \headheight=12.0pt
* \headsep=25.0pt
* \topskip=11.0pt
* \footskip=30.0pt
* \marginparwidth=50.0pt
* \marginparsep=10.0pt
* \columnsep=10.0pt
* \skip\footins=10.0pt plus 4.0pt minus 2.0pt
* \hoffset=0.0pt
* \voffset=0.0pt
* \mag=1000
* \@twocolumnfalse
* \@twosidefalse
* \@mparswitchfalse
* \@reversemarginfalse
* (1in=72.27pt=25.4mm, 1cm=28.453pt)

Package lastpage Info: Please have a look at the pageslts package at
(lastpage)             http://www.ctan.org/tex-archive/ 
(lastpage)             macros/latex/contrib/pageslts/ 
(lastpage)             or
(lastpage)             http://www.ctan.org/tex-archive/ 
(lastpage)             install/macros/latex/contrib/pageslts.tds.zip
(lastpage)             ! on input line 10.
LaTeX Font Info:    Font shape `T1/fca/bx/n' in size <17.28> not available
(Font)              Font shape `T1/fca/b/n' tried instead on input line 15.
LaTeX Font Info:    Font shape `T1/fca/bx/n' in size <22.76219> not available
(Font)              Font shape `T1/fca/b/n' tried instead on input line 15.
LaTeX Font Info:    External font `cmex10' loaded for size
(Font)              <12> on input line 15.
LaTeX Font Info:    External font `cmex10' loaded for size
(Font)              <8> on input line 15.
LaTeX Font Info:    External font `cmex10' loaded for size
(Font)              <6> on input line 15.
<../../team_not_found.jpg, id=315, 382.42876pt x 153.57375pt>
File: ../../team_not_found.jpg Graphic file (type jpg)

<use ../../team_not_found.jpg>
Package pdftex.def Info: ../../team_not_found.jpg used on input line 17.
(pdftex.def)             Requested size: 382.42781pt x 153.57336pt.
LaTeX Font Info:    Try loading font information for T1+cmtt on input line 18.

("C:\Program Files\MiKTeX 2.9\tex\latex\base\t1cmtt.fd"
File: t1cmtt.fd 2014/09/29 v2.5h Standard LaTeX font definitions
)
LaTeX Font Info:    Calculating math sizes for size <14.22636> on input line 18
.
LaTeX Font Info:    External font `cmex10' loaded for size
(Font)              <14.22636> on input line 18.
LaTeX Font Info:    External font `cmex10' loaded for size
(Font)              <9.9584> on input line 18.
LaTeX Font Info:    External font `cmex10' loaded for size
(Font)              <7.11317> on input line 18.
LaTeX Font Info:    Font shape `T1/fca/bx/n' in size <14.22636> not available
(Font)              Font shape `T1/fca/b/n' tried instead on input line 21.
LaTeX Font Info:    External font `cmex10' loaded for size
(Font)              <10.95> on input line 35.
LaTeX Font Info:    Font shape `T1/fca/bx/n' in size <10.95> not available
(Font)              Font shape `T1/fca/b/n' tried instead on input line 35.
 [1

{C:/ProgramData/MiKTeX/2.9/pdftex/config/pdftex.map} <../../team_not_found.jpg>
]
LaTeX Font Info:    Font shape `T1/fca/bx/n' in size <14.4> not available
(Font)              Font shape `T1/fca/b/n' tried instead on input line 46.
LaTeX Font Info:    Font shape `T1/fca/bx/n' in size <9> not available
(Font)              Font shape `T1/fca/b/n' tried instead on input line 49.

Underfull \hbox (badness 2600) in paragraph at lines 50--50
[]|\T1/fca/m/n/9 A. Bec-ca-ro (Re-
 []


Underfull \hbox (badness 1348) in paragraph at lines 51--51
[]|\T1/fca/m/n/9 L.Alessio (Ve-ri-fi-
 []


Underfull \hbox (badness 7116) in paragraph at lines 72--72
[]|\T1/fca/m/n/9 M. V. Mbouen-
 []


Underfull \hbox (badness 10000) in paragraph at lines 73--73
[]|\T1/fca/m/n/9 M.Crivellaro
 []


Underfull \vbox (badness 10000) detected at line 77
 []


Underfull \hbox (badness 10000) in paragraph at lines 81--81
[]|\T1/fca/m/n/9 D. Bor-tot
 []


Underfull \hbox (badness 10000) in paragraph at lines 83--83
[]|\T1/fca/m/n/9 A. Mul-ti-ned-du
 []


Underfull \hbox (badness 10000) in paragraph at lines 85--85
[]|\T1/fca/m/n/9 A. Mul-ti-ned-du
 []


Underfull \hbox (badness 10000) in paragraph at lines 86--86
[]|\T1/fca/m/n/9 A. Mul-ti-ned-du
 []


Underfull \hbox (badness 10000) in paragraph at lines 88--88
[]|\T1/fca/m/n/9 A. Mul-ti-ned-du
 []


Underfull \hbox (badness 10000) in paragraph at lines 89--89
[]|\T1/fca/m/n/9 A. Mul-ti-ned-du
 []


Underfull \hbox (badness 10000) in paragraph at lines 90--90
[]|\T1/fca/m/n/9 A. Mul-ti-ned-du
 []


Underfull \hbox (badness 10000) in paragraph at lines 91--91
[]|\T1/fca/m/n/9 A. Mul-ti-ned-du
 []

<../../team404_small.jpg, id=328, 382.42876pt x 153.57375pt>
File: ../../team404_small.jpg Graphic file (type jpg)

<use ../../team404_small.jpg>
Package pdftex.def Info: ../../team404_small.jpg used on input line 93.
(pdftex.def)             Requested size: 57.36183pt x 23.03506pt.


Package Fancyhdr Warning: \headheight is too small (12.0pt): 
 Make it at least 27.1151pt.
 We now make it that large for the rest of the document.
 This may cause the page layout to be inconsistent, however.

[2 <../../team404_small.jpg>]
File: ../../team404_small.jpg Graphic file (type jpg)
 <use ../../team404_small.jpg>
Package pdftex.def Info: ../../team404_small.jpg used on input line 94.
(pdftex.def)             Requested size: 57.36183pt x 23.03506pt.
 [3]
(piano_di_qualifica_4.0.toc
File: ../../team404_small.jpg Graphic file (type jpg)
 <use ../../team404_small.jpg>
Package pdftex.def Info: ../../team404_small.jpg used on input line 49.
(pdftex.def)             Requested size: 57.36183pt x 23.03506pt.
 [4])
\tf@toc=\write4

(piano_di_qualifica_4.0.lof)
\tf@lof=\write5
File: ../../team404_small.jpg Graphic file (type jpg)
 <use ../../team404_small.jpg>
Package pdftex.def Info: ../../team404_small.jpg used on input line 102.
(pdftex.def)             Requested size: 57.36183pt x 23.03506pt.
 [1]
LaTeX Font Info:    Font shape `T1/fca/m/it' in size <10.95> not available
(Font)              Font shape `T1/fca/m/sl' tried instead on input line 106.
File: ../../team404_small.jpg Graphic file (type jpg)

<use ../../team404_small.jpg>
Package pdftex.def Info: ../../team404_small.jpg used on input line 108.
(pdftex.def)             Requested size: 57.36183pt x 23.03506pt.
pdfTeX warning (ext4): destination with the same identifier (name{page.1}) has 
been already used, duplicate ignored
<to be read again> 
                   \relax 
l.108 	\newpage
                [1]
LaTeX Font Info:    Font shape `T1/fca/bx/n' in size <12> not available
(Font)              Font shape `T1/fca/b/n' tried instead on input line 110.
LaTeX Font Info:    Font shape `T1/fca/bx/n' in size <8> not available
(Font)              Font shape `T1/fca/b/n' tried instead on input line 115.
LaTeX Font Info:    External font `cmex10' loaded for size
(Font)              <5> on input line 115.
LaTeX Font Info:    Font shape `T1/fca/bx/n' in size <6> not available
(Font)              Font shape `T1/fca/b/n' tried instead on input line 115.
File: ../../team404_small.jpg Graphic file (type jpg)
 <use ../../team404_small.jpg>
Package pdftex.def Info: ../../team404_small.jpg used on input line 120.
(pdftex.def)             Requested size: 57.36183pt x 23.03506pt.
pdfTeX warning (ext4): destination with the same identifier (name{page.2}) has 
been already used, duplicate ignored
<to be read again> 
                   \relax 
l.120 	\newpage
                [2]
LaTeX Font Info:    Try loading font information for TS1+fca on input line 124.

 ("C:\Program Files\MiKTeX 2.9\tex\latex\cantarell\ts1fca.fd"
File: ts1fca.fd 2012/06/11 Fontinst v1.933 font definitions for TS1/fca.
)
Overfull \hbox (4.93379pt too wide) in paragraph at lines 132--136
[][]$\T1/cmtt/m/n/10.95 http : / / www . math . unipd . it / ~tullio / IS-[]1 /
 2015 / Dispense / PD01 . pdf$[][] [][]$http : / / www . math .$
 []

File: ../../team404_small.jpg Graphic file (type jpg)
<use ../../team404_small.jpg>
Package pdftex.def Info: ../../team404_small.jpg used on input line 144.
(pdftex.def)             Requested size: 57.36183pt x 23.03506pt.
pdfTeX warning (ext4): destination with the same identifier (name{page.3}) has 
been already used, duplicate ignored
<to be read again> 
                   \relax 
l.144 
       [3] <../../images/PDCA.png, id=459, 636.3775pt x 336.25626pt>
File: ../../images/PDCA.png Graphic file (type png)

<use ../../images/PDCA.png>
Package pdftex.def Info: ../../images/PDCA.png used on input line 167.
(pdftex.def)             Requested size: 381.82944pt x 201.75531pt.
File: ../../team404_small.jpg Graphic file (type jpg)
 <use ../../team404_small.jpg>
Package pdftex.def Info: ../../team404_small.jpg used on input line 173.
(pdftex.def)             Requested size: 57.36183pt x 23.03506pt.
pdfTeX warning (ext4): destination with the same identifier (name{page.4}) has 
been already used, duplicate ignored
<to be read again> 
                   \relax 
l.173 
       [4 <../../images/PDCA.png>]
File: ../../team404_small.jpg Graphic file (type jpg)
 <use ../../team404_small.jpg>
Package pdftex.def Info: ../../team404_small.jpg used on input line 215.
(pdftex.def)             Requested size: 57.36183pt x 23.03506pt.
 [5]
<../../images/ISO-9126-cut.png, id=470, 736.25063pt x 108.405pt>
File: ../../images/ISO-9126-cut.png Graphic file (type png)

<use ../../images/ISO-9126-cut.png>
Package pdftex.def Info: ../../images/ISO-9126-cut.png used on input line 226.
(pdftex.def)             Requested size: 441.75378pt x 65.04349pt.


Package caption Warning: The option `hypcap=true' will be ignored for this
(caption)                particular \caption on input line 227.
See the caption package documentation for explanation.


Overfull \hbox (3.35068pt too wide) in paragraph at lines 220--229
 $[]$ 
 []


Underfull \hbox (badness 10000) in paragraph at lines 220--229

 []

File: ../../team404_small.jpg Graphic file (type jpg)
<use ../../team404_small.jpg>
Package pdftex.def Info: ../../team404_small.jpg used on input line 230.
(pdftex.def)             Requested size: 57.36183pt x 23.03506pt.
 [6 <../../images/ISO-9126-cut.png>]
File: ../../team404_small.jpg Graphic file (type jpg)

<use ../../team404_small.jpg>
Package pdftex.def Info: ../../team404_small.jpg used on input line 272.
(pdftex.def)             Requested size: 57.36183pt x 23.03506pt.
 [7]
Underfull \hbox (badness 10000) in paragraph at lines 299--301

 []

File: ../../team404_small.jpg Graphic file (type jpg)
<use ../../team404_small.jpg>
Package pdftex.def Info: ../../team404_small.jpg used on input line 320.
(pdftex.def)             Requested size: 57.36183pt x 23.03506pt.
 [8]
File: ../../team404_small.jpg Graphic file (type jpg)
 <use ../../team404_small.jpg>
Package pdftex.def Info: ../../team404_small.jpg used on input line 362.
(pdftex.def)             Requested size: 57.36183pt x 23.03506pt.
 [9]
File: ../../team404_small.jpg Graphic file (type jpg)

<use ../../team404_small.jpg>
Package pdftex.def Info: ../../team404_small.jpg used on input line 411.
(pdftex.def)             Requested size: 57.36183pt x 23.03506pt.
 [10]
LaTeX Font Info:    Font shape `T1/fca/m/it' in size <6> not available
(Font)              Font shape `T1/fca/m/sl' tried instead on input line 429.
LaTeX Font Info:    Font shape `T1/fca/m/it' in size <5> not available
(Font)              Font shape `T1/fca/m/sl' tried instead on input line 429.


LaTeX Font Warning: Command \tiny invalid in math mode on input line 444.


LaTeX Font Warning: Command \tiny invalid in math mode on input line 444.


LaTeX Font Warning: Command \tiny invalid in math mode on input line 444.

File: ../../team404_small.jpg Graphic file (type jpg)
<use ../../team404_small.jpg>
Package pdftex.def Info: ../../team404_small.jpg used on input line 461.
(pdftex.def)             Requested size: 57.36183pt x 23.03506pt.
 [11]
Underfull \hbox (badness 10000) in paragraph at lines 468--469

 []

File: ../../team404_small.jpg Graphic file (type jpg)
<use ../../team404_small.jpg>
Package pdftex.def Info: ../../team404_small.jpg used on input line 515.
(pdftex.def)             Requested size: 57.36183pt x 23.03506pt.
 [12]
File: ../../team404_small.jpg Graphic file (type jpg)
 <use ../../team404_small.jpg>
Package pdftex.def Info: ../../team404_small.jpg used on input line 566.
(pdftex.def)             Requested size: 57.36183pt x 23.03506pt.
 [13]
Underfull \hbox (badness 10000) in paragraph at lines 578--581

 []

File: ../../team404_small.jpg Graphic file (type jpg)
<use ../../team404_small.jpg>
Package pdftex.def Info: ../../team404_small.jpg used on input line 600.
(pdftex.def)             Requested size: 57.36183pt x 23.03506pt.
 [14]
Underfull \hbox (badness 10000) in paragraph at lines 699--702

 []


Underfull \hbox (badness 10000) in paragraph at lines 699--702

 []

File: ../../team404_small.jpg Graphic file (type jpg)
<use ../../team404_small.jpg>
Package pdftex.def Info: ../../team404_small.jpg used on input line 739.
(pdftex.def)             Requested size: 57.36183pt x 23.03506pt.
 [15]
<../../images/vmodel-final4.png, id=533, 990.70125pt x 570.63188pt>
File: ../../images/vmodel-final4.png Graphic file (type png)

<use ../../images/vmodel-final4.png>
Package pdftex.def Info: ../../images/vmodel-final4.png used on input line 846.

(pdftex.def)             Requested size: 396.27348pt x 228.2487pt.

Underfull \hbox (badness 10000) in paragraph at lines 843--857

 []

File: ../../team404_small.jpg Graphic file (type jpg)
<use ../../team404_small.jpg>
Package pdftex.def Info: ../../team404_small.jpg used on input line 864.
(pdftex.def)             Requested size: 57.36183pt x 23.03506pt.
 [16 <../../images/vmodel-final4.png>]pdfTeX warning (ext4): destination with t
he same identifier (name{table.1}) has been already used, duplicate ignored
<to be read again> 
                   \relax 
l.867 ...width}p{0.5\columnwidth}p{0.2\textwidth}}
                                                  
Overfull \hbox (47.99303pt too wide) in alignment at lines 867--872
 [] [] [] [] 
 []


Overfull \hbox (47.99303pt too wide) in alignment at lines 872--876
 [] [] [] [] 
 []

LaTeX Font Info:    Font shape `T1/fca/m/it' in size <9> not available
(Font)              Font shape `T1/fca/m/sl' tried instead on input line 878.

Overfull \hbox (47.99303pt too wide) in alignment at lines 876--879
 [] [] [] [] 
 []


Overfull \hbox (47.99303pt too wide) in alignment at lines 879--882
 [] [] [] [] 
 []


Underfull \hbox (badness 1253) in paragraph at lines 937--938
[]|\T1/fca/m/n/10.95 Verifica che la se-zio-ne de-di-ca-ta al-l'au-ten-ti-
 []


Underfull \hbox (badness 1163) in paragraph at lines 937--938
\T1/fca/m/n/10.95 ca-zio-ne for-ni-sca una pro-ce-du-ra di re-cu-pe-ro
 []


Underfull \hbox (badness 1769) in paragraph at lines 940--941
\T1/fca/m/n/10.95 ta e in ca-so ne-ga-ti-vo vi-sua-liz-za-re un
 []


Underfull \hbox (badness 1648) in paragraph at lines 970--971
[]\T1/fca/m/n/10.95 fornire una se-zio-ne con un elen-co di
 []


Underfull \hbox (badness 2165) in paragraph at lines 972--973
[]\T1/fca/m/n/10.95 fornire il nu-me-ro di que-stio-na-ri del-la
 []


Underfull \hbox (badness 4479) in paragraph at lines 986--987
[]\T1/fca/m/n/10.95 per ogni ele-men-to del-l'e-len-co ven-ga
 []


Underfull \hbox (badness 2401) in paragraph at lines 987--988
\T1/fca/m/n/10.95 sua-liz-za-to il nu-me-ro di do-man-de del
 []


Underfull \hbox (badness 4479) in paragraph at lines 988--989
[]\T1/fca/m/n/10.95 per ogni ele-men-to del-l'e-len-co ven-ga
 []


Underfull \hbox (badness 4156) in paragraph at lines 1008--1009
[]\T1/fca/m/n/10.95 rispondere al-le do-man-de in qual-sia-si
 []


Underfull \hbox (badness 1210) in paragraph at lines 1044--1045
[]\T1/fca/m/n/10.95 valuti il que-stio-na-rio e ne vi-sua-liz-zi il
 []


Underfull \hbox (badness 1558) in paragraph at lines 1090--1091
[]|\T1/fca/m/n/10.95 Verifica che il si-ste-ma ef-fet-tui un con-trol-
 []


Underfull \hbox (badness 4013) in paragraph at lines 1090--1091
\T1/fca/m/n/10.95 lo sul-la cor-ret-tez-za dei da-ti pri-ma del-la
 []


Overfull \hbox (47.99303pt too wide) in alignment at lines 882--1186
 [] [] [] [] 
 []

File: ../../team404_small.jpg Graphic file (type jpg)
<use ../../team404_small.jpg>
Package pdftex.def Info: ../../team404_small.jpg used on input line 1186.
(pdftex.def)             Requested size: 57.36183pt x 23.03506pt.
 [17]
File: ../../team404_small.jpg Graphic file (type jpg)
 <use ../../team404_small.jpg>
Package pdftex.def Info: ../../team404_small.jpg used on input line 1186.
(pdftex.def)             Requested size: 57.36183pt x 23.03506pt.
 [18]
File: ../../team404_small.jpg Graphic file (type jpg)

<use ../../team404_small.jpg>
Package pdftex.def Info: ../../team404_small.jpg used on input line 1186.
(pdftex.def)             Requested size: 57.36183pt x 23.03506pt.
 [19]
File: ../../team404_small.jpg Graphic file (type jpg)
 <use ../../team404_small.jpg>
Package pdftex.def Info: ../../team404_small.jpg used on input line 1186.
(pdftex.def)             Requested size: 57.36183pt x 23.03506pt.
 [20]
File: ../../team404_small.jpg Graphic file (type jpg)

<use ../../team404_small.jpg>
Package pdftex.def Info: ../../team404_small.jpg used on input line 1190.
(pdftex.def)             Requested size: 57.36183pt x 23.03506pt.
 [21]
Overfull \hbox (36.91206pt too wide) in alignment at lines 1191--1196
 [] [] [] [] [] 
 []


Overfull \hbox (36.91206pt too wide) in alignment at lines 1196--1200
 [] [] [] [] [] 
 []


Overfull \hbox (36.91206pt too wide) in alignment at lines 1200--1203
 [] [] [] [] [] 
 []


Overfull \hbox (36.91206pt too wide) in alignment at lines 1203--1206
 [] [] [] [] [] 
 []


Underfull \hbox (badness 2088) in paragraph at lines 1209--1209
\T1/fca/m/n/10.95 ne per-met-te l'in-se-ri-men-to dei da-ti
 []


Underfull \hbox (badness 10000) in paragraph at lines 1215--1215
[]|\T1/fca/m/n/10.95 TS
 []


Underfull \hbox (badness 2253) in paragraph at lines 1215--1215
[]|\T1/fca/m/n/10.95 Se la pas-sword in-se-ri-ta ha me-no
 []


Underfull \hbox (badness 10000) in paragraph at lines 1221--1221
[]|\T1/fca/m/n/10.95 TS
 []


Underfull \hbox (badness 10000) in paragraph at lines 1223--1223
[]|\T1/fca/m/n/10.95 TS
 []


Underfull \hbox (badness 1454) in paragraph at lines 1223--1223
\T1/fca/m/n/10.95 vie-ne vi-sua-liz-za-to un mes-sag-gio di
 []


Underfull \hbox (badness 10000) in paragraph at lines 1225--1225
[]|\T1/fca/m/n/10.95 TS
 []


Underfull \hbox (badness 2302) in paragraph at lines 1239--1239
\T1/fca/m/n/10.95 ne de-ve for-ni-re una pro-ce-du-ra di
 []


Underfull \hbox (badness 1755) in paragraph at lines 1243--1243
\T1/fca/m/n/10.95 de-ve ef-fet-tua-re un con-trol-lo sul-la
 []


Underfull \hbox (badness 10000) in paragraph at lines 1245--1245
[]|\T1/fca/m/n/10.95 TS
 []


Underfull \hbox (badness 1297) in paragraph at lines 1245--1245
[]|\T1/fca/m/n/10.95 Se la e-mail non ri-sul-ta re-gi-stra-ta
 []


Underfull \hbox (badness 1454) in paragraph at lines 1245--1245
\T1/fca/m/n/10.95 vie-ne vi-sua-liz-za-to un mes-sag-gio di
 []


Overfull \hbox (36.91206pt too wide) in alignment at lines 1206--1246
 [] [] [] [] [] 
 []


Underfull \hbox (badness 10000) in paragraph at lines 1247--1247
[]|\T1/fca/m/n/10.95 TS
 []


Underfull \hbox (badness 1297) in paragraph at lines 1247--1247
[]|\T1/fca/m/n/10.95 Se la e-mail non ri-sul-ta re-gi-stra-ta
 []


Underfull \hbox (badness 1931) in paragraph at lines 1247--1247
\T1/fca/m/n/10.95 vie-ne bloc-ca-to l'in-vio del-la mail a
 []


Underfull \hbox (badness 10000) in paragraph at lines 1255--1255
[]|\T1/fca/m/n/10.95 TS
 []


Underfull \hbox (badness 1275) in paragraph at lines 1261--1261
[]|\T1/fca/m/n/10.95 Il si-ste-ma de-ve for-ni-re una se-zio-
 []


Underfull \hbox (badness 1082) in paragraph at lines 1271--1271
[]|\T1/fca/m/n/10.95 Quando l'u-ten-te se-le-zio-na un que-
 []


Underfull \hbox (badness 2837) in paragraph at lines 1281--1281
[]|\T1/fca/m/n/10.95 Durante la com-pi-la-zio-ne del que-
 []


Underfull \hbox (badness 1546) in paragraph at lines 1281--1281
\T1/fca/m/n/10.95 be-ra-men-te tra le do-man-de che lo
 []


Overfull \hbox (36.91206pt too wide) in alignment at lines 1246--1286
 [] [] [] [] [] 
 []

File: ../../team404_small.jpg Graphic file (type jpg)
<use ../../team404_small.jpg>
Package pdftex.def Info: ../../team404_small.jpg used on input line 1286.
(pdftex.def)             Requested size: 57.36183pt x 23.03506pt.
 [22]
Underfull \hbox (badness 2205) in paragraph at lines 1291--1291
\T1/fca/m/n/10.95 im-po-sta-te di qual-sia-si ti-po que-ste
 []


Underfull \hbox (badness 10000) in paragraph at lines 1293--1293
[]|\T1/fca/m/n/10.95 TS
 []


Underfull \hbox (badness 10000) in paragraph at lines 1297--1297
[]|\T1/fca/m/n/10.95 TS
 []


Underfull \hbox (badness 10000) in paragraph at lines 1301--1301
[]|\T1/fca/m/n/10.95 TS
 []


Underfull \hbox (badness 10000) in paragraph at lines 1313--1313
[]|\T1/fca/m/n/10.95 TS
 []


Underfull \hbox (badness 10000) in paragraph at lines 1315--1315
[]|\T1/fca/m/n/10.95 F
 []


Overfull \hbox (1.36061pt too wide) in paragraph at lines 1315--1315
\T1/fca/m/n/10.95 4.5.2.1.1| 
 []


Underfull \hbox (badness 10000) in paragraph at lines 1315--1315
[]|\T1/fca/m/n/10.95 TS
 []


Overfull \hbox (1.36061pt too wide) in paragraph at lines 1315--1315
\T1/fca/m/n/10.95 4.5.2.1.1| 
 []


Underfull \hbox (badness 10000) in paragraph at lines 1317--1317
[]|\T1/fca/m/n/10.95 F
 []


Overfull \hbox (1.36061pt too wide) in paragraph at lines 1317--1317
\T1/fca/m/n/10.95 4.5.2.1.2| 
 []


Underfull \hbox (badness 10000) in paragraph at lines 1317--1317
[]|\T1/fca/m/n/10.95 TS
 []


Overfull \hbox (1.36061pt too wide) in paragraph at lines 1317--1317
\T1/fca/m/n/10.95 4.5.2.1.2| 
 []


Underfull \hbox (badness 10000) in paragraph at lines 1319--1319
[]|\T1/fca/m/n/10.95 F
 []


Overfull \hbox (1.36061pt too wide) in paragraph at lines 1319--1319
\T1/fca/m/n/10.95 4.5.2.1.3| 
 []


Underfull \hbox (badness 10000) in paragraph at lines 1319--1319
[]|\T1/fca/m/n/10.95 TS
 []


Overfull \hbox (1.36061pt too wide) in paragraph at lines 1319--1319
\T1/fca/m/n/10.95 4.5.2.1.3| 
 []


Underfull \hbox (badness 4726) in paragraph at lines 1323--1323
\T1/fca/m/n/10.95 ver-r con-se-gna-to au-to-ma-ti-ca-men-te
 []


Overfull \hbox (36.91206pt too wide) in alignment at lines 1286--1326
 [] [] [] [] [] 
 []

File: ../../team404_small.jpg Graphic file (type jpg)
<use ../../team404_small.jpg>
Package pdftex.def Info: ../../team404_small.jpg used on input line 1326.
(pdftex.def)             Requested size: 57.36183pt x 23.03506pt.
 [23]
Underfull \hbox (badness 1521) in paragraph at lines 1331--1331
[]|\T1/fca/m/n/10.95 La se-zio-ne de-di-ca-ta al-la crea-zio-ne
 []


Underfull \hbox (badness 3323) in paragraph at lines 1331--1331
\T1/fca/m/n/10.95 di una do-man-da de-ve per-met-te-re
 []


Underfull \hbox (badness 1521) in paragraph at lines 1333--1333
[]|\T1/fca/m/n/10.95 La se-zio-ne de-di-ca-ta al-la crea-zio-ne
 []


Underfull \hbox (badness 10000) in paragraph at lines 1341--1341
[]|\T1/fca/m/n/10.95 TS
 []


Underfull \hbox (badness 10000) in paragraph at lines 1343--1343
[]|\T1/fca/m/n/10.95 TS
 []


Underfull \hbox (badness 10000) in paragraph at lines 1345--1345
[]|\T1/fca/m/n/10.95 TS
 []


Underfull \hbox (badness 10000) in paragraph at lines 1349--1349
[]|\T1/fca/m/n/10.95 TS
 []


Underfull \hbox (badness 10000) in paragraph at lines 1351--1351
[]|\T1/fca/m/n/10.95 TS
 []


Underfull \hbox (badness 1521) in paragraph at lines 1355--1355
[]|\T1/fca/m/n/10.95 La se-zio-ne de-di-ca-ta al-la crea-zio-ne
 []


Underfull \hbox (badness 4132) in paragraph at lines 1357--1357
[]|\T1/fca/m/n/10.95 La se-zio-ne de-di-ca-ta al-la crea-zio-
 []


Underfull \hbox (badness 4752) in paragraph at lines 1357--1357
\T1/fca/m/n/10.95 ne di un que-stio-na-rio de-ve per-
 []


Underfull \hbox (badness 1521) in paragraph at lines 1359--1359
[]|\T1/fca/m/n/10.95 La se-zio-ne de-di-ca-ta al-la crea-zio-ne
 []


Underfull \hbox (badness 1694) in paragraph at lines 1359--1359
\T1/fca/m/n/10.95 di un que-stio-na-rio de-ve per-met-te-
 []


Underfull \hbox (badness 10000) in paragraph at lines 1363--1363
[]|\T1/fca/m/n/10.95 TS
 []


Underfull \hbox (badness 10000) in paragraph at lines 1365--1365
[]|\T1/fca/m/n/10.95 TS
 []


Overfull \hbox (36.91206pt too wide) in alignment at lines 1326--1366
 [] [] [] [] [] 
 []

File: ../../team404_small.jpg Graphic file (type jpg)
<use ../../team404_small.jpg>
Package pdftex.def Info: ../../team404_small.jpg used on input line 1366.
(pdftex.def)             Requested size: 57.36183pt x 23.03506pt.
 [24]
File: ../../team404_small.jpg Graphic file (type jpg)
 <use ../../team404_small.jpg>
Package pdftex.def Info: ../../team404_small.jpg used on input line 1366.
(pdftex.def)             Requested size: 57.36183pt x 23.03506pt.
 [25]
Underfull \hbox (badness 4132) in paragraph at lines 1367--1367
[]|\T1/fca/m/n/10.95 La se-zio-ne de-di-ca-ta al-la crea-zio-
 []


Underfull \hbox (badness 1888) in paragraph at lines 1367--1367
\T1/fca/m/n/10.95 ne di un nuo-vo que-stio-na-rio de-ve
 []


Underfull \hbox (badness 10000) in paragraph at lines 1371--1371
[]|\T1/fca/m/n/10.95 TS
 []


Underfull \hbox (badness 10000) in paragraph at lines 1373--1373
[]|\T1/fca/m/n/10.95 TS
 []


Underfull \hbox (badness 1454) in paragraph at lines 1373--1373
\T1/fca/m/n/10.95 vie-ne vi-sua-liz-za-to un mes-sag-gio di
 []


Underfull \hbox (badness 10000) in paragraph at lines 1375--1375
[]|\T1/fca/m/n/10.95 TS
 []


Underfull \hbox (badness 10000) in paragraph at lines 1379--1379
[]|\T1/fca/m/n/10.95 TS
 []


Underfull \hbox (badness 10000) in paragraph at lines 1381--1381
[]|\T1/fca/m/n/10.95 TS
 []


Underfull \hbox (badness 10000) in paragraph at lines 1397--1397
[]|\T1/fca/m/n/10.95 TS
 []


Underfull \hbox (badness 3579) in paragraph at lines 1399--1399
[]|\T1/fca/m/n/10.95 QML de-fi-ni-sce do-man-de a scel-ta
 []


Underfull \hbox (badness 10000) in paragraph at lines 1401--1401
[]|\T1/fca/m/n/10.95 TS
 []


Underfull \hbox (badness 3579) in paragraph at lines 1401--1401
[]|\T1/fca/m/n/10.95 QML de-fi-ni-sce do-man-de a scel-ta
 []


Underfull \hbox (badness 10000) in paragraph at lines 1403--1403
[]|\T1/fca/m/n/10.95 TS
 []


Underfull \hbox (badness 10000) in paragraph at lines 1405--1405
[]|\T1/fca/m/n/10.95 TS
 []


Overfull \hbox (36.91206pt too wide) in alignment at lines 1366--1406
 [] [] [] [] [] 
 []

File: ../../team404_small.jpg Graphic file (type jpg)
<use ../../team404_small.jpg>
Package pdftex.def Info: ../../team404_small.jpg used on input line 1406.
(pdftex.def)             Requested size: 57.36183pt x 23.03506pt.
 [26]
Underfull \hbox (badness 10000) in paragraph at lines 1407--1407
[]|\T1/fca/m/n/10.95 F
 []


Overfull \hbox (1.36061pt too wide) in paragraph at lines 1407--1407
\T1/fca/m/n/10.95 8.1.4.5.1| 
 []


Underfull \hbox (badness 10000) in paragraph at lines 1407--1407
[]|\T1/fca/m/n/10.95 TS
 []


Overfull \hbox (1.36061pt too wide) in paragraph at lines 1407--1407
\T1/fca/m/n/10.95 8.1.4.5.1| 
 []


Underfull \hbox (badness 10000) in paragraph at lines 1409--1409
[]|\T1/fca/m/n/10.95 TS
 []


Underfull \hbox (badness 10000) in paragraph at lines 1411--1411
[]|\T1/fca/m/n/10.95 F
 []


Overfull \hbox (1.36061pt too wide) in paragraph at lines 1411--1411
\T1/fca/m/n/10.95 8.1.4.6.1| 
 []


Underfull \hbox (badness 10000) in paragraph at lines 1411--1411
[]|\T1/fca/m/n/10.95 TS
 []


Overfull \hbox (1.36061pt too wide) in paragraph at lines 1411--1411
\T1/fca/m/n/10.95 8.1.4.6.1| 
 []


Underfull \hbox (badness 10000) in paragraph at lines 1413--1413
[]|\T1/fca/m/n/10.95 TS
 []


Overfull \hbox (36.91206pt too wide) in alignment at lines 1406--1416
 [] [] [] [] [] 
 []

File: ../../team404_small.jpg Graphic file (type jpg)
<use ../../team404_small.jpg>
Package pdftex.def Info: ../../team404_small.jpg used on input line 1416.
(pdftex.def)             Requested size: 57.36183pt x 23.03506pt.
 [27]
File: ../../team404_small.jpg Graphic file (type jpg)
 <use ../../team404_small.jpg>
Package pdftex.def Info: ../../team404_small.jpg used on input line 1416.
(pdftex.def)             Requested size: 57.36183pt x 23.03506pt.
 [28]
Overfull \hbox (44.07486pt too wide) in alignment at lines 1419--1424
 [] [] [] [] [] 
 []


Overfull \hbox (44.07486pt too wide) in alignment at lines 1424--1428
 [] [] [] [] [] 
 []


Overfull \hbox (44.07486pt too wide) in alignment at lines 1428--1431
 [] [] [] [] [] 
 []


Overfull \hbox (44.07486pt too wide) in alignment at lines 1431--1434
 [] [] [] [] [] 
 []


Underfull \hbox (badness 6188) in paragraph at lines 1441--1441
[]|\T1/fca/m/n/10.95 Il co-di-ce ja-va-script si oc-cu-pa del
 []


Underfull \hbox (badness 6910) in paragraph at lines 1443--1443
[]|\T1/fca/m/n/10.95 Il co-di-ce HTML pas-sa il te-st di
 []


Overfull \hbox (44.07486pt too wide) in alignment at lines 1434--1446
 [] [] [] [] [] 
 []

File: ../../team404_small.jpg Graphic file (type jpg)
<use ../../team404_small.jpg>
Package pdftex.def Info: ../../team404_small.jpg used on input line 1447.
(pdftex.def)             Requested size: 57.36183pt x 23.03506pt.
 [29]
Underfull \hbox (badness 3302) in paragraph at lines 1475--1475
[]|\T1/fca/m/n/10.95 Viene ve-ri-fi-ca-to che View-Mo-del::Controllers in-te-ra
-
 []


Underfull \hbox (badness 2359) in paragraph at lines 1475--1475
\T1/fca/m/n/10.95 gi-sca cor-ret-ta-men-te con i pac-ka-ge View, View-Mo-
 []


Underfull \hbox (badness 2922) in paragraph at lines 1475--1475
\T1/fca/m/n/10.95 e con i pac-ka-ge View-Mo-del::Subscribers, View-Mo-
 []


Underfull \hbox (badness 1275) in paragraph at lines 1477--1477
[]|\T1/fca/m/n/10.95 Viene ve-ri-fi-ca-to che View-Mo-del::Methods in-te-ra-gi-
sca
 []


Underfull \hbox (badness 1033) in paragraph at lines 1478--1478
[]|\T1/fca/m/n/10.95 Viene Ve-ri-fi-ca-to che View-Mo-del::Interpreter in-te-ra
-gi-
 []


Underfull \hbox (badness 5119) in paragraph at lines 1479--1479
[]|\T1/fca/m/n/10.95 Viene ve-ri-fi-ca-to che View-Mo-del::Router in-te-ra-gi-s
ca
 []

File: ../../team404_small.jpg Graphic file (type jpg)
<use ../../team404_small.jpg>
Package pdftex.def Info: ../../team404_small.jpg used on input line 1485.
(pdftex.def)             Requested size: 57.36183pt x 23.03506pt.
 [30]
Underfull \hbox (badness 1325) in paragraph at lines 1517--1517
[]|\T1/fca/m/n/10.95 Verifica che il me-to-do som-mi-ni-stri cor-ret-ta-men-te 
la
 []


Underfull \hbox (badness 1502) in paragraph at lines 1523--1523
\T1/fca/m/n/10.95 l'in-se-ri-men-to e al-la ri-mo-zio-ne di un quiz fun-zio-ni-
no
 []

File: ../../team404_small.jpg Graphic file (type jpg)
<use ../../team404_small.jpg>
Package pdftex.def Info: ../../team404_small.jpg used on input line 1544.
(pdftex.def)             Requested size: 57.36183pt x 23.03506pt.
 [31]
File: ../../team404_small.jpg Graphic file (type jpg)
 <use ../../team404_small.jpg>
Package pdftex.def Info: ../../team404_small.jpg used on input line 1578.
(pdftex.def)             Requested size: 57.36183pt x 23.03506pt.
 [32]
Overfull \hbox (23.99998pt too wide) in alignment at lines 1619--1624
 [] [] 
 []


Overfull \hbox (23.99998pt too wide) in alignment at lines 1624--1628
 [] [] 
 []


Overfull \hbox (23.99998pt too wide) in alignment at lines 1628--1631
 [] [] 
 []


Overfull \hbox (23.99998pt too wide) in alignment at lines 1631--1634
 [] [] 
 []


Overfull \hbox (9.44951pt too wide) in paragraph at lines 1649--1649
[]|\T1/fca/m/n/10.95 ViewModel::Controllers::NewQuestionController::NewQuestion
Controller()| 
 []


Overfull \hbox (23.99998pt too wide) in alignment at lines 1634--1657
 [] [] 
 []

File: ../../team404_small.jpg Graphic file (type jpg)
<use ../../team404_small.jpg>
Package pdftex.def Info: ../../team404_small.jpg used on input line 1657.
(pdftex.def)             Requested size: 57.36183pt x 23.03506pt.
 [33]
Underfull \vbox (badness 10000) detected at line 1657
 []


Overfull \hbox (23.99998pt too wide) in alignment at lines 1657--1683
 [] [] 
 []


Overfull \hbox (0.98506pt too wide) in paragraph at lines 1699--1699
[]|\T1/fca/m/n/10.95 ViewModel::Interpreter::QMLInterpreterFactory::QMLInterpre
terFactory()| 
 []


Overfull \hbox (23.99998pt too wide) in alignment at lines 1683--1717
 [] [] 
 []

File: ../../team404_small.jpg Graphic file (type jpg)
<use ../../team404_small.jpg>
Package pdftex.def Info: ../../team404_small.jpg used on input line 1717.
(pdftex.def)             Requested size: 57.36183pt x 23.03506pt.
 [34]
Overfull \hbox (23.99998pt too wide) in alignment at lines 1717--1745
 [] [] 
 []

File: ../../team404_small.jpg Graphic file (type jpg)
<use ../../team404_small.jpg>
Package pdftex.def Info: ../../team404_small.jpg used on input line 1746.
(pdftex.def)             Requested size: 57.36183pt x 23.03506pt.
 [35]
Overfull \hbox (23.99998pt too wide) in alignment at lines 1752--1757
 [] [] 
 []


Overfull \hbox (23.99998pt too wide) in alignment at lines 1757--1761
 [] [] 
 []


Overfull \hbox (23.99998pt too wide) in alignment at lines 1761--1764
 [] [] 
 []


Overfull \hbox (23.99998pt too wide) in alignment at lines 1764--1767
 [] [] 
 []


Overfull \hbox (9.44951pt too wide) in paragraph at lines 1782--1783
[]|\T1/fca/m/n/10.95 ViewModel::Controllers::NewQuestionController::NewQuestion
Controller()| 
 []


Overfull \hbox (23.99998pt too wide) in alignment at lines 1767--1790
 [] [] 
 []


Underfull \vbox (badness 10000) detected at line 1790
 []


Overfull \hbox (23.99998pt too wide) in alignment at lines 1790--1816
 [] [] 
 []


Overfull \hbox (0.98506pt too wide) in paragraph at lines 1832--1833
[]|\T1/fca/m/n/10.95 ViewModel::Interpreter::QMLInterpreterFactory::QMLInterpre
terFactory()| 
 []


Overfull \hbox (23.99998pt too wide) in alignment at lines 1816--1850
 [] [] 
 []

File: ../../team404_small.jpg Graphic file (type jpg)
<use ../../team404_small.jpg>
Package pdftex.def Info: ../../team404_small.jpg used on input line 1850.
(pdftex.def)             Requested size: 57.36183pt x 23.03506pt.
 [36]
Overfull \hbox (23.99998pt too wide) in alignment at lines 1850--1878
 [] [] 
 []

File: ../../team404_small.jpg Graphic file (type jpg)
<use ../../team404_small.jpg>
Package pdftex.def Info: ../../team404_small.jpg used on input line 1878.
(pdftex.def)             Requested size: 57.36183pt x 23.03506pt.
 [37]
File: ../../team404_small.jpg Graphic file (type jpg)
 <use ../../team404_small.jpg>
Package pdftex.def Info: ../../team404_small.jpg used on input line 1880.
(pdftex.def)             Requested size: 57.36183pt x 23.03506pt.
 [38]
File: ../../team404_small.jpg Graphic file (type jpg)

<use ../../team404_small.jpg>
Package pdftex.def Info: ../../team404_small.jpg used on input line 1951.
(pdftex.def)             Requested size: 57.36183pt x 23.03506pt.
 [39] 
AED: lastpage setting LastPage
File: ../../team404_small.jpg Graphic file (type jpg)
<use ../../team404_small.jpg>
Package pdftex.def Info: ../../team404_small.jpg used on input line 1952.
(pdftex.def)             Requested size: 57.36183pt x 23.03506pt.
 [40]
Package atveryend Info: Empty hook `BeforeClearDocument' on input line 1952.
Package atveryend Info: Empty hook `AfterLastShipout' on input line 1952.
 (piano_di_qualifica_4.0.aux)
Package atveryend Info: Executing hook `AtVeryEndDocument' on input line 1952.
Package atveryend Info: Executing hook `AtEndAfterFileList' on input line 1952.

Package rerunfilecheck Info: File `piano_di_qualifica_4.0.out' has not changed.

(rerunfilecheck)             Checksum: F3AD21F34351CDB805F80A658A3C222A;6128.
 ) 
Here is how much of TeX's memory you used:
 10989 strings out of 493698
 160428 string characters out of 3144408
 325350 words of memory out of 3000000
 13914 multiletter control sequences out of 15000+200000
 32559 words of font info for 93 fonts, out of 3000000 for 9000
 1025 hyphenation exceptions out of 8191
 38i,17n,47p,974b,574s stack positions out of 5000i,500n,10000p,200000b,50000s
{C:/Program Files/MiKTeX 2.9/fonts/enc/dvips/cantarell/cantarell-03.enc}{C:/P
rogram Files/MiKTeX 2.9/fonts/enc/dvips/cantarell/cantarell-01.enc}{C:/Program 
Files/MiKTeX 2.9/fonts/enc/dvips/cm-super/cm-super-t1.enc}<C:/Program Files/MiK
TeX 2.9/fonts/type1/public/cantarell/Cantarell-Bold.pfb><C:/Program Files/MiKTe
X 2.9/fonts/type1/public/cantarell/Cantarell-Regular.pfb><C:/Program Files/MiKT
eX 2.9/fonts/type1/public/cantarell/Cantarell-Regular.pfb><C:/Program Files/MiK
TeX 2.9/fonts/type1/public/amsfonts/cm/cmex10.pfb><C:/Program Files/MiKTeX 2.9/
fonts/type1/public/amsfonts/cm/cmmi10.pfb><C:/Program Files/MiKTeX 2.9/fonts/ty
pe1/public/amsfonts/cm/cmmi8.pfb><C:/Program Files/MiKTeX 2.9/fonts/type1/publi
c/amsfonts/cm/cmr10.pfb><C:/Program Files/MiKTeX 2.9/fonts/type1/public/amsfont
s/cm/cmr6.pfb><C:/Program Files/MiKTeX 2.9/fonts/type1/public/amsfonts/cm/cmr8.
pfb><C:/Program Files/MiKTeX 2.9/fonts/type1/public/amsfonts/cm/cmsy10.pfb><C:/
Program Files/MiKTeX 2.9/fonts/type1/public/amsfonts/cm/cmsy8.pfb><C:/Program F
iles/MiKTeX 2.9/fonts/type1/public/cm-super/sftt1095.pfb><C:/Program Files/MiKT
eX 2.9/fonts/type1/public/cm-super/sftt1440.pfb>
Output written on piano_di_qualifica_4.0.pdf (45 pages, 467703 bytes).
PDF statistics:
 816 PDF objects out of 1000 (max. 8388607)
 187 named destinations out of 1000 (max. 500000)
 650 words of extra memory for PDF output out of 10000 (max. 10000000)

