\BOOKMARK [1][-]{section.1}{Introduzione}{}% 1
\BOOKMARK [2][-]{subsection.1.1}{Scopo del documento}{section.1}% 2
\BOOKMARK [2][-]{subsection.1.2}{Scopo del prodotto}{section.1}% 3
\BOOKMARK [2][-]{subsection.1.3}{Glossario}{section.1}% 4
\BOOKMARK [2][-]{subsection.1.4}{Riferimenti}{section.1}% 5
\BOOKMARK [3][-]{subsubsection.1.4.1}{Normativi}{subsection.1.4}% 6
\BOOKMARK [3][-]{subsubsection.1.4.2}{Informativi}{subsection.1.4}% 7
\BOOKMARK [1][-]{section.2}{Requisiti di Sistema}{}% 8
\BOOKMARK [2][-]{subsection.2.1}{Browser supportati}{section.2}% 9
\BOOKMARK [1][-]{section.3}{Installazione}{}% 10
\BOOKMARK [1][-]{section.4}{L'applicazione a prima vista}{}% 11
\BOOKMARK [1][-]{section.5}{Registrazione}{}% 12
\BOOKMARK [1][-]{section.6}{Autenticazione}{}% 13
\BOOKMARK [1][-]{section.7}{Scelta di un Questionario}{}% 14
\BOOKMARK [1][-]{section.8}{Svolgimento di un Questionario}{}% 15
\BOOKMARK [1][-]{section.9}{Profilo Utente}{}% 16
\BOOKMARK [1][-]{section.10}{Creazione Domanda}{}% 17
\BOOKMARK [1][-]{section.11}{Creazione Questionario}{}% 18
\BOOKMARK [1][-]{section.12}{Sintassi QML}{}% 19
\BOOKMARK [2][-]{subsection.12.1}{Tipologia Domanda}{section.12}% 20
\BOOKMARK [2][-]{subsection.12.2}{Corpo della domanda}{section.12}% 21
\BOOKMARK [2][-]{subsection.12.3}{Esempi di domande secondo la sintassi corretta}{section.12}% 22
