\BOOKMARK [1][-]{section*.2}{A}{}% 1
\BOOKMARK [1][-]{section*.3}{B}{}% 2
\BOOKMARK [1][-]{section*.4}{C}{}% 3
\BOOKMARK [1][-]{section*.5}{D}{}% 4
\BOOKMARK [1][-]{section*.6}{F}{}% 5
\BOOKMARK [1][-]{section*.7}{G}{}% 6
\BOOKMARK [1][-]{section*.8}{H}{}% 7
\BOOKMARK [1][-]{section*.9}{I}{}% 8
\BOOKMARK [1][-]{section*.10}{J}{}% 9
\BOOKMARK [1][-]{section*.11}{K}{}% 10
\BOOKMARK [1][-]{section*.12}{M}{}% 11
\BOOKMARK [1][-]{section*.13}{N}{}% 12
\BOOKMARK [1][-]{section*.14}{O}{}% 13
\BOOKMARK [1][-]{section*.15}{P}{}% 14
\BOOKMARK [1][-]{section*.16}{Q}{}% 15
\BOOKMARK [1][-]{section*.17}{R}{}% 16
\BOOKMARK [1][-]{section*.18}{S}{}% 17
\BOOKMARK [1][-]{section*.19}{T}{}% 18
\BOOKMARK [1][-]{section*.20}{U}{}% 19
\BOOKMARK [1][-]{section*.21}{V}{}% 20
\BOOKMARK [1][-]{section*.22}{W}{}% 21
