This is pdfTeX, Version 3.14159265-2.6-1.40.16 (TeX Live 2015/W32TeX) (preloaded format=pdflatex 2016.3.14)  4 JUN 2016 15:20
entering extended mode
 restricted \write18 enabled.
 %&-line parsing enabled.
**./Specifica_Tecnica_2.0.tex
(./Specifica_Tecnica_2.0.tex
LaTeX2e <2016/02/01>
Babel <3.9q> and hyphenation patterns for 81 language(s) loaded.
(c:/texlive/2015/texmf-dist/tex/latex/base/article.cls
Document Class: article 2014/09/29 v1.4h Standard LaTeX document class
(c:/texlive/2015/texmf-dist/tex/latex/base/size11.clo
File: size11.clo 2014/09/29 v1.4h Standard LaTeX file (size option)
)
\c@part=\count79
\c@section=\count80
\c@subsection=\count81
\c@subsubsection=\count82
\c@paragraph=\count83
\c@subparagraph=\count84
\c@figure=\count85
\c@table=\count86
\abovecaptionskip=\skip41
\belowcaptionskip=\skip42
\bibindent=\dimen102
) (../../template.tex
(c:/texlive/2015/texmf-dist/tex/latex/base/inputenc.sty
Package: inputenc 2015/03/17 v1.2c Input encoding file
\inpenc@prehook=\toks14
\inpenc@posthook=\toks15

(c:/texlive/2015/texmf-dist/tex/latex/base/utf8.def
File: utf8.def 2015/12/03 v1.1r UTF-8 support for inputenc
Now handling font encoding OML ...
... no UTF-8 mapping file for font encoding OML
Now handling font encoding T1 ...
... processing UTF-8 mapping file for font encoding T1

(c:/texlive/2015/texmf-dist/tex/latex/base/t1enc.dfu
File: t1enc.dfu 2015/12/03 v1.1r UTF-8 support for inputenc
   defining Unicode char U+00A0 (decimal 160)
   defining Unicode char U+00A1 (decimal 161)
   defining Unicode char U+00A3 (decimal 163)
   defining Unicode char U+00AB (decimal 171)
   defining Unicode char U+00AD (decimal 173)
   defining Unicode char U+00BB (decimal 187)
   defining Unicode char U+00BF (decimal 191)
   defining Unicode char U+00C0 (decimal 192)
   defining Unicode char U+00C1 (decimal 193)
   defining Unicode char U+00C2 (decimal 194)
   defining Unicode char U+00C3 (decimal 195)
   defining Unicode char U+00C4 (decimal 196)
   defining Unicode char U+00C5 (decimal 197)
   defining Unicode char U+00C6 (decimal 198)
   defining Unicode char U+00C7 (decimal 199)
   defining Unicode char U+00C8 (decimal 200)
   defining Unicode char U+00C9 (decimal 201)
   defining Unicode char U+00CA (decimal 202)
   defining Unicode char U+00CB (decimal 203)
   defining Unicode char U+00CC (decimal 204)
   defining Unicode char U+00CD (decimal 205)
   defining Unicode char U+00CE (decimal 206)
   defining Unicode char U+00CF (decimal 207)
   defining Unicode char U+00D0 (decimal 208)
   defining Unicode char U+00D1 (decimal 209)
   defining Unicode char U+00D2 (decimal 210)
   defining Unicode char U+00D3 (decimal 211)
   defining Unicode char U+00D4 (decimal 212)
   defining Unicode char U+00D5 (decimal 213)
   defining Unicode char U+00D6 (decimal 214)
   defining Unicode char U+00D8 (decimal 216)
   defining Unicode char U+00D9 (decimal 217)
   defining Unicode char U+00DA (decimal 218)
   defining Unicode char U+00DB (decimal 219)
   defining Unicode char U+00DC (decimal 220)
   defining Unicode char U+00DD (decimal 221)
   defining Unicode char U+00DE (decimal 222)
   defining Unicode char U+00DF (decimal 223)
   defining Unicode char U+00E0 (decimal 224)
   defining Unicode char U+00E1 (decimal 225)
   defining Unicode char U+00E2 (decimal 226)
   defining Unicode char U+00E3 (decimal 227)
   defining Unicode char U+00E4 (decimal 228)
   defining Unicode char U+00E5 (decimal 229)
   defining Unicode char U+00E6 (decimal 230)
   defining Unicode char U+00E7 (decimal 231)
   defining Unicode char U+00E8 (decimal 232)
   defining Unicode char U+00E9 (decimal 233)
   defining Unicode char U+00EA (decimal 234)
   defining Unicode char U+00EB (decimal 235)
   defining Unicode char U+00EC (decimal 236)
   defining Unicode char U+00ED (decimal 237)
   defining Unicode char U+00EE (decimal 238)
   defining Unicode char U+00EF (decimal 239)
   defining Unicode char U+00F0 (decimal 240)
   defining Unicode char U+00F1 (decimal 241)
   defining Unicode char U+00F2 (decimal 242)
   defining Unicode char U+00F3 (decimal 243)
   defining Unicode char U+00F4 (decimal 244)
   defining Unicode char U+00F5 (decimal 245)
   defining Unicode char U+00F6 (decimal 246)
   defining Unicode char U+00F8 (decimal 248)
   defining Unicode char U+00F9 (decimal 249)
   defining Unicode char U+00FA (decimal 250)
   defining Unicode char U+00FB (decimal 251)
   defining Unicode char U+00FC (decimal 252)
   defining Unicode char U+00FD (decimal 253)
   defining Unicode char U+00FE (decimal 254)
   defining Unicode char U+00FF (decimal 255)
   defining Unicode char U+0100 (decimal 256)
   defining Unicode char U+0101 (decimal 257)
   defining Unicode char U+0102 (decimal 258)
   defining Unicode char U+0103 (decimal 259)
   defining Unicode char U+0104 (decimal 260)
   defining Unicode char U+0105 (decimal 261)
   defining Unicode char U+0106 (decimal 262)
   defining Unicode char U+0107 (decimal 263)
   defining Unicode char U+0108 (decimal 264)
   defining Unicode char U+0109 (decimal 265)
   defining Unicode char U+010A (decimal 266)
   defining Unicode char U+010B (decimal 267)
   defining Unicode char U+010C (decimal 268)
   defining Unicode char U+010D (decimal 269)
   defining Unicode char U+010E (decimal 270)
   defining Unicode char U+010F (decimal 271)
   defining Unicode char U+0110 (decimal 272)
   defining Unicode char U+0111 (decimal 273)
   defining Unicode char U+0112 (decimal 274)
   defining Unicode char U+0113 (decimal 275)
   defining Unicode char U+0114 (decimal 276)
   defining Unicode char U+0115 (decimal 277)
   defining Unicode char U+0116 (decimal 278)
   defining Unicode char U+0117 (decimal 279)
   defining Unicode char U+0118 (decimal 280)
   defining Unicode char U+0119 (decimal 281)
   defining Unicode char U+011A (decimal 282)
   defining Unicode char U+011B (decimal 283)
   defining Unicode char U+011C (decimal 284)
   defining Unicode char U+011D (decimal 285)
   defining Unicode char U+011E (decimal 286)
   defining Unicode char U+011F (decimal 287)
   defining Unicode char U+0120 (decimal 288)
   defining Unicode char U+0121 (decimal 289)
   defining Unicode char U+0122 (decimal 290)
   defining Unicode char U+0123 (decimal 291)
   defining Unicode char U+0124 (decimal 292)
   defining Unicode char U+0125 (decimal 293)
   defining Unicode char U+0128 (decimal 296)
   defining Unicode char U+0129 (decimal 297)
   defining Unicode char U+012A (decimal 298)
   defining Unicode char U+012B (decimal 299)
   defining Unicode char U+012C (decimal 300)
   defining Unicode char U+012D (decimal 301)
   defining Unicode char U+012E (decimal 302)
   defining Unicode char U+012F (decimal 303)
   defining Unicode char U+0130 (decimal 304)
   defining Unicode char U+0131 (decimal 305)
   defining Unicode char U+0132 (decimal 306)
   defining Unicode char U+0133 (decimal 307)
   defining Unicode char U+0134 (decimal 308)
   defining Unicode char U+0135 (decimal 309)
   defining Unicode char U+0136 (decimal 310)
   defining Unicode char U+0137 (decimal 311)
   defining Unicode char U+0139 (decimal 313)
   defining Unicode char U+013A (decimal 314)
   defining Unicode char U+013B (decimal 315)
   defining Unicode char U+013C (decimal 316)
   defining Unicode char U+013D (decimal 317)
   defining Unicode char U+013E (decimal 318)
   defining Unicode char U+0141 (decimal 321)
   defining Unicode char U+0142 (decimal 322)
   defining Unicode char U+0143 (decimal 323)
   defining Unicode char U+0144 (decimal 324)
   defining Unicode char U+0145 (decimal 325)
   defining Unicode char U+0146 (decimal 326)
   defining Unicode char U+0147 (decimal 327)
   defining Unicode char U+0148 (decimal 328)
   defining Unicode char U+014A (decimal 330)
   defining Unicode char U+014B (decimal 331)
   defining Unicode char U+014C (decimal 332)
   defining Unicode char U+014D (decimal 333)
   defining Unicode char U+014E (decimal 334)
   defining Unicode char U+014F (decimal 335)
   defining Unicode char U+0150 (decimal 336)
   defining Unicode char U+0151 (decimal 337)
   defining Unicode char U+0152 (decimal 338)
   defining Unicode char U+0153 (decimal 339)
   defining Unicode char U+0154 (decimal 340)
   defining Unicode char U+0155 (decimal 341)
   defining Unicode char U+0156 (decimal 342)
   defining Unicode char U+0157 (decimal 343)
   defining Unicode char U+0158 (decimal 344)
   defining Unicode char U+0159 (decimal 345)
   defining Unicode char U+015A (decimal 346)
   defining Unicode char U+015B (decimal 347)
   defining Unicode char U+015C (decimal 348)
   defining Unicode char U+015D (decimal 349)
   defining Unicode char U+015E (decimal 350)
   defining Unicode char U+015F (decimal 351)
   defining Unicode char U+0160 (decimal 352)
   defining Unicode char U+0161 (decimal 353)
   defining Unicode char U+0162 (decimal 354)
   defining Unicode char U+0163 (decimal 355)
   defining Unicode char U+0164 (decimal 356)
   defining Unicode char U+0165 (decimal 357)
   defining Unicode char U+0168 (decimal 360)
   defining Unicode char U+0169 (decimal 361)
   defining Unicode char U+016A (decimal 362)
   defining Unicode char U+016B (decimal 363)
   defining Unicode char U+016C (decimal 364)
   defining Unicode char U+016D (decimal 365)
   defining Unicode char U+016E (decimal 366)
   defining Unicode char U+016F (decimal 367)
   defining Unicode char U+0170 (decimal 368)
   defining Unicode char U+0171 (decimal 369)
   defining Unicode char U+0172 (decimal 370)
   defining Unicode char U+0173 (decimal 371)
   defining Unicode char U+0174 (decimal 372)
   defining Unicode char U+0175 (decimal 373)
   defining Unicode char U+0176 (decimal 374)
   defining Unicode char U+0177 (decimal 375)
   defining Unicode char U+0178 (decimal 376)
   defining Unicode char U+0179 (decimal 377)
   defining Unicode char U+017A (decimal 378)
   defining Unicode char U+017B (decimal 379)
   defining Unicode char U+017C (decimal 380)
   defining Unicode char U+017D (decimal 381)
   defining Unicode char U+017E (decimal 382)
   defining Unicode char U+01CD (decimal 461)
   defining Unicode char U+01CE (decimal 462)
   defining Unicode char U+01CF (decimal 463)
   defining Unicode char U+01D0 (decimal 464)
   defining Unicode char U+01D1 (decimal 465)
   defining Unicode char U+01D2 (decimal 466)
   defining Unicode char U+01D3 (decimal 467)
   defining Unicode char U+01D4 (decimal 468)
   defining Unicode char U+01E2 (decimal 482)
   defining Unicode char U+01E3 (decimal 483)
   defining Unicode char U+01E6 (decimal 486)
   defining Unicode char U+01E7 (decimal 487)
   defining Unicode char U+01E8 (decimal 488)
   defining Unicode char U+01E9 (decimal 489)
   defining Unicode char U+01EA (decimal 490)
   defining Unicode char U+01EB (decimal 491)
   defining Unicode char U+01F0 (decimal 496)
   defining Unicode char U+01F4 (decimal 500)
   defining Unicode char U+01F5 (decimal 501)
   defining Unicode char U+0218 (decimal 536)
   defining Unicode char U+0219 (decimal 537)
   defining Unicode char U+021A (decimal 538)
   defining Unicode char U+021B (decimal 539)
   defining Unicode char U+01E02 (decimal 7682)
   defining Unicode char U+01E03 (decimal 7683)
   defining Unicode char U+200C (decimal 8204)
   defining Unicode char U+2013 (decimal 8211)
   defining Unicode char U+2014 (decimal 8212)
   defining Unicode char U+2018 (decimal 8216)
   defining Unicode char U+2019 (decimal 8217)
   defining Unicode char U+201A (decimal 8218)
   defining Unicode char U+201C (decimal 8220)
   defining Unicode char U+201D (decimal 8221)
   defining Unicode char U+201E (decimal 8222)
   defining Unicode char U+2030 (decimal 8240)
   defining Unicode char U+2031 (decimal 8241)
   defining Unicode char U+2039 (decimal 8249)
   defining Unicode char U+203A (decimal 8250)
   defining Unicode char U+2423 (decimal 9251)
)
Now handling font encoding OT1 ...
... processing UTF-8 mapping file for font encoding OT1

(c:/texlive/2015/texmf-dist/tex/latex/base/ot1enc.dfu
File: ot1enc.dfu 2015/12/03 v1.1r UTF-8 support for inputenc
   defining Unicode char U+00A0 (decimal 160)
   defining Unicode char U+00A1 (decimal 161)
   defining Unicode char U+00A3 (decimal 163)
   defining Unicode char U+00AD (decimal 173)
   defining Unicode char U+00B8 (decimal 184)
   defining Unicode char U+00BF (decimal 191)
   defining Unicode char U+00C5 (decimal 197)
   defining Unicode char U+00C6 (decimal 198)
   defining Unicode char U+00D8 (decimal 216)
   defining Unicode char U+00DF (decimal 223)
   defining Unicode char U+00E6 (decimal 230)
   defining Unicode char U+00EC (decimal 236)
   defining Unicode char U+00ED (decimal 237)
   defining Unicode char U+00EE (decimal 238)
   defining Unicode char U+00EF (decimal 239)
   defining Unicode char U+00F8 (decimal 248)
   defining Unicode char U+0131 (decimal 305)
   defining Unicode char U+0141 (decimal 321)
   defining Unicode char U+0142 (decimal 322)
   defining Unicode char U+0152 (decimal 338)
   defining Unicode char U+0153 (decimal 339)
   defining Unicode char U+0174 (decimal 372)
   defining Unicode char U+0175 (decimal 373)
   defining Unicode char U+0176 (decimal 374)
   defining Unicode char U+0177 (decimal 375)
   defining Unicode char U+0218 (decimal 536)
   defining Unicode char U+0219 (decimal 537)
   defining Unicode char U+021A (decimal 538)
   defining Unicode char U+021B (decimal 539)
   defining Unicode char U+2013 (decimal 8211)
   defining Unicode char U+2014 (decimal 8212)
   defining Unicode char U+2018 (decimal 8216)
   defining Unicode char U+2019 (decimal 8217)
   defining Unicode char U+201C (decimal 8220)
   defining Unicode char U+201D (decimal 8221)
)
Now handling font encoding OMS ...
... processing UTF-8 mapping file for font encoding OMS

(c:/texlive/2015/texmf-dist/tex/latex/base/omsenc.dfu
File: omsenc.dfu 2015/12/03 v1.1r UTF-8 support for inputenc
   defining Unicode char U+00A7 (decimal 167)
   defining Unicode char U+00B6 (decimal 182)
   defining Unicode char U+00B7 (decimal 183)
   defining Unicode char U+2020 (decimal 8224)
   defining Unicode char U+2021 (decimal 8225)
   defining Unicode char U+2022 (decimal 8226)
)
Now handling font encoding OMX ...
... no UTF-8 mapping file for font encoding OMX
Now handling font encoding U ...
... no UTF-8 mapping file for font encoding U
   defining Unicode char U+00A9 (decimal 169)
   defining Unicode char U+00AA (decimal 170)
   defining Unicode char U+00AE (decimal 174)
   defining Unicode char U+00BA (decimal 186)
   defining Unicode char U+02C6 (decimal 710)
   defining Unicode char U+02DC (decimal 732)
   defining Unicode char U+200C (decimal 8204)
   defining Unicode char U+2026 (decimal 8230)
   defining Unicode char U+2122 (decimal 8482)
   defining Unicode char U+2423 (decimal 9251)
))
(c:/texlive/2015/texmf-dist/tex/generic/babel/babel.sty
Package: babel 2016/02/24 3.9q The Babel package

(c:/texlive/2015/texmf-dist/tex/generic/babel-italian/italian.ldf
Language: italian 2015/03/26 v1.3n Italian support from the babel system

(c:/texlive/2015/texmf-dist/tex/generic/babel/babel.def
File: babel.def 2016/02/24 3.9q Babel common definitions
\babel@savecnt=\count87
\U@D=\dimen103
)
\it@lettering=\count88
\it@doublequoteactive=\count89
\it@ISOcompliance=\count90
))
(c:/texlive/2015/texmf-dist/tex/latex/etoolbox/etoolbox.sty
Package: etoolbox 2015/08/02 v2.2a e-TeX tools for LaTeX (JAW)
\etb@tempcnta=\count91
)
(c:/texlive/2015/texmf-dist/tex/latex/hyperref/hyperref.sty
Package: hyperref 2012/11/06 v6.83m Hypertext links for LaTeX

(c:/texlive/2015/texmf-dist/tex/generic/oberdiek/hobsub-hyperref.sty
Package: hobsub-hyperref 2012/05/28 v1.13 Bundle oberdiek, subset hyperref (HO)


(c:/texlive/2015/texmf-dist/tex/generic/oberdiek/hobsub-generic.sty
Package: hobsub-generic 2012/05/28 v1.13 Bundle oberdiek, subset generic (HO)
Package: hobsub 2012/05/28 v1.13 Construct package bundles (HO)
Package: infwarerr 2010/04/08 v1.3 Providing info/warning/error messages (HO)
Package: ltxcmds 2011/11/09 v1.22 LaTeX kernel commands for general use (HO)
Package: ifluatex 2010/03/01 v1.3 Provides the ifluatex switch (HO)
Package ifluatex Info: LuaTeX not detected.
Package: ifvtex 2010/03/01 v1.5 Detect VTeX and its facilities (HO)
Package ifvtex Info: VTeX not detected.
Package: intcalc 2007/09/27 v1.1 Expandable calculations with integers (HO)
Package: ifpdf 2011/01/30 v2.3 Provides the ifpdf switch (HO)
Package ifpdf Info: pdfTeX in PDF mode is detected.
Package: etexcmds 2011/02/16 v1.5 Avoid name clashes with e-TeX commands (HO)
Package etexcmds Info: Could not find \expanded.
(etexcmds)             That can mean that you are not using pdfTeX 1.50 or
(etexcmds)             that some package has redefined \expanded.
(etexcmds)             In the latter case, load this package earlier.
Package: kvsetkeys 2012/04/25 v1.16 Key value parser (HO)
Package: kvdefinekeys 2011/04/07 v1.3 Define keys (HO)
Package: pdftexcmds 2011/11/29 v0.20 Utility functions of pdfTeX for LuaTeX (HO
)
Package pdftexcmds Info: LuaTeX not detected.
Package pdftexcmds Info: \pdf@primitive is available.
Package pdftexcmds Info: \pdf@ifprimitive is available.
Package pdftexcmds Info: \pdfdraftmode found.
Package: pdfescape 2011/11/25 v1.13 Implements pdfTeX's escape features (HO)
Package: bigintcalc 2012/04/08 v1.3 Expandable calculations on big integers (HO
)
Package: bitset 2011/01/30 v1.1 Handle bit-vector datatype (HO)
Package: uniquecounter 2011/01/30 v1.2 Provide unlimited unique counter (HO)
)
Package hobsub Info: Skipping package `hobsub' (already loaded).
Package: letltxmacro 2010/09/02 v1.4 Let assignment for LaTeX macros (HO)
Package: hopatch 2012/05/28 v1.2 Wrapper for package hooks (HO)
Package: xcolor-patch 2011/01/30 xcolor patch
Package: atveryend 2011/06/30 v1.8 Hooks at the very end of document (HO)
Package: atbegshi 2011/10/05 v1.16 At begin shipout hook (HO)
Package: refcount 2011/10/16 v3.4 Data extraction from label references (HO)
Package: hycolor 2011/01/30 v1.7 Color options for hyperref/bookmark (HO)
)
(c:/texlive/2015/texmf-dist/tex/latex/graphics/keyval.sty
Package: keyval 2014/10/28 v1.15 key=value parser (DPC)
\KV@toks@=\toks16
)
(c:/texlive/2015/texmf-dist/tex/generic/ifxetex/ifxetex.sty
Package: ifxetex 2010/09/12 v0.6 Provides ifxetex conditional
)
(c:/texlive/2015/texmf-dist/tex/latex/oberdiek/auxhook.sty
Package: auxhook 2011/03/04 v1.3 Hooks for auxiliary files (HO)
)
(c:/texlive/2015/texmf-dist/tex/latex/oberdiek/kvoptions.sty
Package: kvoptions 2011/06/30 v3.11 Key value format for package options (HO)
)
\@linkdim=\dimen104
\Hy@linkcounter=\count92
\Hy@pagecounter=\count93

(c:/texlive/2015/texmf-dist/tex/latex/hyperref/pd1enc.def
File: pd1enc.def 2012/11/06 v6.83m Hyperref: PDFDocEncoding definition (HO)
Now handling font encoding PD1 ...
... no UTF-8 mapping file for font encoding PD1
)
\Hy@SavedSpaceFactor=\count94

(c:/texlive/2015/texmf-dist/tex/latex/latexconfig/hyperref.cfg
File: hyperref.cfg 2002/06/06 v1.2 hyperref configuration of TeXLive
)
Package hyperref Info: Hyper figures OFF on input line 4443.
Package hyperref Info: Link nesting OFF on input line 4448.
Package hyperref Info: Hyper index ON on input line 4451.
Package hyperref Info: Plain pages OFF on input line 4458.
Package hyperref Info: Backreferencing OFF on input line 4463.
Package hyperref Info: Implicit mode ON; LaTeX internals redefined.
Package hyperref Info: Bookmarks ON on input line 4688.
\c@Hy@tempcnt=\count95

(c:/texlive/2015/texmf-dist/tex/latex/url/url.sty
\Urlmuskip=\muskip10
Package: url 2013/09/16  ver 3.4  Verb mode for urls, etc.
)
LaTeX Info: Redefining \url on input line 5041.
\XeTeXLinkMargin=\dimen105
\Fld@menulength=\count96
\Field@Width=\dimen106
\Fld@charsize=\dimen107
Package hyperref Info: Hyper figures OFF on input line 6295.
Package hyperref Info: Link nesting OFF on input line 6300.
Package hyperref Info: Hyper index ON on input line 6303.
Package hyperref Info: backreferencing OFF on input line 6310.
Package hyperref Info: Link coloring OFF on input line 6315.
Package hyperref Info: Link coloring with OCG OFF on input line 6320.
Package hyperref Info: PDF/A mode OFF on input line 6325.
LaTeX Info: Redefining \ref on input line 6365.
LaTeX Info: Redefining \pageref on input line 6369.
\Hy@abspage=\count97
\c@Item=\count98
\c@Hfootnote=\count99
)

Package hyperref Message: Driver (autodetected): hpdftex.

(c:/texlive/2015/texmf-dist/tex/latex/hyperref/hpdftex.def
File: hpdftex.def 2012/11/06 v6.83m Hyperref driver for pdfTeX
\Fld@listcount=\count100
\c@bookmark@seq@number=\count101

(c:/texlive/2015/texmf-dist/tex/latex/oberdiek/rerunfilecheck.sty
Package: rerunfilecheck 2011/04/15 v1.7 Rerun checks for auxiliary files (HO)
Package uniquecounter Info: New unique counter `rerunfilecheck' on input line 2
82.
)
\Hy@SectionHShift=\skip43
)
(c:/texlive/2015/texmf-dist/tex/latex/booktabs/booktabs.sty
Package: booktabs 2005/04/14 v1.61803 publication quality tables
\heavyrulewidth=\dimen108
\lightrulewidth=\dimen109
\cmidrulewidth=\dimen110
\belowrulesep=\dimen111
\belowbottomsep=\dimen112
\aboverulesep=\dimen113
\abovetopsep=\dimen114
\cmidrulesep=\dimen115
\cmidrulekern=\dimen116
\defaultaddspace=\dimen117
\@cmidla=\count102
\@cmidlb=\count103
\@aboverulesep=\dimen118
\@belowrulesep=\dimen119
\@thisruleclass=\count104
\@lastruleclass=\count105
\@thisrulewidth=\dimen120
)
(c:/texlive/2015/texmf-dist/tex/latex/tools/longtable.sty
Package: longtable 2014/10/28 v4.11 Multi-page Table package (DPC)
\LTleft=\skip44
\LTright=\skip45
\LTpre=\skip46
\LTpost=\skip47
\LTchunksize=\count106
\LTcapwidth=\dimen121
\LT@head=\box26
\LT@firsthead=\box27
\LT@foot=\box28
\LT@lastfoot=\box29
\LT@cols=\count107
\LT@rows=\count108
\c@LT@tables=\count109
\c@LT@chunks=\count110
\LT@p@ftn=\toks17
)
(c:/texlive/2015/texmf-dist/tex/latex/tools/tabularx.sty
Package: tabularx 2014/10/28 v2.10 `tabularx' package (DPC)

(c:/texlive/2015/texmf-dist/tex/latex/tools/array.sty
Package: array 2014/10/28 v2.4c Tabular extension package (FMi)
\col@sep=\dimen122
\extrarowheight=\dimen123
\NC@list=\toks18
\extratabsurround=\skip48
\backup@length=\skip49
)
\TX@col@width=\dimen124
\TX@old@table=\dimen125
\TX@old@col=\dimen126
\TX@target=\dimen127
\TX@delta=\dimen128
\TX@cols=\count111
\TX@ftn=\toks19
)
(c:/texlive/2015/texmf-dist/tex/latex/listings/listings.sty
\lst@mode=\count112
\lst@gtempboxa=\box30
\lst@token=\toks20
\lst@length=\count113
\lst@currlwidth=\dimen129
\lst@column=\count114
\lst@pos=\count115
\lst@lostspace=\dimen130
\lst@width=\dimen131
\lst@newlines=\count116
\lst@lineno=\count117
\lst@maxwidth=\dimen132

(c:/texlive/2015/texmf-dist/tex/latex/listings/lstmisc.sty
File: lstmisc.sty 2015/06/04 1.6 (Carsten Heinz)
\c@lstnumber=\count118
\lst@skipnumbers=\count119
\lst@framebox=\box31
)
(c:/texlive/2015/texmf-dist/tex/latex/listings/listings.cfg
File: listings.cfg 2015/06/04 1.6 listings configuration
))
Package: listings 2015/06/04 1.6 (Carsten Heinz)

(c:/texlive/2015/texmf-dist/tex/latex/appendix/appendix.sty
Package: appendix 2009/09/02 v1.2b extra appendix facilities
\c@@pps=\count120
\c@@ppsavesec=\count121
\c@@ppsaveapp=\count122
)
(c:/texlive/2015/texmf-dist/tex/latex/graphics/graphicx.sty
Package: graphicx 2014/10/28 v1.0g Enhanced LaTeX Graphics (DPC,SPQR)

(c:/texlive/2015/texmf-dist/tex/latex/graphics/graphics.sty
Package: graphics 2016/01/03 v1.0q Standard LaTeX Graphics (DPC,SPQR)

(c:/texlive/2015/texmf-dist/tex/latex/graphics/trig.sty
Package: trig 2016/01/03 v1.10 sin cos tan (DPC)
)
(c:/texlive/2015/texmf-dist/tex/latex/latexconfig/graphics.cfg
File: graphics.cfg 2010/04/23 v1.9 graphics configuration of TeX Live
)
Package graphics Info: Driver file: pdftex.def on input line 95.

(c:/texlive/2015/texmf-dist/tex/latex/pdftex-def/pdftex.def
File: pdftex.def 2011/05/27 v0.06d Graphics/color for pdfTeX
\Gread@gobject=\count123
))
\Gin@req@height=\dimen133
\Gin@req@width=\dimen134
)
(c:/texlive/2015/texmf-dist/tex/latex/caption/caption.sty
Package: caption 2016/02/21 v3.3-144 Customizing captions (AR)

(c:/texlive/2015/texmf-dist/tex/latex/caption/caption3.sty
Package: caption3 2016/02/04 v1.7-139 caption3 kernel (AR)
Package caption3 Info: TeX engine: e-TeX on input line 67.
\captionmargin=\dimen135
\captionmargin@=\dimen136
\captionwidth=\dimen137
\caption@tempdima=\dimen138
\caption@indent=\dimen139
\caption@parindent=\dimen140
\caption@hangindent=\dimen141
)
\c@ContinuedFloat=\count124
Package caption Info: hyperref package is loaded.
Package caption Info: listings package is loaded.
Package caption Info: longtable package is loaded.

(c:/texlive/2015/texmf-dist/tex/latex/caption/ltcaption.sty
Package: ltcaption 2013/06/09 v1.4-94 longtable captions (AR)
))
(c:/texlive/2015/texmf-dist/tex/latex/fancyhdr/fancyhdr.sty
\fancy@headwidth=\skip50
\f@ncyO@elh=\skip51
\f@ncyO@erh=\skip52
\f@ncyO@olh=\skip53
\f@ncyO@orh=\skip54
\f@ncyO@elf=\skip55
\f@ncyO@erf=\skip56
\f@ncyO@olf=\skip57
\f@ncyO@orf=\skip58
)
(c:/texlive/2015/texmf-dist/tex/latex/geometry/geometry.sty
Package: geometry 2010/09/12 v5.6 Page Geometry
\Gm@cnth=\count125
\Gm@cntv=\count126
\c@Gm@tempcnt=\count127
\Gm@bindingoffset=\dimen142
\Gm@wd@mp=\dimen143
\Gm@odd@mp=\dimen144
\Gm@even@mp=\dimen145
\Gm@layoutwidth=\dimen146
\Gm@layoutheight=\dimen147
\Gm@layouthoffset=\dimen148
\Gm@layoutvoffset=\dimen149
\Gm@dimlist=\toks21
)
(c:/texlive/2015/texmf-dist/tex/latex/base/makeidx.sty
Package: makeidx 2014/09/29 v1.0m Standard LaTeX package
)
(c:/texlive/2015/texmf-dist/tex/latex/base/textcomp.sty
Package: textcomp 2005/09/27 v1.99g Standard LaTeX package
Package textcomp Info: Sub-encoding information:
(textcomp)               5 = only ISO-Adobe without \textcurrency
(textcomp)               4 = 5 + \texteuro
(textcomp)               3 = 4 + \textohm
(textcomp)               2 = 3 + \textestimated + \textcurrency
(textcomp)               1 = TS1 - \textcircled - \t
(textcomp)               0 = TS1 (full)
(textcomp)             Font families with sub-encoding setting implement
(textcomp)             only a restricted character set as indicated.
(textcomp)             Family '?' is the default used for unknown fonts.
(textcomp)             See the documentation for details.
Package textcomp Info: Setting ? sub-encoding to TS1/1 on input line 79.

(c:/texlive/2015/texmf-dist/tex/latex/base/ts1enc.def
File: ts1enc.def 2001/06/05 v3.0e (jk/car/fm) Standard LaTeX file
Now handling font encoding TS1 ...
... processing UTF-8 mapping file for font encoding TS1

(c:/texlive/2015/texmf-dist/tex/latex/base/ts1enc.dfu
File: ts1enc.dfu 2015/12/03 v1.1r UTF-8 support for inputenc
   defining Unicode char U+00A2 (decimal 162)
   defining Unicode char U+00A3 (decimal 163)
   defining Unicode char U+00A4 (decimal 164)
   defining Unicode char U+00A5 (decimal 165)
   defining Unicode char U+00A6 (decimal 166)
   defining Unicode char U+00A7 (decimal 167)
   defining Unicode char U+00A8 (decimal 168)
   defining Unicode char U+00A9 (decimal 169)
   defining Unicode char U+00AA (decimal 170)
   defining Unicode char U+00AC (decimal 172)
   defining Unicode char U+00AE (decimal 174)
   defining Unicode char U+00AF (decimal 175)
   defining Unicode char U+00B0 (decimal 176)
   defining Unicode char U+00B1 (decimal 177)
   defining Unicode char U+00B2 (decimal 178)
   defining Unicode char U+00B3 (decimal 179)
   defining Unicode char U+00B4 (decimal 180)
   defining Unicode char U+00B5 (decimal 181)
   defining Unicode char U+00B6 (decimal 182)
   defining Unicode char U+00B7 (decimal 183)
   defining Unicode char U+00B9 (decimal 185)
   defining Unicode char U+00BA (decimal 186)
   defining Unicode char U+00BC (decimal 188)
   defining Unicode char U+00BD (decimal 189)
   defining Unicode char U+00BE (decimal 190)
   defining Unicode char U+00D7 (decimal 215)
   defining Unicode char U+00F7 (decimal 247)
   defining Unicode char U+0192 (decimal 402)
   defining Unicode char U+02C7 (decimal 711)
   defining Unicode char U+02D8 (decimal 728)
   defining Unicode char U+02DD (decimal 733)
   defining Unicode char U+0E3F (decimal 3647)
   defining Unicode char U+2016 (decimal 8214)
   defining Unicode char U+2020 (decimal 8224)
   defining Unicode char U+2021 (decimal 8225)
   defining Unicode char U+2022 (decimal 8226)
   defining Unicode char U+2030 (decimal 8240)
   defining Unicode char U+2031 (decimal 8241)
   defining Unicode char U+203B (decimal 8251)
   defining Unicode char U+203D (decimal 8253)
   defining Unicode char U+2044 (decimal 8260)
   defining Unicode char U+204E (decimal 8270)
   defining Unicode char U+2052 (decimal 8274)
   defining Unicode char U+20A1 (decimal 8353)
   defining Unicode char U+20A4 (decimal 8356)
   defining Unicode char U+20A6 (decimal 8358)
   defining Unicode char U+20A9 (decimal 8361)
   defining Unicode char U+20AB (decimal 8363)
   defining Unicode char U+20AC (decimal 8364)
   defining Unicode char U+20B1 (decimal 8369)
   defining Unicode char U+2103 (decimal 8451)
   defining Unicode char U+2116 (decimal 8470)
   defining Unicode char U+2117 (decimal 8471)
   defining Unicode char U+211E (decimal 8478)
   defining Unicode char U+2120 (decimal 8480)
   defining Unicode char U+2122 (decimal 8482)
   defining Unicode char U+2126 (decimal 8486)
   defining Unicode char U+2127 (decimal 8487)
   defining Unicode char U+212E (decimal 8494)
   defining Unicode char U+2190 (decimal 8592)
   defining Unicode char U+2191 (decimal 8593)
   defining Unicode char U+2192 (decimal 8594)
   defining Unicode char U+2193 (decimal 8595)
   defining Unicode char U+2329 (decimal 9001)
   defining Unicode char U+232A (decimal 9002)
   defining Unicode char U+2422 (decimal 9250)
   defining Unicode char U+25E6 (decimal 9702)
   defining Unicode char U+25EF (decimal 9711)
   defining Unicode char U+266A (decimal 9834)
))
LaTeX Info: Redefining \oldstylenums on input line 334.
Package textcomp Info: Setting cmr sub-encoding to TS1/0 on input line 349.
Package textcomp Info: Setting cmss sub-encoding to TS1/0 on input line 350.
Package textcomp Info: Setting cmtt sub-encoding to TS1/0 on input line 351.
Package textcomp Info: Setting cmvtt sub-encoding to TS1/0 on input line 352.
Package textcomp Info: Setting cmbr sub-encoding to TS1/0 on input line 353.
Package textcomp Info: Setting cmtl sub-encoding to TS1/0 on input line 354.
Package textcomp Info: Setting ccr sub-encoding to TS1/0 on input line 355.
Package textcomp Info: Setting ptm sub-encoding to TS1/4 on input line 356.
Package textcomp Info: Setting pcr sub-encoding to TS1/4 on input line 357.
Package textcomp Info: Setting phv sub-encoding to TS1/4 on input line 358.
Package textcomp Info: Setting ppl sub-encoding to TS1/3 on input line 359.
Package textcomp Info: Setting pag sub-encoding to TS1/4 on input line 360.
Package textcomp Info: Setting pbk sub-encoding to TS1/4 on input line 361.
Package textcomp Info: Setting pnc sub-encoding to TS1/4 on input line 362.
Package textcomp Info: Setting pzc sub-encoding to TS1/4 on input line 363.
Package textcomp Info: Setting bch sub-encoding to TS1/4 on input line 364.
Package textcomp Info: Setting put sub-encoding to TS1/5 on input line 365.
Package textcomp Info: Setting uag sub-encoding to TS1/5 on input line 366.
Package textcomp Info: Setting ugq sub-encoding to TS1/5 on input line 367.
Package textcomp Info: Setting ul8 sub-encoding to TS1/4 on input line 368.
Package textcomp Info: Setting ul9 sub-encoding to TS1/4 on input line 369.
Package textcomp Info: Setting augie sub-encoding to TS1/5 on input line 370.
Package textcomp Info: Setting dayrom sub-encoding to TS1/3 on input line 371.
Package textcomp Info: Setting dayroms sub-encoding to TS1/3 on input line 372.

Package textcomp Info: Setting pxr sub-encoding to TS1/0 on input line 373.
Package textcomp Info: Setting pxss sub-encoding to TS1/0 on input line 374.
Package textcomp Info: Setting pxtt sub-encoding to TS1/0 on input line 375.
Package textcomp Info: Setting txr sub-encoding to TS1/0 on input line 376.
Package textcomp Info: Setting txss sub-encoding to TS1/0 on input line 377.
Package textcomp Info: Setting txtt sub-encoding to TS1/0 on input line 378.
Package textcomp Info: Setting lmr sub-encoding to TS1/0 on input line 379.
Package textcomp Info: Setting lmdh sub-encoding to TS1/0 on input line 380.
Package textcomp Info: Setting lmss sub-encoding to TS1/0 on input line 381.
Package textcomp Info: Setting lmssq sub-encoding to TS1/0 on input line 382.
Package textcomp Info: Setting lmvtt sub-encoding to TS1/0 on input line 383.
Package textcomp Info: Setting lmtt sub-encoding to TS1/0 on input line 384.
Package textcomp Info: Setting qhv sub-encoding to TS1/0 on input line 385.
Package textcomp Info: Setting qag sub-encoding to TS1/0 on input line 386.
Package textcomp Info: Setting qbk sub-encoding to TS1/0 on input line 387.
Package textcomp Info: Setting qcr sub-encoding to TS1/0 on input line 388.
Package textcomp Info: Setting qcs sub-encoding to TS1/0 on input line 389.
Package textcomp Info: Setting qpl sub-encoding to TS1/0 on input line 390.
Package textcomp Info: Setting qtm sub-encoding to TS1/0 on input line 391.
Package textcomp Info: Setting qzc sub-encoding to TS1/0 on input line 392.
Package textcomp Info: Setting qhvc sub-encoding to TS1/0 on input line 393.
Package textcomp Info: Setting futs sub-encoding to TS1/4 on input line 394.
Package textcomp Info: Setting futx sub-encoding to TS1/4 on input line 395.
Package textcomp Info: Setting futj sub-encoding to TS1/4 on input line 396.
Package textcomp Info: Setting hlh sub-encoding to TS1/3 on input line 397.
Package textcomp Info: Setting hls sub-encoding to TS1/3 on input line 398.
Package textcomp Info: Setting hlst sub-encoding to TS1/3 on input line 399.
Package textcomp Info: Setting hlct sub-encoding to TS1/5 on input line 400.
Package textcomp Info: Setting hlx sub-encoding to TS1/5 on input line 401.
Package textcomp Info: Setting hlce sub-encoding to TS1/5 on input line 402.
Package textcomp Info: Setting hlcn sub-encoding to TS1/5 on input line 403.
Package textcomp Info: Setting hlcw sub-encoding to TS1/5 on input line 404.
Package textcomp Info: Setting hlcf sub-encoding to TS1/5 on input line 405.
Package textcomp Info: Setting pplx sub-encoding to TS1/3 on input line 406.
Package textcomp Info: Setting pplj sub-encoding to TS1/3 on input line 407.
Package textcomp Info: Setting ptmx sub-encoding to TS1/4 on input line 408.
Package textcomp Info: Setting ptmj sub-encoding to TS1/4 on input line 409.
)
(c:/texlive/2015/texmf-dist/tex/latex/multirow/multirow.sty
\bigstrutjot=\dimen150
)
(c:/texlive/2015/texmf-dist/tex/latex/rotfloat/rotfloat.sty
Package: rotfloat 2004/01/04 v1.2 Combining float+rotating package (AS)

(c:/texlive/2015/texmf-dist/tex/latex/float/float.sty
Package: float 2001/11/08 v1.3d Float enhancements (AL)
\c@float@type=\count128
\float@exts=\toks22
\float@box=\box32
\@float@everytoks=\toks23
\@floatcapt=\box33
)
(c:/texlive/2015/texmf-dist/tex/latex/rotating/rotating.sty
Package: rotating 2009/03/28 v2.16a rotated objects in LaTeX

(c:/texlive/2015/texmf-dist/tex/latex/base/ifthen.sty
Package: ifthen 2014/09/29 v1.1c Standard LaTeX ifthen package (DPC)
)
\c@r@tfl@t=\count129
\rotFPtop=\skip59
\rotFPbot=\skip60
\rot@float@box=\box34
\rot@mess@toks=\toks24
)
Package rotfloat Info: float package v1.3 detected on input line 74.
)
(c:/texlive/2015/texmf-dist/tex/latex/lastpage/lastpage.sty
Package: lastpage 2015/03/29 v1.2m Refers to last page's name (HMM; JPG)
)
(c:/texlive/2015/texmf-dist/tex/latex/titlesec/titlesec.sty
Package: titlesec 2011/12/15 v2.10.0 Sectioning titles
\ttl@box=\box35
\beforetitleunit=\skip61
\aftertitleunit=\skip62
\ttl@plus=\dimen151
\ttl@minus=\dimen152
\ttl@toksa=\toks25
\titlewidth=\dimen153
\titlewidthlast=\dimen154
\titlewidthfirst=\dimen155
)
\c@subsubsubsection=\count130

(c:/texlive/2015/texmf-dist/tex/latex/listings/lstlang1.sty
File: lstlang1.sty 2015/06/04 1.6 listings language file
)
(c:/texlive/2015/texmf-dist/tex/latex/cantarell/cantarell.sty
Package: cantarell 2012/01/03 Cantarell

(c:/texlive/2015/texmf-dist/tex/latex/slantsc/slantsc.sty
Package: slantsc 2012/01/01 v2.11 Provide Slanted an Italic Small Caps
LaTeX Info: Redefining \upshape on input line 35.
LaTeX Info: Redefining \slshape on input line 45.
LaTeX Info: Redefining \itshape on input line 55.
LaTeX Info: Redefining \scshape on input line 65.
))
(c:/texlive/2015/texmf-dist/tex/latex/base/fontenc.sty
Package: fontenc 2005/09/27 v1.99g Standard LaTeX package

(c:/texlive/2015/texmf-dist/tex/latex/base/t1enc.def
File: t1enc.def 2005/09/27 v1.99g Standard LaTeX file
LaTeX Font Info:    Redeclaring font encoding T1 on input line 48.
))
Package hyperref Info: Option `colorlinks' set `true' on input line 89.
)
No file Specifica_Tecnica_2.0.aux.
\openout1 = `Specifica_Tecnica_2.0.aux'.

LaTeX Font Info:    Checking defaults for OML/cmm/m/it on input line 9.
LaTeX Font Info:    ... okay on input line 9.
LaTeX Font Info:    Checking defaults for T1/cmr/m/n on input line 9.
LaTeX Font Info:    ... okay on input line 9.
LaTeX Font Info:    Checking defaults for OT1/cmr/m/n on input line 9.
LaTeX Font Info:    ... okay on input line 9.
LaTeX Font Info:    Checking defaults for OMS/cmsy/m/n on input line 9.
LaTeX Font Info:    ... okay on input line 9.
LaTeX Font Info:    Checking defaults for OMX/cmex/m/n on input line 9.
LaTeX Font Info:    ... okay on input line 9.
LaTeX Font Info:    Checking defaults for U/cmr/m/n on input line 9.
LaTeX Font Info:    ... okay on input line 9.
LaTeX Font Info:    Checking defaults for PD1/pdf/m/n on input line 9.
LaTeX Font Info:    ... okay on input line 9.
LaTeX Font Info:    Checking defaults for TS1/cmr/m/n on input line 9.
LaTeX Font Info:    Try loading font information for TS1+cmr on input line 9.
(c:/texlive/2015/texmf-dist/tex/latex/base/ts1cmr.fd
File: ts1cmr.fd 2014/09/29 v2.5h Standard LaTeX font definitions
)
LaTeX Font Info:    ... okay on input line 9.
LaTeX Font Info:    Try loading font information for T1+fca on input line 9.

(c:/texlive/2015/texmf-dist/tex/latex/cantarell/t1fca.fd
File: t1fca.fd 2012/06/11 Fontinst v1.933 font definitions for T1/fca.
)
LaTeX Info: Redefining \it@ocap on input line 9.
LaTeX Info: Redefining \it@ccap on input line 9.
\AtBeginShipoutBox=\box36

(c:/texlive/2015/texmf-dist/tex/latex/graphics/color.sty
Package: color 2016/01/03 v1.1b Standard LaTeX Color (DPC)

(c:/texlive/2015/texmf-dist/tex/latex/latexconfig/color.cfg
File: color.cfg 2007/01/18 v1.5 color configuration of teTeX/TeXLive
)
Package color Info: Driver file: pdftex.def on input line 143.
)
Package hyperref Info: Link coloring ON on input line 9.

(c:/texlive/2015/texmf-dist/tex/latex/hyperref/nameref.sty
Package: nameref 2012/10/27 v2.43 Cross-referencing by name of section

(c:/texlive/2015/texmf-dist/tex/generic/oberdiek/gettitlestring.sty
Package: gettitlestring 2010/12/03 v1.4 Cleanup title references (HO)
)
\c@section@level=\count131
)
LaTeX Info: Redefining \ref on input line 9.
LaTeX Info: Redefining \pageref on input line 9.
LaTeX Info: Redefining \nameref on input line 9.
\@outlinefile=\write3
\openout3 = `Specifica_Tecnica_2.0.out'.

\c@lstlisting=\count132

(c:/texlive/2015/texmf-dist/tex/context/base/supp-pdf.mkii
[Loading MPS to PDF converter (version 2006.09.02).]
\scratchcounter=\count133
\scratchdimen=\dimen156
\scratchbox=\box37
\nofMPsegments=\count134
\nofMParguments=\count135
\everyMPshowfont=\toks26
\MPscratchCnt=\count136
\MPscratchDim=\dimen157
\MPnumerator=\count137
\makeMPintoPDFobject=\count138
\everyMPtoPDFconversion=\toks27
) (c:/texlive/2015/texmf-dist/tex/latex/oberdiek/epstopdf-base.sty
Package: epstopdf-base 2010/02/09 v2.5 Base part for package epstopdf

(c:/texlive/2015/texmf-dist/tex/latex/oberdiek/grfext.sty
Package: grfext 2010/08/19 v1.1 Manage graphics extensions (HO)
)
Package grfext Info: Graphics extension search list:
(grfext)             [.png,.pdf,.jpg,.mps,.jpeg,.jbig2,.jb2,.PNG,.PDF,.JPG,.JPE
G,.JBIG2,.JB2,.eps]
(grfext)             \AppendGraphicsExtensions on input line 452.

(c:/texlive/2015/texmf-dist/tex/latex/latexconfig/epstopdf-sys.cfg
File: epstopdf-sys.cfg 2010/07/13 v1.3 Configuration of (r)epstopdf for TeX Liv
e
))
Package caption Info: Begin \AtBeginDocument code.
Package caption Info: float package is loaded.
Package caption Info: rotating package is loaded.
Package caption Info: End \AtBeginDocument code.

*geometry* driver: auto-detecting
*geometry* detected driver: pdftex
*geometry* verbose mode - [ preamble ] result:
* driver: pdftex
* paper: a4paper
* layout: <same size as paper>
* layoutoffset:(h,v)=(0.0pt,0.0pt)
* modes: 
* h-part:(L,W,R)=(71.13188pt, 455.24411pt, 71.13188pt)
* v-part:(T,H,B)=(85.35826pt, 674.33032pt, 85.35826pt)
* \paperwidth=597.50787pt
* \paperheight=845.04684pt
* \textwidth=455.24411pt
* \textheight=674.33032pt
* \oddsidemargin=-1.1381pt
* \evensidemargin=-1.1381pt
* \topmargin=-23.91173pt
* \headheight=12.0pt
* \headsep=25.0pt
* \topskip=11.0pt
* \footskip=30.0pt
* \marginparwidth=50.0pt
* \marginparsep=10.0pt
* \columnsep=10.0pt
* \skip\footins=10.0pt plus 4.0pt minus 2.0pt
* \hoffset=0.0pt
* \voffset=0.0pt
* \mag=1000
* \@twocolumnfalse
* \@twosidefalse
* \@mparswitchfalse
* \@reversemarginfalse
* (1in=72.27pt=25.4mm, 1cm=28.453pt)

Package lastpage Info: Please have a look at the pageslts package at
(lastpage)             https://www.ctan.org/pkg/pageslts
(lastpage)             ! on input line 9.
LaTeX Font Info:    Font shape `T1/fca/bx/n' in size <17.28> not available
(Font)              Font shape `T1/fca/b/n' tried instead on input line 11.
LaTeX Font Info:    Font shape `T1/fca/bx/n' in size <22.76219> not available
(Font)              Font shape `T1/fca/b/n' tried instead on input line 11.
LaTeX Font Info:    External font `cmex10' loaded for size
(Font)              <12> on input line 11.
LaTeX Font Info:    External font `cmex10' loaded for size
(Font)              <8> on input line 11.
LaTeX Font Info:    External font `cmex10' loaded for size
(Font)              <6> on input line 11.
<../team_not_found.jpg, id=4, 382.42876pt x 153.57375pt>
File: ../team_not_found.jpg Graphic file (type jpg)

<use ../team_not_found.jpg>
Package pdftex.def Info: ../team_not_found.jpg used on input line 13.
(pdftex.def)             Requested size: 382.42781pt x 153.57336pt.
LaTeX Font Info:    Try loading font information for T1+cmtt on input line 14.

(c:/texlive/2015/texmf-dist/tex/latex/base/t1cmtt.fd
File: t1cmtt.fd 2014/09/29 v2.5h Standard LaTeX font definitions
)
LaTeX Font Info:    Calculating math sizes for size <14.22636> on input line 14
.
LaTeX Font Info:    External font `cmex10' loaded for size
(Font)              <14.22636> on input line 14.
LaTeX Font Info:    External font `cmex10' loaded for size
(Font)              <9.9584> on input line 14.
LaTeX Font Info:    External font `cmex10' loaded for size
(Font)              <7.11317> on input line 14.
LaTeX Font Info:    Font shape `T1/fca/bx/n' in size <14.22636> not available
(Font)              Font shape `T1/fca/b/n' tried instead on input line 17.
LaTeX Font Info:    External font `cmex10' loaded for size
(Font)              <10.95> on input line 27.
LaTeX Font Info:    Font shape `T1/fca/bx/n' in size <10.95> not available
(Font)              Font shape `T1/fca/b/n' tried instead on input line 27.
 [1

{c:/texlive/2015/texmf-var/fonts/map/pdftex/updmap/pdftex.map} <../team_not_fou
nd.jpg>]
LaTeX Font Info:    Font shape `T1/fca/bx/n' in size <14.4> not available
(Font)              Font shape `T1/fca/b/n' tried instead on input line 37.
LaTeX Font Info:    Font shape `T1/fca/bx/n' in size <9> not available
(Font)              Font shape `T1/fca/b/n' tried instead on input line 42.

Underfull \hbox (badness 10000) in paragraph at lines 43--43
[]|\T1/fca/m/n/9 Luca Ales-sio
 []


Underfull \hbox (badness 1540) in paragraph at lines 43--43
[]|\T1/fca/m/n/9 Ampliamento se-zio-ne "Tec-no-lo-gie uti-liz-za-te" (ag-giun-t
i
 []


Underfull \hbox (badness 10000) in paragraph at lines 44--44
[]|\T1/fca/m/n/9 Davide Bor-tot
 []


Underfull \hbox (badness 10000) in paragraph at lines 45--45
[]|\T1/fca/m/n/9 Davide Bor-tot
 []


Underfull \hbox (badness 2245) in paragraph at lines 45--45
[]|\T1/fca/m/n/9 Correzione e con-te-stua-liz-za-zio-ne dei de-si-gn pat-tern
 []


Underfull \hbox (badness 10000) in paragraph at lines 46--46
[]|\T1/fca/m/n/9 Luca Ales-sio
 []


Underfull \hbox (badness 10000) in paragraph at lines 49--49
[]|\T1/fca/m/n/9 A. Mul-ti-ned-du
 []


Underfull \hbox (badness 10000) in paragraph at lines 50--50
[]|\T1/fca/m/n/9 Davide Bor-tot
 []


Underfull \hbox (badness 10000) in paragraph at lines 51--51
[]|\T1/fca/m/n/9 Luca Ales-sio
 []


Underfull \hbox (badness 10000) in paragraph at lines 52--52
[]|\T1/fca/m/n/9 Davide Bor-tot
 []


Underfull \hbox (badness 10000) in paragraph at lines 53--53
[]|\T1/fca/m/n/9 Davide Bor-tot
 []


Underfull \hbox (badness 10000) in paragraph at lines 54--54
[]|\T1/fca/m/n/9 Luca Ales-sio
 []


Underfull \hbox (badness 10000) in paragraph at lines 55--55
[]|\T1/fca/m/n/9 Davide Bor-tot
 []


Underfull \hbox (badness 10000) in paragraph at lines 57--57
[]|\T1/fca/m/n/9 Davide Bor-tot
 []


Underfull \hbox (badness 10000) in paragraph at lines 58--58
[]|\T1/fca/m/n/9 Luca Ales-sio
 []


Underfull \hbox (badness 10000) in paragraph at lines 59--59
[]|\T1/fca/m/n/9 Davide Bor-tot
 []


Underfull \hbox (badness 1442) in paragraph at lines 59--59
[]|\T1/fca/m/n/9 Stesura se-zio-ne "Pac-ka-ge del-la com-po-nen-te Pre-sen-
 []


Underfull \hbox (badness 10000) in paragraph at lines 61--61
[]|\T1/fca/m/n/9 Luca Ales-sio
 []


Underfull \vbox (badness 10000) detected at line 61
 []


Underfull \hbox (badness 10000) in paragraph at lines 62--62
[]|\T1/fca/m/n/9 Davide Bor-tot
 []


Underfull \hbox (badness 10000) in paragraph at lines 63--63
[]|\T1/fca/m/n/9 Luca Ales-sio
 []


Underfull \hbox (badness 10000) in paragraph at lines 64--64
[]|\T1/fca/m/n/9 Davide Bor-tot
 []


Underfull \hbox (badness 10000) in paragraph at lines 65--65
[]|\T1/fca/m/n/9 Luca Ales-sio
 []


Underfull \hbox (badness 3679) in paragraph at lines 65--65
[]|\T1/fca/m/n/9 Stesura par-zia-le se-zio-ne "Ar-chi-tet-tu-ra ge-ne-ra-le del

 []


Underfull \hbox (badness 10000) in paragraph at lines 66--66
[]|\T1/fca/m/n/9 Davide Bor-tot
 []


Underfull \hbox (badness 2671) in paragraph at lines 67--67
[]|\T1/fca/m/n/9 Marco Cri-vel-la-ro
 []

<../../team404_small.jpg, id=17, 382.42876pt x 153.57375pt>
File: ../../team404_small.jpg Graphic file (type jpg)

<use ../../team404_small.jpg>
Package pdftex.def Info: ../../team404_small.jpg used on input line 68.
(pdftex.def)             Requested size: 57.36183pt x 23.03506pt.


Package Fancyhdr Warning: \headheight is too small (12.0pt): 
 Make it at least 27.1151pt.
 We now make it that large for the rest of the document.
 This may cause the page layout to be inconsistent, however.

[2 <../../team404_small.jpg>]
File: ../../team404_small.jpg Graphic file (type jpg)
 <use ../../team404_small.jpg>
Package pdftex.def Info: ../../team404_small.jpg used on input line 70.
(pdftex.def)             Requested size: 57.36183pt x 23.03506pt.
 [3]
\tf@toc=\write4
\openout4 = `Specifica_Tecnica_2.0.toc'.

File: ../../team404_small.jpg Graphic file (type jpg)

<use ../../team404_small.jpg>
Package pdftex.def Info: ../../team404_small.jpg used on input line 74.
(pdftex.def)             Requested size: 57.36183pt x 23.03506pt.
 [1]
\tf@lof=\write5
\openout5 = `Specifica_Tecnica_2.0.lof'.

\tf@lot=\write6
\openout6 = `Specifica_Tecnica_2.0.lot'.

File: ../../team404_small.jpg Graphic file (type jpg)
 <use ../../team404_small.jpg>
Package pdftex.def Info: ../../team404_small.jpg used on input line 78.
(pdftex.def)             Requested size: 57.36183pt x 23.03506pt.
 [2]
File: ../../team404_small.jpg Graphic file (type jpg)

<use ../../team404_small.jpg>
Package pdftex.def Info: ../../team404_small.jpg used on input line 86.
(pdftex.def)             Requested size: 57.36183pt x 23.03506pt.
pdfTeX warning (ext4): destination with the same identifier (name{page.1}) has 
been already used, duplicate ignored
<to be read again> 
                   \relax 
l.86 	\newpage
               [1]
LaTeX Font Info:    Font shape `T1/fca/bx/n' in size <12> not available
(Font)              Font shape `T1/fca/b/n' tried instead on input line 88.
LaTeX Font Info:    Font shape `T1/fca/bx/n' in size <8> not available
(Font)              Font shape `T1/fca/b/n' tried instead on input line 93.
LaTeX Font Info:    External font `cmex10' loaded for size
(Font)              <5> on input line 93.
LaTeX Font Info:    Font shape `T1/fca/bx/n' in size <6> not available
(Font)              Font shape `T1/fca/b/n' tried instead on input line 93.
LaTeX Font Info:    Font shape `T1/fca/m/it' in size <10.95> not available
(Font)              Font shape `T1/fca/m/sl' tried instead on input line 95.
LaTeX Font Info:    Try loading font information for TS1+fca on input line 102.

 (c:/texlive/2015/texmf-dist/tex/latex/cantarell/ts1fca.fd
File: ts1fca.fd 2012/06/11 Fontinst v1.933 font definitions for TS1/fca.
)
Overfull \hbox (4.93379pt too wide) in paragraph at lines 110--113
[][]$\T1/cmtt/m/n/10.95 http : / / www . math . unipd . it / ~tullio / IS-[]1 /
 2015 / Dispense / PD01 . pdf$[][] [][]$http : / / www . math .
 []


Underfull \hbox (badness 10000) in paragraph at lines 110--113

 []

File: ../../team404_small.jpg Graphic file (type jpg)
<use ../../team404_small.jpg>
Package pdftex.def Info: ../../team404_small.jpg used on input line 115.
(pdftex.def)             Requested size: 57.36183pt x 23.03506pt.
pdfTeX warning (ext4): destination with the same identifier (name{page.2}) has 
been already used, duplicate ignored
<to be read again> 
                   \relax 
l.115 	\newpage
                [2] (./sezioni/specifiche.tex
<../images/mvp.png, id=62, 196.0926pt x 123.3408pt>
File: ../images/mvp.png Graphic file (type png)
 <use ../images/mvp.png>
Package pdftex.def Info: ../images/mvp.png used on input line 10.
(pdftex.def)             Requested size: 254.92035pt x 160.343pt.
File: ../../team404_small.jpg Graphic file (type jpg)

<use ../../team404_small.jpg>
Package pdftex.def Info: ../../team404_small.jpg used on input line 21.
(pdftex.def)             Requested size: 57.36183pt x 23.03506pt.
pdfTeX warning (ext4): destination with the same identifier (name{page.3}) has 
been already used, duplicate ignored
<to be read again> 
                   \relax 
l.21 	\begin{itemize}
                      [3 <../images/mvp.png (PNG copy)>]
File: ../../team404_small.jpg Graphic file (type jpg)

<use ../../team404_small.jpg>
Package pdftex.def Info: ../../team404_small.jpg used on input line 40.
(pdftex.def)             Requested size: 57.36183pt x 23.03506pt.
 [4]
File: ../../team404_small.jpg Graphic file (type jpg)
 <use ../../team404_small.jpg>
Package pdftex.def Info: ../../team404_small.jpg used on input line 46.
(pdftex.def)             Requested size: 57.36183pt x 23.03506pt.
 [5])
(./sezioni/tecnologie.tex
File: ../../team404_small.jpg Graphic file (type jpg)
 <use ../../team404_small.jpg>
Package pdftex.def Info: ../../team404_small.jpg used on input line 33.
(pdftex.def)             Requested size: 57.36183pt x 23.03506pt.
 [6]
File: ../../team404_small.jpg Graphic file (type jpg)

<use ../../team404_small.jpg>
Package pdftex.def Info: ../../team404_small.jpg used on input line 62.
(pdftex.def)             Requested size: 57.36183pt x 23.03506pt.
 [7]
File: ../../team404_small.jpg Graphic file (type jpg)
 <use ../../team404_small.jpg>
Package pdftex.def Info: ../../team404_small.jpg used on input line 74.
(pdftex.def)             Requested size: 57.36183pt x 23.03506pt.
 [8])
(./sezioni/risorse.tex
File: ../../team404_small.jpg Graphic file (type jpg)
 <use ../../team404_small.jpg>
Package pdftex.def Info: ../../team404_small.jpg used on input line 8.
(pdftex.def)             Requested size: 57.36183pt x 23.03506pt.
 [9])
(./sezioni/packageModel.tex
<../images/ModelPackage.png, id=114, 451.6875pt x 315.1775pt>
File: ../images/ModelPackage.png Graphic file (type png)

<use ../images/ModelPackage.png>
Package pdftex.def Info: ../images/ModelPackage.png used on input line 4.
(pdftex.def)             Requested size: 293.59338pt x 204.86295pt.
File: ../../team404_small.jpg Graphic file (type jpg)
 <use ../../team404_small.jpg>
Package pdftex.def Info: ../../team404_small.jpg used on input line 34.
(pdftex.def)             Requested size: 57.36183pt x 23.03506pt.
 [10 <../images/ModelPackage.png>]) (./sezioni/packageView.tex
<../images/ViewPackage.png, id=126, 507.8975pt x 339.2675pt>
File: ../images/ViewPackage.png Graphic file (type png)

<use ../images/ViewPackage.png>
Package pdftex.def Info: ../images/ViewPackage.png used on input line 4.
(pdftex.def)             Requested size: 304.74086pt x 203.56206pt.

Underfull \hbox (badness 10000) in paragraph at lines 24--26

 []


Underfull \hbox (badness 10000) in paragraph at lines 24--26

 []

) (./sezioni/packageController.tex
<../images/PresenterPackage.png, id=127, 459.7175pt x 363.3575pt>
File: ../images/PresenterPackage.png Graphic file (type png)

<use ../images/PresenterPackage.png>
Package pdftex.def Info: ../images/PresenterPackage.png used on input line 3.
(pdftex.def)             Requested size: 275.83263pt x 218.01617pt.
File: ../../team404_small.jpg Graphic file (type jpg)
 <use ../../team404_small.jpg>
Package pdftex.def Info: ../../team404_small.jpg used on input line 4.
(pdftex.def)             Requested size: 57.36183pt x 23.03506pt.
 [11 <../images/ViewPackage.png>]
File: ../../team404_small.jpg Graphic file (type jpg)
 <use ../../team404_small.jpg>
Package pdftex.def Info: ../../team404_small.jpg used on input line 34.
(pdftex.def)             Requested size: 57.36183pt x 23.03506pt.
 [12 <../images/PresenterPackage.png>]) (./sezioni/classiModel.tex
<../images/Database.jpg, id=144, 647.41875pt x 680.5425pt>
File: ../images/Database.jpg Graphic file (type jpg)

<use ../images/Database.jpg>
Package pdftex.def Info: ../images/Database.jpg used on input line 4.
(pdftex.def)             Requested size: 388.45424pt x 408.32864pt.
File: ../../team404_small.jpg Graphic file (type jpg)
 <use ../../team404_small.jpg>
Package pdftex.def Info: ../../team404_small.jpg used on input line 5.
(pdftex.def)             Requested size: 57.36183pt x 23.03506pt.
 [13]
File: ../../team404_small.jpg Graphic file (type jpg)

<use ../../team404_small.jpg>
Package pdftex.def Info: ../../team404_small.jpg used on input line 15.
(pdftex.def)             Requested size: 57.36183pt x 23.03506pt.
 [14 <../images/Database.jpg>]
File: ../../team404_small.jpg Graphic file (type jpg)

<use ../../team404_small.jpg>
Package pdftex.def Info: ../../team404_small.jpg used on input line 51.
(pdftex.def)             Requested size: 57.36183pt x 23.03506pt.
 [15]
<../images/Parser.jpg, id=172, 345.54094pt x 82.05656pt>
File: ../images/Parser.jpg Graphic file (type jpg)

<use ../images/Parser.jpg>
Package pdftex.def Info: ../images/Parser.jpg used on input line 62.
(pdftex.def)             Requested size: 207.32616pt x 49.2343pt.

<../images/Statistics.jpg, id=173, 503.8825pt x 121.45375pt>
File: ../images/Statistics.jpg Graphic file (type jpg)

<use ../images/Statistics.jpg>
Package pdftex.def Info: ../images/Statistics.jpg used on input line 72.
(pdftex.def)             Requested size: 302.33183pt x 72.87279pt.
) (./sezioni/classiView.tex
<"../images/CurrentViewManager".png, id=174, 529.98pt x 273.02pt>
File: "../images/CurrentViewManager".png Graphic file (type png)

<use "../images/CurrentViewManager".png>
Package pdftex.def Info: "../images/CurrentViewManager".png used on input line 
4.
(pdftex.def)             Requested size: 317.99043pt x 163.81326pt.
File: ../../team404_small.jpg Graphic file (type jpg)
 <use ../../team404_small.jpg>
Package pdftex.def Info: ../../team404_small.jpg used on input line 5.
(pdftex.def)             Requested size: 57.36183pt x 23.03506pt.
 [16 <../images/Parser.jpg> <../images/Statistics.jpg>]
<"../images/Pages".png, id=186, 903.375pt x 398.48875pt>
File: "../images/Pages".png Graphic file (type png)

<use "../images/Pages".png>
Package pdftex.def Info: "../images/Pages".png used on input line 21.
(pdftex.def)             Requested size: 542.02919pt x 239.0951pt.
File: ../../team404_small.jpg Graphic file (type jpg)
 <use ../../team404_small.jpg>
Package pdftex.def Info: ../../team404_small.jpg used on input line 22.
(pdftex.def)             Requested size: 57.36183pt x 23.03506pt.
 [17 <../images/CurrentViewManager.png>]
File: ../../team404_small.jpg Graphic file (type jpg)
 <use ../../team404_small.jpg>
Package pdftex.def Info: ../../team404_small.jpg used on input line 40.
(pdftex.def)             Requested size: 57.36183pt x 23.03506pt.
 [18 <../images/Pages.png>]
<"../images/UserAuthentication".png, id=206, 296.10625pt x 182.6825pt>
File: "../images/UserAuthentication".png Graphic file (type png)

<use "../images/UserAuthentication".png>
Package pdftex.def Info: "../images/UserAuthentication".png used on input line 
67.
(pdftex.def)             Requested size: 177.66512pt x 109.61034pt.
File: ../../team404_small.jpg Graphic file (type jpg)
 <use ../../team404_small.jpg>
Package pdftex.def Info: ../../team404_small.jpg used on input line 68.
(pdftex.def)             Requested size: 57.36183pt x 23.03506pt.
 [19]
File: ../../team404_small.jpg Graphic file (type jpg)

<use ../../team404_small.jpg>
Package pdftex.def Info: ../../team404_small.jpg used on input line 75.
(pdftex.def)             Requested size: 57.36183pt x 23.03506pt.
 [20 <../images/UserAuthentication.png>])
(./sezioni/classiController.tex
<../images/UserInputManagerClass.png, id=225, 692.5875pt x 427.5975pt>
File: ../images/UserInputManagerClass.png Graphic file (type png)

<use ../images/UserInputManagerClass.png>
Package pdftex.def Info: ../images/UserInputManagerClass.png used on input line
 5.
(pdftex.def)             Requested size: 450.17653pt x 277.93507pt.
File: ../../team404_small.jpg Graphic file (type jpg)
 <use ../../team404_small.jpg>
Package pdftex.def Info: ../../team404_small.jpg used on input line 23.
(pdftex.def)             Requested size: 57.36183pt x 23.03506pt.

[21 <../images/UserInputManagerClass.png>]
Overfull \hbox (25.84785pt too wide) in paragraph at lines 24--25
\T1/fca/m/n/10.95 to-clas-si (pa-ra-go-na-bi-li, con ri-fe-ri-men-to al pat-ter
n \T1/fca/m/sl/10.95 Com-mand\T1/fca/m/n/10.95 , a clas-si di ti-po\T1/fca/m/sl
/10.95 ConcreteCommand\T1/fca/m/n/10.95 ),
 []

<../images/UpdatersClass.png, id=237, 756.8275pt x 355.3275pt>
File: ../images/UpdatersClass.png Graphic file (type png)

<use ../images/UpdatersClass.png>
Package pdftex.def Info: ../images/UpdatersClass.png used on input line 48.
(pdftex.def)             Requested size: 491.93205pt x 230.96013pt.

Overfull \hbox (36.68794pt too wide) in paragraph at lines 48--49
 [] 
 []


LaTeX Warning: `!h' float specifier changed to `!ht'.

File: ../../team404_small.jpg Graphic file (type jpg)
<use ../../team404_small.jpg>
Package pdftex.def Info: ../../team404_small.jpg used on input line 64.
(pdftex.def)             Requested size: 57.36183pt x 23.03506pt.
 [22]
File: ../../team404_small.jpg Graphic file (type jpg)
 <use ../../team404_small.jpg>
Package pdftex.def Info: ../../team404_small.jpg used on input line 72.
(pdftex.def)             Requested size: 57.36183pt x 23.03506pt.
 [23 <../images/UpdatersClass.png>]
<../images/QuestionManagerClass.png, id=254, 590.205pt x 451.6875pt>
File: ../images/QuestionManagerClass.png Graphic file (type png)

<use ../images/QuestionManagerClass.png>
Package pdftex.def Info: ../images/QuestionManagerClass.png used on input line 
78.
(pdftex.def)             Requested size: 383.6287pt x 293.59338pt.
File: ../../team404_small.jpg Graphic file (type jpg)
 <use ../../team404_small.jpg>
Package pdftex.def Info: ../../team404_small.jpg used on input line 100.
(pdftex.def)             Requested size: 57.36183pt x 23.03506pt.
 [24 <../images/QuestionManagerClass.png>]
File: ../../team404_small.jpg Graphic file (type jpg)
 <use ../../team404_small.jpg>
Package pdftex.def Info: ../../team404_small.jpg used on input line 117.
(pdftex.def)             Requested size: 57.36183pt x 23.03506pt.
 [25]
<../images/QuizManagerClass.png, id=274, 521.95pt x 315.1775pt>
File: ../images/QuizManagerClass.png Graphic file (type png)

<use ../images/QuizManagerClass.png>
Package pdftex.def Info: ../images/QuizManagerClass.png used on input line 123.

(pdftex.def)             Requested size: 339.26347pt x 204.86295pt.
File: ../../team404_small.jpg Graphic file (type jpg)
 <use ../../team404_small.jpg>
Package pdftex.def Info: ../../team404_small.jpg used on input line 147.
(pdftex.def)             Requested size: 57.36183pt x 23.03506pt.
 [26 <../images/QuizManagerClass.png>]
<../images/InterpreterClass.png, id=287, 604.2575pt x 411.5375pt>
File: ../images/InterpreterClass.png Graphic file (type png)

<use ../images/InterpreterClass.png>
Package pdftex.def Info: ../images/InterpreterClass.png used on input line 152.

(pdftex.def)             Requested size: 392.76273pt x 267.4962pt.
File: ../../team404_small.jpg Graphic file (type jpg)
 <use ../../team404_small.jpg>
Package pdftex.def Info: ../../team404_small.jpg used on input line 173.
(pdftex.def)             Requested size: 57.36183pt x 23.03506pt.
 [27

 <../images/InterpreterClass.png>]
File: ../../team404_small.jpg Graphic file (type jpg)
 <use ../../team404_small.jpg>
Package pdftex.def Info: ../../team404_small.jpg used on input line 187.
(pdftex.def)             Requested size: 57.36183pt x 23.03506pt.
 [28])
(./sezioni/attivit.tex
<"../images/diagramma 1".png, id=306, 3872.4675pt x 1650.165pt>
File: "../images/diagramma 1".png Graphic file (type png)

<use "../images/diagramma 1".png>
Package pdftex.def Info: "../images/diagramma 1".png used on input line 4.
(pdftex.def)             Requested size: 387.26944pt x 165.02617pt.
File: ../../team404_small.jpg Graphic file (type jpg)
 <use ../../team404_small.jpg>
Package pdftex.def Info: ../../team404_small.jpg used on input line 14.
(pdftex.def)             Requested size: 57.36183pt x 23.03506pt.
 [29 <../images/diagramma 1.png>]
<"../images/diagramma 2".png, id=316, 2812.5075pt x 1927.2pt>
File: "../images/diagramma 2".png Graphic file (type png)

<use "../images/diagramma 2".png>
Package pdftex.def Info: "../images/diagramma 2".png used on input line 18.
(pdftex.def)             Requested size: 281.26723pt x 192.7313pt.
File: ../../team404_small.jpg Graphic file (type jpg)
 <use ../../team404_small.jpg>
Package pdftex.def Info: ../../team404_small.jpg used on input line 27.
(pdftex.def)             Requested size: 57.36183pt x 23.03506pt.
 [30 <../images/diagramma 2.png>]
<"../images/diagramma 3".png, id=325, 1936.98656pt x 2538.48375pt>
File: "../images/diagramma 3".png Graphic file (type png)

<use "../images/diagramma 3".png>
Package pdftex.def Info: "../images/diagramma 3".png used on input line 31.
(pdftex.def)             Requested size: 193.71pt x 253.86325pt.
File: ../../team404_small.jpg Graphic file (type jpg)
 <use ../../team404_small.jpg>
Package pdftex.def Info: ../../team404_small.jpg used on input line 41.
(pdftex.def)             Requested size: 57.36183pt x 23.03506pt.
 [31 <../images/diagramma 3.png>]
<"../images/diagramma 4".png, id=334, 3230.31844pt x 2035.605pt>
File: "../images/diagramma 4".png Graphic file (type png)

<use "../images/diagramma 4".png>
Package pdftex.def Info: "../images/diagramma 4".png used on input line 45.
(pdftex.def)             Requested size: 323.05077pt x 203.57242pt.
File: ../../team404_small.jpg Graphic file (type jpg)
 <use ../../team404_small.jpg>
Package pdftex.def Info: ../../team404_small.jpg used on input line 54.
(pdftex.def)             Requested size: 57.36183pt x 23.03506pt.
 [32 <../images/diagramma 4.png>]) (./sezioni/sequenza.tex
<../images/QuestionSaving.png, id=344, 928.46875pt x 692.5875pt>
File: ../images/QuestionSaving.png Graphic file (type png)

<use ../images/QuestionSaving.png>
Package pdftex.def Info: ../images/QuestionSaving.png used on input line 4.
(pdftex.def)             Requested size: 464.23325pt x 346.2929pt.

Overfull \hbox (8.98914pt too wide) in paragraph at lines 4--5
 [] 
 []


Underfull \hbox (badness 10000) in paragraph at lines 9--10

 []


Underfull \hbox (badness 10000) in paragraph at lines 10--11

 []


Underfull \hbox (badness 10000) in paragraph at lines 11--12

 []

File: ../../team404_small.jpg Graphic file (type jpg)
<use ../../team404_small.jpg>
Package pdftex.def Info: ../../team404_small.jpg used on input line 12.
(pdftex.def)             Requested size: 57.36183pt x 23.03506pt.
 [33 <../images/QuestionSaving.png>]
<../images/ChooseViewQuiz.png, id=354, 756.8275pt x 531.9875pt>
File: ../images/ChooseViewQuiz.png Graphic file (type png)

<use ../images/ChooseViewQuiz.png>
Package pdftex.def Info: ../images/ChooseViewQuiz.png used on input line 17.
(pdftex.def)             Requested size: 454.1pt x 319.19496pt.

Underfull \hbox (badness 10000) in paragraph at lines 22--23

 []


Underfull \hbox (badness 10000) in paragraph at lines 23--24

 []

File: ../../team404_small.jpg Graphic file (type jpg)
<use ../../team404_small.jpg>
Package pdftex.def Info: ../../team404_small.jpg used on input line 31.
(pdftex.def)             Requested size: 57.36183pt x 23.03506pt.
 [34 <../images/ChooseViewQuiz.png>]
<../images/LoadQuiz.png, id=363, 861.2175pt x 473.77pt>
File: ../images/LoadQuiz.png Graphic file (type png)

<use ../images/LoadQuiz.png>
Package pdftex.def Info: ../images/LoadQuiz.png used on input line 36.
(pdftex.def)             Requested size: 473.67108pt x 260.57431pt.

Overfull \hbox (18.42697pt too wide) in paragraph at lines 36--37
 [] 
 []


Underfull \hbox (badness 10000) in paragraph at lines 41--42

 []


Underfull \hbox (badness 10000) in paragraph at lines 42--43

 []

File: ../../team404_small.jpg Graphic file (type jpg)
<use ../../team404_small.jpg>
Package pdftex.def Info: ../../team404_small.jpg used on input line 45.
(pdftex.def)             Requested size: 57.36183pt x 23.03506pt.
 [35 <../images/LoadQuiz.png>]
<../images/QuestionTranslation.png, id=372, 837.1275pt x 422.57875pt>
File: ../images/QuestionTranslation.png Graphic file (type png)

<use ../images/QuestionTranslation.png>
Package pdftex.def Info: ../images/QuestionTranslation.png used on input line 4
9.
(pdftex.def)             Requested size: 418.56273pt x 211.28885pt.
File: ../../team404_small.jpg Graphic file (type jpg)
 <use ../../team404_small.jpg>
Package pdftex.def Info: ../../team404_small.jpg used on input line 58.
(pdftex.def)             Requested size: 57.36183pt x 23.03506pt.
 [36 <../images/QuestionTranslation.png>]
<../images/QuizExecution.png, id=381, 992.70876pt x 647.41875pt>
File: ../images/QuizExecution.png Graphic file (type png)

<use ../images/QuizExecution.png>
Package pdftex.def Info: ../images/QuizExecution.png used on input line 63.
(pdftex.def)             Requested size: 496.35316pt x 323.70857pt.

Overfull \hbox (41.10905pt too wide) in paragraph at lines 63--64
 [] 
 []


Underfull \hbox (badness 10000) in paragraph at lines 68--69

 []


Underfull \hbox (badness 10000) in paragraph at lines 69--70

 []


Underfull \hbox (badness 10000) in paragraph at lines 70--71

 []

File: ../../team404_small.jpg Graphic file (type jpg)
<use ../../team404_small.jpg>
Package pdftex.def Info: ../../team404_small.jpg used on input line 72.
(pdftex.def)             Requested size: 57.36183pt x 23.03506pt.
 [37 <../images/QuizExecution.png>])
(./sezioni/designPattern.tex
<../images/AbsFactory.png, id=390, 314.3745pt x 284.262pt>
File: ../images/AbsFactory.png Graphic file (type png)

<use ../images/AbsFactory.png>
Package pdftex.def Info: ../images/AbsFactory.png used on input line 4.
(pdftex.def)             Requested size: 314.37372pt x 284.26129pt.
File: ../../team404_small.jpg Graphic file (type jpg)
 <use ../../team404_small.jpg>
Package pdftex.def Info: ../../team404_small.jpg used on input line 26.
(pdftex.def)             Requested size: 57.36183pt x 23.03506pt.
 [38 <../images/AbsFactory.png>]
<../images/QuestionManagerClassDesignPattern.png, id=400, 470.75874pt x 331.237
5pt>
File: ../images/QuestionManagerClassDesignPattern.png Graphic file (type png)
 <use ../images/QuestionManagerClassDesignPattern.png>
Package pdftex.def Info: ../images/QuestionManagerClassDesignPattern.png used o
n input line 33.
(pdftex.def)             Requested size: 282.45743pt x 198.74402pt.

<../images/interpreterClass.png, id=401, 604.2575pt x 411.5375pt>
File: ../images/interpreterClass.png Graphic file (type png)

<use ../images/interpreterClass.png>
Package pdftex.def Info: ../images/interpreterClass.png used on input line 39.
(pdftex.def)             Requested size: 302.128pt x 205.76825pt.

<../images/Singleton.png, id=402, 203.76125pt x 135.50626pt>
File: ../images/Singleton.png Graphic file (type png)

<use ../images/Singleton.png>
Package pdftex.def Info: ../images/Singleton.png used on input line 48.
(pdftex.def)             Requested size: 142.6319pt x 94.85371pt.
File: ../../team404_small.jpg Graphic file (type jpg)
 <use ../../team404_small.jpg>
Package pdftex.def Info: ../../team404_small.jpg used on input line 51.
(pdftex.def)             Requested size: 57.36183pt x 23.03506pt.
 [39 <../images/QuestionManagerClassDesignPattern.png> <../images/interpreterCl
ass.png>]
File: ../../team404_small.jpg Graphic file (type jpg)

<use ../../team404_small.jpg>
Package pdftex.def Info: ../../team404_small.jpg used on input line 72.
(pdftex.def)             Requested size: 57.36183pt x 23.03506pt.
 [40 <../images/Singleton.png>]
<../images/Builder.png, id=421, 365.56575pt x 130.086pt>
File: ../images/Builder.png Graphic file (type png)

<use ../images/Builder.png>
Package pdftex.def Info: ../images/Builder.png used on input line 77.
(pdftex.def)             Requested size: 365.56485pt x 130.08566pt.
File: ../images/QuizManagerClass.png Graphic file (type png)
 <use ../images/QuizManagerClass.png>
Package pdftex.def Info: ../images/QuizManagerClass.png used on input line 103.

(pdftex.def)             Requested size: 281.8488pt x 170.19331pt.
File: ../../team404_small.jpg Graphic file (type jpg)

<use ../../team404_small.jpg>
Package pdftex.def Info: ../../team404_small.jpg used on input line 108.
(pdftex.def)             Requested size: 57.36183pt x 23.03506pt.
 [41 <../images/Builder.png>]
<../images/Command.png, id=430, 282.45525pt x 184.89075pt>
File: ../images/Command.png Graphic file (type png)

<use ../images/Command.png>
Package pdftex.def Info: ../images/Command.png used on input line 113.
(pdftex.def)             Requested size: 282.45454pt x 184.89027pt.

<../images/PresenterCommandDesignPattern.png, id=431, 531.9875pt x 284.06125pt>
File: ../images/PresenterCommandDesignPattern.png Graphic file (type png)
<use ../images/PresenterCommandDesignPattern.png>
Package pdftex.def Info: ../images/PresenterCommandDesignPattern.png used on in
put line 141.
(pdftex.def)             Requested size: 372.38872pt x 198.84149pt.


LaTeX Warning: `!h' float specifier changed to `!ht'.

File: ../../team404_small.jpg Graphic file (type jpg)
<use ../../team404_small.jpg>
Package pdftex.def Info: ../../team404_small.jpg used on input line 145.
(pdftex.def)             Requested size: 57.36183pt x 23.03506pt.
 [42 <../images/Command.png>])
(./sezioni/tracciamentoCompReq.tex
Overfull \hbox (23.99998pt too wide) in alignment at lines 2--7
 [] [] 
 []


Overfull \hbox (23.99998pt too wide) in alignment at lines 7--11
 [] [] 
 []

LaTeX Font Info:    Font shape `T1/fca/m/it' in size <9> not available
(Font)              Font shape `T1/fca/m/sl' tried instead on input line 13.

Overfull \hbox (23.99998pt too wide) in alignment at lines 11--14
 [] [] 
 []


Overfull \hbox (23.99998pt too wide) in alignment at lines 14--17
 [] [] 
 []


Overfull \hbox (23.99998pt too wide) in alignment at lines 17--55
 [] [] 
 []


Overfull \hbox (23.99998pt too wide) in alignment at lines 55--87
 [] [] 
 []


Overfull \hbox (23.99998pt too wide) in alignment at lines 87--114
 [] [] 
 []

File: ../../team404_small.jpg Graphic file (type jpg)
<use ../../team404_small.jpg>
Package pdftex.def Info: ../../team404_small.jpg used on input line 114.
(pdftex.def)             Requested size: 57.36183pt x 23.03506pt.
 [43 <../images/PresenterCommandDesignPattern.png>]
Overfull \hbox (23.99998pt too wide) in alignment at lines 114--138
 [] [] 
 []


Overfull \hbox (23.99998pt too wide) in alignment at lines 138--165
 [] [] 
 []

File: ../../team404_small.jpg Graphic file (type jpg)
<use ../../team404_small.jpg>
Package pdftex.def Info: ../../team404_small.jpg used on input line 165.
(pdftex.def)             Requested size: 57.36183pt x 23.03506pt.
 [44]
Overfull \hbox (23.99998pt too wide) in alignment at lines 165--205
 [] [] 
 []


Overfull \hbox (23.99998pt too wide) in alignment at lines 205--231
 [] [] 
 []

File: ../../team404_small.jpg Graphic file (type jpg)
<use ../../team404_small.jpg>
Package pdftex.def Info: ../../team404_small.jpg used on input line 231.
(pdftex.def)             Requested size: 57.36183pt x 23.03506pt.
 [45]
Overfull \hbox (23.99998pt too wide) in alignment at lines 231--249
 [] [] 
 []

File: ../../team404_small.jpg Graphic file (type jpg)
<use ../../team404_small.jpg>
Package pdftex.def Info: ../../team404_small.jpg used on input line 249.
(pdftex.def)             Requested size: 57.36183pt x 23.03506pt.
 [46]
File: ../../team404_small.jpg Graphic file (type jpg)
 <use ../../team404_small.jpg>
Package pdftex.def Info: ../../team404_small.jpg used on input line 250.
(pdftex.def)             Requested size: 57.36183pt x 23.03506pt.
 [47])
(./sezioni/tracciamentoReqComp.tex
Overfull \hbox (23.99998pt too wide) in alignment at lines 3--8
 [] [] 
 []


Overfull \hbox (23.99998pt too wide) in alignment at lines 8--12
 [] [] 
 []


Overfull \hbox (23.99998pt too wide) in alignment at lines 12--15
 [] [] 
 []


Overfull \hbox (23.99998pt too wide) in alignment at lines 15--18
 [] [] 
 []


Overfull \hbox (23.99998pt too wide) in alignment at lines 18--48
 [] [] 
 []


Overfull \hbox (23.99998pt too wide) in alignment at lines 48--71
 [] [] 
 []


Overfull \hbox (23.99998pt too wide) in alignment at lines 71--124
 [] [] 
 []


Overfull \hbox (23.99998pt too wide) in alignment at lines 124--148
 [] [] 
 []

File: ../../team404_small.jpg Graphic file (type jpg)
<use ../../team404_small.jpg>
Package pdftex.def Info: ../../team404_small.jpg used on input line 148.
(pdftex.def)             Requested size: 57.36183pt x 23.03506pt.
 [48]
Overfull \hbox (23.99998pt too wide) in alignment at lines 148--195
 [] [] 
 []


Overfull \hbox (23.99998pt too wide) in alignment at lines 195--218
 [] [] 
 []

File: ../../team404_small.jpg Graphic file (type jpg)
<use ../../team404_small.jpg>
Package pdftex.def Info: ../../team404_small.jpg used on input line 218.
(pdftex.def)             Requested size: 57.36183pt x 23.03506pt.
 [49]
Overfull \hbox (23.99998pt too wide) in alignment at lines 218--240
 [] [] 
 []


Overfull \hbox (23.99998pt too wide) in alignment at lines 240--243
 [] [] 
 []

File: ../../team404_small.jpg Graphic file (type jpg)
<use ../../team404_small.jpg>
Package pdftex.def Info: ../../team404_small.jpg used on input line 243.
(pdftex.def)             Requested size: 57.36183pt x 23.03506pt.
 [50])

Package lastpage Warning: Rerun to get the references right on input line 142.


AED: lastpage setting LastPage
File: ../../team404_small.jpg Graphic file (type jpg)
<use ../../team404_small.jpg>
Package pdftex.def Info: ../../team404_small.jpg used on input line 142.
(pdftex.def)             Requested size: 57.36183pt x 23.03506pt.
 [51]
Package atveryend Info: Empty hook `BeforeClearDocument' on input line 142.
Package atveryend Info: Empty hook `AfterLastShipout' on input line 142.
 (./Specifica_Tecnica_2.0.aux)
Package atveryend Info: Executing hook `AtVeryEndDocument' on input line 142.
Package atveryend Info: Executing hook `AtEndAfterFileList' on input line 142.


Package rerunfilecheck Warning: File `Specifica_Tecnica_2.0.out' has changed.
(rerunfilecheck)                Rerun to get outlines right
(rerunfilecheck)                or use package `bookmark'.

Package rerunfilecheck Info: Checksums for `Specifica_Tecnica_2.0.out':
(rerunfilecheck)             Before: <no file>
(rerunfilecheck)             After:  862295B85CD3209AC72062E5201F6AD4;7750.

LaTeX Warning: Label(s) may have changed. Rerun to get cross-references right.

 ) 
Here is how much of TeX's memory you used:
 11227 strings out of 493033
 165812 string characters out of 6137754
 302915 words of memory out of 5000000
 14310 multiletter control sequences out of 15000+600000
 28741 words of font info for 83 fonts, out of 8000000 for 9000
 1141 hyphenation exceptions out of 8191
 38i,17n,49p,1087b,524s stack positions out of 5000i,500n,10000p,200000b,80000s
{c:/texlive/2015/texmf-dist/fonts/enc/dvips/cantarell/cantarell-03.enc}{c:/te
xlive/2015/texmf-dist/fonts/enc/dvips/cantarell/cantarell-01.enc}{c:/texlive/20
15/texmf-dist/fonts/enc/dvips/cm-super/cm-super-t1.enc}<c:/texlive/2015/texmf-d
ist/fonts/type1/public/cantarell/Cantarell-Bold.pfb><c:/texlive/2015/texmf-dist
/fonts/type1/public/cantarell/Cantarell-Regular.pfb><c:/texlive/2015/texmf-dist
/fonts/type1/public/cantarell/Cantarell-Regular.pfb><c:/texlive/2015/texmf-dist
/fonts/type1/public/cm-super/sftt1095.pfb><c:/texlive/2015/texmf-dist/fonts/typ
e1/public/cm-super/sftt1440.pfb>
Output written on Specifica_Tecnica_2.0.pdf (56 pages, 1636869 bytes).
PDF statistics:
 559 PDF objects out of 1000 (max. 8388607)
 434 compressed objects within 5 object streams
 182 named destinations out of 1000 (max. 500000)
 166 words of extra memory for PDF output out of 10000 (max. 10000000)

