\BOOKMARK [1][-]{section.1}{Introduzione}{}% 1
\BOOKMARK [2][-]{subsection.1.1}{Scopo del documento}{section.1}% 2
\BOOKMARK [2][-]{subsection.1.2}{Scopo del prodotto}{section.1}% 3
\BOOKMARK [2][-]{subsection.1.3}{Glossario}{section.1}% 4
\BOOKMARK [2][-]{subsection.1.4}{Riferimenti}{section.1}% 5
\BOOKMARK [3][-]{subsubsection.1.4.1}{Normativi}{subsection.1.4}% 6
\BOOKMARK [3][-]{subsubsection.1.4.2}{Informativi}{subsection.1.4}% 7
\BOOKMARK [1][-]{section.2}{Specifiche del prodotto}{}% 8
\BOOKMARK [2][-]{subsection.2.1}{Architettura generale del sistema}{section.2}% 9
\BOOKMARK [2][-]{subsection.2.2}{Descrizione del componente Model}{section.2}% 10
\BOOKMARK [2][-]{subsection.2.3}{Descrizione del componente View}{section.2}% 11
\BOOKMARK [2][-]{subsection.2.4}{Descrizione del componente ViewModel}{section.2}% 12
\BOOKMARK [1][-]{section.3}{Tecnologie e strumenti utilizzati}{}% 13
\BOOKMARK [2][-]{subsection.3.1}{HTML5}{section.3}% 14
\BOOKMARK [2][-]{subsection.3.2}{CSS3}{section.3}% 15
\BOOKMARK [2][-]{subsection.3.3}{Materialize}{section.3}% 16
\BOOKMARK [2][-]{subsection.3.4}{Javascript}{section.3}% 17
\BOOKMARK [2][-]{subsection.3.5}{Node.js}{section.3}% 18
\BOOKMARK [2][-]{subsection.3.6}{MongoDB}{section.3}% 19
\BOOKMARK [2][-]{subsection.3.7}{AngularJS}{section.3}% 20
\BOOKMARK [2][-]{subsection.3.8}{Meteor}{section.3}% 21
\BOOKMARK [1][-]{section.4}{Risorse necessarie}{}% 22
\BOOKMARK [1][-]{section.5}{Linguaggio QML}{}% 23
\BOOKMARK [1][-]{section.6}{Diagrammi dei packages}{}% 24
\BOOKMARK [2][-]{subsection.6.1}{Server}{section.6}% 25
\BOOKMARK [3][-]{subsubsection.6.1.1}{Package della componente Model}{subsection.6.1}% 26
\BOOKMARK [2][-]{subsection.6.2}{Client}{section.6}% 27
\BOOKMARK [3][-]{subsubsection.6.2.1}{Package della componente View}{subsection.6.2}% 28
\BOOKMARK [3][-]{subsubsection.6.2.2}{Package della componente ViewModel}{subsection.6.2}% 29
\BOOKMARK [1][-]{section.7}{Diagrammi delle classi del Server}{}% 30
\BOOKMARK [2][-]{subsection.7.1}{Diagrammi delle classi del Model}{section.7}% 31
\BOOKMARK [3][-]{subsubsection.7.1.1}{Package Database}{subsection.7.1}% 32
\BOOKMARK [4][-]{subsubsubsection.7.1.1.1}{Classe QuizManager}{subsubsection.7.1.1}% 33
\BOOKMARK [4][-]{subsubsubsection.7.1.1.2}{Classe QuestionManager}{subsubsection.7.1.1}% 34
\BOOKMARK [3][-]{subsubsection.7.1.2}{Package Parser}{subsection.7.1}% 35
\BOOKMARK [4][-]{subsubsubsection.7.1.2.1}{Classe Parser}{subsubsection.7.1.2}% 36
\BOOKMARK [3][-]{subsubsection.7.1.3}{Package Statistics}{subsection.7.1}% 37
\BOOKMARK [4][-]{subsubsubsection.7.1.3.1}{Classe Statistics}{subsubsection.7.1.3}% 38
\BOOKMARK [3][-]{subsubsection.7.1.4}{Package Publishers}{subsection.7.1}% 39
\BOOKMARK [4][-]{subsubsubsection.7.1.4.1}{Classe QuizPublisher}{subsubsection.7.1.4}% 40
\BOOKMARK [4][-]{subsubsubsection.7.1.4.2}{Classe QuestionPublisher}{subsubsection.7.1.4}% 41
\BOOKMARK [1][-]{section.8}{Diagrammi delle classi del Client}{}% 42
\BOOKMARK [2][-]{subsection.8.1}{Diagrammi delle classi della View}{section.8}% 43
\BOOKMARK [3][-]{subsubsection.8.1.1}{Package Pages}{subsection.8.1}% 44
\BOOKMARK [4][-]{subsubsubsection.8.1.1.1}{Interfaccia Page}{subsubsection.8.1.1}% 45
\BOOKMARK [4][-]{subsubsubsection.8.1.1.2}{Classe LoginPage}{subsubsection.8.1.1}% 46
\BOOKMARK [4][-]{subsubsubsection.8.1.1.3}{Classe RegistrationPage}{subsubsection.8.1.1}% 47
\BOOKMARK [4][-]{subsubsubsection.8.1.1.4}{Classe PasswordRecoveryPage}{subsubsection.8.1.1}% 48
\BOOKMARK [4][-]{subsubsubsection.8.1.1.5}{Classe CategoryListPage}{subsubsection.8.1.1}% 49
\BOOKMARK [4][-]{subsubsubsection.8.1.1.6}{Classe QuizListPage}{subsubsection.8.1.1}% 50
\BOOKMARK [4][-]{subsubsubsection.8.1.1.7}{Classe QuizExecutionPage}{subsubsection.8.1.1}% 51
\BOOKMARK [4][-]{subsubsubsection.8.1.1.8}{Classe QuizResultsPage}{subsubsection.8.1.1}% 52
\BOOKMARK [4][-]{subsubsubsection.8.1.1.9}{Classe QuestionManagmentPage}{subsubsection.8.1.1}% 53
\BOOKMARK [4][-]{subsubsubsection.8.1.1.10}{Classe QuestionCreationPage}{subsubsection.8.1.1}% 54
\BOOKMARK [4][-]{subsubsubsection.8.1.1.11}{Classe QuestionUpdatePage}{subsubsection.8.1.1}% 55
\BOOKMARK [4][-]{subsubsubsection.8.1.1.12}{Classe QuizCreationPage}{subsubsection.8.1.1}% 56
\BOOKMARK [3][-]{subsubsection.8.1.2}{Package Templates}{subsection.8.1}% 57
\BOOKMARK [4][-]{subsubsubsection.8.1.2.1}{Classe QuestionList}{subsubsection.8.1.2}% 58
\BOOKMARK [4][-]{subsubsubsection.8.1.2.2}{Classe Question}{subsubsection.8.1.2}% 59
\BOOKMARK [4][-]{subsubsubsection.8.1.2.3}{Classe QuizList}{subsubsection.8.1.2}% 60
\BOOKMARK [4][-]{subsubsubsection.8.1.2.4}{Classe Quiz}{subsubsection.8.1.2}% 61
\BOOKMARK [4][-]{subsubsubsection.8.1.2.5}{Classe QuestionCompilation}{subsubsection.8.1.2}% 62
\BOOKMARK [4][-]{subsubsubsection.8.1.2.6}{Classe QuestionForm}{subsubsection.8.1.2}% 63
\BOOKMARK [4][-]{subsubsubsection.8.1.2.7}{Classe QuizCreation}{subsubsection.8.1.2}% 64
\BOOKMARK [4][-]{subsubsubsection.8.1.2.8}{Classe QuizResults}{subsubsection.8.1.2}% 65
\BOOKMARK [4][-]{subsubsubsection.8.1.2.9}{Classe SearchForm}{subsubsection.8.1.2}% 66
\BOOKMARK [4][-]{subsubsubsection.8.1.2.10}{Classe RegistrationForm}{subsubsection.8.1.2}% 67
\BOOKMARK [4][-]{subsubsubsection.8.1.2.11}{Classe LoginForm}{subsubsection.8.1.2}% 68
\BOOKMARK [4][-]{subsubsubsection.8.1.2.12}{Classe PasswordRecoveryForm}{subsubsection.8.1.2}% 69
\BOOKMARK [2][-]{subsection.8.2}{Diagrammi delle classi del ViewModel}{section.8}% 70
\BOOKMARK [3][-]{subsubsection.8.2.1}{Package Controllers}{subsection.8.2}% 71
\BOOKMARK [4][-]{subsubsubsection.8.2.1.1}{Classe NewQuestionController}{subsubsection.8.2.1}% 72
\BOOKMARK [4][-]{subsubsubsection.8.2.1.2}{Classe NewQuizController}{subsubsection.8.2.1}% 73
\BOOKMARK [4][-]{subsubsubsection.8.2.1.3}{Classe QuizListController}{subsubsection.8.2.1}% 74
\BOOKMARK [4][-]{subsubsubsection.8.2.1.4}{Classe QuizDetailsController}{subsubsection.8.2.1}% 75
\BOOKMARK [4][-]{subsubsubsection.8.2.1.5}{Classe DeleteQuestionController}{subsubsection.8.2.1}% 76
\BOOKMARK [4][-]{subsubsubsection.8.2.1.6}{Classe DeleteQuizController}{subsubsection.8.2.1}% 77
\BOOKMARK [4][-]{subsubsubsection.8.2.1.7}{Classe QuizManagementController}{subsubsection.8.2.1}% 78
\BOOKMARK [4][-]{subsubsubsection.8.2.1.8}{Classe QuestionsManagementController}{subsubsection.8.2.1}% 79
\BOOKMARK [4][-]{subsubsubsection.8.2.1.9}{Classe QMLEditorController}{subsubsection.8.2.1}% 80
\BOOKMARK [3][-]{subsubsection.8.2.2}{Package Subscribers}{subsection.8.2}% 81
\BOOKMARK [4][-]{subsubsubsection.8.2.2.1}{Classe QuestionsSubscriber}{subsubsection.8.2.2}% 82
\BOOKMARK [4][-]{subsubsubsection.8.2.2.2}{Classe QuizSubscriber}{subsubsection.8.2.2}% 83
\BOOKMARK [4][-]{subsubsubsection.8.2.2.3}{Classe UsersSubscriber}{subsubsection.8.2.2}% 84
\BOOKMARK [3][-]{subsubsection.8.2.3}{Package Methods}{subsection.8.2}% 85
\BOOKMARK [4][-]{subsubsubsection.8.2.3.1}{Classe QuestionMethods}{subsubsection.8.2.3}% 86
\BOOKMARK [4][-]{subsubsubsection.8.2.3.2}{Classe QuizMethods}{subsubsection.8.2.3}% 87
\BOOKMARK [4][-]{subsubsubsection.8.2.3.3}{Classe UserMethods}{subsubsection.8.2.3}% 88
\BOOKMARK [3][-]{subsubsection.8.2.4}{Package Interpreter}{subsection.8.2}% 89
\BOOKMARK [4][-]{subsubsubsection.8.2.4.1}{Interfaccia Interpreter}{subsubsection.8.2.4}% 90
\BOOKMARK [4][-]{subsubsubsection.8.2.4.2}{Interfaccia InterpreterFactory}{subsubsection.8.2.4}% 91
\BOOKMARK [4][-]{subsubsubsection.8.2.4.3}{Classe QMLInterpreterFactory}{subsubsection.8.2.4}% 92
\BOOKMARK [4][-]{subsubsubsection.8.2.4.4}{Classe QMLInterpreter}{subsubsection.8.2.4}% 93
\BOOKMARK [4][-]{subsubsubsection.8.2.4.5}{Classe QML2HTMLInterpreter}{subsubsection.8.2.4}% 94
\BOOKMARK [3][-]{subsubsection.8.2.5}{Package Router}{subsection.8.2}% 95
\BOOKMARK [4][-]{subsubsubsection.8.2.5.1}{Classe Router}{subsubsection.8.2.5}% 96
\BOOKMARK [1][-]{section.9}{Diagrammi di attivit\340}{}% 97
\BOOKMARK [2][-]{subsection.9.1}{Creazione Questionario}{section.9}% 98
\BOOKMARK [2][-]{subsection.9.2}{Creazione Domanda}{section.9}% 99
\BOOKMARK [2][-]{subsection.9.3}{Compilazione Questionario}{section.9}% 100
\BOOKMARK [2][-]{subsection.9.4}{Scelta Questionario}{section.9}% 101
\BOOKMARK [1][-]{section.10}{Diagrammi di sequenza}{}% 102
\BOOKMARK [2][-]{subsection.10.1}{Salvataggio di una Domanda}{section.10}% 103
\BOOKMARK [2][-]{subsection.10.2}{Visualizzazione e scelta di un Questionario}{section.10}% 104
\BOOKMARK [2][-]{subsection.10.3}{Caricamento di un Questionario}{section.10}% 105
\BOOKMARK [2][-]{subsection.10.4}{Traduzione di una domanda}{section.10}% 106
\BOOKMARK [2][-]{subsection.10.5}{Svolgimento di un Questionario}{section.10}% 107
\BOOKMARK [1][-]{section.11}{Design pattern utilizzati}{}% 108
\BOOKMARK [2][-]{subsection.11.1}{Abstract Factory}{section.11}% 109
\BOOKMARK [2][-]{subsection.11.2}{Publish - Subscribe}{section.11}% 110
\BOOKMARK [1][-]{section.12}{Tracciamento}{}% 111
\BOOKMARK [2][-]{subsection.12.1}{Mappatura componenti-requisiti}{section.12}% 112
\BOOKMARK [2][-]{subsection.12.2}{Mappatura requisiti - componenti}{section.12}% 113
