\BOOKMARK [1][-]{section.1}{Introduzione}{}% 1
\BOOKMARK [2][-]{subsection.1.1}{Scopo del documento}{section.1}% 2
\BOOKMARK [2][-]{subsection.1.2}{Scopo del prodotto}{section.1}% 3
\BOOKMARK [2][-]{subsection.1.3}{Glossario}{section.1}% 4
\BOOKMARK [2][-]{subsection.1.4}{Riferimenti}{section.1}% 5
\BOOKMARK [3][-]{subsubsection.1.4.1}{Normativi}{subsection.1.4}% 6
\BOOKMARK [3][-]{subsubsection.1.4.2}{Informativi}{subsection.1.4}% 7
\BOOKMARK [1][-]{section.2}{Specifiche del prodotto}{}% 8
\BOOKMARK [2][-]{subsection.2.1}{Architettura generale del sistema}{section.2}% 9
\BOOKMARK [2][-]{subsection.2.2}{Descrizione del componente Model}{section.2}% 10
\BOOKMARK [2][-]{subsection.2.3}{Descrizione del componente View}{section.2}% 11
\BOOKMARK [2][-]{subsection.2.4}{Descrizione del componente Presenter}{section.2}% 12
\BOOKMARK [1][-]{section.3}{Tecnologie e strumenti utilizzati}{}% 13
\BOOKMARK [2][-]{subsection.3.1}{HTML5}{section.3}% 14
\BOOKMARK [2][-]{subsection.3.2}{CSS3}{section.3}% 15
\BOOKMARK [2][-]{subsection.3.3}{Javascript}{section.3}% 16
\BOOKMARK [2][-]{subsection.3.4}{Node.js}{section.3}% 17
\BOOKMARK [2][-]{subsection.3.5}{PostgreSQL}{section.3}% 18
\BOOKMARK [1][-]{section.4}{Diagrammi dei packages}{}% 19
\BOOKMARK [2][-]{subsection.4.1}{Package della componente Model}{section.4}% 20
\BOOKMARK [2][-]{subsection.4.2}{Package della componente View}{section.4}% 21
\BOOKMARK [2][-]{subsection.4.3}{Package della componente Presenter}{section.4}% 22
\BOOKMARK [1][-]{section.5}{Diagrammi delle classi}{}% 23
\BOOKMARK [2][-]{subsection.5.1}{Diagrammi delle classi del Model}{section.5}% 24
\BOOKMARK [2][-]{subsection.5.2}{Diagrammi delle classi del View}{section.5}% 25
\BOOKMARK [3][-]{subsubsection.5.2.1}{Package CurrentViewManager}{subsection.5.2}% 26
\BOOKMARK [3][-]{subsubsection.5.2.2}{Package Pages}{subsection.5.2}% 27
\BOOKMARK [2][-]{subsection.5.3}{UserAuthentication}{section.5}% 28
\BOOKMARK [2][-]{subsection.5.4}{Diagrammi delle classi del Presenter}{section.5}% 29
\BOOKMARK [1][-]{section.6}{Diagrammi di attivit\340}{}% 30
\BOOKMARK [1][-]{section.7}{Diagrammi di sequenza}{}% 31
\BOOKMARK [1][-]{section.8}{Tracciamento}{}% 32
\BOOKMARK [1][-]{section.9}{Analisi di fattibilit\340}{}% 33
