This is pdfTeX, Version 3.14159265-2.6-1.40.15 (MiKTeX 2.9 64-bit) (preloaded format=pdflatex 2015.12.20)  17 AUG 2016 17:24
entering extended mode
**definizione_di_prodotto_2.0.tex
(definizione_di_prodotto_2.0.tex
LaTeX2e <2014/05/01>
Babel <3.9l> and hyphenation patterns for 68 languages loaded.
("C:\Program Files\MiKTeX 2.9\tex\latex\base\article.cls"
Document Class: article 2014/09/29 v1.4h Standard LaTeX document class
("C:\Program Files\MiKTeX 2.9\tex\latex\base\size11.clo"
File: size11.clo 2014/09/29 v1.4h Standard LaTeX file (size option)
)
\c@part=\count79
\c@section=\count80
\c@subsection=\count81
\c@subsubsection=\count82
\c@paragraph=\count83
\c@subparagraph=\count84
\c@figure=\count85
\c@table=\count86
\abovecaptionskip=\skip41
\belowcaptionskip=\skip42
\bibindent=\dimen102
) (../../template.tex
("C:\Program Files\MiKTeX 2.9\tex\latex\base\inputenc.sty"
Package: inputenc 2014/04/30 v1.2b Input encoding file
\inpenc@prehook=\toks14
\inpenc@posthook=\toks15

("C:\Program Files\MiKTeX 2.9\tex\latex\base\utf8.def"
File: utf8.def 2014/09/29 v1.1m UTF-8 support for inputenc
Now handling font encoding OML ...
... no UTF-8 mapping file for font encoding OML
Now handling font encoding T1 ...
... processing UTF-8 mapping file for font encoding T1

("C:\Program Files\MiKTeX 2.9\tex\latex\base\t1enc.dfu"
File: t1enc.dfu 2014/09/29 v1.1m UTF-8 support for inputenc
   defining Unicode char U+00A1 (decimal 161)
   defining Unicode char U+00A3 (decimal 163)
   defining Unicode char U+00AB (decimal 171)
   defining Unicode char U+00BB (decimal 187)
   defining Unicode char U+00BF (decimal 191)
   defining Unicode char U+00C0 (decimal 192)
   defining Unicode char U+00C1 (decimal 193)
   defining Unicode char U+00C2 (decimal 194)
   defining Unicode char U+00C3 (decimal 195)
   defining Unicode char U+00C4 (decimal 196)
   defining Unicode char U+00C5 (decimal 197)
   defining Unicode char U+00C6 (decimal 198)
   defining Unicode char U+00C7 (decimal 199)
   defining Unicode char U+00C8 (decimal 200)
   defining Unicode char U+00C9 (decimal 201)
   defining Unicode char U+00CA (decimal 202)
   defining Unicode char U+00CB (decimal 203)
   defining Unicode char U+00CC (decimal 204)
   defining Unicode char U+00CD (decimal 205)
   defining Unicode char U+00CE (decimal 206)
   defining Unicode char U+00CF (decimal 207)
   defining Unicode char U+00D0 (decimal 208)
   defining Unicode char U+00D1 (decimal 209)
   defining Unicode char U+00D2 (decimal 210)
   defining Unicode char U+00D3 (decimal 211)
   defining Unicode char U+00D4 (decimal 212)
   defining Unicode char U+00D5 (decimal 213)
   defining Unicode char U+00D6 (decimal 214)
   defining Unicode char U+00D8 (decimal 216)
   defining Unicode char U+00D9 (decimal 217)
   defining Unicode char U+00DA (decimal 218)
   defining Unicode char U+00DB (decimal 219)
   defining Unicode char U+00DC (decimal 220)
   defining Unicode char U+00DD (decimal 221)
   defining Unicode char U+00DE (decimal 222)
   defining Unicode char U+00DF (decimal 223)
   defining Unicode char U+00E0 (decimal 224)
   defining Unicode char U+00E1 (decimal 225)
   defining Unicode char U+00E2 (decimal 226)
   defining Unicode char U+00E3 (decimal 227)
   defining Unicode char U+00E4 (decimal 228)
   defining Unicode char U+00E5 (decimal 229)
   defining Unicode char U+00E6 (decimal 230)
   defining Unicode char U+00E7 (decimal 231)
   defining Unicode char U+00E8 (decimal 232)
   defining Unicode char U+00E9 (decimal 233)
   defining Unicode char U+00EA (decimal 234)
   defining Unicode char U+00EB (decimal 235)
   defining Unicode char U+00EC (decimal 236)
   defining Unicode char U+00ED (decimal 237)
   defining Unicode char U+00EE (decimal 238)
   defining Unicode char U+00EF (decimal 239)
   defining Unicode char U+00F0 (decimal 240)
   defining Unicode char U+00F1 (decimal 241)
   defining Unicode char U+00F2 (decimal 242)
   defining Unicode char U+00F3 (decimal 243)
   defining Unicode char U+00F4 (decimal 244)
   defining Unicode char U+00F5 (decimal 245)
   defining Unicode char U+00F6 (decimal 246)
   defining Unicode char U+00F8 (decimal 248)
   defining Unicode char U+00F9 (decimal 249)
   defining Unicode char U+00FA (decimal 250)
   defining Unicode char U+00FB (decimal 251)
   defining Unicode char U+00FC (decimal 252)
   defining Unicode char U+00FD (decimal 253)
   defining Unicode char U+00FE (decimal 254)
   defining Unicode char U+00FF (decimal 255)
   defining Unicode char U+0102 (decimal 258)
   defining Unicode char U+0103 (decimal 259)
   defining Unicode char U+0104 (decimal 260)
   defining Unicode char U+0105 (decimal 261)
   defining Unicode char U+0106 (decimal 262)
   defining Unicode char U+0107 (decimal 263)
   defining Unicode char U+010C (decimal 268)
   defining Unicode char U+010D (decimal 269)
   defining Unicode char U+010E (decimal 270)
   defining Unicode char U+010F (decimal 271)
   defining Unicode char U+0110 (decimal 272)
   defining Unicode char U+0111 (decimal 273)
   defining Unicode char U+0118 (decimal 280)
   defining Unicode char U+0119 (decimal 281)
   defining Unicode char U+011A (decimal 282)
   defining Unicode char U+011B (decimal 283)
   defining Unicode char U+011E (decimal 286)
   defining Unicode char U+011F (decimal 287)
   defining Unicode char U+0130 (decimal 304)
   defining Unicode char U+0131 (decimal 305)
   defining Unicode char U+0132 (decimal 306)
   defining Unicode char U+0133 (decimal 307)
   defining Unicode char U+0139 (decimal 313)
   defining Unicode char U+013A (decimal 314)
   defining Unicode char U+013D (decimal 317)
   defining Unicode char U+013E (decimal 318)
   defining Unicode char U+0141 (decimal 321)
   defining Unicode char U+0142 (decimal 322)
   defining Unicode char U+0143 (decimal 323)
   defining Unicode char U+0144 (decimal 324)
   defining Unicode char U+0147 (decimal 327)
   defining Unicode char U+0148 (decimal 328)
   defining Unicode char U+014A (decimal 330)
   defining Unicode char U+014B (decimal 331)
   defining Unicode char U+0150 (decimal 336)
   defining Unicode char U+0151 (decimal 337)
   defining Unicode char U+0152 (decimal 338)
   defining Unicode char U+0153 (decimal 339)
   defining Unicode char U+0154 (decimal 340)
   defining Unicode char U+0155 (decimal 341)
   defining Unicode char U+0158 (decimal 344)
   defining Unicode char U+0159 (decimal 345)
   defining Unicode char U+015A (decimal 346)
   defining Unicode char U+015B (decimal 347)
   defining Unicode char U+015E (decimal 350)
   defining Unicode char U+015F (decimal 351)
   defining Unicode char U+0160 (decimal 352)
   defining Unicode char U+0161 (decimal 353)
   defining Unicode char U+0162 (decimal 354)
   defining Unicode char U+0163 (decimal 355)
   defining Unicode char U+0164 (decimal 356)
   defining Unicode char U+0165 (decimal 357)
   defining Unicode char U+016E (decimal 366)
   defining Unicode char U+016F (decimal 367)
   defining Unicode char U+0170 (decimal 368)
   defining Unicode char U+0171 (decimal 369)
   defining Unicode char U+0178 (decimal 376)
   defining Unicode char U+0179 (decimal 377)
   defining Unicode char U+017A (decimal 378)
   defining Unicode char U+017B (decimal 379)
   defining Unicode char U+017C (decimal 380)
   defining Unicode char U+017D (decimal 381)
   defining Unicode char U+017E (decimal 382)
   defining Unicode char U+200C (decimal 8204)
   defining Unicode char U+2013 (decimal 8211)
   defining Unicode char U+2014 (decimal 8212)
   defining Unicode char U+2018 (decimal 8216)
   defining Unicode char U+2019 (decimal 8217)
   defining Unicode char U+201A (decimal 8218)
   defining Unicode char U+201C (decimal 8220)
   defining Unicode char U+201D (decimal 8221)
   defining Unicode char U+201E (decimal 8222)
   defining Unicode char U+2030 (decimal 8240)
   defining Unicode char U+2031 (decimal 8241)
   defining Unicode char U+2039 (decimal 8249)
   defining Unicode char U+203A (decimal 8250)
   defining Unicode char U+2423 (decimal 9251)
)
Now handling font encoding OT1 ...
... processing UTF-8 mapping file for font encoding OT1

("C:\Program Files\MiKTeX 2.9\tex\latex\base\ot1enc.dfu"
File: ot1enc.dfu 2014/09/29 v1.1m UTF-8 support for inputenc
   defining Unicode char U+00A1 (decimal 161)
   defining Unicode char U+00A3 (decimal 163)
   defining Unicode char U+00B8 (decimal 184)
   defining Unicode char U+00BF (decimal 191)
   defining Unicode char U+00C5 (decimal 197)
   defining Unicode char U+00C6 (decimal 198)
   defining Unicode char U+00D8 (decimal 216)
   defining Unicode char U+00DF (decimal 223)
   defining Unicode char U+00E6 (decimal 230)
   defining Unicode char U+00EC (decimal 236)
   defining Unicode char U+00ED (decimal 237)
   defining Unicode char U+00EE (decimal 238)
   defining Unicode char U+00EF (decimal 239)
   defining Unicode char U+00F8 (decimal 248)
   defining Unicode char U+0131 (decimal 305)
   defining Unicode char U+0141 (decimal 321)
   defining Unicode char U+0142 (decimal 322)
   defining Unicode char U+0152 (decimal 338)
   defining Unicode char U+0153 (decimal 339)
   defining Unicode char U+2013 (decimal 8211)
   defining Unicode char U+2014 (decimal 8212)
   defining Unicode char U+2018 (decimal 8216)
   defining Unicode char U+2019 (decimal 8217)
   defining Unicode char U+201C (decimal 8220)
   defining Unicode char U+201D (decimal 8221)
)
Now handling font encoding OMS ...
... processing UTF-8 mapping file for font encoding OMS

("C:\Program Files\MiKTeX 2.9\tex\latex\base\omsenc.dfu"
File: omsenc.dfu 2014/09/29 v1.1m UTF-8 support for inputenc
   defining Unicode char U+00A7 (decimal 167)
   defining Unicode char U+00B6 (decimal 182)
   defining Unicode char U+00B7 (decimal 183)
   defining Unicode char U+2020 (decimal 8224)
   defining Unicode char U+2021 (decimal 8225)
   defining Unicode char U+2022 (decimal 8226)
)
Now handling font encoding OMX ...
... no UTF-8 mapping file for font encoding OMX
Now handling font encoding U ...
... no UTF-8 mapping file for font encoding U
   defining Unicode char U+00A9 (decimal 169)
   defining Unicode char U+00AA (decimal 170)
   defining Unicode char U+00AE (decimal 174)
   defining Unicode char U+00BA (decimal 186)
   defining Unicode char U+02C6 (decimal 710)
   defining Unicode char U+02DC (decimal 732)
   defining Unicode char U+200C (decimal 8204)
   defining Unicode char U+2026 (decimal 8230)
   defining Unicode char U+2122 (decimal 8482)
   defining Unicode char U+2423 (decimal 9251)
))
("C:\Program Files\MiKTeX 2.9\tex\latex\babel\babel.sty"
Package: babel 2014/09/25 3.9l The Babel package

*************************************
* Local config file bblopts.cfg used
*
("C:\Program Files\MiKTeX 2.9\tex\latex\00miktex\bblopts.cfg"
File: bblopts.cfg 2006/07/31 v1.0 MiKTeX 'babel' configuration
)
("C:\Program Files\MiKTeX 2.9\tex\latex\babel-italian\italian.ldf"
Language: italian 2014/03/29 v1.3k Italian support from the babel system

("C:\Program Files\MiKTeX 2.9\tex\latex\babel\babel.def"
File: babel.def 2014/09/25 3.9l Babel common definitions
\babel@savecnt=\count87
\U@D=\dimen103
)
\it@lettering=\count88
\it@doublequoteactive=\count89
\it@ISOcompliance=\count90
\Virgola=\count91
))
("C:\Program Files\MiKTeX 2.9\tex\latex\etoolbox\etoolbox.sty"
Package: etoolbox 2015/03/10 v2.1b e-TeX tools for LaTeX (JAW)

("C:\Program Files\MiKTeX 2.9\tex\latex\misc\etex.sty"
Package: etex 2015/03/02 v2.1 eTeX basic definition package (PEB,DPC)
\et@xins=\count92
)
\etb@tempcnta=\count93
)
("C:\Program Files\MiKTeX 2.9\tex\latex\hyperref\hyperref.sty"
Package: hyperref 2012/11/06 v6.83m Hypertext links for LaTeX

("C:\Program Files\MiKTeX 2.9\tex\generic\oberdiek\hobsub-hyperref.sty"
Package: hobsub-hyperref 2012/04/25 v1.12 Bundle oberdiek, subset hyperref (HO)


("C:\Program Files\MiKTeX 2.9\tex\generic\oberdiek\hobsub-generic.sty"
Package: hobsub-generic 2012/04/25 v1.12 Bundle oberdiek, subset generic (HO)
Package: hobsub 2012/04/25 v1.12 Construct package bundles (HO)
Package: infwarerr 2010/04/08 v1.3 Providing info/warning/error messages (HO)
Package: ltxcmds 2011/11/09 v1.22 LaTeX kernel commands for general use (HO)
Package: ifluatex 2010/03/01 v1.3 Provides the ifluatex switch (HO)
Package ifluatex Info: LuaTeX not detected.
Package: ifvtex 2010/03/01 v1.5 Detect VTeX and its facilities (HO)
Package ifvtex Info: VTeX not detected.
Package: intcalc 2007/09/27 v1.1 Expandable calculations with integers (HO)
Package: ifpdf 2011/01/30 v2.3 Provides the ifpdf switch (HO)
Package ifpdf Info: pdfTeX in PDF mode is detected.
Package: etexcmds 2011/02/16 v1.5 Avoid name clashes with e-TeX commands (HO)
Package etexcmds Info: Could not find \expanded.
(etexcmds)             That can mean that you are not using pdfTeX 1.50 or
(etexcmds)             that some package has redefined \expanded.
(etexcmds)             In the latter case, load this package earlier.
Package: kvsetkeys 2012/04/25 v1.16 Key value parser (HO)
Package: kvdefinekeys 2011/04/07 v1.3 Define keys (HO)
Package: pdftexcmds 2011/11/29 v0.20 Utility functions of pdfTeX for LuaTeX (HO
)
Package pdftexcmds Info: LuaTeX not detected.
Package pdftexcmds Info: \pdf@primitive is available.
Package pdftexcmds Info: \pdf@ifprimitive is available.
Package pdftexcmds Info: \pdfdraftmode found.
Package: pdfescape 2011/11/25 v1.13 Implements pdfTeX's escape features (HO)
Package: bigintcalc 2012/04/08 v1.3 Expandable calculations on big integers (HO
)
Package: bitset 2011/01/30 v1.1 Handle bit-vector datatype (HO)
Package: uniquecounter 2011/01/30 v1.2 Provide unlimited unique counter (HO)
)
Package hobsub Info: Skipping package `hobsub' (already loaded).
Package: letltxmacro 2010/09/02 v1.4 Let assignment for LaTeX macros (HO)
Package: hopatch 2011/06/24 v1.1 Wrapper for package hooks (HO)
Package: xcolor-patch 2011/01/30 xcolor patch
Package: atveryend 2011/06/30 v1.8 Hooks at the very end of document (HO)
Package: atbegshi 2011/10/05 v1.16 At begin shipout hook (HO)
Package: refcount 2011/10/16 v3.4 Data extraction from label references (HO)
Package: hycolor 2011/01/30 v1.7 Color options for hyperref/bookmark (HO)
)
("C:\Program Files\MiKTeX 2.9\tex\latex\graphics\keyval.sty"
Package: keyval 2014/10/28 v1.15 key=value parser (DPC)
\KV@toks@=\toks16
)
("C:\Program Files\MiKTeX 2.9\tex\generic\ifxetex\ifxetex.sty"
Package: ifxetex 2010/09/12 v0.6 Provides ifxetex conditional
)
("C:\Program Files\MiKTeX 2.9\tex\latex\oberdiek\auxhook.sty"
Package: auxhook 2011/03/04 v1.3 Hooks for auxiliary files (HO)
)
("C:\Program Files\MiKTeX 2.9\tex\latex\oberdiek\kvoptions.sty"
Package: kvoptions 2011/06/30 v3.11 Key value format for package options (HO)
)
\@linkdim=\dimen104
\Hy@linkcounter=\count94
\Hy@pagecounter=\count95

("C:\Program Files\MiKTeX 2.9\tex\latex\hyperref\pd1enc.def"
File: pd1enc.def 2012/11/06 v6.83m Hyperref: PDFDocEncoding definition (HO)
Now handling font encoding PD1 ...
... no UTF-8 mapping file for font encoding PD1
)
\Hy@SavedSpaceFactor=\count96

("C:\Program Files\MiKTeX 2.9\tex\latex\00miktex\hyperref.cfg"
File: hyperref.cfg 2002/06/06 v1.2 hyperref configuration of TeXLive
)
Package hyperref Info: Hyper figures OFF on input line 4443.
Package hyperref Info: Link nesting OFF on input line 4448.
Package hyperref Info: Hyper index ON on input line 4451.
Package hyperref Info: Plain pages OFF on input line 4458.
Package hyperref Info: Backreferencing OFF on input line 4463.
Package hyperref Info: Implicit mode ON; LaTeX internals redefined.
Package hyperref Info: Bookmarks ON on input line 4688.
\c@Hy@tempcnt=\count97

("C:\Program Files\MiKTeX 2.9\tex\latex\url\url.sty"
\Urlmuskip=\muskip10
Package: url 2013/09/16  ver 3.4  Verb mode for urls, etc.
)
LaTeX Info: Redefining \url on input line 5041.
\XeTeXLinkMargin=\dimen105
\Fld@menulength=\count98
\Field@Width=\dimen106
\Fld@charsize=\dimen107
Package hyperref Info: Hyper figures OFF on input line 6295.
Package hyperref Info: Link nesting OFF on input line 6300.
Package hyperref Info: Hyper index ON on input line 6303.
Package hyperref Info: backreferencing OFF on input line 6310.
Package hyperref Info: Link coloring OFF on input line 6315.
Package hyperref Info: Link coloring with OCG OFF on input line 6320.
Package hyperref Info: PDF/A mode OFF on input line 6325.
LaTeX Info: Redefining \ref on input line 6365.
LaTeX Info: Redefining \pageref on input line 6369.
\Hy@abspage=\count99
\c@Item=\count100
\c@Hfootnote=\count101
)

Package hyperref Message: Driver (autodetected): hpdftex.

("C:\Program Files\MiKTeX 2.9\tex\latex\hyperref\hpdftex.def"
File: hpdftex.def 2012/11/06 v6.83m Hyperref driver for pdfTeX
\Fld@listcount=\count102
\c@bookmark@seq@number=\count103

("C:\Program Files\MiKTeX 2.9\tex\latex\oberdiek\rerunfilecheck.sty"
Package: rerunfilecheck 2011/04/15 v1.7 Rerun checks for auxiliary files (HO)
Package uniquecounter Info: New unique counter `rerunfilecheck' on input line 2
82.
)
\Hy@SectionHShift=\skip43
)
("C:\Program Files\MiKTeX 2.9\tex\latex\booktabs\booktabs.sty"
Package: booktabs 2005/04/14 v1.61803 publication quality tables
\heavyrulewidth=\dimen108
\lightrulewidth=\dimen109
\cmidrulewidth=\dimen110
\belowrulesep=\dimen111
\belowbottomsep=\dimen112
\aboverulesep=\dimen113
\abovetopsep=\dimen114
\cmidrulesep=\dimen115
\cmidrulekern=\dimen116
\defaultaddspace=\dimen117
\@cmidla=\count104
\@cmidlb=\count105
\@aboverulesep=\dimen118
\@belowrulesep=\dimen119
\@thisruleclass=\count106
\@lastruleclass=\count107
\@thisrulewidth=\dimen120
)
("C:\Program Files\MiKTeX 2.9\tex\latex\tools\longtable.sty"
Package: longtable 2014/10/28 v4.11 Multi-page Table package (DPC)
\LTleft=\skip44
\LTright=\skip45
\LTpre=\skip46
\LTpost=\skip47
\LTchunksize=\count108
\LTcapwidth=\dimen121
\LT@head=\box26
\LT@firsthead=\box27
\LT@foot=\box28
\LT@lastfoot=\box29
\LT@cols=\count109
\LT@rows=\count110
\c@LT@tables=\count111
\c@LT@chunks=\count112
\LT@p@ftn=\toks17
)
("C:\Program Files\MiKTeX 2.9\tex\latex\tools\tabularx.sty"
Package: tabularx 2014/10/28 v2.10 `tabularx' package (DPC)

("C:\Program Files\MiKTeX 2.9\tex\latex\tools\array.sty"
Package: array 2014/10/28 v2.4c Tabular extension package (FMi)
\col@sep=\dimen122
\extrarowheight=\dimen123
\NC@list=\toks18
\extratabsurround=\skip48
\backup@length=\skip49
)
\TX@col@width=\dimen124
\TX@old@table=\dimen125
\TX@old@col=\dimen126
\TX@target=\dimen127
\TX@delta=\dimen128
\TX@cols=\count113
\TX@ftn=\toks19
)
("C:\Program Files\MiKTeX 2.9\tex\latex\listings\listings.sty"
\lst@mode=\count114
\lst@gtempboxa=\box30
\lst@token=\toks20
\lst@length=\count115
\lst@currlwidth=\dimen129
\lst@column=\count116
\lst@pos=\count117
\lst@lostspace=\dimen130
\lst@width=\dimen131
\lst@newlines=\count118
\lst@lineno=\count119
\lst@maxwidth=\dimen132

("C:\Program Files\MiKTeX 2.9\tex\latex\listings\lstmisc.sty"
File: lstmisc.sty 2014/09/06 1.5e (Carsten Heinz)
\c@lstnumber=\count120
\lst@skipnumbers=\count121
\lst@framebox=\box31
)
("C:\Program Files\MiKTeX 2.9\tex\latex\listings\listings.cfg"
File: listings.cfg 2014/09/06 1.5e listings configuration
))
Package: listings 2014/09/06 1.5e (Carsten Heinz)

("C:\Program Files\MiKTeX 2.9\tex\latex\appendix\appendix.sty"
Package: appendix 2009/09/02 v1.2b extra appendix facilities
\c@@pps=\count122
\c@@ppsavesec=\count123
\c@@ppsaveapp=\count124
)
("C:\Program Files\MiKTeX 2.9\tex\latex\graphics\graphicx.sty"
Package: graphicx 2014/10/28 v1.0g Enhanced LaTeX Graphics (DPC,SPQR)

("C:\Program Files\MiKTeX 2.9\tex\latex\graphics\graphics.sty"
Package: graphics 2014/10/28 v1.0p Standard LaTeX Graphics (DPC,SPQR)

("C:\Program Files\MiKTeX 2.9\tex\latex\graphics\trig.sty"
Package: trig 1999/03/16 v1.09 sin cos tan (DPC)
)
("C:\Program Files\MiKTeX 2.9\tex\latex\00miktex\graphics.cfg"
File: graphics.cfg 2007/01/18 v1.5 graphics configuration of teTeX/TeXLive
)
Package graphics Info: Driver file: pdftex.def on input line 91.

("C:\Program Files\MiKTeX 2.9\tex\latex\pdftex-def\pdftex.def"
File: pdftex.def 2011/05/27 v0.06d Graphics/color for pdfTeX
\Gread@gobject=\count125
))
\Gin@req@height=\dimen133
\Gin@req@width=\dimen134
)
("C:\Program Files\MiKTeX 2.9\tex\latex\caption\caption.sty"
Package: caption 2013/05/02 v3.3-89 Customizing captions (AR)

("C:\Program Files\MiKTeX 2.9\tex\latex\caption\caption3.sty"
Package: caption3 2013/05/02 v1.6-88 caption3 kernel (AR)
Package caption3 Info: TeX engine: e-TeX on input line 57.
\captionmargin=\dimen135
\captionmargin@=\dimen136
\captionwidth=\dimen137
\caption@tempdima=\dimen138
\caption@indent=\dimen139
\caption@parindent=\dimen140
\caption@hangindent=\dimen141
)
\c@ContinuedFloat=\count126
Package caption Info: hyperref package is loaded.
Package caption Info: listings package is loaded.
Package caption Info: longtable package is loaded.

("C:\Program Files\MiKTeX 2.9\tex\latex\caption\ltcaption.sty"
Package: ltcaption 2013/02/03 v1.3-62 longtable captions (AR)
))
("C:\Program Files\MiKTeX 2.9\tex\latex\fancyhdr\fancyhdr.sty"
\fancy@headwidth=\skip50
\f@ncyO@elh=\skip51
\f@ncyO@erh=\skip52
\f@ncyO@olh=\skip53
\f@ncyO@orh=\skip54
\f@ncyO@elf=\skip55
\f@ncyO@erf=\skip56
\f@ncyO@olf=\skip57
\f@ncyO@orf=\skip58
)
("C:\Program Files\MiKTeX 2.9\tex\latex\geometry\geometry.sty"
Package: geometry 2010/09/12 v5.6 Page Geometry
\Gm@cnth=\count127
\Gm@cntv=\count128
\c@Gm@tempcnt=\count129
\Gm@bindingoffset=\dimen142
\Gm@wd@mp=\dimen143
\Gm@odd@mp=\dimen144
\Gm@even@mp=\dimen145
\Gm@layoutwidth=\dimen146
\Gm@layoutheight=\dimen147
\Gm@layouthoffset=\dimen148
\Gm@layoutvoffset=\dimen149
\Gm@dimlist=\toks21

("C:\Program Files\MiKTeX 2.9\tex\latex\geometry\geometry.cfg"))
("C:\Program Files\MiKTeX 2.9\tex\latex\base\makeidx.sty"
Package: makeidx 2014/09/29 v1.0m Standard LaTeX package
)
("C:\Program Files\MiKTeX 2.9\tex\latex\base\textcomp.sty"
Package: textcomp 2005/09/27 v1.99g Standard LaTeX package
Package textcomp Info: Sub-encoding information:
(textcomp)               5 = only ISO-Adobe without \textcurrency
(textcomp)               4 = 5 + \texteuro
(textcomp)               3 = 4 + \textohm
(textcomp)               2 = 3 + \textestimated + \textcurrency
(textcomp)               1 = TS1 - \textcircled - \t
(textcomp)               0 = TS1 (full)
(textcomp)             Font families with sub-encoding setting implement
(textcomp)             only a restricted character set as indicated.
(textcomp)             Family '?' is the default used for unknown fonts.
(textcomp)             See the documentation for details.
Package textcomp Info: Setting ? sub-encoding to TS1/1 on input line 71.

("C:\Program Files\MiKTeX 2.9\tex\latex\base\ts1enc.def"
File: ts1enc.def 2001/06/05 v3.0e (jk/car/fm) Standard LaTeX file
Now handling font encoding TS1 ...
... processing UTF-8 mapping file for font encoding TS1

("C:\Program Files\MiKTeX 2.9\tex\latex\base\ts1enc.dfu"
File: ts1enc.dfu 2014/09/29 v1.1m UTF-8 support for inputenc
   defining Unicode char U+00A2 (decimal 162)
   defining Unicode char U+00A3 (decimal 163)
   defining Unicode char U+00A4 (decimal 164)
   defining Unicode char U+00A5 (decimal 165)
   defining Unicode char U+00A6 (decimal 166)
   defining Unicode char U+00A7 (decimal 167)
   defining Unicode char U+00A8 (decimal 168)
   defining Unicode char U+00A9 (decimal 169)
   defining Unicode char U+00AA (decimal 170)
   defining Unicode char U+00AC (decimal 172)
   defining Unicode char U+00AE (decimal 174)
   defining Unicode char U+00AF (decimal 175)
   defining Unicode char U+00B0 (decimal 176)
   defining Unicode char U+00B1 (decimal 177)
   defining Unicode char U+00B2 (decimal 178)
   defining Unicode char U+00B3 (decimal 179)
   defining Unicode char U+00B4 (decimal 180)
   defining Unicode char U+00B5 (decimal 181)
   defining Unicode char U+00B6 (decimal 182)
   defining Unicode char U+00B7 (decimal 183)
   defining Unicode char U+00B9 (decimal 185)
   defining Unicode char U+00BA (decimal 186)
   defining Unicode char U+00BC (decimal 188)
   defining Unicode char U+00BD (decimal 189)
   defining Unicode char U+00BE (decimal 190)
   defining Unicode char U+00D7 (decimal 215)
   defining Unicode char U+00F7 (decimal 247)
   defining Unicode char U+0192 (decimal 402)
   defining Unicode char U+02C7 (decimal 711)
   defining Unicode char U+02D8 (decimal 728)
   defining Unicode char U+02DD (decimal 733)
   defining Unicode char U+0E3F (decimal 3647)
   defining Unicode char U+2016 (decimal 8214)
   defining Unicode char U+2020 (decimal 8224)
   defining Unicode char U+2021 (decimal 8225)
   defining Unicode char U+2022 (decimal 8226)
   defining Unicode char U+2030 (decimal 8240)
   defining Unicode char U+2031 (decimal 8241)
   defining Unicode char U+203B (decimal 8251)
   defining Unicode char U+203D (decimal 8253)
   defining Unicode char U+2044 (decimal 8260)
   defining Unicode char U+204E (decimal 8270)
   defining Unicode char U+2052 (decimal 8274)
   defining Unicode char U+20A1 (decimal 8353)
   defining Unicode char U+20A4 (decimal 8356)
   defining Unicode char U+20A6 (decimal 8358)
   defining Unicode char U+20A9 (decimal 8361)
   defining Unicode char U+20AB (decimal 8363)
   defining Unicode char U+20AC (decimal 8364)
   defining Unicode char U+20B1 (decimal 8369)
   defining Unicode char U+2103 (decimal 8451)
   defining Unicode char U+2116 (decimal 8470)
   defining Unicode char U+2117 (decimal 8471)
   defining Unicode char U+211E (decimal 8478)
   defining Unicode char U+2120 (decimal 8480)
   defining Unicode char U+2122 (decimal 8482)
   defining Unicode char U+2126 (decimal 8486)
   defining Unicode char U+2127 (decimal 8487)
   defining Unicode char U+212E (decimal 8494)
   defining Unicode char U+2190 (decimal 8592)
   defining Unicode char U+2191 (decimal 8593)
   defining Unicode char U+2192 (decimal 8594)
   defining Unicode char U+2193 (decimal 8595)
   defining Unicode char U+2329 (decimal 9001)
   defining Unicode char U+232A (decimal 9002)
   defining Unicode char U+2422 (decimal 9250)
   defining Unicode char U+25E6 (decimal 9702)
   defining Unicode char U+25EF (decimal 9711)
   defining Unicode char U+266A (decimal 9834)
))
LaTeX Info: Redefining \oldstylenums on input line 266.
Package textcomp Info: Setting cmr sub-encoding to TS1/0 on input line 281.
Package textcomp Info: Setting cmss sub-encoding to TS1/0 on input line 282.
Package textcomp Info: Setting cmtt sub-encoding to TS1/0 on input line 283.
Package textcomp Info: Setting cmvtt sub-encoding to TS1/0 on input line 284.
Package textcomp Info: Setting cmbr sub-encoding to TS1/0 on input line 285.
Package textcomp Info: Setting cmtl sub-encoding to TS1/0 on input line 286.
Package textcomp Info: Setting ccr sub-encoding to TS1/0 on input line 287.
Package textcomp Info: Setting ptm sub-encoding to TS1/4 on input line 288.
Package textcomp Info: Setting pcr sub-encoding to TS1/4 on input line 289.
Package textcomp Info: Setting phv sub-encoding to TS1/4 on input line 290.
Package textcomp Info: Setting ppl sub-encoding to TS1/3 on input line 291.
Package textcomp Info: Setting pag sub-encoding to TS1/4 on input line 292.
Package textcomp Info: Setting pbk sub-encoding to TS1/4 on input line 293.
Package textcomp Info: Setting pnc sub-encoding to TS1/4 on input line 294.
Package textcomp Info: Setting pzc sub-encoding to TS1/4 on input line 295.
Package textcomp Info: Setting bch sub-encoding to TS1/4 on input line 296.
Package textcomp Info: Setting put sub-encoding to TS1/5 on input line 297.
Package textcomp Info: Setting uag sub-encoding to TS1/5 on input line 298.
Package textcomp Info: Setting ugq sub-encoding to TS1/5 on input line 299.
Package textcomp Info: Setting ul8 sub-encoding to TS1/4 on input line 300.
Package textcomp Info: Setting ul9 sub-encoding to TS1/4 on input line 301.
Package textcomp Info: Setting augie sub-encoding to TS1/5 on input line 302.
Package textcomp Info: Setting dayrom sub-encoding to TS1/3 on input line 303.
Package textcomp Info: Setting dayroms sub-encoding to TS1/3 on input line 304.

Package textcomp Info: Setting pxr sub-encoding to TS1/0 on input line 305.
Package textcomp Info: Setting pxss sub-encoding to TS1/0 on input line 306.
Package textcomp Info: Setting pxtt sub-encoding to TS1/0 on input line 307.
Package textcomp Info: Setting txr sub-encoding to TS1/0 on input line 308.
Package textcomp Info: Setting txss sub-encoding to TS1/0 on input line 309.
Package textcomp Info: Setting txtt sub-encoding to TS1/0 on input line 310.
Package textcomp Info: Setting lmr sub-encoding to TS1/0 on input line 311.
Package textcomp Info: Setting lmdh sub-encoding to TS1/0 on input line 312.
Package textcomp Info: Setting lmss sub-encoding to TS1/0 on input line 313.
Package textcomp Info: Setting lmssq sub-encoding to TS1/0 on input line 314.
Package textcomp Info: Setting lmvtt sub-encoding to TS1/0 on input line 315.
Package textcomp Info: Setting qhv sub-encoding to TS1/0 on input line 316.
Package textcomp Info: Setting qag sub-encoding to TS1/0 on input line 317.
Package textcomp Info: Setting qbk sub-encoding to TS1/0 on input line 318.
Package textcomp Info: Setting qcr sub-encoding to TS1/0 on input line 319.
Package textcomp Info: Setting qcs sub-encoding to TS1/0 on input line 320.
Package textcomp Info: Setting qpl sub-encoding to TS1/0 on input line 321.
Package textcomp Info: Setting qtm sub-encoding to TS1/0 on input line 322.
Package textcomp Info: Setting qzc sub-encoding to TS1/0 on input line 323.
Package textcomp Info: Setting qhvc sub-encoding to TS1/0 on input line 324.
Package textcomp Info: Setting futs sub-encoding to TS1/4 on input line 325.
Package textcomp Info: Setting futx sub-encoding to TS1/4 on input line 326.
Package textcomp Info: Setting futj sub-encoding to TS1/4 on input line 327.
Package textcomp Info: Setting hlh sub-encoding to TS1/3 on input line 328.
Package textcomp Info: Setting hls sub-encoding to TS1/3 on input line 329.
Package textcomp Info: Setting hlst sub-encoding to TS1/3 on input line 330.
Package textcomp Info: Setting hlct sub-encoding to TS1/5 on input line 331.
Package textcomp Info: Setting hlx sub-encoding to TS1/5 on input line 332.
Package textcomp Info: Setting hlce sub-encoding to TS1/5 on input line 333.
Package textcomp Info: Setting hlcn sub-encoding to TS1/5 on input line 334.
Package textcomp Info: Setting hlcw sub-encoding to TS1/5 on input line 335.
Package textcomp Info: Setting hlcf sub-encoding to TS1/5 on input line 336.
Package textcomp Info: Setting pplx sub-encoding to TS1/3 on input line 337.
Package textcomp Info: Setting pplj sub-encoding to TS1/3 on input line 338.
Package textcomp Info: Setting ptmx sub-encoding to TS1/4 on input line 339.
Package textcomp Info: Setting ptmj sub-encoding to TS1/4 on input line 340.
)
("C:\Program Files\MiKTeX 2.9\tex\latex\multirow\multirow.sty"
\bigstrutjot=\dimen150
)
("C:\Program Files\MiKTeX 2.9\tex\latex\rotfloat\rotfloat.sty"
Package: rotfloat 2004/01/04 v1.2 Combining float+rotating package (AS)

("C:\Program Files\MiKTeX 2.9\tex\latex\float\float.sty"
Package: float 2001/11/08 v1.3d Float enhancements (AL)
\c@float@type=\count130
\float@exts=\toks22
\float@box=\box32
\@float@everytoks=\toks23
\@floatcapt=\box33
)
("C:\Program Files\MiKTeX 2.9\tex\latex\rotating\rotating.sty"
Package: rotating 2009/03/28 v2.16a rotated objects in LaTeX

("C:\Program Files\MiKTeX 2.9\tex\latex\base\ifthen.sty"
Package: ifthen 2014/09/29 v1.1c Standard LaTeX ifthen package (DPC)
)
\c@r@tfl@t=\count131
\rotFPtop=\skip59
\rotFPbot=\skip60
\rot@float@box=\box34
\rot@mess@toks=\toks24
)
Package rotfloat Info: float package v1.3 detected on input line 74.
)
("C:\Program Files\MiKTeX 2.9\tex\latex\lastpage\lastpage.sty"
Package: lastpage 2013/01/28 v1.2l Refers to last page's name (HMM; JPG)
)
("C:\Program Files\MiKTeX 2.9\tex\latex\titlesec\titlesec.sty"
Package: titlesec 2011/12/15 v2.10.0 Sectioning titles
\ttl@box=\box35
\beforetitleunit=\skip61
\aftertitleunit=\skip62
\ttl@plus=\dimen151
\ttl@minus=\dimen152
\ttl@toksa=\toks25
\titlewidth=\dimen153
\titlewidthlast=\dimen154
\titlewidthfirst=\dimen155
)
\c@subsubsubsection=\count132

("C:\Program Files\MiKTeX 2.9\tex\latex\listings\lstlang1.sty"
File: lstlang1.sty 2014/09/06 1.5e listings language file
)
("C:\Program Files\MiKTeX 2.9\tex\latex\cantarell\cantarell.sty"
Package: cantarell 2012/01/03 Cantarell

("C:\Program Files\MiKTeX 2.9\tex\latex\slantsc\slantsc.sty"
Package: slantsc 2012/01/01 v2.11 Provide Slanted an Italic Small Caps
LaTeX Info: Redefining \upshape on input line 35.
LaTeX Info: Redefining \slshape on input line 45.
LaTeX Info: Redefining \itshape on input line 55.
LaTeX Info: Redefining \scshape on input line 65.
))
("C:\Program Files\MiKTeX 2.9\tex\latex\base\fontenc.sty"
Package: fontenc 2005/09/27 v1.99g Standard LaTeX package

("C:\Program Files\MiKTeX 2.9\tex\latex\base\t1enc.def"
File: t1enc.def 2005/09/27 v1.99g Standard LaTeX file
LaTeX Font Info:    Redeclaring font encoding T1 on input line 43.
))
Package hyperref Info: Option `colorlinks' set `true' on input line 89.
)
(definizione_di_prodotto_2.0.aux)
LaTeX Font Info:    Checking defaults for OML/cmm/m/it on input line 10.
LaTeX Font Info:    ... okay on input line 10.
LaTeX Font Info:    Checking defaults for T1/cmr/m/n on input line 10.
LaTeX Font Info:    ... okay on input line 10.
LaTeX Font Info:    Checking defaults for OT1/cmr/m/n on input line 10.
LaTeX Font Info:    ... okay on input line 10.
LaTeX Font Info:    Checking defaults for OMS/cmsy/m/n on input line 10.
LaTeX Font Info:    ... okay on input line 10.
LaTeX Font Info:    Checking defaults for OMX/cmex/m/n on input line 10.
LaTeX Font Info:    ... okay on input line 10.
LaTeX Font Info:    Checking defaults for U/cmr/m/n on input line 10.
LaTeX Font Info:    ... okay on input line 10.
LaTeX Font Info:    Checking defaults for PD1/pdf/m/n on input line 10.
LaTeX Font Info:    ... okay on input line 10.
LaTeX Font Info:    Checking defaults for TS1/cmr/m/n on input line 10.
LaTeX Font Info:    Try loading font information for TS1+cmr on input line 10.

("C:\Program Files\MiKTeX 2.9\tex\latex\base\ts1cmr.fd"
File: ts1cmr.fd 2014/09/29 v2.5h Standard LaTeX font definitions
)
LaTeX Font Info:    ... okay on input line 10.
LaTeX Font Info:    Try loading font information for T1+fca on input line 10.

("C:\Program Files\MiKTeX 2.9\tex\latex\cantarell\t1fca.fd"
File: t1fca.fd 2012/06/11 Fontinst v1.933 font definitions for T1/fca.
)
LaTeX Info: Redefining \it@ocap on input line 10.
LaTeX Info: Redefining \it@ccap on input line 10.
\AtBeginShipoutBox=\box36

("C:\Program Files\MiKTeX 2.9\tex\latex\graphics\color.sty"
Package: color 2014/10/28 v1.1a Standard LaTeX Color (DPC)

("C:\Program Files\MiKTeX 2.9\tex\latex\00miktex\color.cfg"
File: color.cfg 2007/01/18 v1.5 color configuration of teTeX/TeXLive
)
Package color Info: Driver file: pdftex.def on input line 137.
)
Package hyperref Info: Link coloring ON on input line 10.

("C:\Program Files\MiKTeX 2.9\tex\latex\hyperref\nameref.sty"
Package: nameref 2012/10/27 v2.43 Cross-referencing by name of section

("C:\Program Files\MiKTeX 2.9\tex\generic\oberdiek\gettitlestring.sty"
Package: gettitlestring 2010/12/03 v1.4 Cleanup title references (HO)
)
\c@section@level=\count133
)
LaTeX Info: Redefining \ref on input line 10.
LaTeX Info: Redefining \pageref on input line 10.
LaTeX Info: Redefining \nameref on input line 10.

(definizione_di_prodotto_2.0.out) (definizione_di_prodotto_2.0.out)
\@outlinefile=\write3
\c@lstlisting=\count134

("C:\Program Files\MiKTeX 2.9\tex\context\base\supp-pdf.mkii"
[Loading MPS to PDF converter (version 2006.09.02).]
\scratchcounter=\count135
\scratchdimen=\dimen156
\scratchbox=\box37
\nofMPsegments=\count136
\nofMParguments=\count137
\everyMPshowfont=\toks26
\MPscratchCnt=\count138
\MPscratchDim=\dimen157
\MPnumerator=\count139
\makeMPintoPDFobject=\count140
\everyMPtoPDFconversion=\toks27
)
Package caption Info: Begin \AtBeginDocument code.
Package caption Info: float package is loaded.
Package caption Info: rotating package is loaded.
Package caption Info: End \AtBeginDocument code.

*geometry* driver: auto-detecting
*geometry* detected driver: pdftex
*geometry* verbose mode - [ preamble ] result:
* driver: pdftex
* paper: a4paper
* layout: <same size as paper>
* layoutoffset:(h,v)=(0.0pt,0.0pt)
* modes: 
* h-part:(L,W,R)=(71.13188pt, 455.24411pt, 71.13188pt)
* v-part:(T,H,B)=(85.35826pt, 674.33032pt, 85.35826pt)
* \paperwidth=597.50787pt
* \paperheight=845.04684pt
* \textwidth=455.24411pt
* \textheight=674.33032pt
* \oddsidemargin=-1.1381pt
* \evensidemargin=-1.1381pt
* \topmargin=-23.91173pt
* \headheight=12.0pt
* \headsep=25.0pt
* \topskip=11.0pt
* \footskip=30.0pt
* \marginparwidth=50.0pt
* \marginparsep=10.0pt
* \columnsep=10.0pt
* \skip\footins=10.0pt plus 4.0pt minus 2.0pt
* \hoffset=0.0pt
* \voffset=0.0pt
* \mag=1000
* \@twocolumnfalse
* \@twosidefalse
* \@mparswitchfalse
* \@reversemarginfalse
* (1in=72.27pt=25.4mm, 1cm=28.453pt)

Package lastpage Info: Please have a look at the pageslts package at
(lastpage)             http://www.ctan.org/tex-archive/ 
(lastpage)             macros/latex/contrib/pageslts/ 
(lastpage)             or
(lastpage)             http://www.ctan.org/tex-archive/ 
(lastpage)             install/macros/latex/contrib/pageslts.tds.zip
(lastpage)             ! on input line 10.
LaTeX Font Info:    Font shape `T1/fca/bx/n' in size <17.28> not available
(Font)              Font shape `T1/fca/b/n' tried instead on input line 12.
LaTeX Font Info:    Font shape `T1/fca/bx/n' in size <22.76219> not available
(Font)              Font shape `T1/fca/b/n' tried instead on input line 12.
LaTeX Font Info:    External font `cmex10' loaded for size
(Font)              <12> on input line 12.
LaTeX Font Info:    External font `cmex10' loaded for size
(Font)              <8> on input line 12.
LaTeX Font Info:    External font `cmex10' loaded for size
(Font)              <6> on input line 12.
<../team_not_found.jpg, id=295, 382.42876pt x 153.57375pt>
File: ../team_not_found.jpg Graphic file (type jpg)

<use ../team_not_found.jpg>
Package pdftex.def Info: ../team_not_found.jpg used on input line 14.
(pdftex.def)             Requested size: 382.42781pt x 153.57336pt.
LaTeX Font Info:    Try loading font information for T1+cmtt on input line 15.

("C:\Program Files\MiKTeX 2.9\tex\latex\base\t1cmtt.fd"
File: t1cmtt.fd 2014/09/29 v2.5h Standard LaTeX font definitions
)
LaTeX Font Info:    Calculating math sizes for size <14.22636> on input line 15
.
LaTeX Font Info:    External font `cmex10' loaded for size
(Font)              <14.22636> on input line 15.
LaTeX Font Info:    External font `cmex10' loaded for size
(Font)              <9.9584> on input line 15.
LaTeX Font Info:    External font `cmex10' loaded for size
(Font)              <7.11317> on input line 15.
LaTeX Font Info:    Font shape `T1/fca/bx/n' in size <14.22636> not available
(Font)              Font shape `T1/fca/b/n' tried instead on input line 18.
LaTeX Font Info:    External font `cmex10' loaded for size
(Font)              <10.95> on input line 28.
LaTeX Font Info:    Font shape `T1/fca/bx/n' in size <10.95> not available
(Font)              Font shape `T1/fca/b/n' tried instead on input line 28.
 [1

{C:/ProgramData/MiKTeX/2.9/pdftex/config/pdftex.map} <../team_not_found.jpg>]
LaTeX Font Info:    Font shape `T1/fca/bx/n' in size <14.4> not available
(Font)              Font shape `T1/fca/b/n' tried instead on input line 38.
LaTeX Font Info:    Font shape `T1/fca/bx/n' in size <9> not available
(Font)              Font shape `T1/fca/b/n' tried instead on input line 42.

Underfull \hbox (badness 10000) in paragraph at lines 43--43
[]|\T1/fca/m/n/9 Davide Bor-tot
 []


Underfull \hbox (badness 10000) in paragraph at lines 46--46
[]|\T1/fca/m/n/9 Davide Bor-tot
 []


Underfull \hbox (badness 2671) in paragraph at lines 47--47
[]|\T1/fca/m/n/9 Marco Cri-vel-la-ro
 []


Underfull \hbox (badness 2671) in paragraph at lines 48--48
[]|\T1/fca/m/n/9 Marco Cri-vel-la-ro
 []


Underfull \hbox (badness 10000) in paragraph at lines 48--48
[]|\T1/fca/m/n/9 Revisione in-te-gra-le View-Mo-del::Interpreter e
 []


Underfull \hbox (badness 2671) in paragraph at lines 49--49
[]|\T1/fca/m/n/9 Marco Cri-vel-la-ro
 []


Underfull \hbox (badness 10000) in paragraph at lines 50--50
[]|\T1/fca/m/n/9 Terminate se-zio-ni View-Mo-del::Controller,
 []


Underfull \hbox (badness 10000) in paragraph at lines 51--51
[]|\T1/fca/m/n/9 Stesura se-zio-ne View-Mo-del::Subscribers e
 []


Underfull \hbox (badness 2671) in paragraph at lines 52--52
[]|\T1/fca/m/n/9 Marco Cri-vel-la-ro
 []


Underfull \hbox (badness 3209) in paragraph at lines 55--55
[]|\T1/fca/m/n/9 Inizio re-vi-sio-ne se-zio-ne View (ag-giun-ta sot-to-se-zio-n
i
 []


Underfull \hbox (badness 10000) in paragraph at lines 57--57
[]|\T1/fca/m/n/9 Davide Bor-tot
 []


Underfull \hbox (badness 2671) in paragraph at lines 59--59
[]|\T1/fca/m/n/9 Marco Cri-vel-la-ro
 []


Underfull \hbox (badness 10000) in paragraph at lines 60--60
[]|\T1/fca/m/n/9 Davide Bor-tot
 []


Underfull \vbox (badness 10000) detected at line 61
 []


Underfull \hbox (badness 10000) in paragraph at lines 62--62
[]|\T1/fca/m/n/9 Davide Bor-tot
 []


Underfull \hbox (badness 10000) in paragraph at lines 63--63
[]|\T1/fca/m/n/9 Davide Bor-tot
 []


Underfull \hbox (badness 10000) in paragraph at lines 65--65
[]|\T1/fca/m/n/9 Luca Ales-sio
 []


Underfull \hbox (badness 10000) in paragraph at lines 67--67
[]|\T1/fca/m/n/9 Luca Ales-sio
 []


Underfull \hbox (badness 10000) in paragraph at lines 68--68
[]|\T1/fca/m/n/9 Luca Ales-sio
 []


Underfull \hbox (badness 10000) in paragraph at lines 69--69
[]|\T1/fca/m/n/9 Davide Bor-tot
 []


Underfull \hbox (badness 10000) in paragraph at lines 70--70
[]|\T1/fca/m/n/9 Davide Bor-tot
 []

<../../team404_small.jpg, id=308, 382.42876pt x 153.57375pt>
File: ../../team404_small.jpg Graphic file (type jpg)

<use ../../team404_small.jpg>
Package pdftex.def Info: ../../team404_small.jpg used on input line 72.
(pdftex.def)             Requested size: 57.36183pt x 23.03506pt.


Package Fancyhdr Warning: \headheight is too small (12.0pt): 
 Make it at least 27.1151pt.
 We now make it that large for the rest of the document.
 This may cause the page layout to be inconsistent, however.

[2 <../../team404_small.jpg>]
File: ../../team404_small.jpg Graphic file (type jpg)
 <use ../../team404_small.jpg>
Package pdftex.def Info: ../../team404_small.jpg used on input line 74.
(pdftex.def)             Requested size: 57.36183pt x 23.03506pt.
 [3]
(definizione_di_prodotto_2.0.toc
File: ../../team404_small.jpg Graphic file (type jpg)
 <use ../../team404_small.jpg>
Package pdftex.def Info: ../../team404_small.jpg used on input line 48.
(pdftex.def)             Requested size: 57.36183pt x 23.03506pt.
 [4])
\tf@toc=\write4
File: ../../team404_small.jpg Graphic file (type jpg)

<use ../../team404_small.jpg>
Package pdftex.def Info: ../../team404_small.jpg used on input line 78.
(pdftex.def)             Requested size: 57.36183pt x 23.03506pt.
 [1] (definizione_di_prodotto_2.0.lof)
\tf@lof=\write5

(definizione_di_prodotto_2.0.lot)
\tf@lot=\write6
File: ../../team404_small.jpg Graphic file (type jpg)
 <use ../../team404_small.jpg>
Package pdftex.def Info: ../../team404_small.jpg used on input line 82.
(pdftex.def)             Requested size: 57.36183pt x 23.03506pt.
 [2]
LaTeX Font Info:    Font shape `T1/fca/m/it' in size <10.95> not available
(Font)              Font shape `T1/fca/m/sl' tried instead on input line 87.
File: ../../team404_small.jpg Graphic file (type jpg)

<use ../../team404_small.jpg>
Package pdftex.def Info: ../../team404_small.jpg used on input line 89.
(pdftex.def)             Requested size: 57.36183pt x 23.03506pt.
pdfTeX warning (ext4): destination with the same identifier (name{page.1}) has 
been already used, duplicate ignored
<to be read again> 
                   \relax 
l.89 	\newpage
               [1]
LaTeX Font Info:    Font shape `T1/fca/bx/n' in size <12> not available
(Font)              Font shape `T1/fca/b/n' tried instead on input line 91.
LaTeX Font Info:    Font shape `T1/fca/bx/n' in size <8> not available
(Font)              Font shape `T1/fca/b/n' tried instead on input line 95.
LaTeX Font Info:    External font `cmex10' loaded for size
(Font)              <5> on input line 95.
LaTeX Font Info:    Font shape `T1/fca/bx/n' in size <6> not available
(Font)              Font shape `T1/fca/b/n' tried instead on input line 95.
LaTeX Font Info:    Try loading font information for TS1+fca on input line 104.

 ("C:\Program Files\MiKTeX 2.9\tex\latex\cantarell\ts1fca.fd"
File: ts1fca.fd 2012/06/11 Fontinst v1.933 font definitions for TS1/fca.
)
File: ../../team404_small.jpg Graphic file (type jpg)
 <use ../../team404_small.jpg>
Package pdftex.def Info: ../../team404_small.jpg used on input line 122.
(pdftex.def)             Requested size: 57.36183pt x 23.03506pt.
pdfTeX warning (ext4): destination with the same identifier (name{page.2}) has 
been already used, duplicate ignored
<to be read again> 
                   \relax 
l.122 	\newpage
                [2] (sezioni/view.tex
<../images/ViewPackage.png, id=430, 475.7775pt x 459.7175pt>
File: ../images/ViewPackage.png Graphic file (type png)

<use ../images/ViewPackage.png>
Package pdftex.def Info: ../images/ViewPackage.png used on input line 4.
(pdftex.def)             Requested size: 333.04196pt x 321.80005pt.
File: ../../team404_small.jpg Graphic file (type jpg)
 <use ../../team404_small.jpg>
Package pdftex.def Info: ../../team404_small.jpg used on input line 28.
(pdftex.def)             Requested size: 57.36183pt x 23.03506pt.
pdfTeX warning (ext4): destination with the same identifier (name{page.3}) has 
been already used, duplicate ignored
<to be read again> 
                   \relax 
l.28 \item V
            iew::Templates::quizCreationForm [3 <../images/ViewPackage.png>]
File: ../../team404_small.jpg Graphic file (type jpg)

<use ../../team404_small.jpg>
Package pdftex.def Info: ../../team404_small.jpg used on input line 32.
(pdftex.def)             Requested size: 57.36183pt x 23.03506pt.
pdfTeX warning (ext4): destination with the same identifier (name{page.4}) has 
been already used, duplicate ignored
<to be read again> 
                   \relax 
l.32 \newpage
              [4]
Underfull \hbox (badness 10000) in paragraph at lines 37--38

 []


Underfull \hbox (badness 10000) in paragraph at lines 38--39

 []


Underfull \hbox (badness 10000) in paragraph at lines 42--43

 []


Underfull \hbox (badness 10000) in paragraph at lines 43--44

 []


Underfull \hbox (badness 10000) in paragraph at lines 47--48

 []


Underfull \hbox (badness 10000) in paragraph at lines 48--49

 []


Underfull \hbox (badness 10000) in paragraph at lines 52--53

 []


Underfull \hbox (badness 10000) in paragraph at lines 53--54

 []


Underfull \hbox (badness 10000) in paragraph at lines 57--58

 []


Underfull \hbox (badness 10000) in paragraph at lines 58--59

 []


Underfull \hbox (badness 10000) in paragraph at lines 62--63

 []


Underfull \hbox (badness 10000) in paragraph at lines 63--64

 []


Underfull \hbox (badness 10000) in paragraph at lines 67--68

 []

File: ../../team404_small.jpg Graphic file (type jpg)
<use ../../team404_small.jpg>
Package pdftex.def Info: ../../team404_small.jpg used on input line 68.
(pdftex.def)             Requested size: 57.36183pt x 23.03506pt.
 [5]
Underfull \hbox (badness 10000) in paragraph at lines 68--69

 []


Underfull \hbox (badness 10000) in paragraph at lines 72--73

 []


Underfull \hbox (badness 10000) in paragraph at lines 73--74

 []


Underfull \hbox (badness 10000) in paragraph at lines 77--78

 []


Underfull \hbox (badness 10000) in paragraph at lines 78--79

 []


Underfull \hbox (badness 10000) in paragraph at lines 82--83

 []


Underfull \hbox (badness 10000) in paragraph at lines 83--84

 []


Underfull \hbox (badness 10000) in paragraph at lines 87--88

 []


Underfull \hbox (badness 10000) in paragraph at lines 88--89

 []


Underfull \hbox (badness 10000) in paragraph at lines 92--93

 []


Underfull \hbox (badness 10000) in paragraph at lines 93--94

 []


Underfull \hbox (badness 10000) in paragraph at lines 97--98

 []


Underfull \hbox (badness 10000) in paragraph at lines 98--99

 []

File: ../../team404_small.jpg Graphic file (type jpg)
<use ../../team404_small.jpg>
Package pdftex.def Info: ../../team404_small.jpg used on input line 99.
(pdftex.def)             Requested size: 57.36183pt x 23.03506pt.
 [6]
Underfull \hbox (badness 10000) in paragraph at lines 102--103

 []


Underfull \hbox (badness 10000) in paragraph at lines 103--104

 []

)
File: ../../team404_small.jpg Graphic file (type jpg)
 <use ../../team404_small.jpg>
Package pdftex.def Info: ../../team404_small.jpg used on input line 124.
(pdftex.def)             Requested size: 57.36183pt x 23.03506pt.
 [7] (sezioni/model.tex
<../images/ModelPackage.jpg, id=458, 1051.93pt x 449.68pt>
File: ../images/ModelPackage.jpg Graphic file (type jpg)

<use ../images/ModelPackage.jpg>
Package pdftex.def Info: ../images/ModelPackage.jpg used on input line 3.
(pdftex.def)             Requested size: 420.76454pt x 179.8688pt.

<../images/Model/Database/QuizManager.png, id=459, 668.4975pt x 168.63pt>
File: ../images/Model/Database/QuizManager.png Graphic file (type png)

<use ../images/Model/Database/QuizManager.png>
Package pdftex.def Info: ../images/Model/Database/QuizManager.png used on input
 line 10.
(pdftex.def)             Requested size: 267.39426pt x 67.45079pt.

Underfull \hbox (badness 10000) in paragraph at lines 18--19

 []


Underfull \hbox (badness 10000) in paragraph at lines 19--20

 []


Underfull \hbox (badness 10000) in paragraph at lines 26--27

 []


Underfull \hbox (badness 10000) in paragraph at lines 27--28

 []


Underfull \hbox (badness 10000) in paragraph at lines 28--29

 []


Underfull \hbox (badness 10000) in paragraph at lines 29--30

 []

File: ../../team404_small.jpg Graphic file (type jpg)
<use ../../team404_small.jpg>
Package pdftex.def Info: ../../team404_small.jpg used on input line 30.
(pdftex.def)             Requested size: 57.36183pt x 23.03506pt.
 [8 <../images/ModelPackage.jpg> <../images/Model/Database/QuizManager.png>]
Underfull \hbox (badness 10000) in paragraph at lines 30--31

 []


Underfull \hbox (badness 10000) in paragraph at lines 31--34

 []


Underfull \hbox (badness 10000) in paragraph at lines 38--39

 []


Underfull \hbox (badness 10000) in paragraph at lines 39--40

 []


Underfull \hbox (badness 10000) in paragraph at lines 40--41

 []


Underfull \hbox (badness 10000) in paragraph at lines 41--42

 []


Underfull \hbox (badness 10000) in paragraph at lines 42--45

 []


Underfull \hbox (badness 10000) in paragraph at lines 49--52

 []

File: ../../team404_small.jpg Graphic file (type jpg)
<use ../../team404_small.jpg>
Package pdftex.def Info: ../../team404_small.jpg used on input line 55.
(pdftex.def)             Requested size: 57.36183pt x 23.03506pt.
 [9]
<../images/Model/Database/QuestionManager.png, id=473, 505.89pt x 202.7575pt>
File: ../images/Model/Database/QuestionManager.png Graphic file (type png)

<use ../images/Model/Database/QuestionManager.png>
Package pdftex.def Info: ../images/Model/Database/QuestionManager.png used on i
nput line 60.
(pdftex.def)             Requested size: 202.3524pt x 81.10156pt.

Underfull \hbox (badness 10000) in paragraph at lines 68--69

 []


Underfull \hbox (badness 10000) in paragraph at lines 69--70

 []


Underfull \hbox (badness 10000) in paragraph at lines 70--71

 []


Underfull \hbox (badness 10000) in paragraph at lines 77--78

 []


Underfull \hbox (badness 10000) in paragraph at lines 78--81

 []


Underfull \hbox (badness 10000) in paragraph at lines 85--86

 []


Underfull \hbox (badness 10000) in paragraph at lines 86--87

 []


Underfull \hbox (badness 10000) in paragraph at lines 87--90

 []


Underfull \hbox (badness 10000) in paragraph at lines 94--97

 []

File: ../../team404_small.jpg Graphic file (type jpg)
<use ../../team404_small.jpg>
Package pdftex.def Info: ../../team404_small.jpg used on input line 97.
(pdftex.def)             Requested size: 57.36183pt x 23.03506pt.
 [10 <../images/Model/Database/QuestionManager.png>]
File: ../../team404_small.jpg Graphic file (type jpg)
 <use ../../team404_small.jpg>
Package pdftex.def Info: ../../team404_small.jpg used on input line 100.
(pdftex.def)             Requested size: 57.36183pt x 23.03506pt.
 [11]
<../images/Model/Database/Search.png, id=486, 270.00874pt x 164.615pt>
File: ../images/Model/Database/Search.png Graphic file (type png)

<use ../images/Model/Database/Search.png>
Package pdftex.def Info: ../images/Model/Database/Search.png used on input line
 105.
(pdftex.def)             Requested size: 162.00648pt x 98.76976pt.

Underfull \hbox (badness 10000) in paragraph at lines 113--114

 []


Underfull \hbox (badness 10000) in paragraph at lines 114--115

 []


Underfull \hbox (badness 10000) in paragraph at lines 121--124

 []


Underfull \hbox (badness 10000) in paragraph at lines 128--131

 []

File: ../../team404_small.jpg Graphic file (type jpg)
<use ../../team404_small.jpg>
Package pdftex.def Info: ../../team404_small.jpg used on input line 134.
(pdftex.def)             Requested size: 57.36183pt x 23.03506pt.
 [12 <../images/Model/Database/Search.png>]
<../images/Model/Parser/Parser.png, id=494, 266.9975pt x 217.81375pt>
File: ../images/Model/Parser/Parser.png Graphic file (type png)

<use ../images/Model/Parser/Parser.png>
Package pdftex.def Info: ../images/Model/Parser/Parser.png used on input line 1
40.
(pdftex.def)             Requested size: 160.19972pt x 130.68924pt.

Underfull \hbox (badness 10000) in paragraph at lines 148--149

 []


Underfull \hbox (badness 10000) in paragraph at lines 150--153

 []

LaTeX Font Info:    Font shape `T1/cmtt/bx/n' in size <9> not available
(Font)              Font shape `T1/cmtt/m/n' tried instead on input line 154.
File: ../../team404_small.jpg Graphic file (type jpg)
<use ../../team404_small.jpg>
Package pdftex.def Info: ../../team404_small.jpg used on input line 165.
(pdftex.def)             Requested size: 57.36183pt x 23.03506pt.
 [13 <../images/Model/Parser/Parser.png>]
Underfull \hbox (badness 10000) in paragraph at lines 171--173

 []


Underfull \hbox (badness 10000) in paragraph at lines 174--175

 []


Underfull \hbox (badness 10000) in paragraph at lines 177--179

 []


Underfull \hbox (badness 10000) in paragraph at lines 180--182

 []


Underfull \hbox (badness 10000) in paragraph at lines 183--185

 []


Underfull \hbox (badness 10000) in paragraph at lines 186--187

 []


Underfull \hbox (badness 10000) in paragraph at lines 188--190

 []


Underfull \hbox (badness 10000) in paragraph at lines 191--193

 []


Underfull \hbox (badness 10000) in paragraph at lines 194--196

 []

File: ../../team404_small.jpg Graphic file (type jpg)
<use ../../team404_small.jpg>
Package pdftex.def Info: ../../team404_small.jpg used on input line 198.
(pdftex.def)             Requested size: 57.36183pt x 23.03506pt.
 [14]
Underfull \hbox (badness 10000) in paragraph at lines 215--216

 []


Underfull \hbox (badness 10000) in paragraph at lines 218--219

 []


Underfull \hbox (badness 10000) in paragraph at lines 220--221

 []


Underfull \hbox (badness 10000) in paragraph at lines 222--224

 []


Underfull \hbox (badness 10000) in paragraph at lines 226--227

 []


Underfull \hbox (badness 10000) in paragraph at lines 228--230

 []


Underfull \hbox (badness 10000) in paragraph at lines 231--235

 []


Underfull \hbox (badness 10000) in paragraph at lines 236--240

 []

File: ../../team404_small.jpg Graphic file (type jpg)
<use ../../team404_small.jpg>
Package pdftex.def Info: ../../team404_small.jpg used on input line 240.
(pdftex.def)             Requested size: 57.36183pt x 23.03506pt.
 [15]
Underfull \hbox (badness 10000) in paragraph at lines 241--245

 []

File: ../../team404_small.jpg Graphic file (type jpg)
<use ../../team404_small.jpg>
Package pdftex.def Info: ../../team404_small.jpg used on input line 251.
(pdftex.def)             Requested size: 57.36183pt x 23.03506pt.
 [16]
Underfull \hbox (badness 10000) in paragraph at lines 255--256

 []


Underfull \hbox (badness 10000) in paragraph at lines 264--265

 []

File: ../../team404_small.jpg Graphic file (type jpg)
<use ../../team404_small.jpg>
Package pdftex.def Info: ../../team404_small.jpg used on input line 313.
(pdftex.def)             Requested size: 57.36183pt x 23.03506pt.
 [17]
<../images/Model/Statistics/Statistics.png, id=582, 724.7075pt x 194.7275pt>
File: ../images/Model/Statistics/Statistics.png Graphic file (type png)

<use ../images/Model/Statistics/Statistics.png>
Package pdftex.def Info: ../images/Model/Statistics/Statistics.png used on inpu
t line 319.
(pdftex.def)             Requested size: 434.82785pt x 116.83739pt.

Underfull \hbox (badness 10000) in paragraph at lines 327--328

 []


Underfull \hbox (badness 10000) in paragraph at lines 328--329

 []


Underfull \hbox (badness 10000) in paragraph at lines 335--336

 []


Underfull \hbox (badness 10000) in paragraph at lines 336--339

 []


Underfull \hbox (badness 10000) in paragraph at lines 343--344

 []


Underfull \hbox (badness 10000) in paragraph at lines 344--345

 []


Underfull \hbox (badness 10000) in paragraph at lines 345--348

 []


Underfull \hbox (badness 10000) in paragraph at lines 352--353

 []

File: ../../team404_small.jpg Graphic file (type jpg)
<use ../../team404_small.jpg>
Package pdftex.def Info: ../../team404_small.jpg used on input line 353.
(pdftex.def)             Requested size: 57.36183pt x 23.03506pt.
 [18 <../images/Model/Statistics/Statistics.png>]
Underfull \hbox (badness 10000) in paragraph at lines 353--356

 []

File: ../../team404_small.jpg Graphic file (type jpg)
<use ../../team404_small.jpg>
Package pdftex.def Info: ../../team404_small.jpg used on input line 359.
(pdftex.def)             Requested size: 57.36183pt x 23.03506pt.
 [19]
<../images/Model/Publishers/QuizPublisher.png, id=596, 223.83624pt x 160.6pt>
File: ../images/Model/Publishers/QuizPublisher.png Graphic file (type png)

<use ../images/Model/Publishers/QuizPublisher.png>
Package pdftex.def Info: ../images/Model/Publishers/QuizPublisher.png used on i
nput line 365.
(pdftex.def)             Requested size: 134.30278pt x 96.36073pt.

Underfull \hbox (badness 10000) in paragraph at lines 370--371

 []


Underfull \hbox (badness 10000) in paragraph at lines 373--376

 []

File: ../../team404_small.jpg Graphic file (type jpg)
<use ../../team404_small.jpg>
Package pdftex.def Info: ../../team404_small.jpg used on input line 378.
(pdftex.def)             Requested size: 57.36183pt x 23.03506pt.
 [20 <../images/Model/Publishers/QuizPublisher.png>]
<../images/Model/Publishers/QuestionPublisher.png, id=604, 221.82875pt x 157.58
875pt>
File: ../images/Model/Publishers/QuestionPublisher.png Graphic file (type png)
 <use ../images/Model/Publishers/QuestionPublisher.png>
Package pdftex.def Info: ../images/Model/Publishers/QuestionPublisher.png used 
on input line 383.
(pdftex.def)             Requested size: 133.09825pt x 94.55397pt.

Underfull \hbox (badness 10000) in paragraph at lines 388--389

 []


Underfull \hbox (badness 10000) in paragraph at lines 391--394

 []

)
File: ../../team404_small.jpg Graphic file (type jpg)
 <use ../../team404_small.jpg>
Package pdftex.def Info: ../../team404_small.jpg used on input line 126.
(pdftex.def)             Requested size: 57.36183pt x 23.03506pt.
 [21 <../images/Model/Publishers/QuestionPublisher.png>] (sezioni/viewmodel.tex

<../images/ViewModelPackage.png, id=612, 740.7675pt x 283.0575pt>
File: ../images/ViewModelPackage.png Graphic file (type png)

<use ../images/ViewModelPackage.png>
Package pdftex.def Info: ../images/ViewModelPackage.png used on input line 4.
(pdftex.def)             Requested size: 518.5337pt x 198.13889pt.

Overfull \hbox (63.2896pt too wide) in paragraph at lines 4--5
 [] 
 []


<../images/ViewModel/Subscribers/QuestionsSubscriber.png, id=613, 274.02374pt x
 174.6525pt>
File: ../images/ViewModel/Subscribers/QuestionsSubscriber.png Graphic file (typ
e png)
 <use ../images/ViewModel/Subscribers/QuestionsSubscriber.png>
Package pdftex.def Info: ../images/ViewModel/Subscribers/QuestionsSubscriber.pn
g used on input line 12.
(pdftex.def)             Requested size: 109.60754pt x 69.85976pt.

Underfull \hbox (badness 10000) in paragraph at lines 24--25

 []


Underfull \hbox (badness 10000) in paragraph at lines 28--31

 []

File: ../../team404_small.jpg Graphic file (type jpg)
<use ../../team404_small.jpg>
Package pdftex.def Info: ../../team404_small.jpg used on input line 35.
(pdftex.def)             Requested size: 57.36183pt x 23.03506pt.
 [22 <../images/ViewModelPackage.png> <../images/ViewModel/Subscribers/Question
sSubscriber.png>]
Underfull \hbox (badness 10000) in paragraph at lines 36--37

 []

File: ../../team404_small.jpg Graphic file (type jpg)
<use ../../team404_small.jpg>
Package pdftex.def Info: ../../team404_small.jpg used on input line 40.
(pdftex.def)             Requested size: 57.36183pt x 23.03506pt.
 [23]
<../images/ViewModel/Subscribers/QuizSubscriber.png, id=628, 282.05376pt x 182.
6825pt>
File: ../images/ViewModel/Subscribers/QuizSubscriber.png Graphic file (type png
)
 <use ../images/ViewModel/Subscribers/QuizSubscriber.png>
Package pdftex.def Info: ../images/ViewModel/Subscribers/QuizSubscriber.png use
d on input line 45.
(pdftex.def)             Requested size: 112.81949pt x 73.07169pt.

Underfull \hbox (badness 10000) in paragraph at lines 57--58

 []


Underfull \hbox (badness 10000) in paragraph at lines 61--64

 []


Underfull \hbox (badness 10000) in paragraph at lines 69--70

 []

File: ../../team404_small.jpg Graphic file (type jpg)
<use ../../team404_small.jpg>
Package pdftex.def Info: ../../team404_small.jpg used on input line 73.
(pdftex.def)             Requested size: 57.36183pt x 23.03506pt.
 [24 <../images/ViewModel/Subscribers/QuizSubscriber.png>]
<../images/ViewModel/Methods/QuestionMethods.png, id=636, 379.4175pt x 162.6075
pt>
File: ../images/ViewModel/Methods/QuestionMethods.png Graphic file (type png)
 <use ../images/ViewModel/Methods/QuestionMethods.png>
Package pdftex.def Info: ../images/ViewModel/Methods/QuestionMethods.png used o
n input line 79.
(pdftex.def)             Requested size: 151.7643pt x 65.04184pt.

Underfull \hbox (badness 10000) in paragraph at lines 92--93

 []


Underfull \hbox (badness 10000) in paragraph at lines 101--102

 []


Underfull \hbox (badness 10000) in paragraph at lines 102--103

 []


Underfull \hbox (badness 10000) in paragraph at lines 109--110

 []

File: ../../team404_small.jpg Graphic file (type jpg)
<use ../../team404_small.jpg>
Package pdftex.def Info: ../../team404_small.jpg used on input line 113.
(pdftex.def)             Requested size: 57.36183pt x 23.03506pt.
 [25 <../images/ViewModel/Methods/QuestionMethods.png>]
<../images/ViewModel/Methods/QuizMethods.png, id=645, 612.2875pt x 154.5775pt>
File: ../images/ViewModel/Methods/QuizMethods.png Graphic file (type png)

<use ../images/ViewModel/Methods/QuizMethods.png>
Package pdftex.def Info: ../images/ViewModel/Methods/QuizMethods.png used on in
put line 118.
(pdftex.def)             Requested size: 244.91066pt x 61.8299pt.

Underfull \hbox (badness 10000) in paragraph at lines 130--131

 []


Underfull \hbox (badness 10000) in paragraph at lines 139--140

 []


Underfull \hbox (badness 10000) in paragraph at lines 140--141

 []


Underfull \hbox (badness 10000) in paragraph at lines 141--142

 []


Underfull \hbox (badness 10000) in paragraph at lines 142--143

 []


Underfull \hbox (badness 10000) in paragraph at lines 143--144

 []


Underfull \hbox (badness 10000) in paragraph at lines 150--151

 []

File: ../../team404_small.jpg Graphic file (type jpg)
<use ../../team404_small.jpg>
Package pdftex.def Info: ../../team404_small.jpg used on input line 154.
(pdftex.def)             Requested size: 57.36183pt x 23.03506pt.
 [26 <../images/ViewModel/Methods/QuizMethods.png>]
<../images/ViewModel/Methods/UserMethods.png, id=653, 275.0275pt x 202.7575pt>
File: ../images/ViewModel/Methods/UserMethods.png Graphic file (type png)

<use ../images/ViewModel/Methods/UserMethods.png>
Package pdftex.def Info: ../images/ViewModel/Methods/UserMethods.png used on in
put line 159.
(pdftex.def)             Requested size: 110.00905pt x 81.10156pt.

Underfull \hbox (badness 10000) in paragraph at lines 166--167

 []


Underfull \hbox (badness 10000) in paragraph at lines 175--176

 []


Underfull \hbox (badness 10000) in paragraph at lines 182--183

 []

File: ../../team404_small.jpg Graphic file (type jpg)
<use ../../team404_small.jpg>
Package pdftex.def Info: ../../team404_small.jpg used on input line 186.
(pdftex.def)             Requested size: 57.36183pt x 23.03506pt.
 [27 <../images/ViewModel/Methods/UserMethods.png>]
Underfull \hbox (badness 10000) in paragraph at lines 192--193

 []


<../images/ViewModel/Interpreter/InterpreterFactory.png, id=661, 232.87pt x 149
.55875pt>
File: ../images/ViewModel/Interpreter/InterpreterFactory.png Graphic file (type
 png)
 <use ../images/ViewModel/Interpreter/InterpreterFactory.png>
Package pdftex.def Info: ../images/ViewModel/Interpreter/InterpreterFactory.png
 used on input line 197.
(pdftex.def)             Requested size: 93.14633pt x 59.82243pt.

Underfull \hbox (badness 10000) in paragraph at lines 202--203

 []


Underfull \hbox (badness 10000) in paragraph at lines 206--209

 []


<../images/ViewModel/Interpreter/QMLInterpreterFactory.png, id=662, 318.18875pt
 x 187.70125pt>
File: ../images/ViewModel/Interpreter/QMLInterpreterFactory.png Graphic file (t
ype png)

<use ../images/ViewModel/Interpreter/QMLInterpreterFactory.png>
Package pdftex.def Info: ../images/ViewModel/Interpreter/QMLInterpreterFactory.
png used on input line 215.
(pdftex.def)             Requested size: 127.27324pt x 75.07916pt.

Underfull \hbox (badness 10000) in paragraph at lines 220--221

 []


Underfull \hbox (badness 10000) in paragraph at lines 223--224

 []

File: ../../team404_small.jpg Graphic file (type jpg)
<use ../../team404_small.jpg>
Package pdftex.def Info: ../../team404_small.jpg used on input line 224.
(pdftex.def)             Requested size: 57.36183pt x 23.03506pt.
 [28 <../images/ViewModel/Interpreter/InterpreterFactory.png> <../images/ViewMo
del/Interpreter/QMLInterpreterFactory.png>]
Underfull \hbox (badness 10000) in paragraph at lines 227--228

 []


Overfull \hbox (4.52538pt too wide) in paragraph at lines 228--231
[]\T1/cmtt/m/n/10.95 + getInstance(): QMLInterpreterFactory\T1/fca/m/n/10.95 : 
me-to-do che ri-tor-na l'u-ni-ca istan-za del-
 []


Underfull \hbox (badness 10000) in paragraph at lines 228--231

 []


Underfull \hbox (badness 10000) in paragraph at lines 231--234

 []


<../images/ViewModel/Interpreter/QMLInterpreter.png, id=672, 291.0875pt x 178.6
675pt>
File: ../images/ViewModel/Interpreter/QMLInterpreter.png Graphic file (type png
)
 <use ../images/ViewModel/Interpreter/QMLInterpreter.png>
Package pdftex.def Info: ../images/ViewModel/Interpreter/QMLInterpreter.png use
d on input line 240.
(pdftex.def)             Requested size: 116.43292pt x 71.46573pt.

Overfull \hbox (16.48106pt too wide) in paragraph at lines 245--246
[]\T1/fca/b/n/10.95 Relazione d'u-so con al-tre com-po-nen-ti\T1/fca/m/n/10.95 
:  sot-to-ti-po di View-Mo-del::Interpreter::Interpreter.
 []


Underfull \hbox (badness 10000) in paragraph at lines 245--246

 []


Underfull \hbox (badness 10000) in paragraph at lines 249--253

 []


Underfull \hbox (badness 10000) in paragraph at lines 254--255

 []


<../images/ViewModel/Interpreter/QML2HTMLInterpreter.png, id=673, 326.21875pt x
 297.11pt>
File: ../images/ViewModel/Interpreter/QML2HTMLInterpreter.png Graphic file (typ
e png)
 <use ../images/ViewModel/Interpreter/QML2HTMLInterpreter.png>
Package pdftex.def Info: ../images/ViewModel/Interpreter/QML2HTMLInterpreter.pn
g used on input line 262.
(pdftex.def)             Requested size: 130.48518pt x 118.84189pt.


LaTeX Warning: `!h' float specifier changed to `!ht'.


Underfull \hbox (badness 10000) in paragraph at lines 267--268

 []

File: ../../team404_small.jpg Graphic file (type jpg)
<use ../../team404_small.jpg>
Package pdftex.def Info: ../../team404_small.jpg used on input line 268.
(pdftex.def)             Requested size: 57.36183pt x 23.03506pt.
 [29 <../images/ViewModel/Interpreter/QMLInterpreter.png>]
Underfull \hbox (badness 10000) in paragraph at lines 274--276

 []


Underfull \hbox (badness 10000) in paragraph at lines 277--279

 []


Underfull \hbox (badness 10000) in paragraph at lines 279--283

 []


Underfull \hbox (badness 10000) in paragraph at lines 279--283

 []


Underfull \hbox (badness 10000) in paragraph at lines 284--288

 []


Underfull \hbox (badness 10000) in paragraph at lines 284--288

 []


Underfull \hbox (badness 10000) in paragraph at lines 289--293

 []


Underfull \hbox (badness 10000) in paragraph at lines 289--293

 []

File: ../../team404_small.jpg Graphic file (type jpg)
<use ../../team404_small.jpg>
Package pdftex.def Info: ../../team404_small.jpg used on input line 293.
(pdftex.def)             Requested size: 57.36183pt x 23.03506pt.
 [30 <../images/ViewModel/Interpreter/QML2HTMLInterpreter.png>]
Underfull \hbox (badness 10000) in paragraph at lines 294--298

 []


Underfull \hbox (badness 10000) in paragraph at lines 294--298

 []


Underfull \hbox (badness 10000) in paragraph at lines 303--305

 []


Underfull \hbox (badness 10000) in paragraph at lines 306--308

 []


Underfull \hbox (badness 10000) in paragraph at lines 308--312

 []


Underfull \hbox (badness 10000) in paragraph at lines 313--317

 []


Underfull \hbox (badness 10000) in paragraph at lines 318--322

 []

File: ../../team404_small.jpg Graphic file (type jpg)
<use ../../team404_small.jpg>
Package pdftex.def Info: ../../team404_small.jpg used on input line 322.
(pdftex.def)             Requested size: 57.36183pt x 23.03506pt.
 [31]
Underfull \hbox (badness 10000) in paragraph at lines 323--327

 []


Underfull \hbox (badness 10000) in paragraph at lines 328--332

 []

File: ../../team404_small.jpg Graphic file (type jpg)
<use ../../team404_small.jpg>
Package pdftex.def Info: ../../team404_small.jpg used on input line 335.
(pdftex.def)             Requested size: 57.36183pt x 23.03506pt.
 [32]
<../images/ViewModel/Router/Router.png, id=699, 377.41pt x 202.7575pt>
File: ../images/ViewModel/Router/Router.png Graphic file (type png)

<use ../images/ViewModel/Router/Router.png>
Package pdftex.def Info: ../images/ViewModel/Router/Router.png used on input li
ne 341.
(pdftex.def)             Requested size: 150.96132pt x 81.10156pt.

Underfull \hbox (badness 10000) in paragraph at lines 348--349

 []


Overfull \hbox (1.07611pt too wide) in paragraph at lines 349--350
[]\T1/cmtt/m/n/10.95 $urlRouterProvider: $urlRouterProvider\T1/fca/m/n/10.95 : 
mo-du-lo del pac-ka-ge ui-router per de-
 []


Underfull \hbox (badness 10000) in paragraph at lines 349--350

 []


Underfull \hbox (badness 10000) in paragraph at lines 350--351

 []


Underfull \hbox (badness 10000) in paragraph at lines 354--357

 []


Overfull \hbox (14.38388pt too wide) in paragraph at lines 362--363
[]\T1/cmtt/m/n/10.95 state: String\T1/fca/m/n/10.95 : il no-me del-lo sta-to ra
p-pre-sen-ta-to dal-l'as-so-cia-zio-ne Url-Template 
 []


Underfull \hbox (badness 10000) in paragraph at lines 362--363

 []


Underfull \hbox (badness 10000) in paragraph at lines 363--364

 []


Underfull \hbox (badness 10000) in paragraph at lines 364--365

 []

File: ../../team404_small.jpg Graphic file (type jpg)
<use ../../team404_small.jpg>
Package pdftex.def Info: ../../team404_small.jpg used on input line 368.
(pdftex.def)             Requested size: 57.36183pt x 23.03506pt.
 [33 <../images/ViewModel/Router/Router.png>]
<../images/ViewModel/Controller/QuestionList.png, id=707, 313.17pt x 207.77625p
t>
File: ../images/ViewModel/Controller/QuestionList.png Graphic file (type png)
 <use ../images/ViewModel/Controller/QuestionList.png>
Package pdftex.def Info: ../images/ViewModel/Controller/QuestionList.png used o
n input line 374.
(pdftex.def)             Requested size: 187.90344pt x 124.6667pt.

Underfull \hbox (badness 10000) in paragraph at lines 389--390

 []


Underfull \hbox (badness 10000) in paragraph at lines 390--391

 []


Underfull \hbox (badness 10000) in paragraph at lines 391--392

 []


Underfull \hbox (badness 10000) in paragraph at lines 395--396

 []


Underfull \hbox (badness 10000) in paragraph at lines 397--398

 []

File: ../../team404_small.jpg Graphic file (type jpg)
<use ../../team404_small.jpg>
Package pdftex.def Info: ../../team404_small.jpg used on input line 400.
(pdftex.def)             Requested size: 57.36183pt x 23.03506pt.
 [34 <../images/ViewModel/Controller/QuestionList.png>]
<../images/ViewModel/Controller/Question.png, id=715, 271.0125pt x 204.765pt>
File: ../images/ViewModel/Controller/Question.png Graphic file (type png)

<use ../images/ViewModel/Controller/Question.png>
Package pdftex.def Info: ../images/ViewModel/Controller/Question.png used on in
put line 405.
(pdftex.def)             Requested size: 162.60875pt x 122.85992pt.

Underfull \hbox (badness 10000) in paragraph at lines 418--419

 []


Underfull \hbox (badness 10000) in paragraph at lines 420--421

 []

File: ../../team404_small.jpg Graphic file (type jpg)
<use ../../team404_small.jpg>
Package pdftex.def Info: ../../team404_small.jpg used on input line 425.
(pdftex.def)             Requested size: 57.36183pt x 23.03506pt.
 [35 <../images/ViewModel/Controller/Question.png>]
<../images/ViewModel/Controller/QuizList.png, id=723, 280.04625pt x 251.94125pt
>
File: ../images/ViewModel/Controller/QuizList.png Graphic file (type png)
 <use ../images/ViewModel/Controller/QuizList.png>
Package pdftex.def Info: ../images/ViewModel/Controller/QuizList.png used on in
put line 430.
(pdftex.def)             Requested size: 168.02904pt x 151.16591pt.

Underfull \hbox (badness 10000) in paragraph at lines 445--446

 []


Underfull \hbox (badness 10000) in paragraph at lines 446--447

 []


Underfull \hbox (badness 10000) in paragraph at lines 447--448

 []


Underfull \hbox (badness 10000) in paragraph at lines 448--449

 []


Underfull \hbox (badness 10000) in paragraph at lines 449--450

 []


Underfull \hbox (badness 10000) in paragraph at lines 450--451

 []


Underfull \hbox (badness 10000) in paragraph at lines 451--452

 []


Underfull \hbox (badness 10000) in paragraph at lines 452--453

 []

File: ../../team404_small.jpg Graphic file (type jpg)
<use ../../team404_small.jpg>
Package pdftex.def Info: ../../team404_small.jpg used on input line 455.
(pdftex.def)             Requested size: 57.36183pt x 23.03506pt.
 [36 <../images/ViewModel/Controller/QuizList.png>] <../images/ViewModel/Contro
ller/Quiz.png, id=731, 219.82124pt x 183.68625pt>
File: ../images/ViewModel/Controller/Quiz.png Graphic file (type png)

<use ../images/ViewModel/Controller/Quiz.png>
Package pdftex.def Info: ../images/ViewModel/Controller/Quiz.png used on input 
line 460.
(pdftex.def)             Requested size: 131.89375pt x 110.21259pt.

Underfull \hbox (badness 10000) in paragraph at lines 474--475

 []


Underfull \hbox (badness 10000) in paragraph at lines 476--477

 []

File: ../../team404_small.jpg Graphic file (type jpg)
<use ../../team404_small.jpg>
Package pdftex.def Info: ../../team404_small.jpg used on input line 481.
(pdftex.def)             Requested size: 57.36183pt x 23.03506pt.
 [37 <../images/ViewModel/Controller/Quiz.png>]
<../images/ViewModel/Controller/QuestionForm.png, id=740, 379.4175pt x 201.7537
5pt>
File: ../images/ViewModel/Controller/QuestionForm.png Graphic file (type png)
 <use ../images/ViewModel/Controller/QuestionForm.png>
Package pdftex.def Info: ../images/ViewModel/Controller/QuestionForm.png used o
n input line 486.
(pdftex.def)             Requested size: 227.65225pt x 121.05318pt.

Underfull \hbox (badness 10000) in paragraph at lines 493--494

 []


Underfull \hbox (badness 10000) in paragraph at lines 495--496

 []


Underfull \hbox (badness 10000) in paragraph at lines 501--502

 []


Underfull \hbox (badness 10000) in paragraph at lines 502--503

 []

File: ../../team404_small.jpg Graphic file (type jpg)
<use ../../team404_small.jpg>
Package pdftex.def Info: ../../team404_small.jpg used on input line 505.
(pdftex.def)             Requested size: 57.36183pt x 23.03506pt.
 [38 <../images/ViewModel/Controller/QuestionForm.png>]
<../images/ViewModel/Controller/QuizCreationForm.png, id=748, 405.515pt x 193.7
2375pt>
File: ../images/ViewModel/Controller/QuizCreationForm.png Graphic file (type pn
g)
 <use ../images/ViewModel/Controller/QuizCreationForm.png>
Package pdftex.def Info: ../images/ViewModel/Controller/QuizCreationForm.png us
ed on input line 510.
(pdftex.def)             Requested size: 243.31087pt x 116.23514pt.

Underfull \hbox (badness 10000) in paragraph at lines 522--523

 []


Underfull \hbox (badness 10000) in paragraph at lines 524--525

 []


Underfull \hbox (badness 10000) in paragraph at lines 528--529

 []


Underfull \hbox (badness 10000) in paragraph at lines 529--531

 []


Underfull \hbox (badness 10000) in paragraph at lines 531--532

 []

File: ../../team404_small.jpg Graphic file (type jpg)
<use ../../team404_small.jpg>
Package pdftex.def Info: ../../team404_small.jpg used on input line 534.
(pdftex.def)             Requested size: 57.36183pt x 23.03506pt.
 [39 <../images/ViewModel/Controller/QuizCreationForm.png>]
<../images/ViewModel/Controller/QuestionCompilation.png, id=756, 286.06876pt x 
170.6375pt>
File: ../images/ViewModel/Controller/QuestionCompilation.png Graphic file (type
 png)
 <use ../images/ViewModel/Controller/QuestionCompilation.png>
Package pdftex.def Info: ../images/ViewModel/Controller/QuestionCompilation.png
 used on input line 539.
(pdftex.def)             Requested size: 171.64258pt x 102.38327pt.

Underfull \hbox (badness 10000) in paragraph at lines 552--553

 []


Underfull \hbox (badness 10000) in paragraph at lines 554--555

 []

File: ../../team404_small.jpg Graphic file (type jpg)
<use ../../team404_small.jpg>
Package pdftex.def Info: ../../team404_small.jpg used on input line 557.
(pdftex.def)             Requested size: 57.36183pt x 23.03506pt.
 [40 <../images/ViewModel/Controller/QuestionCompilation.png>]
<../images/ViewModel/Controller/QuizResults.png, id=764, 207.77625pt x 175.6562
5pt>
File: ../images/ViewModel/Controller/QuizResults.png Graphic file (type png)
 <use ../images/ViewModel/Controller/QuizResults.png>
Package pdftex.def Info: ../images/ViewModel/Controller/QuizResults.png used on
 input line 562.
(pdftex.def)             Requested size: 124.6667pt x 105.39455pt.

Underfull \hbox (badness 10000) in paragraph at lines 575--576

 []


Underfull \hbox (badness 10000) in paragraph at lines 576--577

 []

File: ../../team404_small.jpg Graphic file (type jpg)
<use ../../team404_small.jpg>
Package pdftex.def Info: ../../team404_small.jpg used on input line 583.
(pdftex.def)             Requested size: 57.36183pt x 23.03506pt.
 [41 <../images/ViewModel/Controller/QuizResults.png>]
<../images/ViewModel/Controller/SearchForm.png, id=772, 234.8775pt x 210.7875pt
>
File: ../images/ViewModel/Controller/SearchForm.png Graphic file (type png)
 <use ../images/ViewModel/Controller/SearchForm.png>
Package pdftex.def Info: ../images/ViewModel/Controller/SearchForm.png used on 
input line 588.
(pdftex.def)             Requested size: 140.92758pt x 126.47346pt.

Underfull \hbox (badness 10000) in paragraph at lines 595--596

 []


Underfull \hbox (badness 10000) in paragraph at lines 597--598

 []


Underfull \hbox (badness 10000) in paragraph at lines 598--599

 []


Underfull \hbox (badness 10000) in paragraph at lines 602--603

 []


Underfull \hbox (badness 10000) in paragraph at lines 603--604

 []


Underfull \hbox (badness 10000) in paragraph at lines 604--605

 []

File: ../../team404_small.jpg Graphic file (type jpg)
<use ../../team404_small.jpg>
Package pdftex.def Info: ../../team404_small.jpg used on input line 607.
(pdftex.def)             Requested size: 57.36183pt x 23.03506pt.
 [42 <../images/ViewModel/Controller/SearchForm.png>]
<../images/ViewModel/Controller/NavBar.png, id=780, 175.65625pt x 146.5475pt>
File: ../images/ViewModel/Controller/NavBar.png Graphic file (type png)

<use ../images/ViewModel/Controller/NavBar.png>
Package pdftex.def Info: ../images/ViewModel/Controller/NavBar.png used on inpu
t line 612.
(pdftex.def)             Requested size: 105.39455pt x 87.92915pt.

Underfull \hbox (badness 10000) in paragraph at lines 623--624

 []


Underfull \hbox (badness 10000) in paragraph at lines 624--625

 []

File: ../../team404_small.jpg Graphic file (type jpg)
<use ../../team404_small.jpg>
Package pdftex.def Info: ../../team404_small.jpg used on input line 627.
(pdftex.def)             Requested size: 57.36183pt x 23.03506pt.
 [43 <../images/ViewModel/Controller/NavBar.png>]
File: ../../team404_small.jpg Graphic file (type jpg)

<use ../../team404_small.jpg>
Package pdftex.def Info: ../../team404_small.jpg used on input line 637.
(pdftex.def)             Requested size: 57.36183pt x 23.03506pt.
 [44]
<../images/ViewModel/Controller/UserProfile.png, id=794, 179.67125pt x 180.675p
t>
File: ../images/ViewModel/Controller/UserProfile.png Graphic file (type png)
 <use ../images/ViewModel/Controller/UserProfile.png>
Package pdftex.def Info: ../images/ViewModel/Controller/UserProfile.png used on
 input line 642.
(pdftex.def)             Requested size: 107.80356pt x 108.40582pt.

Underfull \hbox (badness 10000) in paragraph at lines 646--647

 []


Underfull \hbox (badness 10000) in paragraph at lines 657--658

 []


Underfull \hbox (badness 10000) in paragraph at lines 658--659

 []


Underfull \hbox (badness 10000) in paragraph at lines 662--663

 []


Underfull \hbox (badness 10000) in paragraph at lines 663--664

 []


Underfull \hbox (badness 10000) in paragraph at lines 664--665

 []

File: ../../team404_small.jpg Graphic file (type jpg)
<use ../../team404_small.jpg>
Package pdftex.def Info: ../../team404_small.jpg used on input line 667.
(pdftex.def)             Requested size: 57.36183pt x 23.03506pt.
 [45 <../images/ViewModel/Controller/UserProfile.png>]
File: ../../team404_small.jpg Graphic file (type jpg)
 <use ../../team404_small.jpg>
Package pdftex.def Info: ../../team404_small.jpg used on input line 678.
(pdftex.def)             Requested size: 57.36183pt x 23.03506pt.
 [46]
File: ../../team404_small.jpg Graphic file (type jpg)
 <use ../../team404_small.jpg>
Package pdftex.def Info: ../../team404_small.jpg used on input line 689.
(pdftex.def)             Requested size: 57.36183pt x 23.03506pt.
 [47]
<../images/ViewModel/Controller/QuizCompilation.png, id=812, 323.2075pt x 379.4
175pt>
File: ../images/ViewModel/Controller/QuizCompilation.png Graphic file (type png
)
 <use ../images/ViewModel/Controller/QuizCompilation.png>
Package pdftex.def Info: ../images/ViewModel/Controller/QuizCompilation.png use
d on input line 694.
(pdftex.def)             Requested size: 193.926pt x 227.65225pt.
File: ../../team404_small.jpg Graphic file (type jpg)

<use ../../team404_small.jpg>
Package pdftex.def Info: ../../team404_small.jpg used on input line 733.
(pdftex.def)             Requested size: 57.36183pt x 23.03506pt.
 [48 <../images/ViewModel/Controller/QuizCompilation.png>])
File: ../../team404_small.jpg Graphic file (type jpg)
 <use ../../team404_small.jpg>
Package pdftex.def Info: ../../team404_small.jpg used on input line 128.
(pdftex.def)             Requested size: 57.36183pt x 23.03506pt.
 [49] (sezioni/tracciamento.tex
Overfull \hbox (23.99998pt too wide) in alignment at lines 3--9
 [] [] 
 []


Overfull \hbox (23.99998pt too wide) in alignment at lines 9--13
 [] [] 
 []

LaTeX Font Info:    Font shape `T1/fca/m/it' in size <9> not available
(Font)              Font shape `T1/fca/m/sl' tried instead on input line 15.

Overfull \hbox (23.99998pt too wide) in alignment at lines 13--16
 [] [] 
 []


Overfull \hbox (23.99998pt too wide) in alignment at lines 16--19
 [] [] 
 []


Overfull \hbox (23.99998pt too wide) in alignment at lines 19--59
 [] [] 
 []


Overfull \hbox (23.99998pt too wide) in alignment at lines 59--92
 [] [] 
 []


Overfull \hbox (23.99998pt too wide) in alignment at lines 92--118
 [] [] 
 []

File: ../../team404_small.jpg Graphic file (type jpg)
<use ../../team404_small.jpg>
Package pdftex.def Info: ../../team404_small.jpg used on input line 118.
(pdftex.def)             Requested size: 57.36183pt x 23.03506pt.
 [50]
Overfull \hbox (23.99998pt too wide) in alignment at lines 118--138
 [] [] 
 []


Overfull \hbox (23.99998pt too wide) in alignment at lines 138--177
 [] [] 
 []


Overfull \hbox (23.99998pt too wide) in alignment at lines 177--222
 [] [] 
 []

File: ../../team404_small.jpg Graphic file (type jpg)
<use ../../team404_small.jpg>
Package pdftex.def Info: ../../team404_small.jpg used on input line 222.
(pdftex.def)             Requested size: 57.36183pt x 23.03506pt.
 [51]
Overfull \hbox (23.99998pt too wide) in alignment at lines 222--257
 [] [] 
 []

File: ../../team404_small.jpg Graphic file (type jpg)
<use ../../team404_small.jpg>
Package pdftex.def Info: ../../team404_small.jpg used on input line 257.
(pdftex.def)             Requested size: 57.36183pt x 23.03506pt.
 [52]
File: ../../team404_small.jpg Graphic file (type jpg)
 <use ../../team404_small.jpg>
Package pdftex.def Info: ../../team404_small.jpg used on input line 258.
(pdftex.def)             Requested size: 57.36183pt x 23.03506pt.
 [53]
Overfull \hbox (23.99998pt too wide) in alignment at lines 262--267
 [] [] 
 []


Overfull \hbox (23.99998pt too wide) in alignment at lines 267--271
 [] [] 
 []


Overfull \hbox (23.99998pt too wide) in alignment at lines 271--274
 [] [] 
 []


Overfull \hbox (23.99998pt too wide) in alignment at lines 274--277
 [] [] 
 []


Overfull \hbox (23.99998pt too wide) in alignment at lines 277--305
 [] [] 
 []


Overfull \hbox (23.99998pt too wide) in alignment at lines 305--329
 [] [] 
 []


Overfull \hbox (23.99998pt too wide) in alignment at lines 329--333
 [] [] 
 []

File: ../../team404_small.jpg Graphic file (type jpg)
<use ../../team404_small.jpg>
Package pdftex.def Info: ../../team404_small.jpg used on input line 333.
(pdftex.def)             Requested size: 57.36183pt x 23.03506pt.
 [54]) 
AED: lastpage setting LastPage
File: ../../team404_small.jpg Graphic file (type jpg)
<use ../../team404_small.jpg>
Package pdftex.def Info: ../../team404_small.jpg used on input line 130.
(pdftex.def)             Requested size: 57.36183pt x 23.03506pt.
 [55]
Package atveryend Info: Empty hook `BeforeClearDocument' on input line 130.
Package atveryend Info: Empty hook `AfterLastShipout' on input line 130.
 (definizione_di_prodotto_2.0.aux)
Package atveryend Info: Executing hook `AtVeryEndDocument' on input line 130.
Package atveryend Info: Executing hook `AtEndAfterFileList' on input line 130.
Package rerunfilecheck Info: File `definizione_di_prodotto_2.0.out' has not cha
nged.
(rerunfilecheck)             Checksum: C236A8FF5444EF8F7053A3C67DABA0A7;6110.
 ) 
Here is how much of TeX's memory you used:
 11517 strings out of 493698
 170465 string characters out of 3144408
 388344 words of memory out of 3000000
 14355 multiletter control sequences out of 15000+200000
 29369 words of font info for 85 fonts, out of 3000000 for 9000
 1025 hyphenation exceptions out of 8191
 38i,17n,47p,979b,1251s stack positions out of 5000i,500n,10000p,200000b,50000s
{C:/Program Files/MiKTeX 2.9/fonts/enc/dvips/cm-super/cm-super-t1.enc}{C:/Pro
gram Files/MiKTeX 2.9/fonts/enc/dvips/cantarell/cantarell-03.enc}{C:/Program Fi
les/MiKTeX 2.9/fonts/enc/dvips/cantarell/cantarell-01.enc}<C:/Program Files/MiK
TeX 2.9/fonts/type1/public/cantarell/Cantarell-Bold.pfb><C:/Program Files/MiKTe
X 2.9/fonts/type1/public/cantarell/Cantarell-Regular.pfb><C:/Program Files/MiKT
eX 2.9/fonts/type1/public/cantarell/Cantarell-Regular.pfb><C:/Program Files/MiK
TeX 2.9/fonts/type1/public/cm-super/sfit0900.pfb><C:/Program Files/MiKTeX 2.9/f
onts/type1/public/cm-super/sftt0900.pfb><C:/Program Files/MiKTeX 2.9/fonts/type
1/public/cm-super/sftt1095.pfb><C:/Program Files/MiKTeX 2.9/fonts/type1/public/
cm-super/sftt1440.pfb>
Output written on definizione_di_prodotto_2.0.pdf (61 pages, 818681 bytes).
PDF statistics:
 938 PDF objects out of 1000 (max. 8388607)
 224 named destinations out of 1000 (max. 500000)
 755 words of extra memory for PDF output out of 10000 (max. 10000000)

