\BOOKMARK [1][-]{section.1}{Introduzione}{}% 1
\BOOKMARK [2][-]{subsection.1.1}{Scopo del documento}{section.1}% 2
\BOOKMARK [2][-]{subsection.1.2}{Scopo del prodotto}{section.1}% 3
\BOOKMARK [2][-]{subsection.1.3}{Glossario}{section.1}% 4
\BOOKMARK [2][-]{subsection.1.4}{Riferimenti}{section.1}% 5
\BOOKMARK [3][-]{subsubsection.1.4.1}{Normativi}{subsection.1.4}% 6
\BOOKMARK [3][-]{subsubsection.1.4.2}{Informativi}{subsection.1.4}% 7
\BOOKMARK [1][-]{section.2}{Package View}{}% 8
\BOOKMARK [2][-]{subsection.2.1}{View::Quizzipedia}{section.2}% 9
\BOOKMARK [2][-]{subsection.2.2}{View::Templates}{section.2}% 10
\BOOKMARK [3][-]{subsubsection.2.2.1}{View::Templates::quizHome}{subsection.2.2}% 11
\BOOKMARK [3][-]{subsubsection.2.2.2}{View::Templates::quizList}{subsection.2.2}% 12
\BOOKMARK [3][-]{subsubsection.2.2.3}{View::Templates::quizResults}{subsection.2.2}% 13
\BOOKMARK [3][-]{subsubsection.2.2.4}{View::Templates::quizStatistics}{subsection.2.2}% 14
\BOOKMARK [3][-]{subsubsection.2.2.5}{View::Templates::searchForm}{subsection.2.2}% 15
\BOOKMARK [3][-]{subsubsection.2.2.6}{View::Templates::topbar}{subsection.2.2}% 16
\BOOKMARK [3][-]{subsubsection.2.2.7}{View::Templates::userProfile}{subsection.2.2}% 17
\BOOKMARK [3][-]{subsubsection.2.2.8}{View::Templates::navbar}{subsection.2.2}% 18
\BOOKMARK [3][-]{subsubsection.2.2.9}{View::Templates::question}{subsection.2.2}% 19
\BOOKMARK [3][-]{subsubsection.2.2.10}{View::Templates::questionForm}{subsection.2.2}% 20
\BOOKMARK [3][-]{subsubsection.2.2.11}{View::Templates::questionList}{subsection.2.2}% 21
\BOOKMARK [3][-]{subsubsection.2.2.12}{View::Templates::quiz}{subsection.2.2}% 22
\BOOKMARK [3][-]{subsubsection.2.2.13}{View::Templates::quizCompilation}{subsection.2.2}% 23
\BOOKMARK [3][-]{subsubsection.2.2.14}{View::Templates::quizCreationForm}{subsection.2.2}% 24
\BOOKMARK [2][-]{subsection.2.3}{PAGES DA TOGLIERE \(?\)}{section.2}% 25
\BOOKMARK [3][-]{subsubsection.2.3.1}{View::Pages::Page}{subsection.2.3}% 26
\BOOKMARK [3][-]{subsubsection.2.3.2}{View::Pages::LoginPage}{subsection.2.3}% 27
\BOOKMARK [3][-]{subsubsection.2.3.3}{View::Pages::RegistrationPage}{subsection.2.3}% 28
\BOOKMARK [3][-]{subsubsection.2.3.4}{View::Pages::PasswordRecoveryPage}{subsection.2.3}% 29
\BOOKMARK [3][-]{subsubsection.2.3.5}{View::Pages::QuizCreationPage}{subsection.2.3}% 30
\BOOKMARK [3][-]{subsubsection.2.3.6}{View::Pages::QuestionUpdatePage}{subsection.2.3}% 31
\BOOKMARK [3][-]{subsubsection.2.3.7}{View::Pages::QuestionCreationPage}{subsection.2.3}% 32
\BOOKMARK [3][-]{subsubsection.2.3.8}{View::Pages::QuestionManagementPage}{subsection.2.3}% 33
\BOOKMARK [3][-]{subsubsection.2.3.9}{View::Pages::QuizResultsPage}{subsection.2.3}% 34
\BOOKMARK [3][-]{subsubsection.2.3.10}{View::Pages::QuizExecutionPage}{subsection.2.3}% 35
\BOOKMARK [3][-]{subsubsection.2.3.11}{View::Pages::QuizListPage}{subsection.2.3}% 36
\BOOKMARK [3][-]{subsubsection.2.3.12}{View::Pages::CategoryListPage}{subsection.2.3}% 37
\BOOKMARK [1][-]{section.3}{Package Model}{}% 38
\BOOKMARK [2][-]{subsection.3.1}{Model::Database}{section.3}% 39
\BOOKMARK [3][-]{subsubsection.3.1.1}{Model::Database::QuizManager}{subsection.3.1}% 40
\BOOKMARK [3][-]{subsubsection.3.1.2}{Model::Database::QuestionManager}{subsection.3.1}% 41
\BOOKMARK [3][-]{subsubsection.3.1.3}{Model::Database::Search}{subsection.3.1}% 42
\BOOKMARK [2][-]{subsection.3.2}{Model::Parser}{section.3}% 43
\BOOKMARK [3][-]{subsubsection.3.2.1}{Model::Parser::Parser}{subsection.3.2}% 44
\BOOKMARK [2][-]{subsection.3.3}{Model::Statistics}{section.3}% 45
\BOOKMARK [3][-]{subsubsection.3.3.1}{Model::Statistics::Statistics}{subsection.3.3}% 46
\BOOKMARK [2][-]{subsection.3.4}{Model::Publishers}{section.3}% 47
\BOOKMARK [3][-]{subsubsection.3.4.1}{Model::Publishers::QuizPublisher}{subsection.3.4}% 48
\BOOKMARK [3][-]{subsubsection.3.4.2}{Model::Publishers::QuestionPublisher}{subsection.3.4}% 49
\BOOKMARK [1][-]{section.4}{Package ViewModel}{}% 50
\BOOKMARK [2][-]{subsection.4.1}{ViewModel::Subscribers}{section.4}% 51
\BOOKMARK [3][-]{subsubsection.4.1.1}{ViewModel::Subscribers::QuestionsSubscriber}{subsection.4.1}% 52
\BOOKMARK [3][-]{subsubsection.4.1.2}{ViewModel::Subscribers::QuizSubscriber}{subsection.4.1}% 53
\BOOKMARK [3][-]{subsubsection.4.1.3}{ViewModel::Subscribers::UsersSubscriber}{subsection.4.1}% 54
\BOOKMARK [2][-]{subsection.4.2}{ViewModel::Methods}{section.4}% 55
\BOOKMARK [3][-]{subsubsection.4.2.1}{ViewModel::Methods::QuestionMethods}{subsection.4.2}% 56
\BOOKMARK [3][-]{subsubsection.4.2.2}{ViewModel::Methods::QuizMethods}{subsection.4.2}% 57
\BOOKMARK [3][-]{subsubsection.4.2.3}{ViewModel::Methods::UserMethods}{subsection.4.2}% 58
\BOOKMARK [2][-]{subsection.4.3}{ViewModel::Interpreter}{section.4}% 59
\BOOKMARK [3][-]{subsubsection.4.3.1}{ViewModel::Interpreter::Interpreter}{subsection.4.3}% 60
\BOOKMARK [3][-]{subsubsection.4.3.2}{ViewModel::Interpreter::InterpreterFactory}{subsection.4.3}% 61
\BOOKMARK [3][-]{subsubsection.4.3.3}{ViewModel::Interpreter::QMLInterpreterFactory}{subsection.4.3}% 62
\BOOKMARK [3][-]{subsubsection.4.3.4}{ViewModel::Interpreter::QMLInterpreter}{subsection.4.3}% 63
\BOOKMARK [3][-]{subsubsection.4.3.5}{ViewModel::Interpreter::QML2HTMLInterpreter}{subsection.4.3}% 64
\BOOKMARK [2][-]{subsection.4.4}{ViewModel::Router}{section.4}% 65
\BOOKMARK [3][-]{subsubsection.4.4.1}{ViewModel::Router::Router}{subsection.4.4}% 66
\BOOKMARK [2][-]{subsection.4.5}{ViewModel::Controller}{section.4}% 67
\BOOKMARK [3][-]{subsubsection.4.5.1}{ViewModel::Controller::QuestionList}{subsection.4.5}% 68
\BOOKMARK [3][-]{subsubsection.4.5.2}{ViewModel::Controller::Question}{subsection.4.5}% 69
\BOOKMARK [3][-]{subsubsection.4.5.3}{ViewModel::Controller::QuizList}{subsection.4.5}% 70
\BOOKMARK [3][-]{subsubsection.4.5.4}{ViewModel::Controller::Quiz}{subsection.4.5}% 71
\BOOKMARK [3][-]{subsubsection.4.5.5}{ViewModel::Controller::QuestionForm}{subsection.4.5}% 72
\BOOKMARK [3][-]{subsubsection.4.5.6}{ViewModel::Controller::QuizCreationForm}{subsection.4.5}% 73
\BOOKMARK [3][-]{subsubsection.4.5.7}{ViewModel::Controller::QuestionCompilation}{subsection.4.5}% 74
\BOOKMARK [3][-]{subsubsection.4.5.8}{ViewModel::Controller::QuizResults}{subsection.4.5}% 75
\BOOKMARK [3][-]{subsubsection.4.5.9}{ViewModel::Controller::SearchForm}{subsection.4.5}% 76
\BOOKMARK [3][-]{subsubsection.4.5.10}{ViewModel::Controller::NavBar}{subsection.4.5}% 77
\BOOKMARK [3][-]{subsubsection.4.5.11}{ViewModel::Controller::TopBar}{subsection.4.5}% 78
\BOOKMARK [3][-]{subsubsection.4.5.12}{ViewModel::Controller::UserProfile}{subsection.4.5}% 79
\BOOKMARK [3][-]{subsubsection.4.5.13}{ViewModel::Controller::QuizHome}{subsection.4.5}% 80
\BOOKMARK [3][-]{subsubsection.4.5.14}{ViewModel::Controller::QuizStatistics}{subsection.4.5}% 81
\BOOKMARK [3][-]{subsubsection.4.5.15}{ViewModel::Controller::QuizCompilation}{subsection.4.5}% 82
\BOOKMARK [1][-]{section.5}{Tracciamento}{}% 83
\BOOKMARK [2][-]{subsection.5.1}{Mappatura classi - requisiti}{section.5}% 84
\BOOKMARK [2][-]{subsection.5.2}{Mappatura requisiti - classi}{section.5}% 85
