\BOOKMARK [1][-]{section.1}{Introduzione}{}% 1
\BOOKMARK [2][-]{subsection.1.1}{Scopo del documento}{section.1}% 2
\BOOKMARK [2][-]{subsection.1.2}{Scopo del prodotto}{section.1}% 3
\BOOKMARK [2][-]{subsection.1.3}{Glossario}{section.1}% 4
\BOOKMARK [2][-]{subsection.1.4}{Riferimenti}{section.1}% 5
\BOOKMARK [3][-]{subsubsection.1.4.1}{Normativi}{subsection.1.4}% 6
\BOOKMARK [3][-]{subsubsection.1.4.2}{Informativi}{subsection.1.4}% 7
\BOOKMARK [1][-]{section.2}{Standard di progetto}{}% 8
\BOOKMARK [2][-]{subsection.2.1}{Standard di documentazione del codice}{section.2}% 9
\BOOKMARK [2][-]{subsection.2.2}{Standard di programmazione}{section.2}% 10
\BOOKMARK [2][-]{subsection.2.3}{Standard di lavoro e procedure}{section.2}% 11
\BOOKMARK [1][-]{section.3}{Package View}{}% 12
\BOOKMARK [2][-]{subsection.3.1}{View::Pages}{section.3}% 13
\BOOKMARK [3][-]{subsubsection.3.1.1}{View::Pages::Page}{subsection.3.1}% 14
\BOOKMARK [3][-]{subsubsection.3.1.2}{View::Pages::LoginPage}{subsection.3.1}% 15
\BOOKMARK [3][-]{subsubsection.3.1.3}{View::Pages::RegistrationPage}{subsection.3.1}% 16
\BOOKMARK [3][-]{subsubsection.3.1.4}{View::Pages::PasswordRecoveryPage}{subsection.3.1}% 17
\BOOKMARK [3][-]{subsubsection.3.1.5}{View::Pages::ViewTutorialPage}{subsection.3.1}% 18
\BOOKMARK [3][-]{subsubsection.3.1.6}{View::Pages::QuizCreationPage}{subsection.3.1}% 19
\BOOKMARK [3][-]{subsubsection.3.1.7}{View::Pages::QuestionUpdatePage}{subsection.3.1}% 20
\BOOKMARK [3][-]{subsubsection.3.1.8}{View::Pages::QuestionCreationPage}{subsection.3.1}% 21
\BOOKMARK [3][-]{subsubsection.3.1.9}{View::Pages::QuestionManagementPage}{subsection.3.1}% 22
\BOOKMARK [3][-]{subsubsection.3.1.10}{View::Pages::QuizResultsPage}{subsection.3.1}% 23
\BOOKMARK [3][-]{subsubsection.3.1.11}{View::Pages::QuizExecutionPage}{subsection.3.1}% 24
\BOOKMARK [3][-]{subsubsection.3.1.12}{View::Pages::QuizListPage}{subsection.3.1}% 25
\BOOKMARK [3][-]{subsubsection.3.1.13}{View::Pages::CategoryListPage}{subsection.3.1}% 26
\BOOKMARK [2][-]{subsection.3.2}{View::Templates}{section.3}% 27
\BOOKMARK [3][-]{subsubsection.3.2.1}{View::Templates::QuestionList}{subsection.3.2}% 28
\BOOKMARK [3][-]{subsubsection.3.2.2}{View::Templates::Question}{subsection.3.2}% 29
\BOOKMARK [3][-]{subsubsection.3.2.3}{View::Templates::QuizList}{subsection.3.2}% 30
\BOOKMARK [3][-]{subsubsection.3.2.4}{View::Templates::Quiz}{subsection.3.2}% 31
\BOOKMARK [3][-]{subsubsection.3.2.5}{View::Templates::QuestionForm}{subsection.3.2}% 32
\BOOKMARK [3][-]{subsubsection.3.2.6}{View::Templates::QuizCreationForm}{subsection.3.2}% 33
\BOOKMARK [3][-]{subsubsection.3.2.7}{View::Templates::QuestionCompilation}{subsection.3.2}% 34
\BOOKMARK [3][-]{subsubsection.3.2.8}{View::Templates::QuizResults}{subsection.3.2}% 35
\BOOKMARK [3][-]{subsubsection.3.2.9}{View::Templates::RegistrationForm}{subsection.3.2}% 36
\BOOKMARK [3][-]{subsubsection.3.2.10}{View::Templates::LoginForm}{subsection.3.2}% 37
\BOOKMARK [3][-]{subsubsection.3.2.11}{View::Templates::PasswordRecoveryForm}{subsection.3.2}% 38
\BOOKMARK [3][-]{subsubsection.3.2.12}{View::Templates::SearchForm}{subsection.3.2}% 39
\BOOKMARK [1][-]{section.4}{Package Model}{}% 40
\BOOKMARK [2][-]{subsection.4.1}{Model::Database}{section.4}% 41
\BOOKMARK [3][-]{subsubsection.4.1.1}{Model::Database::QuizManager}{subsection.4.1}% 42
\BOOKMARK [3][-]{subsubsection.4.1.2}{Model::Database::QuestionManager}{subsection.4.1}% 43
\BOOKMARK [2][-]{subsection.4.2}{Model::Parser}{section.4}% 44
\BOOKMARK [3][-]{subsubsection.4.2.1}{Model::Parser::Parser}{subsection.4.2}% 45
\BOOKMARK [2][-]{subsection.4.3}{Model::Statistics}{section.4}% 46
\BOOKMARK [3][-]{subsubsection.4.3.1}{Model::Statistics::Statistics}{subsection.4.3}% 47
\BOOKMARK [2][-]{subsection.4.4}{Model::Publishers}{section.4}% 48
\BOOKMARK [3][-]{subsubsection.4.4.1}{Model::Publishers::UserPublishers}{subsection.4.4}% 49
\BOOKMARK [3][-]{subsubsection.4.4.2}{Model::Publishers::QuizPublishers}{subsection.4.4}% 50
\BOOKMARK [3][-]{subsubsection.4.4.3}{Model::Publishers::QuestionPublishers}{subsection.4.4}% 51
\BOOKMARK [1][-]{section.5}{Package ViewModel}{}% 52
\BOOKMARK [2][-]{subsection.5.1}{ViewModel::Controllers}{section.5}% 53
\BOOKMARK [3][-]{subsubsection.5.1.1}{ViewModel::Controllers::NewQuestionController}{subsection.5.1}% 54
\BOOKMARK [3][-]{subsubsection.5.1.2}{ViewModel::Controllers::NewQuizController}{subsection.5.1}% 55
\BOOKMARK [3][-]{subsubsection.5.1.3}{ViewModel::Controllers::QuizListController}{subsection.5.1}% 56
\BOOKMARK [3][-]{subsubsection.5.1.4}{ViewModel::Controllers::QuizDetailsController}{subsection.5.1}% 57
\BOOKMARK [3][-]{subsubsection.5.1.5}{ViewModel::Controllers::DeleteQuestionController}{subsection.5.1}% 58
\BOOKMARK [3][-]{subsubsection.5.1.6}{ViewModel::Controllers::DeleteQuizController}{subsection.5.1}% 59
\BOOKMARK [3][-]{subsubsection.5.1.7}{ViewModel::Controllers::QuizManagementController}{subsection.5.1}% 60
\BOOKMARK [3][-]{subsubsection.5.1.8}{ViewModel::Controllers::QuestionsManagementController}{subsection.5.1}% 61
\BOOKMARK [3][-]{subsubsection.5.1.9}{ViewModel::Controllers::QMLEditorController}{subsection.5.1}% 62
\BOOKMARK [2][-]{subsection.5.2}{ViewModel::Subscribers}{section.5}% 63
\BOOKMARK [3][-]{subsubsection.5.2.1}{ViewModel::Subscribers::QuestionsSubscriber}{subsection.5.2}% 64
\BOOKMARK [3][-]{subsubsection.5.2.2}{ViewModel::Subscribers::QuizSubscriber}{subsection.5.2}% 65
\BOOKMARK [3][-]{subsubsection.5.2.3}{ViewModel::Subscribers::UsersSubscriber}{subsection.5.2}% 66
\BOOKMARK [2][-]{subsection.5.3}{ViewModel::Methods}{section.5}% 67
\BOOKMARK [3][-]{subsubsection.5.3.1}{ViewModel::Methods::QuestionMethods}{subsection.5.3}% 68
\BOOKMARK [3][-]{subsubsection.5.3.2}{ViewModel::Methods::QuizMethods}{subsection.5.3}% 69
\BOOKMARK [3][-]{subsubsection.5.3.3}{ViewModel::Methods::UserMethods}{subsection.5.3}% 70
\BOOKMARK [2][-]{subsection.5.4}{ViewModel::Interpreter}{section.5}% 71
\BOOKMARK [3][-]{subsubsection.5.4.1}{ViewModel::Interpreter::Interpreter}{subsection.5.4}% 72
\BOOKMARK [3][-]{subsubsection.5.4.2}{ViewModel::Interpreter::InterpreterFactory}{subsection.5.4}% 73
\BOOKMARK [3][-]{subsubsection.5.4.3}{ViewModel::Interpreter::QMLInterpreterFactory}{subsection.5.4}% 74
\BOOKMARK [3][-]{subsubsection.5.4.4}{ViewModel::Interpreter::QMLInterpreter}{subsection.5.4}% 75
\BOOKMARK [3][-]{subsubsection.5.4.5}{ViewModel::Interpreter::QML2HTMLInterpreterFactory}{subsection.5.4}% 76
\BOOKMARK [2][-]{subsection.5.5}{ViewModel::Router}{section.5}% 77
\BOOKMARK [3][-]{subsubsection.5.5.1}{ViewModel::Router::Router}{subsection.5.5}% 78
\BOOKMARK [1][-]{section.6}{Tracciamento}{}% 79
\BOOKMARK [2][-]{subsection.6.1}{Mappatura classi - requisiti}{section.6}% 80
\BOOKMARK [2][-]{subsection.6.2}{Mappatura requisiti - classi}{section.6}% 81
