This is pdfTeX, Version 3.1415926-2.5-1.40.14 (TeX Live 2013/Debian) (format=pdflatex 2016.1.13)  3 JUL 2016 14:37
entering extended mode
 restricted \write18 enabled.
 %&-line parsing enabled.
**piano-di-qualifica-3.0.tex
(./piano-di-qualifica-3.0.tex
LaTeX2e <2011/06/27>
Babel <3.9h> and hyphenation patterns for 3 languages loaded.
(/usr/share/texlive/texmf-dist/tex/latex/base/article.cls
Document Class: article 2007/10/19 v1.4h Standard LaTeX document class
(/usr/share/texlive/texmf-dist/tex/latex/base/size11.clo
File: size11.clo 2007/10/19 v1.4h Standard LaTeX file (size option)
)
\c@part=\count79
\c@section=\count80
\c@subsection=\count81
\c@subsubsection=\count82
\c@paragraph=\count83
\c@subparagraph=\count84
\c@figure=\count85
\c@table=\count86
\abovecaptionskip=\skip41
\belowcaptionskip=\skip42
\bibindent=\dimen102
) (../../template.tex
(/usr/share/texlive/texmf-dist/tex/latex/base/inputenc.sty
Package: inputenc 2008/03/30 v1.1d Input encoding file
\inpenc@prehook=\toks14
\inpenc@posthook=\toks15

(/usr/share/texlive/texmf-dist/tex/latex/base/utf8.def
File: utf8.def 2008/04/05 v1.1m UTF-8 support for inputenc
Now handling font encoding OML ...
... no UTF-8 mapping file for font encoding OML
Now handling font encoding T1 ...
... processing UTF-8 mapping file for font encoding T1

(/usr/share/texlive/texmf-dist/tex/latex/base/t1enc.dfu
File: t1enc.dfu 2008/04/05 v1.1m UTF-8 support for inputenc
   defining Unicode char U+00A1 (decimal 161)
   defining Unicode char U+00A3 (decimal 163)
   defining Unicode char U+00AB (decimal 171)
   defining Unicode char U+00BB (decimal 187)
   defining Unicode char U+00BF (decimal 191)
   defining Unicode char U+00C0 (decimal 192)
   defining Unicode char U+00C1 (decimal 193)
   defining Unicode char U+00C2 (decimal 194)
   defining Unicode char U+00C3 (decimal 195)
   defining Unicode char U+00C4 (decimal 196)
   defining Unicode char U+00C5 (decimal 197)
   defining Unicode char U+00C6 (decimal 198)
   defining Unicode char U+00C7 (decimal 199)
   defining Unicode char U+00C8 (decimal 200)
   defining Unicode char U+00C9 (decimal 201)
   defining Unicode char U+00CA (decimal 202)
   defining Unicode char U+00CB (decimal 203)
   defining Unicode char U+00CC (decimal 204)
   defining Unicode char U+00CD (decimal 205)
   defining Unicode char U+00CE (decimal 206)
   defining Unicode char U+00CF (decimal 207)
   defining Unicode char U+00D0 (decimal 208)
   defining Unicode char U+00D1 (decimal 209)
   defining Unicode char U+00D2 (decimal 210)
   defining Unicode char U+00D3 (decimal 211)
   defining Unicode char U+00D4 (decimal 212)
   defining Unicode char U+00D5 (decimal 213)
   defining Unicode char U+00D6 (decimal 214)
   defining Unicode char U+00D8 (decimal 216)
   defining Unicode char U+00D9 (decimal 217)
   defining Unicode char U+00DA (decimal 218)
   defining Unicode char U+00DB (decimal 219)
   defining Unicode char U+00DC (decimal 220)
   defining Unicode char U+00DD (decimal 221)
   defining Unicode char U+00DE (decimal 222)
   defining Unicode char U+00DF (decimal 223)
   defining Unicode char U+00E0 (decimal 224)
   defining Unicode char U+00E1 (decimal 225)
   defining Unicode char U+00E2 (decimal 226)
   defining Unicode char U+00E3 (decimal 227)
   defining Unicode char U+00E4 (decimal 228)
   defining Unicode char U+00E5 (decimal 229)
   defining Unicode char U+00E6 (decimal 230)
   defining Unicode char U+00E7 (decimal 231)
   defining Unicode char U+00E8 (decimal 232)
   defining Unicode char U+00E9 (decimal 233)
   defining Unicode char U+00EA (decimal 234)
   defining Unicode char U+00EB (decimal 235)
   defining Unicode char U+00EC (decimal 236)
   defining Unicode char U+00ED (decimal 237)
   defining Unicode char U+00EE (decimal 238)
   defining Unicode char U+00EF (decimal 239)
   defining Unicode char U+00F0 (decimal 240)
   defining Unicode char U+00F1 (decimal 241)
   defining Unicode char U+00F2 (decimal 242)
   defining Unicode char U+00F3 (decimal 243)
   defining Unicode char U+00F4 (decimal 244)
   defining Unicode char U+00F5 (decimal 245)
   defining Unicode char U+00F6 (decimal 246)
   defining Unicode char U+00F8 (decimal 248)
   defining Unicode char U+00F9 (decimal 249)
   defining Unicode char U+00FA (decimal 250)
   defining Unicode char U+00FB (decimal 251)
   defining Unicode char U+00FC (decimal 252)
   defining Unicode char U+00FD (decimal 253)
   defining Unicode char U+00FE (decimal 254)
   defining Unicode char U+00FF (decimal 255)
   defining Unicode char U+0102 (decimal 258)
   defining Unicode char U+0103 (decimal 259)
   defining Unicode char U+0104 (decimal 260)
   defining Unicode char U+0105 (decimal 261)
   defining Unicode char U+0106 (decimal 262)
   defining Unicode char U+0107 (decimal 263)
   defining Unicode char U+010C (decimal 268)
   defining Unicode char U+010D (decimal 269)
   defining Unicode char U+010E (decimal 270)
   defining Unicode char U+010F (decimal 271)
   defining Unicode char U+0110 (decimal 272)
   defining Unicode char U+0111 (decimal 273)
   defining Unicode char U+0118 (decimal 280)
   defining Unicode char U+0119 (decimal 281)
   defining Unicode char U+011A (decimal 282)
   defining Unicode char U+011B (decimal 283)
   defining Unicode char U+011E (decimal 286)
   defining Unicode char U+011F (decimal 287)
   defining Unicode char U+0130 (decimal 304)
   defining Unicode char U+0131 (decimal 305)
   defining Unicode char U+0132 (decimal 306)
   defining Unicode char U+0133 (decimal 307)
   defining Unicode char U+0139 (decimal 313)
   defining Unicode char U+013A (decimal 314)
   defining Unicode char U+013D (decimal 317)
   defining Unicode char U+013E (decimal 318)
   defining Unicode char U+0141 (decimal 321)
   defining Unicode char U+0142 (decimal 322)
   defining Unicode char U+0143 (decimal 323)
   defining Unicode char U+0144 (decimal 324)
   defining Unicode char U+0147 (decimal 327)
   defining Unicode char U+0148 (decimal 328)
   defining Unicode char U+014A (decimal 330)
   defining Unicode char U+014B (decimal 331)
   defining Unicode char U+0150 (decimal 336)
   defining Unicode char U+0151 (decimal 337)
   defining Unicode char U+0152 (decimal 338)
   defining Unicode char U+0153 (decimal 339)
   defining Unicode char U+0154 (decimal 340)
   defining Unicode char U+0155 (decimal 341)
   defining Unicode char U+0158 (decimal 344)
   defining Unicode char U+0159 (decimal 345)
   defining Unicode char U+015A (decimal 346)
   defining Unicode char U+015B (decimal 347)
   defining Unicode char U+015E (decimal 350)
   defining Unicode char U+015F (decimal 351)
   defining Unicode char U+0160 (decimal 352)
   defining Unicode char U+0161 (decimal 353)
   defining Unicode char U+0162 (decimal 354)
   defining Unicode char U+0163 (decimal 355)
   defining Unicode char U+0164 (decimal 356)
   defining Unicode char U+0165 (decimal 357)
   defining Unicode char U+016E (decimal 366)
   defining Unicode char U+016F (decimal 367)
   defining Unicode char U+0170 (decimal 368)
   defining Unicode char U+0171 (decimal 369)
   defining Unicode char U+0178 (decimal 376)
   defining Unicode char U+0179 (decimal 377)
   defining Unicode char U+017A (decimal 378)
   defining Unicode char U+017B (decimal 379)
   defining Unicode char U+017C (decimal 380)
   defining Unicode char U+017D (decimal 381)
   defining Unicode char U+017E (decimal 382)
   defining Unicode char U+200C (decimal 8204)
   defining Unicode char U+2013 (decimal 8211)
   defining Unicode char U+2014 (decimal 8212)
   defining Unicode char U+2018 (decimal 8216)
   defining Unicode char U+2019 (decimal 8217)
   defining Unicode char U+201A (decimal 8218)
   defining Unicode char U+201C (decimal 8220)
   defining Unicode char U+201D (decimal 8221)
   defining Unicode char U+201E (decimal 8222)
   defining Unicode char U+2030 (decimal 8240)
   defining Unicode char U+2031 (decimal 8241)
   defining Unicode char U+2039 (decimal 8249)
   defining Unicode char U+203A (decimal 8250)
   defining Unicode char U+2423 (decimal 9251)
)
Now handling font encoding OT1 ...
... processing UTF-8 mapping file for font encoding OT1

(/usr/share/texlive/texmf-dist/tex/latex/base/ot1enc.dfu
File: ot1enc.dfu 2008/04/05 v1.1m UTF-8 support for inputenc
   defining Unicode char U+00A1 (decimal 161)
   defining Unicode char U+00A3 (decimal 163)
   defining Unicode char U+00B8 (decimal 184)
   defining Unicode char U+00BF (decimal 191)
   defining Unicode char U+00C5 (decimal 197)
   defining Unicode char U+00C6 (decimal 198)
   defining Unicode char U+00D8 (decimal 216)
   defining Unicode char U+00DF (decimal 223)
   defining Unicode char U+00E6 (decimal 230)
   defining Unicode char U+00EC (decimal 236)
   defining Unicode char U+00ED (decimal 237)
   defining Unicode char U+00EE (decimal 238)
   defining Unicode char U+00EF (decimal 239)
   defining Unicode char U+00F8 (decimal 248)
   defining Unicode char U+0131 (decimal 305)
   defining Unicode char U+0141 (decimal 321)
   defining Unicode char U+0142 (decimal 322)
   defining Unicode char U+0152 (decimal 338)
   defining Unicode char U+0153 (decimal 339)
   defining Unicode char U+2013 (decimal 8211)
   defining Unicode char U+2014 (decimal 8212)
   defining Unicode char U+2018 (decimal 8216)
   defining Unicode char U+2019 (decimal 8217)
   defining Unicode char U+201C (decimal 8220)
   defining Unicode char U+201D (decimal 8221)
)
Now handling font encoding OMS ...
... processing UTF-8 mapping file for font encoding OMS

(/usr/share/texlive/texmf-dist/tex/latex/base/omsenc.dfu
File: omsenc.dfu 2008/04/05 v1.1m UTF-8 support for inputenc
   defining Unicode char U+00A7 (decimal 167)
   defining Unicode char U+00B6 (decimal 182)
   defining Unicode char U+00B7 (decimal 183)
   defining Unicode char U+2020 (decimal 8224)
   defining Unicode char U+2021 (decimal 8225)
   defining Unicode char U+2022 (decimal 8226)
)
Now handling font encoding OMX ...
... no UTF-8 mapping file for font encoding OMX
Now handling font encoding U ...
... no UTF-8 mapping file for font encoding U
   defining Unicode char U+00A9 (decimal 169)
   defining Unicode char U+00AA (decimal 170)
   defining Unicode char U+00AE (decimal 174)
   defining Unicode char U+00BA (decimal 186)
   defining Unicode char U+02C6 (decimal 710)
   defining Unicode char U+02DC (decimal 732)
   defining Unicode char U+200C (decimal 8204)
   defining Unicode char U+2026 (decimal 8230)
   defining Unicode char U+2122 (decimal 8482)
   defining Unicode char U+2423 (decimal 9251)
))
(/usr/share/texlive/texmf-dist/tex/generic/babel/babel.sty
Package: babel 2013/12/03 3.9h The Babel package

(/usr/share/texlive/texmf-dist/tex/generic/babel-italian/italian.ldf
Language: italian 2013/11/22 v1.3f Italian support from the babel system

(/usr/share/texlive/texmf-dist/tex/generic/babel/babel.def
File: babel.def 2013/12/03 3.9h Babel common definitions
\babel@savecnt=\count87
\U@D=\dimen103
)
\it@lettering=\count88
Package babel Info: Making " an active character on input line 98.
\Virgola=\count89
))
(/usr/share/texmf/tex/latex/etoolbox/etoolbox.sty
Package: etoolbox 2011/01/03 v2.1 e-TeX tools for LaTeX

(/usr/share/texlive/texmf-dist/tex/latex/etex-pkg/etex.sty
Package: etex 1998/03/26 v2.0 eTeX basic definition package (PEB)
\et@xins=\count90
)
\etb@tempcnta=\count91
)
(/usr/share/texlive/texmf-dist/tex/latex/hyperref/hyperref.sty
Package: hyperref 2012/11/06 v6.83m Hypertext links for LaTeX

(/usr/share/texlive/texmf-dist/tex/generic/oberdiek/hobsub-hyperref.sty
Package: hobsub-hyperref 2012/05/28 v1.13 Bundle oberdiek, subset hyperref (HO)


(/usr/share/texlive/texmf-dist/tex/generic/oberdiek/hobsub-generic.sty
Package: hobsub-generic 2012/05/28 v1.13 Bundle oberdiek, subset generic (HO)
Package: hobsub 2012/05/28 v1.13 Construct package bundles (HO)
Package: infwarerr 2010/04/08 v1.3 Providing info/warning/error messages (HO)
Package: ltxcmds 2011/11/09 v1.22 LaTeX kernel commands for general use (HO)
Package: ifluatex 2010/03/01 v1.3 Provides the ifluatex switch (HO)
Package ifluatex Info: LuaTeX not detected.
Package: ifvtex 2010/03/01 v1.5 Detect VTeX and its facilities (HO)
Package ifvtex Info: VTeX not detected.
Package: intcalc 2007/09/27 v1.1 Expandable calculations with integers (HO)
Package: ifpdf 2011/01/30 v2.3 Provides the ifpdf switch (HO)
Package ifpdf Info: pdfTeX in PDF mode is detected.
Package: etexcmds 2011/02/16 v1.5 Avoid name clashes with e-TeX commands (HO)
Package etexcmds Info: Could not find \expanded.
(etexcmds)             That can mean that you are not using pdfTeX 1.50 or
(etexcmds)             that some package has redefined \expanded.
(etexcmds)             In the latter case, load this package earlier.
Package: kvsetkeys 2012/04/25 v1.16 Key value parser (HO)
Package: kvdefinekeys 2011/04/07 v1.3 Define keys (HO)
Package: pdftexcmds 2011/11/29 v0.20 Utility functions of pdfTeX for LuaTeX (HO
)
Package pdftexcmds Info: LuaTeX not detected.
Package pdftexcmds Info: \pdf@primitive is available.
Package pdftexcmds Info: \pdf@ifprimitive is available.
Package pdftexcmds Info: \pdfdraftmode found.
Package: pdfescape 2011/11/25 v1.13 Implements pdfTeX's escape features (HO)
Package: bigintcalc 2012/04/08 v1.3 Expandable calculations on big integers (HO
)
Package: bitset 2011/01/30 v1.1 Handle bit-vector datatype (HO)
Package: uniquecounter 2011/01/30 v1.2 Provide unlimited unique counter (HO)
)
Package hobsub Info: Skipping package `hobsub' (already loaded).
Package: letltxmacro 2010/09/02 v1.4 Let assignment for LaTeX macros (HO)
Package: hopatch 2012/05/28 v1.2 Wrapper for package hooks (HO)
Package: xcolor-patch 2011/01/30 xcolor patch
Package: atveryend 2011/06/30 v1.8 Hooks at the very end of document (HO)
Package: atbegshi 2011/10/05 v1.16 At begin shipout hook (HO)
Package: refcount 2011/10/16 v3.4 Data extraction from label references (HO)
Package: hycolor 2011/01/30 v1.7 Color options for hyperref/bookmark (HO)
)
(/usr/share/texlive/texmf-dist/tex/latex/graphics/keyval.sty
Package: keyval 1999/03/16 v1.13 key=value parser (DPC)
\KV@toks@=\toks16
)
(/usr/share/texlive/texmf-dist/tex/generic/ifxetex/ifxetex.sty
Package: ifxetex 2010/09/12 v0.6 Provides ifxetex conditional
)
(/usr/share/texlive/texmf-dist/tex/latex/oberdiek/auxhook.sty
Package: auxhook 2011/03/04 v1.3 Hooks for auxiliary files (HO)
)
(/usr/share/texlive/texmf-dist/tex/latex/oberdiek/kvoptions.sty
Package: kvoptions 2011/06/30 v3.11 Key value format for package options (HO)
)
\@linkdim=\dimen104
\Hy@linkcounter=\count92
\Hy@pagecounter=\count93

(/usr/share/texlive/texmf-dist/tex/latex/hyperref/pd1enc.def
File: pd1enc.def 2012/11/06 v6.83m Hyperref: PDFDocEncoding definition (HO)
Now handling font encoding PD1 ...
... no UTF-8 mapping file for font encoding PD1
)
\Hy@SavedSpaceFactor=\count94

(/usr/share/texlive/texmf-dist/tex/latex/latexconfig/hyperref.cfg
File: hyperref.cfg 2002/06/06 v1.2 hyperref configuration of TeXLive
)
Package hyperref Info: Hyper figures OFF on input line 4443.
Package hyperref Info: Link nesting OFF on input line 4448.
Package hyperref Info: Hyper index ON on input line 4451.
Package hyperref Info: Plain pages OFF on input line 4458.
Package hyperref Info: Backreferencing OFF on input line 4463.
Package hyperref Info: Implicit mode ON; LaTeX internals redefined.
Package hyperref Info: Bookmarks ON on input line 4688.
\c@Hy@tempcnt=\count95

(/usr/share/texlive/texmf-dist/tex/latex/url/url.sty
\Urlmuskip=\muskip10
Package: url 2013/09/16  ver 3.4  Verb mode for urls, etc.
)
LaTeX Info: Redefining \url on input line 5041.
\XeTeXLinkMargin=\dimen105
\Fld@menulength=\count96
\Field@Width=\dimen106
\Fld@charsize=\dimen107
Package hyperref Info: Hyper figures OFF on input line 6295.
Package hyperref Info: Link nesting OFF on input line 6300.
Package hyperref Info: Hyper index ON on input line 6303.
Package hyperref Info: backreferencing OFF on input line 6310.
Package hyperref Info: Link coloring OFF on input line 6315.
Package hyperref Info: Link coloring with OCG OFF on input line 6320.
Package hyperref Info: PDF/A mode OFF on input line 6325.
LaTeX Info: Redefining \ref on input line 6365.
LaTeX Info: Redefining \pageref on input line 6369.
\Hy@abspage=\count97
\c@Item=\count98
\c@Hfootnote=\count99
)

Package hyperref Message: Driver (autodetected): hpdftex.

(/usr/share/texlive/texmf-dist/tex/latex/hyperref/hpdftex.def
File: hpdftex.def 2012/11/06 v6.83m Hyperref driver for pdfTeX
\Fld@listcount=\count100
\c@bookmark@seq@number=\count101

(/usr/share/texlive/texmf-dist/tex/latex/oberdiek/rerunfilecheck.sty
Package: rerunfilecheck 2011/04/15 v1.7 Rerun checks for auxiliary files (HO)
Package uniquecounter Info: New unique counter `rerunfilecheck' on input line 2
82.
)
\Hy@SectionHShift=\skip43
)
(/usr/share/texlive/texmf-dist/tex/latex/booktabs/booktabs.sty
Package: booktabs 2005/04/14 v1.61803 publication quality tables
\heavyrulewidth=\dimen108
\lightrulewidth=\dimen109
\cmidrulewidth=\dimen110
\belowrulesep=\dimen111
\belowbottomsep=\dimen112
\aboverulesep=\dimen113
\abovetopsep=\dimen114
\cmidrulesep=\dimen115
\cmidrulekern=\dimen116
\defaultaddspace=\dimen117
\@cmidla=\count102
\@cmidlb=\count103
\@aboverulesep=\dimen118
\@belowrulesep=\dimen119
\@thisruleclass=\count104
\@lastruleclass=\count105
\@thisrulewidth=\dimen120
)
(/usr/share/texlive/texmf-dist/tex/latex/tools/longtable.sty
Package: longtable 2004/02/01 v4.11 Multi-page Table package (DPC)
\LTleft=\skip44
\LTright=\skip45
\LTpre=\skip46
\LTpost=\skip47
\LTchunksize=\count106
\LTcapwidth=\dimen121
\LT@head=\box26
\LT@firsthead=\box27
\LT@foot=\box28
\LT@lastfoot=\box29
\LT@cols=\count107
\LT@rows=\count108
\c@LT@tables=\count109
\c@LT@chunks=\count110
\LT@p@ftn=\toks17
)
(/usr/share/texlive/texmf-dist/tex/latex/tools/tabularx.sty
Package: tabularx 1999/01/07 v2.07 `tabularx' package (DPC)

(/usr/share/texlive/texmf-dist/tex/latex/tools/array.sty
Package: array 2008/09/09 v2.4c Tabular extension package (FMi)
\col@sep=\dimen122
\extrarowheight=\dimen123
\NC@list=\toks18
\extratabsurround=\skip48
\backup@length=\skip49
)
\TX@col@width=\dimen124
\TX@old@table=\dimen125
\TX@old@col=\dimen126
\TX@target=\dimen127
\TX@delta=\dimen128
\TX@cols=\count111
\TX@ftn=\toks19
)
(/usr/share/texlive/texmf-dist/tex/latex/listings/listings.sty
\lst@mode=\count112
\lst@gtempboxa=\box30
\lst@token=\toks20
\lst@length=\count113
\lst@currlwidth=\dimen129
\lst@column=\count114
\lst@pos=\count115
\lst@lostspace=\dimen130
\lst@width=\dimen131
\lst@newlines=\count116
\lst@lineno=\count117
\lst@maxwidth=\dimen132

(/usr/share/texlive/texmf-dist/tex/latex/listings/lstmisc.sty
File: lstmisc.sty 2013/08/26 1.5b (Carsten Heinz)
\c@lstnumber=\count118
\lst@skipnumbers=\count119
\lst@framebox=\box31
)
(/usr/share/texlive/texmf-dist/tex/latex/listings/listings.cfg
File: listings.cfg 2013/08/26 1.5b listings configuration
))
Package: listings 2013/08/26 1.5b (Carsten Heinz)

(/usr/share/texlive/texmf-dist/tex/latex/appendix/appendix.sty
Package: appendix 2009/09/02 v1.2b extra appendix facilities
\c@@pps=\count120
\c@@ppsavesec=\count121
\c@@ppsaveapp=\count122
)
(/usr/share/texlive/texmf-dist/tex/latex/graphics/graphicx.sty
Package: graphicx 1999/02/16 v1.0f Enhanced LaTeX Graphics (DPC,SPQR)

(/usr/share/texlive/texmf-dist/tex/latex/graphics/graphics.sty
Package: graphics 2009/02/05 v1.0o Standard LaTeX Graphics (DPC,SPQR)

(/usr/share/texlive/texmf-dist/tex/latex/graphics/trig.sty
Package: trig 1999/03/16 v1.09 sin cos tan (DPC)
)
(/usr/share/texlive/texmf-dist/tex/latex/latexconfig/graphics.cfg
File: graphics.cfg 2010/04/23 v1.9 graphics configuration of TeX Live
)
Package graphics Info: Driver file: pdftex.def on input line 91.

(/usr/share/texlive/texmf-dist/tex/latex/pdftex-def/pdftex.def
File: pdftex.def 2011/05/27 v0.06d Graphics/color for pdfTeX
\Gread@gobject=\count123
))
\Gin@req@height=\dimen133
\Gin@req@width=\dimen134
)
(/usr/share/texlive/texmf-dist/tex/latex/caption/caption.sty
Package: caption 2013/05/02 v3.3-89 Customizing captions (AR)

(/usr/share/texlive/texmf-dist/tex/latex/caption/caption3.sty
Package: caption3 2013/05/02 v1.6-88 caption3 kernel (AR)
Package caption3 Info: TeX engine: e-TeX on input line 57.
\captionmargin=\dimen135
\captionmargin@=\dimen136
\captionwidth=\dimen137
\caption@tempdima=\dimen138
\caption@indent=\dimen139
\caption@parindent=\dimen140
\caption@hangindent=\dimen141
)
\c@ContinuedFloat=\count124
Package caption Info: hyperref package is loaded.
Package caption Info: listings package is loaded.
Package caption Info: longtable package is loaded.

(/usr/share/texlive/texmf-dist/tex/latex/caption/ltcaption.sty
Package: ltcaption 2013/02/03 v1.3-62 longtable captions (AR)
))
(/usr/share/texlive/texmf-dist/tex/latex/fancyhdr/fancyhdr.sty
\fancy@headwidth=\skip50
\f@ncyO@elh=\skip51
\f@ncyO@erh=\skip52
\f@ncyO@olh=\skip53
\f@ncyO@orh=\skip54
\f@ncyO@elf=\skip55
\f@ncyO@erf=\skip56
\f@ncyO@olf=\skip57
\f@ncyO@orf=\skip58
)
(/usr/share/texlive/texmf-dist/tex/latex/geometry/geometry.sty
Package: geometry 2010/09/12 v5.6 Page Geometry
\Gm@cnth=\count125
\Gm@cntv=\count126
\c@Gm@tempcnt=\count127
\Gm@bindingoffset=\dimen142
\Gm@wd@mp=\dimen143
\Gm@odd@mp=\dimen144
\Gm@even@mp=\dimen145
\Gm@layoutwidth=\dimen146
\Gm@layoutheight=\dimen147
\Gm@layouthoffset=\dimen148
\Gm@layoutvoffset=\dimen149
\Gm@dimlist=\toks21
)
(/usr/share/texlive/texmf-dist/tex/latex/base/makeidx.sty
Package: makeidx 2000/03/29 v1.0m Standard LaTeX package
)
(/usr/share/texlive/texmf-dist/tex/latex/base/textcomp.sty
Package: textcomp 2005/09/27 v1.99g Standard LaTeX package
Package textcomp Info: Sub-encoding information:
(textcomp)               5 = only ISO-Adobe without \textcurrency
(textcomp)               4 = 5 + \texteuro
(textcomp)               3 = 4 + \textohm
(textcomp)               2 = 3 + \textestimated + \textcurrency
(textcomp)               1 = TS1 - \textcircled - \t
(textcomp)               0 = TS1 (full)
(textcomp)             Font families with sub-encoding setting implement
(textcomp)             only a restricted character set as indicated.
(textcomp)             Family '?' is the default used for unknown fonts.
(textcomp)             See the documentation for details.
Package textcomp Info: Setting ? sub-encoding to TS1/1 on input line 71.

(/usr/share/texlive/texmf-dist/tex/latex/base/ts1enc.def
File: ts1enc.def 2001/06/05 v3.0e (jk/car/fm) Standard LaTeX file
Now handling font encoding TS1 ...
... processing UTF-8 mapping file for font encoding TS1

(/usr/share/texlive/texmf-dist/tex/latex/base/ts1enc.dfu
File: ts1enc.dfu 2008/04/05 v1.1m UTF-8 support for inputenc
   defining Unicode char U+00A2 (decimal 162)
   defining Unicode char U+00A3 (decimal 163)
   defining Unicode char U+00A4 (decimal 164)
   defining Unicode char U+00A5 (decimal 165)
   defining Unicode char U+00A6 (decimal 166)
   defining Unicode char U+00A7 (decimal 167)
   defining Unicode char U+00A8 (decimal 168)
   defining Unicode char U+00A9 (decimal 169)
   defining Unicode char U+00AA (decimal 170)
   defining Unicode char U+00AC (decimal 172)
   defining Unicode char U+00AE (decimal 174)
   defining Unicode char U+00AF (decimal 175)
   defining Unicode char U+00B0 (decimal 176)
   defining Unicode char U+00B1 (decimal 177)
   defining Unicode char U+00B2 (decimal 178)
   defining Unicode char U+00B3 (decimal 179)
   defining Unicode char U+00B4 (decimal 180)
   defining Unicode char U+00B5 (decimal 181)
   defining Unicode char U+00B6 (decimal 182)
   defining Unicode char U+00B7 (decimal 183)
   defining Unicode char U+00B9 (decimal 185)
   defining Unicode char U+00BA (decimal 186)
   defining Unicode char U+00BC (decimal 188)
   defining Unicode char U+00BD (decimal 189)
   defining Unicode char U+00BE (decimal 190)
   defining Unicode char U+00D7 (decimal 215)
   defining Unicode char U+00F7 (decimal 247)
   defining Unicode char U+0192 (decimal 402)
   defining Unicode char U+02C7 (decimal 711)
   defining Unicode char U+02D8 (decimal 728)
   defining Unicode char U+02DD (decimal 733)
   defining Unicode char U+0E3F (decimal 3647)
   defining Unicode char U+2016 (decimal 8214)
   defining Unicode char U+2020 (decimal 8224)
   defining Unicode char U+2021 (decimal 8225)
   defining Unicode char U+2022 (decimal 8226)
   defining Unicode char U+2030 (decimal 8240)
   defining Unicode char U+2031 (decimal 8241)
   defining Unicode char U+203B (decimal 8251)
   defining Unicode char U+203D (decimal 8253)
   defining Unicode char U+2044 (decimal 8260)
   defining Unicode char U+204E (decimal 8270)
   defining Unicode char U+2052 (decimal 8274)
   defining Unicode char U+20A1 (decimal 8353)
   defining Unicode char U+20A4 (decimal 8356)
   defining Unicode char U+20A6 (decimal 8358)
   defining Unicode char U+20A9 (decimal 8361)
   defining Unicode char U+20AB (decimal 8363)
   defining Unicode char U+20AC (decimal 8364)
   defining Unicode char U+20B1 (decimal 8369)
   defining Unicode char U+2103 (decimal 8451)
   defining Unicode char U+2116 (decimal 8470)
   defining Unicode char U+2117 (decimal 8471)
   defining Unicode char U+211E (decimal 8478)
   defining Unicode char U+2120 (decimal 8480)
   defining Unicode char U+2122 (decimal 8482)
   defining Unicode char U+2126 (decimal 8486)
   defining Unicode char U+2127 (decimal 8487)
   defining Unicode char U+212E (decimal 8494)
   defining Unicode char U+2190 (decimal 8592)
   defining Unicode char U+2191 (decimal 8593)
   defining Unicode char U+2192 (decimal 8594)
   defining Unicode char U+2193 (decimal 8595)
   defining Unicode char U+2329 (decimal 9001)
   defining Unicode char U+232A (decimal 9002)
   defining Unicode char U+2422 (decimal 9250)
   defining Unicode char U+25E6 (decimal 9702)
   defining Unicode char U+25EF (decimal 9711)
   defining Unicode char U+266A (decimal 9834)
))
LaTeX Info: Redefining \oldstylenums on input line 266.
Package textcomp Info: Setting cmr sub-encoding to TS1/0 on input line 281.
Package textcomp Info: Setting cmss sub-encoding to TS1/0 on input line 282.
Package textcomp Info: Setting cmtt sub-encoding to TS1/0 on input line 283.
Package textcomp Info: Setting cmvtt sub-encoding to TS1/0 on input line 284.
Package textcomp Info: Setting cmbr sub-encoding to TS1/0 on input line 285.
Package textcomp Info: Setting cmtl sub-encoding to TS1/0 on input line 286.
Package textcomp Info: Setting ccr sub-encoding to TS1/0 on input line 287.
Package textcomp Info: Setting ptm sub-encoding to TS1/4 on input line 288.
Package textcomp Info: Setting pcr sub-encoding to TS1/4 on input line 289.
Package textcomp Info: Setting phv sub-encoding to TS1/4 on input line 290.
Package textcomp Info: Setting ppl sub-encoding to TS1/3 on input line 291.
Package textcomp Info: Setting pag sub-encoding to TS1/4 on input line 292.
Package textcomp Info: Setting pbk sub-encoding to TS1/4 on input line 293.
Package textcomp Info: Setting pnc sub-encoding to TS1/4 on input line 294.
Package textcomp Info: Setting pzc sub-encoding to TS1/4 on input line 295.
Package textcomp Info: Setting bch sub-encoding to TS1/4 on input line 296.
Package textcomp Info: Setting put sub-encoding to TS1/5 on input line 297.
Package textcomp Info: Setting uag sub-encoding to TS1/5 on input line 298.
Package textcomp Info: Setting ugq sub-encoding to TS1/5 on input line 299.
Package textcomp Info: Setting ul8 sub-encoding to TS1/4 on input line 300.
Package textcomp Info: Setting ul9 sub-encoding to TS1/4 on input line 301.
Package textcomp Info: Setting augie sub-encoding to TS1/5 on input line 302.
Package textcomp Info: Setting dayrom sub-encoding to TS1/3 on input line 303.
Package textcomp Info: Setting dayroms sub-encoding to TS1/3 on input line 304.

Package textcomp Info: Setting pxr sub-encoding to TS1/0 on input line 305.
Package textcomp Info: Setting pxss sub-encoding to TS1/0 on input line 306.
Package textcomp Info: Setting pxtt sub-encoding to TS1/0 on input line 307.
Package textcomp Info: Setting txr sub-encoding to TS1/0 on input line 308.
Package textcomp Info: Setting txss sub-encoding to TS1/0 on input line 309.
Package textcomp Info: Setting txtt sub-encoding to TS1/0 on input line 310.
Package textcomp Info: Setting lmr sub-encoding to TS1/0 on input line 311.
Package textcomp Info: Setting lmdh sub-encoding to TS1/0 on input line 312.
Package textcomp Info: Setting lmss sub-encoding to TS1/0 on input line 313.
Package textcomp Info: Setting lmssq sub-encoding to TS1/0 on input line 314.
Package textcomp Info: Setting lmvtt sub-encoding to TS1/0 on input line 315.
Package textcomp Info: Setting qhv sub-encoding to TS1/0 on input line 316.
Package textcomp Info: Setting qag sub-encoding to TS1/0 on input line 317.
Package textcomp Info: Setting qbk sub-encoding to TS1/0 on input line 318.
Package textcomp Info: Setting qcr sub-encoding to TS1/0 on input line 319.
Package textcomp Info: Setting qcs sub-encoding to TS1/0 on input line 320.
Package textcomp Info: Setting qpl sub-encoding to TS1/0 on input line 321.
Package textcomp Info: Setting qtm sub-encoding to TS1/0 on input line 322.
Package textcomp Info: Setting qzc sub-encoding to TS1/0 on input line 323.
Package textcomp Info: Setting qhvc sub-encoding to TS1/0 on input line 324.
Package textcomp Info: Setting futs sub-encoding to TS1/4 on input line 325.
Package textcomp Info: Setting futx sub-encoding to TS1/4 on input line 326.
Package textcomp Info: Setting futj sub-encoding to TS1/4 on input line 327.
Package textcomp Info: Setting hlh sub-encoding to TS1/3 on input line 328.
Package textcomp Info: Setting hls sub-encoding to TS1/3 on input line 329.
Package textcomp Info: Setting hlst sub-encoding to TS1/3 on input line 330.
Package textcomp Info: Setting hlct sub-encoding to TS1/5 on input line 331.
Package textcomp Info: Setting hlx sub-encoding to TS1/5 on input line 332.
Package textcomp Info: Setting hlce sub-encoding to TS1/5 on input line 333.
Package textcomp Info: Setting hlcn sub-encoding to TS1/5 on input line 334.
Package textcomp Info: Setting hlcw sub-encoding to TS1/5 on input line 335.
Package textcomp Info: Setting hlcf sub-encoding to TS1/5 on input line 336.
Package textcomp Info: Setting pplx sub-encoding to TS1/3 on input line 337.
Package textcomp Info: Setting pplj sub-encoding to TS1/3 on input line 338.
Package textcomp Info: Setting ptmx sub-encoding to TS1/4 on input line 339.
Package textcomp Info: Setting ptmj sub-encoding to TS1/4 on input line 340.
)
(/usr/share/texlive/texmf-dist/tex/latex/multirow/multirow.sty
\bigstrutjot=\dimen150
)
(/usr/share/texlive/texmf-dist/tex/latex/rotfloat/rotfloat.sty
Package: rotfloat 2004/01/04 v1.2 Combining float+rotating package (AS)

(/usr/share/texlive/texmf-dist/tex/latex/float/float.sty
Package: float 2001/11/08 v1.3d Float enhancements (AL)
\c@float@type=\count128
\float@exts=\toks22
\float@box=\box32
\@float@everytoks=\toks23
\@floatcapt=\box33
)
(/usr/share/texlive/texmf-dist/tex/latex/rotating/rotating.sty
Package: rotating 2009/03/28 v2.16a rotated objects in LaTeX

(/usr/share/texlive/texmf-dist/tex/latex/base/ifthen.sty
Package: ifthen 2001/05/26 v1.1c Standard LaTeX ifthen package (DPC)
)
\c@r@tfl@t=\count129
\rotFPtop=\skip59
\rotFPbot=\skip60
\rot@float@box=\box34
\rot@mess@toks=\toks24
)
Package rotfloat Info: float package v1.3 detected on input line 74.
)
(/usr/share/texlive/texmf-dist/tex/latex/lastpage/lastpage.sty
Package: lastpage 2013/01/28 v1.2l Refers to last page's name (HMM; JPG)
)
(/usr/share/texlive/texmf-dist/tex/latex/titlesec/titlesec.sty
Package: titlesec 2011/12/15 v2.10.0 Sectioning titles
\ttl@box=\box35
\beforetitleunit=\skip61
\aftertitleunit=\skip62
\ttl@plus=\dimen151
\ttl@minus=\dimen152
\ttl@toksa=\toks25
\titlewidth=\dimen153
\titlewidthlast=\dimen154
\titlewidthfirst=\dimen155
)
\c@subsubsubsection=\count130

(/usr/share/texlive/texmf-dist/tex/latex/listings/lstlang1.sty
File: lstlang1.sty 2013/08/26 1.5b listings language file
)
(/usr/share/texlive/texmf-dist/tex/latex/cantarell/cantarell.sty
Package: cantarell 2012/01/03 Cantarell

(/usr/share/texlive/texmf-dist/tex/latex/slantsc/slantsc.sty
Package: slantsc 2012/01/01 v2.11 Provide Slanted an Italic Small Caps
LaTeX Info: Redefining \upshape on input line 35.
LaTeX Info: Redefining \slshape on input line 45.
LaTeX Info: Redefining \itshape on input line 55.
LaTeX Info: Redefining \scshape on input line 65.
))
(/usr/share/texlive/texmf-dist/tex/latex/base/fontenc.sty
Package: fontenc 2005/09/27 v1.99g Standard LaTeX package

(/usr/share/texlive/texmf-dist/tex/latex/base/t1enc.def
File: t1enc.def 2005/09/27 v1.99g Standard LaTeX file
LaTeX Font Info:    Redeclaring font encoding T1 on input line 43.
))
Package hyperref Info: Option `colorlinks' set `true' on input line 89.
)
(./piano-di-qualifica-3.0.aux)
\openout1 = `piano-di-qualifica-3.0.aux'.

LaTeX Font Info:    Checking defaults for OML/cmm/m/it on input line 10.
LaTeX Font Info:    ... okay on input line 10.
LaTeX Font Info:    Checking defaults for T1/cmr/m/n on input line 10.
LaTeX Font Info:    ... okay on input line 10.
LaTeX Font Info:    Checking defaults for OT1/cmr/m/n on input line 10.
LaTeX Font Info:    ... okay on input line 10.
LaTeX Font Info:    Checking defaults for OMS/cmsy/m/n on input line 10.
LaTeX Font Info:    ... okay on input line 10.
LaTeX Font Info:    Checking defaults for OMX/cmex/m/n on input line 10.
LaTeX Font Info:    ... okay on input line 10.
LaTeX Font Info:    Checking defaults for U/cmr/m/n on input line 10.
LaTeX Font Info:    ... okay on input line 10.
LaTeX Font Info:    Checking defaults for PD1/pdf/m/n on input line 10.
LaTeX Font Info:    ... okay on input line 10.
LaTeX Font Info:    Checking defaults for TS1/cmr/m/n on input line 10.
LaTeX Font Info:    Try loading font information for TS1+cmr on input line 10.

(/usr/share/texlive/texmf-dist/tex/latex/base/ts1cmr.fd
File: ts1cmr.fd 1999/05/25 v2.5h Standard LaTeX font definitions
)
LaTeX Font Info:    ... okay on input line 10.
LaTeX Font Info:    Try loading font information for T1+fca on input line 10.

(/usr/share/texlive/texmf-dist/tex/latex/cantarell/t1fca.fd
File: t1fca.fd 2012/06/11 Fontinst v1.933 font definitions for T1/fca.
)
LaTeX Info: Redefining \it@ocap on input line 10.
LaTeX Info: Redefining \it@ccap on input line 10.
\AtBeginShipoutBox=\box36

(/usr/share/texlive/texmf-dist/tex/latex/graphics/color.sty
Package: color 2005/11/14 v1.0j Standard LaTeX Color (DPC)

(/usr/share/texlive/texmf-dist/tex/latex/latexconfig/color.cfg
File: color.cfg 2007/01/18 v1.5 color configuration of teTeX/TeXLive
)
Package color Info: Driver file: pdftex.def on input line 130.
)
Package hyperref Info: Link coloring ON on input line 10.

(/usr/share/texlive/texmf-dist/tex/latex/hyperref/nameref.sty
Package: nameref 2012/10/27 v2.43 Cross-referencing by name of section

(/usr/share/texlive/texmf-dist/tex/generic/oberdiek/gettitlestring.sty
Package: gettitlestring 2010/12/03 v1.4 Cleanup title references (HO)
)
\c@section@level=\count131
)
LaTeX Info: Redefining \ref on input line 10.
LaTeX Info: Redefining \pageref on input line 10.
LaTeX Info: Redefining \nameref on input line 10.

(./piano-di-qualifica-3.0.out) (./piano-di-qualifica-3.0.out)
\@outlinefile=\write3
\openout3 = `piano-di-qualifica-3.0.out'.

\c@lstlisting=\count132

(/usr/share/texlive/texmf-dist/tex/context/base/supp-pdf.mkii
[Loading MPS to PDF converter (version 2006.09.02).]
\scratchcounter=\count133
\scratchdimen=\dimen156
\scratchbox=\box37
\nofMPsegments=\count134
\nofMParguments=\count135
\everyMPshowfont=\toks26
\MPscratchCnt=\count136
\MPscratchDim=\dimen157
\MPnumerator=\count137
\makeMPintoPDFobject=\count138
\everyMPtoPDFconversion=\toks27
) (/usr/share/texlive/texmf-dist/tex/latex/oberdiek/epstopdf-base.sty
Package: epstopdf-base 2010/02/09 v2.5 Base part for package epstopdf

(/usr/share/texlive/texmf-dist/tex/latex/oberdiek/grfext.sty
Package: grfext 2010/08/19 v1.1 Manage graphics extensions (HO)
)
Package grfext Info: Graphics extension search list:
(grfext)             [.png,.pdf,.jpg,.mps,.jpeg,.jbig2,.jb2,.PNG,.PDF,.JPG,.JPE
G,.JBIG2,.JB2,.eps]
(grfext)             \AppendGraphicsExtensions on input line 452.

(/usr/share/texlive/texmf-dist/tex/latex/latexconfig/epstopdf-sys.cfg
File: epstopdf-sys.cfg 2010/07/13 v1.3 Configuration of (r)epstopdf for TeX Liv
e
))
Package caption Info: Begin \AtBeginDocument code.
Package caption Info: float package is loaded.
Package caption Info: rotating package is loaded.
Package caption Info: End \AtBeginDocument code.

*geometry* driver: auto-detecting
*geometry* detected driver: pdftex
*geometry* verbose mode - [ preamble ] result:
* driver: pdftex
* paper: a4paper
* layout: <same size as paper>
* layoutoffset:(h,v)=(0.0pt,0.0pt)
* modes: 
* h-part:(L,W,R)=(71.13188pt, 455.24411pt, 71.13188pt)
* v-part:(T,H,B)=(85.35826pt, 674.33032pt, 85.35826pt)
* \paperwidth=597.50787pt
* \paperheight=845.04684pt
* \textwidth=455.24411pt
* \textheight=674.33032pt
* \oddsidemargin=-1.1381pt
* \evensidemargin=-1.1381pt
* \topmargin=-23.91173pt
* \headheight=12.0pt
* \headsep=25.0pt
* \topskip=11.0pt
* \footskip=30.0pt
* \marginparwidth=50.0pt
* \marginparsep=10.0pt
* \columnsep=10.0pt
* \skip\footins=10.0pt plus 4.0pt minus 2.0pt
* \hoffset=0.0pt
* \voffset=0.0pt
* \mag=1000
* \@twocolumnfalse
* \@twosidefalse
* \@mparswitchfalse
* \@reversemarginfalse
* (1in=72.27pt=25.4mm, 1cm=28.453pt)

Package lastpage Info: Please have a look at the pageslts package at
(lastpage)             http://www.ctan.org/tex-archive/ 
(lastpage)             macros/latex/contrib/pageslts/ 
(lastpage)             or
(lastpage)             http://www.ctan.org/tex-archive/ 
(lastpage)             install/macros/latex/contrib/pageslts.tds.zip
(lastpage)             ! on input line 10.
LaTeX Font Info:    Font shape `T1/fca/bx/n' in size <17.28> not available
(Font)              Font shape `T1/fca/b/n' tried instead on input line 15.
LaTeX Font Info:    Font shape `T1/fca/bx/n' in size <22.76219> not available
(Font)              Font shape `T1/fca/b/n' tried instead on input line 15.
LaTeX Font Info:    External font `cmex10' loaded for size
(Font)              <12> on input line 15.
LaTeX Font Info:    External font `cmex10' loaded for size
(Font)              <8> on input line 15.
LaTeX Font Info:    External font `cmex10' loaded for size
(Font)              <6> on input line 15.
<../../team_not_found.jpg, id=333, 382.42876pt x 153.57375pt>
File: ../../team_not_found.jpg Graphic file (type jpg)

<use ../../team_not_found.jpg>
Package pdftex.def Info: ../../team_not_found.jpg used on input line 17.
(pdftex.def)             Requested size: 382.42781pt x 153.57336pt.
LaTeX Font Info:    Try loading font information for T1+cmtt on input line 18.

(/usr/share/texlive/texmf-dist/tex/latex/base/t1cmtt.fd
File: t1cmtt.fd 1999/05/25 v2.5h Standard LaTeX font definitions
)
LaTeX Font Info:    Calculating math sizes for size <14.22636> on input line 18
.
LaTeX Font Info:    External font `cmex10' loaded for size
(Font)              <14.22636> on input line 18.
LaTeX Font Info:    External font `cmex10' loaded for size
(Font)              <9.9584> on input line 18.
LaTeX Font Info:    External font `cmex10' loaded for size
(Font)              <7.11317> on input line 18.
LaTeX Font Info:    Font shape `T1/fca/bx/n' in size <14.22636> not available
(Font)              Font shape `T1/fca/b/n' tried instead on input line 21.
LaTeX Font Info:    External font `cmex10' loaded for size
(Font)              <10.95> on input line 35.
LaTeX Font Info:    Font shape `T1/fca/bx/n' in size <10.95> not available
(Font)              Font shape `T1/fca/b/n' tried instead on input line 35.
 [1

{/var/lib/texmf/fonts/map/pdftex/updmap/pdftex.map} <../../team_not_found.jpg>]
LaTeX Font Info:    Font shape `T1/fca/bx/n' in size <14.4> not available
(Font)              Font shape `T1/fca/b/n' tried instead on input line 46.
LaTeX Font Info:    Font shape `T1/fca/bx/n' in size <9> not available
(Font)              Font shape `T1/fca/b/n' tried instead on input line 49.

Underfull \hbox (badness 7116) in paragraph at lines 50--50
[]|\T1/fca/m/n/9 M. V. Mbouen-
 []


Underfull \hbox (badness 10000) in paragraph at lines 51--51
[]|\T1/fca/m/n/9 M.Crivellaro
 []


Underfull \hbox (badness 1142) in paragraph at lines 57--57
[]|\T1/fca/m/n/9 Aggiunto pa-ra-gra-fo -Pro-ce-du-re di con-trol-lo di qua-li-t
à
 []


Underfull \hbox (badness 10000) in paragraph at lines 59--59
[]|\T1/fca/m/n/9 D. Bor-tot
 []


Underfull \hbox (badness 10000) in paragraph at lines 61--61
[]|\T1/fca/m/n/9 A. Mul-ti-ned-du
 []


Underfull \hbox (badness 10000) in paragraph at lines 63--63
[]|\T1/fca/m/n/9 A. Mul-ti-ned-du
 []


Underfull \hbox (badness 10000) in paragraph at lines 64--64
[]|\T1/fca/m/n/9 A. Mul-ti-ned-du
 []


Underfull \hbox (badness 10000) in paragraph at lines 66--66
[]|\T1/fca/m/n/9 A. Mul-ti-ned-du
 []


Underfull \hbox (badness 10000) in paragraph at lines 67--67
[]|\T1/fca/m/n/9 A. Mul-ti-ned-du
 []


Underfull \hbox (badness 10000) in paragraph at lines 68--68
[]|\T1/fca/m/n/9 A. Mul-ti-ned-du
 []


Underfull \vbox (badness 10000) detected at line 68
 []


Underfull \hbox (badness 10000) in paragraph at lines 69--69
[]|\T1/fca/m/n/9 A. Mul-ti-ned-du
 []

<../../team404_small.jpg, id=346, 382.42876pt x 153.57375pt>
File: ../../team404_small.jpg Graphic file (type jpg)

<use ../../team404_small.jpg>
Package pdftex.def Info: ../../team404_small.jpg used on input line 72.
(pdftex.def)             Requested size: 57.36183pt x 23.03506pt.


Package Fancyhdr Warning: \headheight is too small (12.0pt): 
 Make it at least 27.1151pt.
 We now make it that large for the rest of the document.
 This may cause the page layout to be inconsistent, however.

[2 <../../team404_small.jpg>] (./piano-di-qualifica-3.0.toc
File: ../../team404_small.jpg Graphic file (type jpg)

<use ../../team404_small.jpg>
Package pdftex.def Info: ../../team404_small.jpg used on input line 49.
(pdftex.def)             Requested size: 57.36183pt x 23.03506pt.
 [3])
\tf@toc=\write4
\openout4 = `piano-di-qualifica-3.0.toc'.

 (./piano-di-qualifica-3.0.lof)
\tf@lof=\write5
\openout5 = `piano-di-qualifica-3.0.lof'.

File: ../../team404_small.jpg Graphic file (type jpg)

<use ../../team404_small.jpg>
Package pdftex.def Info: ../../team404_small.jpg used on input line 80.
(pdftex.def)             Requested size: 57.36183pt x 23.03506pt.
 [1]
File: ../../team404_small.jpg Graphic file (type jpg)
 <use ../../team404_small.jpg>
Package pdftex.def Info: ../../team404_small.jpg used on input line 80.
(pdftex.def)             Requested size: 57.36183pt x 23.03506pt.
 [2]
LaTeX Font Info:    Font shape `T1/fca/m/it' in size <10.95> not available
(Font)              Font shape `T1/fca/m/sl' tried instead on input line 84.
File: ../../team404_small.jpg Graphic file (type jpg)

<use ../../team404_small.jpg>
Package pdftex.def Info: ../../team404_small.jpg used on input line 86.
(pdftex.def)             Requested size: 57.36183pt x 23.03506pt.
pdfTeX warning (ext4): destination with the same identifier (name{page.1}) has 
been already used, duplicate ignored
<to be read again> 
                   \relax 
l.86 	\newpage
               [1]
LaTeX Font Info:    Font shape `T1/fca/bx/n' in size <12> not available
(Font)              Font shape `T1/fca/b/n' tried instead on input line 88.
LaTeX Font Info:    Font shape `T1/fca/bx/n' in size <8> not available
(Font)              Font shape `T1/fca/b/n' tried instead on input line 93.
LaTeX Font Info:    External font `cmex10' loaded for size
(Font)              <5> on input line 93.
LaTeX Font Info:    Font shape `T1/fca/bx/n' in size <6> not available
(Font)              Font shape `T1/fca/b/n' tried instead on input line 93.
File: ../../team404_small.jpg Graphic file (type jpg)
 <use ../../team404_small.jpg>
Package pdftex.def Info: ../../team404_small.jpg used on input line 98.
(pdftex.def)             Requested size: 57.36183pt x 23.03506pt.
pdfTeX warning (ext4): destination with the same identifier (name{page.2}) has 
been already used, duplicate ignored
<to be read again> 
                   \relax 
l.98 	\newpage
               [2]
LaTeX Font Info:    Try loading font information for TS1+fca on input line 102.

 (/usr/share/texlive/texmf-dist/tex/latex/cantarell/ts1fca.fd
File: ts1fca.fd 2012/06/11 Fontinst v1.933 font definitions for TS1/fca.
)
Overfull \hbox (4.93379pt too wide) in paragraph at lines 110--114
[][]$\T1/cmtt/m/n/10.95 http : / / www . math . unipd . it / ~tullio / IS-[]1 /
 2015 / Dispense / PD01 . pdf$[][] [][]$http : / / www . math .
 []

File: ../../team404_small.jpg Graphic file (type jpg)
<use ../../team404_small.jpg>
Package pdftex.def Info: ../../team404_small.jpg used on input line 122.
(pdftex.def)             Requested size: 57.36183pt x 23.03506pt.
pdfTeX warning (ext4): destination with the same identifier (name{page.3}) has 
been already used, duplicate ignored
<to be read again> 
                   \relax 
l.122 
       [3] <../images/PDCA.png, id=482, 636.3775pt x 336.25626pt>
File: ../images/PDCA.png Graphic file (type png)

<use ../images/PDCA.png>
Package pdftex.def Info: ../images/PDCA.png used on input line 145.
(pdftex.def)             Requested size: 381.82944pt x 201.75531pt.
File: ../../team404_small.jpg Graphic file (type jpg)
 <use ../../team404_small.jpg>
Package pdftex.def Info: ../../team404_small.jpg used on input line 151.
(pdftex.def)             Requested size: 57.36183pt x 23.03506pt.
 [4 <../images/PDCA.png>]
File: ../../team404_small.jpg Graphic file (type jpg)
<use ../../team404_small.jpg>
Package pdftex.def Info: ../../team404_small.jpg used on input line 190.
(pdftex.def)             Requested size: 57.36183pt x 23.03506pt.
 [5]
<../images/ISO-9126-cut.png, id=495, 736.25063pt x 108.405pt>
File: ../images/ISO-9126-cut.png Graphic file (type png)

<use ../images/ISO-9126-cut.png>
Package pdftex.def Info: ../images/ISO-9126-cut.png used on input line 200.
(pdftex.def)             Requested size: 441.75378pt x 65.04349pt.


Package caption Warning: The option `hypcap=true' will be ignored for this
(caption)                particular \caption on input line 201.
See the caption package documentation for explanation.


Overfull \hbox (3.35068pt too wide) in paragraph at lines 194--203
 $[]$ 
 []


Underfull \hbox (badness 10000) in paragraph at lines 194--203

 []

File: ../../team404_small.jpg Graphic file (type jpg)
<use ../../team404_small.jpg>
Package pdftex.def Info: ../../team404_small.jpg used on input line 204.
(pdftex.def)             Requested size: 57.36183pt x 23.03506pt.
 [6 <../images/ISO-9126-cut.png>]
File: ../../team404_small.jpg Graphic file (type jpg)

<use ../../team404_small.jpg>
Package pdftex.def Info: ../../team404_small.jpg used on input line 241.
(pdftex.def)             Requested size: 57.36183pt x 23.03506pt.
 [7]
Underfull \hbox (badness 10000) in paragraph at lines 273--275

 []

File: ../../team404_small.jpg Graphic file (type jpg)
<use ../../team404_small.jpg>
Package pdftex.def Info: ../../team404_small.jpg used on input line 289.
(pdftex.def)             Requested size: 57.36183pt x 23.03506pt.
 [8]
File: ../../team404_small.jpg Graphic file (type jpg)
 <use ../../team404_small.jpg>
Package pdftex.def Info: ../../team404_small.jpg used on input line 328.
(pdftex.def)             Requested size: 57.36183pt x 23.03506pt.
 [9]
File: ../../team404_small.jpg Graphic file (type jpg)

<use ../../team404_small.jpg>
Package pdftex.def Info: ../../team404_small.jpg used on input line 369.
(pdftex.def)             Requested size: 57.36183pt x 23.03506pt.
 [10]
File: ../../team404_small.jpg Graphic file (type jpg)
 <use ../../team404_small.jpg>
Package pdftex.def Info: ../../team404_small.jpg used on input line 401.
(pdftex.def)             Requested size: 57.36183pt x 23.03506pt.
 [11]
LaTeX Font Info:    Font shape `T1/fca/m/it' in size <6> not available
(Font)              Font shape `T1/fca/m/sl' tried instead on input line 403.
LaTeX Font Info:    Font shape `T1/fca/m/it' in size <5> not available
(Font)              Font shape `T1/fca/m/sl' tried instead on input line 403.


LaTeX Font Warning: Command \tiny invalid in math mode on input line 418.


LaTeX Font Warning: Command \tiny invalid in math mode on input line 418.


LaTeX Font Warning: Command \tiny invalid in math mode on input line 418.


Underfull \hbox (badness 10000) in paragraph at lines 435--437

 []

File: ../../team404_small.jpg Graphic file (type jpg)
<use ../../team404_small.jpg>
Package pdftex.def Info: ../../team404_small.jpg used on input line 473.
(pdftex.def)             Requested size: 57.36183pt x 23.03506pt.
 [12]
File: ../../team404_small.jpg Graphic file (type jpg)
 <use ../../team404_small.jpg>
Package pdftex.def Info: ../../team404_small.jpg used on input line 512.
(pdftex.def)             Requested size: 57.36183pt x 23.03506pt.
 [13]
Underfull \hbox (badness 10000) in paragraph at lines 546--549

 []

File: ../../team404_small.jpg Graphic file (type jpg)
<use ../../team404_small.jpg>
Package pdftex.def Info: ../../team404_small.jpg used on input line 549.
(pdftex.def)             Requested size: 57.36183pt x 23.03506pt.
 [14]
File: ../../team404_small.jpg Graphic file (type jpg)
 <use ../../team404_small.jpg>
Package pdftex.def Info: ../../team404_small.jpg used on input line 568.
(pdftex.def)             Requested size: 57.36183pt x 23.03506pt.
 [15]
Underfull \hbox (badness 10000) in paragraph at lines 668--671

 []

File: ../../team404_small.jpg Graphic file (type jpg)
<use ../../team404_small.jpg>
Package pdftex.def Info: ../../team404_small.jpg used on input line 705.
(pdftex.def)             Requested size: 57.36183pt x 23.03506pt.
 [16]
<../images/vmodel-final4.png, id=564, 990.70125pt x 570.63188pt>
File: ../images/vmodel-final4.png Graphic file (type png)

<use ../images/vmodel-final4.png>
Package pdftex.def Info: ../images/vmodel-final4.png used on input line 812.
(pdftex.def)             Requested size: 396.27348pt x 228.2487pt.

Underfull \hbox (badness 10000) in paragraph at lines 809--823

 []

File: ../../team404_small.jpg Graphic file (type jpg)
<use ../../team404_small.jpg>
Package pdftex.def Info: ../../team404_small.jpg used on input line 830.
(pdftex.def)             Requested size: 57.36183pt x 23.03506pt.
 [17 <../images/vmodel-final4.png>]pdfTeX warning (ext4): destination with the 
same identifier (name{table.1}) has been already used, duplicate ignored
<to be read again> 
                   \relax 
l.833 ...width}p{0.5\columnwidth}p{0.2\textwidth}}
                                                  
Overfull \hbox (47.99303pt too wide) in alignment at lines 833--838
 [] [] [] [] 
 []


Overfull \hbox (47.99303pt too wide) in alignment at lines 838--842
 [] [] [] [] 
 []

LaTeX Font Info:    Font shape `T1/fca/m/it' in size <9> not available
(Font)              Font shape `T1/fca/m/sl' tried instead on input line 844.

Overfull \hbox (47.99303pt too wide) in alignment at lines 842--845
 [] [] [] [] 
 []


Overfull \hbox (47.99303pt too wide) in alignment at lines 845--848
 [] [] [] [] 
 []


Underfull \hbox (badness 1253) in paragraph at lines 903--904
[]|\T1/fca/m/n/10.95 Verifica che la se-zio-ne de-di-ca-ta al-l'au-ten-ti-
 []


Underfull \hbox (badness 1163) in paragraph at lines 903--904
\T1/fca/m/n/10.95 ca-zio-ne for-ni-sca una pro-ce-du-ra di re-cu-pe-ro
 []


Underfull \hbox (badness 1769) in paragraph at lines 906--907
\T1/fca/m/n/10.95 ta e in ca-so ne-ga-ti-vo vi-sua-liz-za-re un
 []


Underfull \hbox (badness 1648) in paragraph at lines 936--937
[]\T1/fca/m/n/10.95 fornire una se-zio-ne con un elen-co di
 []


Underfull \hbox (badness 2165) in paragraph at lines 938--939
[]\T1/fca/m/n/10.95 fornire il nu-me-ro di que-stio-na-ri del-la
 []


Underfull \hbox (badness 4479) in paragraph at lines 952--953
[]\T1/fca/m/n/10.95 per ogni ele-men-to del-l'e-len-co ven-ga
 []


Underfull \hbox (badness 2401) in paragraph at lines 953--954
\T1/fca/m/n/10.95 sua-liz-za-to il nu-me-ro di do-man-de del
 []


Underfull \hbox (badness 4479) in paragraph at lines 954--955
[]\T1/fca/m/n/10.95 per ogni ele-men-to del-l'e-len-co ven-ga
 []


Underfull \hbox (badness 4156) in paragraph at lines 974--975
[]\T1/fca/m/n/10.95 rispondere al-le do-man-de in qual-sia-si
 []


Underfull \hbox (badness 1210) in paragraph at lines 1010--1011
[]\T1/fca/m/n/10.95 valuti il que-stio-na-rio e ne vi-sua-liz-zi il
 []


Underfull \hbox (badness 1558) in paragraph at lines 1056--1057
[]|\T1/fca/m/n/10.95 Verifica che il si-ste-ma ef-fet-tui un con-trol-
 []


Underfull \hbox (badness 4013) in paragraph at lines 1056--1057
\T1/fca/m/n/10.95 lo sul-la cor-ret-tez-za dei da-ti pri-ma del-la
 []


Overfull \hbox (47.99303pt too wide) in alignment at lines 848--1152
 [] [] [] [] 
 []

File: ../../team404_small.jpg Graphic file (type jpg)
<use ../../team404_small.jpg>
Package pdftex.def Info: ../../team404_small.jpg used on input line 1152.
(pdftex.def)             Requested size: 57.36183pt x 23.03506pt.
 [18]
File: ../../team404_small.jpg Graphic file (type jpg)
 <use ../../team404_small.jpg>
Package pdftex.def Info: ../../team404_small.jpg used on input line 1152.
(pdftex.def)             Requested size: 57.36183pt x 23.03506pt.
 [19]
File: ../../team404_small.jpg Graphic file (type jpg)

<use ../../team404_small.jpg>
Package pdftex.def Info: ../../team404_small.jpg used on input line 1152.
(pdftex.def)             Requested size: 57.36183pt x 23.03506pt.
 [20]
File: ../../team404_small.jpg Graphic file (type jpg)
 <use ../../team404_small.jpg>
Package pdftex.def Info: ../../team404_small.jpg used on input line 1152.
(pdftex.def)             Requested size: 57.36183pt x 23.03506pt.
 [21]
File: ../../team404_small.jpg Graphic file (type jpg)

<use ../../team404_small.jpg>
Package pdftex.def Info: ../../team404_small.jpg used on input line 1156.
(pdftex.def)             Requested size: 57.36183pt x 23.03506pt.
 [22]
Overfull \hbox (36.91206pt too wide) in alignment at lines 1157--1162
 [] [] [] [] [] 
 []


Overfull \hbox (36.91206pt too wide) in alignment at lines 1162--1166
 [] [] [] [] [] 
 []


Overfull \hbox (36.91206pt too wide) in alignment at lines 1166--1169
 [] [] [] [] [] 
 []


Overfull \hbox (36.91206pt too wide) in alignment at lines 1169--1172
 [] [] [] [] [] 
 []


Underfull \hbox (badness 2088) in paragraph at lines 1175--1175
\T1/fca/m/n/10.95 ne per-met-te l'in-se-ri-men-to dei da-ti
 []


Underfull \hbox (badness 10000) in paragraph at lines 1181--1181
[]|\T1/fca/m/n/10.95 TS
 []


Underfull \hbox (badness 2253) in paragraph at lines 1181--1181
[]|\T1/fca/m/n/10.95 Se la pas-sword in-se-ri-ta ha me-no
 []


Underfull \hbox (badness 10000) in paragraph at lines 1187--1187
[]|\T1/fca/m/n/10.95 TS
 []


Underfull \hbox (badness 10000) in paragraph at lines 1189--1189
[]|\T1/fca/m/n/10.95 TS
 []


Underfull \hbox (badness 1454) in paragraph at lines 1189--1189
\T1/fca/m/n/10.95 vie-ne vi-sua-liz-za-to un mes-sag-gio di
 []


Underfull \hbox (badness 10000) in paragraph at lines 1191--1191
[]|\T1/fca/m/n/10.95 TS
 []


Underfull \hbox (badness 2302) in paragraph at lines 1205--1205
\T1/fca/m/n/10.95 ne de-ve for-ni-re una pro-ce-du-ra di
 []


Underfull \hbox (badness 1755) in paragraph at lines 1209--1209
\T1/fca/m/n/10.95 de-ve ef-fet-tua-re un con-trol-lo sul-la
 []


Underfull \hbox (badness 10000) in paragraph at lines 1211--1211
[]|\T1/fca/m/n/10.95 TS
 []


Underfull \hbox (badness 1297) in paragraph at lines 1211--1211
[]|\T1/fca/m/n/10.95 Se la e-mail non ri-sul-ta re-gi-stra-ta
 []


Underfull \hbox (badness 1454) in paragraph at lines 1211--1211
\T1/fca/m/n/10.95 vie-ne vi-sua-liz-za-to un mes-sag-gio di
 []


Overfull \hbox (36.91206pt too wide) in alignment at lines 1172--1212
 [] [] [] [] [] 
 []


Underfull \hbox (badness 10000) in paragraph at lines 1213--1213
[]|\T1/fca/m/n/10.95 TS
 []


Underfull \hbox (badness 1297) in paragraph at lines 1213--1213
[]|\T1/fca/m/n/10.95 Se la e-mail non ri-sul-ta re-gi-stra-ta
 []


Underfull \hbox (badness 1931) in paragraph at lines 1213--1213
\T1/fca/m/n/10.95 vie-ne bloc-ca-to l'in-vio del-la mail a
 []


Underfull \hbox (badness 10000) in paragraph at lines 1221--1221
[]|\T1/fca/m/n/10.95 TS
 []


Underfull \hbox (badness 1275) in paragraph at lines 1227--1227
[]|\T1/fca/m/n/10.95 Il si-ste-ma de-ve for-ni-re una se-zio-
 []


Underfull \hbox (badness 1082) in paragraph at lines 1237--1237
[]|\T1/fca/m/n/10.95 Quando l'u-ten-te se-le-zio-na un que-
 []


Underfull \hbox (badness 2837) in paragraph at lines 1247--1247
[]|\T1/fca/m/n/10.95 Durante la com-pi-la-zio-ne del que-
 []


Underfull \hbox (badness 1546) in paragraph at lines 1247--1247
\T1/fca/m/n/10.95 be-ra-men-te tra le do-man-de che lo
 []


Overfull \hbox (36.91206pt too wide) in alignment at lines 1212--1252
 [] [] [] [] [] 
 []

File: ../../team404_small.jpg Graphic file (type jpg)
<use ../../team404_small.jpg>
Package pdftex.def Info: ../../team404_small.jpg used on input line 1252.
(pdftex.def)             Requested size: 57.36183pt x 23.03506pt.
 [23]
Underfull \hbox (badness 2205) in paragraph at lines 1257--1257
\T1/fca/m/n/10.95 im-po-sta-te di qual-sia-si ti-po que-ste
 []


Underfull \hbox (badness 10000) in paragraph at lines 1259--1259
[]|\T1/fca/m/n/10.95 TS
 []


Underfull \hbox (badness 10000) in paragraph at lines 1263--1263
[]|\T1/fca/m/n/10.95 TS
 []


Underfull \hbox (badness 10000) in paragraph at lines 1267--1267
[]|\T1/fca/m/n/10.95 TS
 []


Underfull \hbox (badness 10000) in paragraph at lines 1279--1279
[]|\T1/fca/m/n/10.95 TS
 []


Underfull \hbox (badness 10000) in paragraph at lines 1281--1281
[]|\T1/fca/m/n/10.95 F
 []


Overfull \hbox (1.36061pt too wide) in paragraph at lines 1281--1281
\T1/fca/m/n/10.95 4.5.2.1.1| 
 []


Underfull \hbox (badness 10000) in paragraph at lines 1281--1281
[]|\T1/fca/m/n/10.95 TS
 []


Overfull \hbox (1.36061pt too wide) in paragraph at lines 1281--1281
\T1/fca/m/n/10.95 4.5.2.1.1| 
 []


Underfull \hbox (badness 10000) in paragraph at lines 1283--1283
[]|\T1/fca/m/n/10.95 F
 []


Overfull \hbox (1.36061pt too wide) in paragraph at lines 1283--1283
\T1/fca/m/n/10.95 4.5.2.1.2| 
 []


Underfull \hbox (badness 10000) in paragraph at lines 1283--1283
[]|\T1/fca/m/n/10.95 TS
 []


Overfull \hbox (1.36061pt too wide) in paragraph at lines 1283--1283
\T1/fca/m/n/10.95 4.5.2.1.2| 
 []


Underfull \hbox (badness 10000) in paragraph at lines 1285--1285
[]|\T1/fca/m/n/10.95 F
 []


Overfull \hbox (1.36061pt too wide) in paragraph at lines 1285--1285
\T1/fca/m/n/10.95 4.5.2.1.3| 
 []


Underfull \hbox (badness 10000) in paragraph at lines 1285--1285
[]|\T1/fca/m/n/10.95 TS
 []


Overfull \hbox (1.36061pt too wide) in paragraph at lines 1285--1285
\T1/fca/m/n/10.95 4.5.2.1.3| 
 []


Underfull \hbox (badness 4726) in paragraph at lines 1289--1289
\T1/fca/m/n/10.95 ver-rà con-se-gna-to au-to-ma-ti-ca-men-te
 []


Overfull \hbox (36.91206pt too wide) in alignment at lines 1252--1292
 [] [] [] [] [] 
 []

File: ../../team404_small.jpg Graphic file (type jpg)
<use ../../team404_small.jpg>
Package pdftex.def Info: ../../team404_small.jpg used on input line 1292.
(pdftex.def)             Requested size: 57.36183pt x 23.03506pt.
 [24]
Underfull \hbox (badness 1521) in paragraph at lines 1297--1297
[]|\T1/fca/m/n/10.95 La se-zio-ne de-di-ca-ta al-la crea-zio-ne
 []


Underfull \hbox (badness 3323) in paragraph at lines 1297--1297
\T1/fca/m/n/10.95 di una do-man-da de-ve per-met-te-re
 []


Underfull \hbox (badness 1521) in paragraph at lines 1299--1299
[]|\T1/fca/m/n/10.95 La se-zio-ne de-di-ca-ta al-la crea-zio-ne
 []


Underfull \hbox (badness 10000) in paragraph at lines 1307--1307
[]|\T1/fca/m/n/10.95 TS
 []


Underfull \hbox (badness 10000) in paragraph at lines 1309--1309
[]|\T1/fca/m/n/10.95 TS
 []


Underfull \hbox (badness 10000) in paragraph at lines 1311--1311
[]|\T1/fca/m/n/10.95 TS
 []


Underfull \hbox (badness 10000) in paragraph at lines 1315--1315
[]|\T1/fca/m/n/10.95 TS
 []


Underfull \hbox (badness 10000) in paragraph at lines 1317--1317
[]|\T1/fca/m/n/10.95 TS
 []


Underfull \hbox (badness 1521) in paragraph at lines 1321--1321
[]|\T1/fca/m/n/10.95 La se-zio-ne de-di-ca-ta al-la crea-zio-ne
 []


Underfull \hbox (badness 4132) in paragraph at lines 1323--1323
[]|\T1/fca/m/n/10.95 La se-zio-ne de-di-ca-ta al-la crea-zio-
 []


Underfull \hbox (badness 4752) in paragraph at lines 1323--1323
\T1/fca/m/n/10.95 ne di un que-stio-na-rio de-ve per-
 []


Underfull \hbox (badness 1521) in paragraph at lines 1325--1325
[]|\T1/fca/m/n/10.95 La se-zio-ne de-di-ca-ta al-la crea-zio-ne
 []


Underfull \hbox (badness 1694) in paragraph at lines 1325--1325
\T1/fca/m/n/10.95 di un que-stio-na-rio de-ve per-met-te-
 []


Underfull \hbox (badness 10000) in paragraph at lines 1329--1329
[]|\T1/fca/m/n/10.95 TS
 []


Underfull \hbox (badness 10000) in paragraph at lines 1331--1331
[]|\T1/fca/m/n/10.95 TS
 []


Overfull \hbox (36.91206pt too wide) in alignment at lines 1292--1332
 [] [] [] [] [] 
 []

File: ../../team404_small.jpg Graphic file (type jpg)
<use ../../team404_small.jpg>
Package pdftex.def Info: ../../team404_small.jpg used on input line 1332.
(pdftex.def)             Requested size: 57.36183pt x 23.03506pt.
 [25]
File: ../../team404_small.jpg Graphic file (type jpg)
 <use ../../team404_small.jpg>
Package pdftex.def Info: ../../team404_small.jpg used on input line 1332.
(pdftex.def)             Requested size: 57.36183pt x 23.03506pt.
 [26]
Underfull \hbox (badness 4132) in paragraph at lines 1333--1333
[]|\T1/fca/m/n/10.95 La se-zio-ne de-di-ca-ta al-la crea-zio-
 []


Underfull \hbox (badness 1888) in paragraph at lines 1333--1333
\T1/fca/m/n/10.95 ne di un nuo-vo que-stio-na-rio de-ve
 []


Underfull \hbox (badness 10000) in paragraph at lines 1337--1337
[]|\T1/fca/m/n/10.95 TS
 []


Underfull \hbox (badness 10000) in paragraph at lines 1339--1339
[]|\T1/fca/m/n/10.95 TS
 []


Underfull \hbox (badness 1454) in paragraph at lines 1339--1339
\T1/fca/m/n/10.95 vie-ne vi-sua-liz-za-to un mes-sag-gio di
 []


Underfull \hbox (badness 10000) in paragraph at lines 1341--1341
[]|\T1/fca/m/n/10.95 TS
 []


Underfull \hbox (badness 10000) in paragraph at lines 1345--1345
[]|\T1/fca/m/n/10.95 TS
 []


Underfull \hbox (badness 10000) in paragraph at lines 1347--1347
[]|\T1/fca/m/n/10.95 TS
 []


Underfull \hbox (badness 10000) in paragraph at lines 1363--1363
[]|\T1/fca/m/n/10.95 TS
 []


Underfull \hbox (badness 3579) in paragraph at lines 1365--1365
[]|\T1/fca/m/n/10.95 QML de-fi-ni-sce do-man-de a scel-ta
 []


Underfull \hbox (badness 10000) in paragraph at lines 1367--1367
[]|\T1/fca/m/n/10.95 TS
 []


Underfull \hbox (badness 3579) in paragraph at lines 1367--1367
[]|\T1/fca/m/n/10.95 QML de-fi-ni-sce do-man-de a scel-ta
 []


Underfull \hbox (badness 10000) in paragraph at lines 1369--1369
[]|\T1/fca/m/n/10.95 TS
 []


Underfull \hbox (badness 10000) in paragraph at lines 1371--1371
[]|\T1/fca/m/n/10.95 TS
 []


Overfull \hbox (36.91206pt too wide) in alignment at lines 1332--1372
 [] [] [] [] [] 
 []

File: ../../team404_small.jpg Graphic file (type jpg)
<use ../../team404_small.jpg>
Package pdftex.def Info: ../../team404_small.jpg used on input line 1372.
(pdftex.def)             Requested size: 57.36183pt x 23.03506pt.
 [27]
Underfull \hbox (badness 10000) in paragraph at lines 1373--1373
[]|\T1/fca/m/n/10.95 F
 []


Overfull \hbox (1.36061pt too wide) in paragraph at lines 1373--1373
\T1/fca/m/n/10.95 8.1.4.5.1| 
 []


Underfull \hbox (badness 10000) in paragraph at lines 1373--1373
[]|\T1/fca/m/n/10.95 TS
 []


Overfull \hbox (1.36061pt too wide) in paragraph at lines 1373--1373
\T1/fca/m/n/10.95 8.1.4.5.1| 
 []


Underfull \hbox (badness 10000) in paragraph at lines 1375--1375
[]|\T1/fca/m/n/10.95 TS
 []


Underfull \hbox (badness 10000) in paragraph at lines 1377--1377
[]|\T1/fca/m/n/10.95 F
 []


Overfull \hbox (1.36061pt too wide) in paragraph at lines 1377--1377
\T1/fca/m/n/10.95 8.1.4.6.1| 
 []


Underfull \hbox (badness 10000) in paragraph at lines 1377--1377
[]|\T1/fca/m/n/10.95 TS
 []


Overfull \hbox (1.36061pt too wide) in paragraph at lines 1377--1377
\T1/fca/m/n/10.95 8.1.4.6.1| 
 []


Underfull \hbox (badness 10000) in paragraph at lines 1379--1379
[]|\T1/fca/m/n/10.95 TS
 []


Overfull \hbox (36.91206pt too wide) in alignment at lines 1372--1382
 [] [] [] [] [] 
 []

File: ../../team404_small.jpg Graphic file (type jpg)
<use ../../team404_small.jpg>
Package pdftex.def Info: ../../team404_small.jpg used on input line 1382.
(pdftex.def)             Requested size: 57.36183pt x 23.03506pt.
 [28]
File: ../../team404_small.jpg Graphic file (type jpg)
 <use ../../team404_small.jpg>
Package pdftex.def Info: ../../team404_small.jpg used on input line 1382.
(pdftex.def)             Requested size: 57.36183pt x 23.03506pt.
 [29]
Overfull \hbox (44.07486pt too wide) in alignment at lines 1385--1390
 [] [] [] [] [] 
 []


Overfull \hbox (44.07486pt too wide) in alignment at lines 1390--1394
 [] [] [] [] [] 
 []


Overfull \hbox (44.07486pt too wide) in alignment at lines 1394--1397
 [] [] [] [] [] 
 []


Overfull \hbox (44.07486pt too wide) in alignment at lines 1397--1400
 [] [] [] [] [] 
 []


Underfull \hbox (badness 6188) in paragraph at lines 1407--1407
[]|\T1/fca/m/n/10.95 Il co-di-ce ja-va-script si oc-cu-pa del
 []


Underfull \hbox (badness 6910) in paragraph at lines 1409--1409
[]|\T1/fca/m/n/10.95 Il co-di-ce HTML pas-sa il te-st di
 []


Overfull \hbox (44.07486pt too wide) in alignment at lines 1400--1412
 [] [] [] [] [] 
 []

File: ../../team404_small.jpg Graphic file (type jpg)
<use ../../team404_small.jpg>
Package pdftex.def Info: ../../team404_small.jpg used on input line 1413.
(pdftex.def)             Requested size: 57.36183pt x 23.03506pt.
 [30]
Underfull \hbox (badness 3302) in paragraph at lines 1441--1441
[]|\T1/fca/m/n/10.95 Viene ve-ri-fi-ca-to che View-Mo-del::Controllers in-te-ra
-
 []


Underfull \hbox (badness 2359) in paragraph at lines 1441--1441
\T1/fca/m/n/10.95 gi-sca cor-ret-ta-men-te con i pac-ka-ge View, View-Mo-
 []


Underfull \hbox (badness 2922) in paragraph at lines 1441--1441
\T1/fca/m/n/10.95 e con i pac-ka-ge View-Mo-del::Subscribers, View-Mo-
 []


Underfull \hbox (badness 1275) in paragraph at lines 1443--1443
[]|\T1/fca/m/n/10.95 Viene ve-ri-fi-ca-to che View-Mo-del::Methods in-te-ra-gi-
sca
 []


Underfull \hbox (badness 1033) in paragraph at lines 1444--1444
[]|\T1/fca/m/n/10.95 Viene Ve-ri-fi-ca-to che View-Mo-del::Interpreter in-te-ra
-gi-
 []


Underfull \hbox (badness 5119) in paragraph at lines 1445--1445
[]|\T1/fca/m/n/10.95 Viene ve-ri-fi-ca-to che View-Mo-del::Router in-te-ra-gi-s
ca
 []

File: ../../team404_small.jpg Graphic file (type jpg)
<use ../../team404_small.jpg>
Package pdftex.def Info: ../../team404_small.jpg used on input line 1451.
(pdftex.def)             Requested size: 57.36183pt x 23.03506pt.
 [31]
File: ../../team404_small.jpg Graphic file (type jpg)
 <use ../../team404_small.jpg>
Package pdftex.def Info: ../../team404_small.jpg used on input line 1528.
(pdftex.def)             Requested size: 57.36183pt x 23.03506pt.
 [32]
Overfull \vbox (1.36586pt too high) has occurred while \output is active []

File: ../../team404_small.jpg Graphic file (type jpg)

<use ../../team404_small.jpg>
Package pdftex.def Info: ../../team404_small.jpg used on input line 1571.
(pdftex.def)             Requested size: 57.36183pt x 23.03506pt.
 [33]
File: ../../team404_small.jpg Graphic file (type jpg)
 <use ../../team404_small.jpg>
Package pdftex.def Info: ../../team404_small.jpg used on input line 1637.
(pdftex.def)             Requested size: 57.36183pt x 23.03506pt.
 [34]

AED: lastpage setting LastPage
File: ../../team404_small.jpg Graphic file (type jpg)
<use ../../team404_small.jpg>
Package pdftex.def Info: ../../team404_small.jpg used on input line 1648.
(pdftex.def)             Requested size: 57.36183pt x 23.03506pt.
 [35]
Package atveryend Info: Empty hook `BeforeClearDocument' on input line 1648.
Package atveryend Info: Empty hook `AfterLastShipout' on input line 1648.
 (./piano-di-qualifica-3.0.aux)
Package atveryend Info: Executing hook `AtVeryEndDocument' on input line 1648.
Package atveryend Info: Executing hook `AtEndAfterFileList' on input line 1648.



Package rerunfilecheck Warning: File `piano-di-qualifica-3.0.out' has changed.
(rerunfilecheck)                Rerun to get outlines right
(rerunfilecheck)                or use package `bookmark'.

Package rerunfilecheck Info: Checksums for `piano-di-qualifica-3.0.out':
(rerunfilecheck)             Before: 6092520510A8377C02A65E6E9C4E7089;6369
(rerunfilecheck)             After:  DAE0291F896EBAA5E695A962B3B19B8F;5907.

LaTeX Warning: Label(s) may have changed. Rerun to get cross-references right.

 ) 
Here is how much of TeX's memory you used:
 11100 strings out of 495017
 162768 string characters out of 6181021
 319462 words of memory out of 5000000
 13902 multiletter control sequences out of 15000+600000
 32559 words of font info for 93 fonts, out of 8000000 for 9000
 14 hyphenation exceptions out of 8191
 38i,17n,47p,974b,635s stack positions out of 5000i,500n,10000p,200000b,80000s
pdfTeX warning (dest): name{subsection.Alph7.2} has been referenced but does 
not exist, replaced by a fixed one

pdfTeX warning (dest): name{subsubsection.Alph7.1.2} has been referenced but do
es not exist, replaced by a fixed one

pdfTeX warning (dest): name{subsubsection.Alph7.1.1} has been referenced but do
es not exist, replaced by a fixed one

pdfTeX warning (dest): name{subsection.Alph7.1} has been referenced but does no
t exist, replaced by a fixed one

pdfTeX warning (dest): name{appendix.Alph7} has been referenced but does not ex
ist, replaced by a fixed one

pdfTeX warning (dest): name{subsection.Alph2.5} has been referenced but does no
t exist, replaced by a fixed one

pdfTeX warning (dest): name{subsection.Alph2.4} has been referenced but does no
t exist, replaced by a fixed one

pdfTeX warning (dest): name{subsubsection.Alph2.3.2} has been referenced but do
es not exist, replaced by a fixed one

pdfTeX warning (dest): name{subsubsection.Alph2.3.1} has been referenced but do
es not exist, replaced by a fixed one

pdfTeX warning (dest): name{subsection.Alph2.3} has been referenced but does no
t exist, replaced by a fixed one

pdfTeX warning (dest): name{subsection.Alph2.2} has been referenced but does no
t exist, replaced by a fixed one

pdfTeX warning (dest): name{subsection.Alph2.1} has been referenced but does no
t exist, replaced by a fixed one

{/usr/share/texlive/texmf-dist/fonts/enc/dvips/cantarell/cantarell-03.enc}{/usr
/share/texlive/texmf-dist/fonts/enc/dvips/cantarell/cantarell-01.enc}{/usr/shar
e/texmf/fonts/enc/dvips/cm-super/cm-super-t1.enc}</usr/share/texlive/texmf-dist
/fonts/type1/public/cantarell/Cantarell-Bold.pfb></usr/share/texlive/texmf-dist
/fonts/type1/public/cantarell/Cantarell-Regular.pfb></usr/share/texlive/texmf-d
ist/fonts/type1/public/cantarell/Cantarell-Regular.pfb></usr/share/texlive/texm
f-dist/fonts/type1/public/amsfonts/cm/cmex10.pfb></usr/share/texlive/texmf-dist
/fonts/type1/public/amsfonts/cm/cmmi10.pfb></usr/share/texlive/texmf-dist/fonts
/type1/public/amsfonts/cm/cmmi8.pfb></usr/share/texlive/texmf-dist/fonts/type1/
public/amsfonts/cm/cmr10.pfb></usr/share/texlive/texmf-dist/fonts/type1/public/
amsfonts/cm/cmr6.pfb></usr/share/texlive/texmf-dist/fonts/type1/public/amsfonts
/cm/cmr8.pfb></usr/share/texlive/texmf-dist/fonts/type1/public/amsfonts/cm/cmsy
10.pfb></usr/share/texlive/texmf-dist/fonts/type1/public/amsfonts/cm/cmsy8.pfb>
</usr/share/texmf/fonts/type1/public/cm-super/sftt1095.pfb></usr/share/texmf/fo
nts/type1/public/cm-super/sftt1440.pfb>
Output written on piano-di-qualifica-3.0.pdf (40 pages, 378746 bytes).
PDF statistics:
 825 PDF objects out of 1000 (max. 8388607)
 754 compressed objects within 8 object streams
 192 named destinations out of 1000 (max. 500000)
 682 words of extra memory for PDF output out of 10000 (max. 10000000)

