\BOOKMARK [1][-]{section.1}{Introduzione}{}% 1
\BOOKMARK [2][-]{subsection.1.1}{Scopo del documento}{section.1}% 2
\BOOKMARK [2][-]{subsection.1.2}{Scopo del prodotto}{section.1}% 3
\BOOKMARK [2][-]{subsection.1.3}{Glossario}{section.1}% 4
\BOOKMARK [2][-]{subsection.1.4}{Riferimenti}{section.1}% 5
\BOOKMARK [3][-]{subsubsection.1.4.1}{Normativi}{subsection.1.4}% 6
\BOOKMARK [3][-]{subsubsection.1.4.2}{Informativi}{subsection.1.4}% 7
\BOOKMARK [1][-]{section.2}{Strategia generale di qualifica}{}% 8
\BOOKMARK [2][-]{subsection.2.1}{Definizione obiettivi}{section.2}% 9
\BOOKMARK [2][-]{subsection.2.2}{Qualit\340 di processo}{section.2}% 10
\BOOKMARK [3][-]{subsubsection.2.2.1}{Standard utilizzati}{subsection.2.2}% 11
\BOOKMARK [2][-]{subsection.2.3}{Qualit\340 di prodotto}{section.2}% 12
\BOOKMARK [3][-]{subsubsection.2.3.1}{Standard utilizzati}{subsection.2.3}% 13
\BOOKMARK [1][-]{section.3}{Verifica qualitativa sui processi}{}% 14
\BOOKMARK [2][-]{subsection.3.1}{Infrastructure Management Process}{section.3}% 15
\BOOKMARK [3][-]{subsubsection.3.1.1}{Obiettivi e strategie}{subsection.3.1}% 16
\BOOKMARK [3][-]{subsubsection.3.1.2}{Metriche}{subsection.3.1}% 17
\BOOKMARK [2][-]{subsection.3.2}{Project Planning, Assessment and Control Process}{section.3}% 18
\BOOKMARK [3][-]{subsubsection.3.2.1}{Obiettivi e strategie}{subsection.3.2}% 19
\BOOKMARK [3][-]{subsubsection.3.2.2}{Metriche}{subsection.3.2}% 20
\BOOKMARK [4][-]{subsubsubsection.3.2.2.1}{Schedule Variance}{subsubsection.3.2.2}% 21
\BOOKMARK [4][-]{subsubsubsection.3.2.2.2}{Budget variance}{subsubsection.3.2.2}% 22
\BOOKMARK [2][-]{subsection.3.3}{System/Software Requirements Analysis Process}{section.3}% 23
\BOOKMARK [3][-]{subsubsection.3.3.1}{Obiettivi e strategie}{subsection.3.3}% 24
\BOOKMARK [3][-]{subsubsection.3.3.2}{Metriche e misure}{subsection.3.3}% 25
\BOOKMARK [4][-]{subsubsubsection.3.3.2.1}{Copertura dei requisiti DA CORREGGERE}{subsubsection.3.3.2}% 26
\BOOKMARK [2][-]{subsection.3.4}{System/Software Architectural Design Process}{section.3}% 27
\BOOKMARK [3][-]{subsubsection.3.4.1}{Obiettivi}{subsection.3.4}% 28
\BOOKMARK [3][-]{subsubsection.3.4.2}{Metriche e misure}{subsection.3.4}% 29
\BOOKMARK [4][-]{subsubsubsection.3.4.2.1}{Change cost}{subsubsection.3.4.2}% 30
\BOOKMARK [4][-]{subsubsubsection.3.4.2.2}{Core size}{subsubsection.3.4.2}% 31
\BOOKMARK [2][-]{subsection.3.5}{Software Detailed Design Process}{section.3}% 32
\BOOKMARK [3][-]{subsubsection.3.5.1}{Obiettivi}{subsection.3.5}% 33
\BOOKMARK [3][-]{subsubsection.3.5.2}{Metriche e misure}{subsection.3.5}% 34
\BOOKMARK [4][-]{subsubsubsection.3.5.2.1}{Parameter count}{subsubsection.3.5.2}% 35
\BOOKMARK [4][-]{subsubsubsection.3.5.2.2}{XXXNumber of methods}{subsubsection.3.5.2}% 36
\BOOKMARK [2][-]{subsection.3.6}{Software Construction Process}{section.3}% 37
\BOOKMARK [3][-]{subsubsection.3.6.1}{Obiettivi}{subsection.3.6}% 38
\BOOKMARK [3][-]{subsubsection.3.6.2}{Metriche e misure}{subsection.3.6}% 39
\BOOKMARK [4][-]{subsubsubsection.3.6.2.1}{Cyclomatic complexity}{subsubsection.3.6.2}% 40
\BOOKMARK [4][-]{subsubsubsection.3.6.2.2}{Metriche di Halstead}{subsubsection.3.6.2}% 41
\BOOKMARK [4][-]{subsubsubsection.3.6.2.3}{Dependency count}{subsubsection.3.6.2}% 42
\BOOKMARK [4][-]{subsubsubsection.3.6.2.4}{Maintainability Index}{subsubsection.3.6.2}% 43
\BOOKMARK [2][-]{subsection.3.7}{System/Software Qualification Testing Process}{section.3}% 44
\BOOKMARK [3][-]{subsubsection.3.7.1}{Obiettivi}{subsection.3.7}% 45
\BOOKMARK [3][-]{subsubsection.3.7.2}{Metriche e misure}{subsection.3.7}% 46
\BOOKMARK [2][-]{subsection.3.8}{Software Documentation Management Process}{section.3}% 47
\BOOKMARK [3][-]{subsubsection.3.8.1}{Obiettivi}{subsection.3.8}% 48
\BOOKMARK [2][-]{subsection.3.9}{Metriche e misure}{section.3}% 49
\BOOKMARK [3][-]{subsubsection.3.9.1}{Indice Gulpease}{subsection.3.9}% 50
\BOOKMARK [2][-]{subsection.3.10}{Software Verification Process}{section.3}% 51
\BOOKMARK [3][-]{subsubsection.3.10.1}{Obiettivi}{subsection.3.10}% 52
\BOOKMARK [3][-]{subsubsection.3.10.2}{Metriche e misure}{subsection.3.10}% 53
\BOOKMARK [1][-]{section.4}{Organizzazione}{}% 54
\BOOKMARK [2][-]{subsubsection.4.0.3}{Analisi}{section.4}% 55
\BOOKMARK [3][-]{subsubsection.4.0.4}{Progettazione architetturale}{subsubsection.4.0.3}% 56
\BOOKMARK [3][-]{subsubsection.4.0.5}{Progettazione di dettaglio e Codifica}{subsubsection.4.0.3}% 57
\BOOKMARK [1][-]{section.5}{Misure e metriche: riepilogo parametri di tolleranza}{}% 58
\BOOKMARK [2][-]{subsection.5.1}{Processi}{section.5}% 59
\BOOKMARK [2][-]{subsection.5.2}{Documenti}{section.5}% 60
\BOOKMARK [2][-]{subsection.5.3}{Software}{section.5}% 61
\BOOKMARK [1][-]{section*.3}{Appendici}{}% 62
\BOOKMARK [1][-]{appendix.Alph1}{Misure e Metriche}{}% 63
\BOOKMARK [2][-]{subsection.Alph1.1}{Di progetto}{appendix.Alph1}% 64
\BOOKMARK [2][-]{subsection.Alph1.2}{Per i documenti}{appendix.Alph1}% 65
\BOOKMARK [2][-]{subsection.Alph1.3}{Per il software}{appendix.Alph1}% 66
\BOOKMARK [3][-]{subsubsection.Alph1.3.1}{First-order density}{subsection.Alph1.3}% 67
\BOOKMARK [3][-]{subsubsection.Alph1.3.2}{W3C - Markup Validation Service}{subsection.Alph1.3}% 68
\BOOKMARK [1][-]{appendix.Alph2}{Specifica test}{}% 69
\BOOKMARK [2][-]{subsection.Alph2.1}{Livelli di testing}{appendix.Alph2}% 70
\BOOKMARK [2][-]{subsection.Alph2.2}{Test di accettazione}{appendix.Alph2}% 71
\BOOKMARK [2][-]{subsection.Alph2.3}{Test di sistema}{appendix.Alph2}% 72
\BOOKMARK [3][-]{subsubsection.Alph2.3.1}{Requisiti funzionali}{subsection.Alph2.3}% 73
\BOOKMARK [3][-]{subsubsection.Alph2.3.2}{Requisiti di qualit\340}{subsection.Alph2.3}% 74
\BOOKMARK [2][-]{subsection.Alph2.4}{Test di integrazione}{appendix.Alph2}% 75
\BOOKMARK [2][-]{subsection.Alph2.5}{Test di unit\340}{appendix.Alph2}% 76
\BOOKMARK [1][-]{appendix.Alph3}{Tracciamento componenti - requisiti}{}% 77
\BOOKMARK [1][-]{appendix.Alph4}{Tracciamento requisiti - componenti}{}% 78
\BOOKMARK [1][-]{appendix.Alph5}{Tracciamento metodi - test di unit\340}{}% 79
\BOOKMARK [1][-]{appendix.Alph6}{Tracciamento test di unit\340 - metodi}{}% 80
\BOOKMARK [1][-]{appendix.Alph7}{Esito misurazioni}{}% 81
\BOOKMARK [2][-]{subsection.Alph7.1}{Analisi}{appendix.Alph7}% 82
\BOOKMARK [3][-]{subsubsection.Alph7.1.1}{Processi}{subsection.Alph7.1}% 83
\BOOKMARK [3][-]{subsubsection.Alph7.1.2}{Documenti}{subsection.Alph7.1}% 84
\BOOKMARK [2][-]{subsection.Alph7.2}{Progettazione Architetturale}{appendix.Alph7}% 85
