\BOOKMARK [1][-]{section.1}{Introduzione}{}% 1
\BOOKMARK [2][-]{subsection.1.1}{Scopo del documento}{section.1}% 2
\BOOKMARK [2][-]{subsection.1.2}{Scopo del prodotto}{section.1}% 3
\BOOKMARK [2][-]{subsection.1.3}{Glossario}{section.1}% 4
\BOOKMARK [2][-]{subsection.1.4}{Riferimenti}{section.1}% 5
\BOOKMARK [3][-]{subsubsection.1.4.1}{Normativi}{subsection.1.4}% 6
\BOOKMARK [3][-]{subsubsection.1.4.2}{Informativi}{subsection.1.4}% 7
\BOOKMARK [1][-]{section.2}{Strategia generale di qualifica}{}% 8
\BOOKMARK [2][-]{subsection.2.1}{Definizione obiettivi}{section.2}% 9
\BOOKMARK [3][-]{subsubsection.2.1.1}{Qualit\340 di processo}{subsection.2.1}% 10
\BOOKMARK [3][-]{subsubsection.2.1.2}{Qualit\340 di prodotto}{subsection.2.1}% 11
\BOOKMARK [2][-]{subsection.2.2}{Organizzazione}{section.2}% 12
\BOOKMARK [3][-]{subsubsection.2.2.1}{Analisi}{subsection.2.2}% 13
\BOOKMARK [3][-]{subsubsection.2.2.2}{Progettazione architetturale}{subsection.2.2}% 14
\BOOKMARK [3][-]{subsubsection.2.2.3}{Progettazione di dettaglio e Codifica}{subsection.2.2}% 15
\BOOKMARK [2][-]{subsection.2.3}{Gestione amministrativa della revisione}{section.2}% 16
\BOOKMARK [2][-]{subsection.2.4}{Procedure di controllo di qualit\340 di processo}{section.2}% 17
\BOOKMARK [2][-]{subsection.2.5}{Procedure di controllo qualit\340 di prodotto}{section.2}% 18
\BOOKMARK [1][-]{section.3}{Misure e metriche: parametri di tolleranza}{}% 19
\BOOKMARK [2][-]{subsection.3.1}{Processi}{section.3}% 20
\BOOKMARK [2][-]{subsection.3.2}{Documenti}{section.3}% 21
\BOOKMARK [2][-]{subsection.3.3}{Software}{section.3}% 22
\BOOKMARK [1][-]{section*.4}{Appendici}{}% 23
\BOOKMARK [1][-]{appendix.Alph1}{Misure e Metriche}{}% 24
\BOOKMARK [2][-]{subsection.Alph1.1}{Di progetto}{appendix.Alph1}% 25
\BOOKMARK [3][-]{subsubsection.Alph1.1.1}{Schedule Variance}{subsection.Alph1.1}% 26
\BOOKMARK [3][-]{subsubsection.Alph1.1.2}{Budget variance}{subsection.Alph1.1}% 27
\BOOKMARK [2][-]{subsection.Alph1.2}{Per i documenti}{appendix.Alph1}% 28
\BOOKMARK [3][-]{subsubsection.Alph1.2.1}{Indice Gulpease}{subsection.Alph1.2}% 29
\BOOKMARK [2][-]{subsection.Alph1.3}{Per il software}{appendix.Alph1}% 30
\BOOKMARK [3][-]{subsubsection.Alph1.3.1}{Parameter count}{subsection.Alph1.3}% 31
\BOOKMARK [3][-]{subsubsection.Alph1.3.2}{Cyclomatic complexity}{subsection.Alph1.3}% 32
\BOOKMARK [3][-]{subsubsection.Alph1.3.3}{Metriche di Halstead}{subsection.Alph1.3}% 33
\BOOKMARK [3][-]{subsubsection.Alph1.3.4}{Dependency count}{subsection.Alph1.3}% 34
\BOOKMARK [3][-]{subsubsection.Alph1.3.5}{Maintainability Index}{subsection.Alph1.3}% 35
\BOOKMARK [3][-]{subsubsection.Alph1.3.6}{First-order density}{subsection.Alph1.3}% 36
\BOOKMARK [3][-]{subsubsection.Alph1.3.7}{Change cost}{subsection.Alph1.3}% 37
\BOOKMARK [3][-]{subsubsection.Alph1.3.8}{Core size}{subsection.Alph1.3}% 38
\BOOKMARK [3][-]{subsubsection.Alph1.3.9}{Copertura dei test}{subsection.Alph1.3}% 39
\BOOKMARK [3][-]{subsubsection.Alph1.3.10}{W3C - Markup Validation Service}{subsection.Alph1.3}% 40
\BOOKMARK [1][-]{appendix.Alph2}{Specifica test}{}% 41
\BOOKMARK [2][-]{subsection.Alph2.1}{Livelli di testing}{appendix.Alph2}% 42
\BOOKMARK [2][-]{subsection.Alph2.2}{Test di accettazione}{appendix.Alph2}% 43
\BOOKMARK [2][-]{subsection.Alph2.3}{Test di sistema}{appendix.Alph2}% 44
\BOOKMARK [3][-]{subsubsection.Alph2.3.1}{Requisiti funzionali}{subsection.Alph2.3}% 45
\BOOKMARK [3][-]{subsubsection.Alph2.3.2}{Requisiti di qualit\340}{subsection.Alph2.3}% 46
\BOOKMARK [1][-]{appendix.Alph3}{Esito misurazioni}{}% 47
\BOOKMARK [2][-]{subsection.Alph3.1}{Analisi}{appendix.Alph3}% 48
\BOOKMARK [3][-]{subsubsection.Alph3.1.1}{Processi}{subsection.Alph3.1}% 49
\BOOKMARK [3][-]{subsubsection.Alph3.1.2}{Documenti}{subsection.Alph3.1}% 50
\BOOKMARK [2][-]{subsection.Alph3.2}{Progettazione Architetturale}{appendix.Alph3}% 51
