\BOOKMARK [1][-]{section.1}{Introduzione}{}% 1
\BOOKMARK [2][-]{subsection.1.1}{Scopo del Documento}{section.1}% 2
\BOOKMARK [2][-]{subsection.1.2}{Scopo del Prodotto}{section.1}% 3
\BOOKMARK [2][-]{subsection.1.3}{Glossario}{section.1}% 4
\BOOKMARK [2][-]{subsection.1.4}{Riferimenti}{section.1}% 5
\BOOKMARK [3][-]{subsubsection.1.4.1}{Normativi}{subsection.1.4}% 6
\BOOKMARK [3][-]{subsubsection.1.4.2}{Informativi}{subsection.1.4}% 7
\BOOKMARK [1][-]{section.2}{Descrizione del Problema}{}% 8
\BOOKMARK [2][-]{subsection.2.1}{Contesto d'uso}{section.2}% 9
\BOOKMARK [2][-]{subsection.2.2}{Funzioni del Prodotto}{section.2}% 10
\BOOKMARK [2][-]{subsection.2.3}{Vincoli di Utilizzo}{section.2}% 11
\BOOKMARK [1][-]{section.3}{Casi d'uso}{}% 12
\BOOKMARK [2][-]{subsection.3.1}{Attori}{section.3}% 13
\BOOKMARK [2][-]{subsection.3.2}{Sistema Quizzipedia}{section.3}% 14
\BOOKMARK [2][-]{subsection.3.3}{UC 1 - Login}{section.3}% 15
\BOOKMARK [3][-]{subsubsection.3.3.1}{UC 1.1 - Inserimento email}{subsection.3.3}% 16
\BOOKMARK [3][-]{subsubsection.3.3.2}{UC 1.2 - Inserimento password}{subsection.3.3}% 17
\BOOKMARK [3][-]{subsubsection.3.3.3}{UC 1.3 - Invio dati login}{subsection.3.3}% 18
\BOOKMARK [3][-]{subsubsection.3.3.4}{UC 1.4 - Errore login}{subsection.3.3}% 19
\BOOKMARK [2][-]{subsection.3.4}{UC 2 - Registrazione}{section.3}% 20
\BOOKMARK [3][-]{subsubsection.3.4.1}{UC 2.1 - Inserimento email}{subsection.3.4}% 21
\BOOKMARK [3][-]{subsubsection.3.4.2}{UC 2.2 - Inserimento password}{subsection.3.4}% 22
\BOOKMARK [3][-]{subsubsection.3.4.3}{UC 2.3 - Password non valida}{subsection.3.4}% 23
\BOOKMARK [3][-]{subsubsection.3.4.4}{UC 2.4 - Invio dati registrazione}{subsection.3.4}% 24
\BOOKMARK [3][-]{subsubsection.3.4.5}{UC 2.5 - Dati registrazione non inseriti}{subsection.3.4}% 25
\BOOKMARK [3][-]{subsubsection.3.4.6}{UC 2.6 - Email gi\340 utilizzata}{subsection.3.4}% 26
\BOOKMARK [2][-]{subsection.3.5}{UC 3 - Visualizzazione categorie}{section.3}% 27
\BOOKMARK [3][-]{subsubsection.3.5.1}{UC 3.1 - Visualizzazione nome categoria}{subsection.3.5}% 28
\BOOKMARK [3][-]{subsubsection.3.5.2}{UC 3.2 - Visualizzazione numero questionari categoria}{subsection.3.5}% 29
\BOOKMARK [3][-]{subsubsection.3.5.3}{UC 3.3 - Selezione categoria}{subsection.3.5}% 30
\BOOKMARK [2][-]{subsection.3.6}{UC 4 - Visualizzazione lista questionari categoria}{section.3}% 31
\BOOKMARK [3][-]{subsubsection.3.6.1}{UC 4.1 - Visualizzazione nome questionario}{subsection.3.6}% 32
\BOOKMARK [3][-]{subsubsection.3.6.2}{UC 4.2 - Visualizzazione numero domande}{subsection.3.6}% 33
\BOOKMARK [3][-]{subsubsection.3.6.3}{UC 4.3 - Visualizzazione autore}{subsection.3.6}% 34
\BOOKMARK [3][-]{subsubsection.3.6.4}{UC 4.4 - Visualizzazione autore}{subsection.3.6}% 35
\BOOKMARK [2][-]{subsection.3.7}{UC 5 - Scelta questionario}{section.3}% 36
\BOOKMARK [2][-]{subsection.3.8}{UC 6 - Compilazione questionario}{section.3}% 37
\BOOKMARK [3][-]{subsubsection.3.8.1}{UC 6.1 - Visualizzazione domanda}{subsection.3.8}% 38
\BOOKMARK [4][-]{subsubsubsection.3.8.1.1}{UC 6.1.1 - Visualizzazione testo domanda}{subsubsection.3.8.1}% 39
\BOOKMARK [4][-]{subsubsubsection.3.8.1.2}{UC 6.1.2 - Visualizzazione risposte preimpostate}{subsubsection.3.8.1}% 40
\BOOKMARK [4][-]{subsubsubsection.3.8.1.3}{UC 6.1.3 - Visualizzazione risposta data}{subsubsection.3.8.1}% 41
\BOOKMARK [3][-]{subsubsection.3.8.2}{UC 6.2 - Compilazione domanda}{subsection.3.8}% 42
\BOOKMARK [4][-]{subsubsubsection.3.8.2.1}{UC 6.2.1 - Selezione risposta tra le presenti}{subsubsection.3.8.2}% 43
\BOOKMARK [4][-]{subsubsubsection.3.8.2.2}{UC 6.2.2 - Inserimento risposta come testo}{subsubsection.3.8.2}% 44
\BOOKMARK [4][-]{subsubsubsection.3.8.2.3}{UC 6.2.3 - Associazione tra elementi di due insiemi}{subsubsection.3.8.2}% 45
\BOOKMARK [4][-]{subsubsubsection.3.8.2.4}{UC 6.2.4 - Scelta di una parola per il completamento del testo}{subsubsection.3.8.2}% 46
\BOOKMARK [4][-]{subsubsubsection.3.8.2.5}{UC 6.2.5 - Associazione tra avvenimento e data}{subsubsection.3.8.2}% 47
\BOOKMARK [3][-]{subsubsection.3.8.3}{UC 6.3 - Consegna questionario}{subsection.3.8}% 48
\BOOKMARK [4][-]{subsubsubsection.3.8.3.1}{UC 6.4 - Questionario non completato}{subsubsection.3.8.3}% 49
\BOOKMARK [3][-]{subsubsection.3.8.4}{UC 6.5 - Visualizzazione risultati}{subsection.3.8}% 50
\BOOKMARK [4][-]{subsubsubsection.3.8.4.1}{UC 6.5.1 - Visualizzazione nome questionario}{subsubsection.3.8.4}% 51
\BOOKMARK [4][-]{subsubsubsection.3.8.4.2}{UC 6.5.2 - Visualizzazione punteggio ottenuto}{subsubsection.3.8.4}% 52
\BOOKMARK [4][-]{subsubsubsection.3.8.4.3}{UC 6.5.3 - Visualizzazione percentuale risposte corrette}{subsubsection.3.8.4}% 53
\BOOKMARK [3][-]{subsubsection.3.8.5}{UC 6.6 - Visualizzazione tempo rimanente}{subsection.3.8}% 54
\BOOKMARK [3][-]{subsubsection.3.8.6}{UC 6.7 - Domanda successiva}{subsection.3.8}% 55
\BOOKMARK [3][-]{subsubsection.3.8.7}{UC 6.8 - Domanda precedente}{subsection.3.8}% 56
\BOOKMARK [2][-]{subsection.3.9}{UC 7 - Gestione domande}{section.3}% 57
\BOOKMARK [3][-]{subsubsection.3.9.1}{UC 7.1 - Visualizzazione domande create dall'utente}{subsection.3.9}% 58
\BOOKMARK [4][-]{subsubsubsection.3.9.1.1}{UC 7.1.1 - Visualizzazione tipo}{subsubsection.3.9.1}% 59
\BOOKMARK [4][-]{subsubsubsection.3.9.1.2}{UC 7.1.2 - Visualizzazione testo}{subsubsection.3.9.1}% 60
\BOOKMARK [4][-]{subsubsubsection.3.9.1.3}{UC 7.1.3 - Visualizzazione data creazione}{subsubsection.3.9.1}% 61
\BOOKMARK [3][-]{subsubsection.3.9.2}{UC 7.2 - Creazione nuova domanda}{subsection.3.9}% 62
\BOOKMARK [4][-]{subsubsubsection.3.9.2.1}{UC 7.2.1 - Inserimento categorie domanda}{subsubsection.3.9.2}% 63
\BOOKMARK [4][-]{subsubsubsection.3.9.2.2}{UC 7.2.2 - Inserimento QML domanda}{subsubsection.3.9.2}% 64
\BOOKMARK [4][-]{subsubsubsection.3.9.2.3}{UC 7.2.3 - Invio dati domanda}{subsubsection.3.9.2}% 65
\BOOKMARK [4][-]{subsubsubsection.3.9.2.4}{UC 7.2.4 - Dati richiesti domanda mancanti}{subsubsection.3.9.2}% 66
\BOOKMARK [4][-]{subsubsubsection.3.9.2.5}{UC 7.2.5 - QML domanda non valido}{subsubsection.3.9.2}% 67
\BOOKMARK [3][-]{subsubsection.3.9.3}{UC 7.3 - Modifica domanda}{subsection.3.9}% 68
\BOOKMARK [4][-]{subsubsubsection.3.9.3.1}{UC 7.3.1 - Aggiunta categoria}{subsubsection.3.9.3}% 69
\BOOKMARK [4][-]{subsubsubsection.3.9.3.2}{UC 7.3.2 - Rimozione categoria}{subsubsection.3.9.3}% 70
\BOOKMARK [4][-]{subsubsubsection.3.9.3.3}{UC 7.3.3 - Modifica QML domanda}{subsubsection.3.9.3}% 71
\BOOKMARK [4][-]{subsubsubsection.3.9.3.4}{UC 7.3.4 - Invio nuovi dati}{subsubsection.3.9.3}% 72
\BOOKMARK [4][-]{subsubsubsection.3.9.3.5}{UC 7.3.5 - Dati domanda richiesti mancanti}{subsubsection.3.9.3}% 73
\BOOKMARK [4][-]{subsubsubsection.3.9.3.6}{UC 7.3.6 - QML modificato non valido}{subsubsection.3.9.3}% 74
\BOOKMARK [2][-]{subsection.3.10}{UC 8 - Creazione questionario}{section.3}% 75
\BOOKMARK [3][-]{subsubsection.3.10.1}{UC 8.1 - Inserimento nome questionario}{subsection.3.10}% 76
\BOOKMARK [3][-]{subsubsection.3.10.2}{UC 8.2 - Inserimento categoria questionario}{subsection.3.10}% 77
\BOOKMARK [3][-]{subsubsection.3.10.3}{UC 8.3 - Visualizzazione lista domande}{subsection.3.10}% 78
\BOOKMARK [3][-]{subsubsection.3.10.4}{UC 8.4 - Selezione domanda}{subsection.3.10}% 79
\BOOKMARK [3][-]{subsubsection.3.10.5}{UC 8.5 - Conferma questionario}{subsection.3.10}% 80
\BOOKMARK [3][-]{subsubsection.3.10.6}{UC 8.6 - Questionario vuoto}{subsection.3.10}% 81
\BOOKMARK [3][-]{subsubsection.3.10.7}{UC 8.7 - Dati richiesti questionario mancanti}{subsection.3.10}% 82
\BOOKMARK [3][-]{subsubsection.3.10.8}{UC 8.8 - Inserimento tempo di compilazione}{subsection.3.10}% 83
\BOOKMARK [2][-]{subsection.3.11}{UC 9 - Logout}{section.3}% 84
\BOOKMARK [2][-]{subsection.3.12}{UC 10 - Ricerca questionario}{section.3}% 85
\BOOKMARK [3][-]{subsubsubsection.3.12.0.1}{UC 10.1 - Inserimento titolo}{subsection.3.12}% 86
\BOOKMARK [4][-]{subsubsubsection.3.12.0.2}{UC 10.2 - Inserimento autore}{subsubsubsection.3.12.0.1}% 87
\BOOKMARK [4][-]{subsubsubsection.3.12.0.3}{UC 10.3 - Inserimento data di creazione}{subsubsubsection.3.12.0.1}% 88
\BOOKMARK [4][-]{subsubsubsection.3.12.0.4}{UC 10.4 - Avvio ricerca}{subsubsubsection.3.12.0.1}% 89
\BOOKMARK [2][-]{subsection.3.13}{UC 11 - Recupero password}{section.3}% 90
\BOOKMARK [3][-]{subsubsubsection.3.13.0.5}{UC 11.1 - Inserimento email}{subsection.3.13}% 91
\BOOKMARK [4][-]{subsubsubsection.3.13.0.6}{UC 11.2 - Invio email recupero password}{subsubsubsection.3.13.0.5}% 92
\BOOKMARK [1][-]{section.4}{Requisiti}{}% 93
\BOOKMARK [2][-]{subsection.4.1}{Requisiti funzionali}{section.4}% 94
\BOOKMARK [2][-]{subsection.4.2}{Requisiti di qualit\340}{section.4}% 95
\BOOKMARK [2][-]{subsection.4.3}{Vincoli di sistema}{section.4}% 96
\BOOKMARK [1][-]{section.5}{Mappature}{}% 97
\BOOKMARK [2][-]{subsection.5.1}{Mappatura casi d'uso - requisiti}{section.5}% 98
\BOOKMARK [2][-]{subsection.5.2}{Mappatura requisiti - casi d'uso}{section.5}% 99
