This is pdfTeX, Version 3.14159265-2.6-1.40.15 (MiKTeX 2.9 64-bit) (preloaded format=pdflatex 2015.12.20)  4 JUL 2016 16:19
entering extended mode
**analisi_dei_requisiti_3.0.tex
(analisi_dei_requisiti_3.0.tex
LaTeX2e <2014/05/01>
Babel <3.9l> and hyphenation patterns for 68 languages loaded.
("C:\Program Files\MiKTeX 2.9\tex\latex\base\article.cls"
Document Class: article 2014/09/29 v1.4h Standard LaTeX document class
("C:\Program Files\MiKTeX 2.9\tex\latex\base\size11.clo"
File: size11.clo 2014/09/29 v1.4h Standard LaTeX file (size option)
)
\c@part=\count79
\c@section=\count80
\c@subsection=\count81
\c@subsubsection=\count82
\c@paragraph=\count83
\c@subparagraph=\count84
\c@figure=\count85
\c@table=\count86
\abovecaptionskip=\skip41
\belowcaptionskip=\skip42
\bibindent=\dimen102
) (template.tex
("C:\Program Files\MiKTeX 2.9\tex\latex\base\inputenc.sty"
Package: inputenc 2014/04/30 v1.2b Input encoding file
\inpenc@prehook=\toks14
\inpenc@posthook=\toks15

("C:\Program Files\MiKTeX 2.9\tex\latex\base\utf8.def"
File: utf8.def 2014/09/29 v1.1m UTF-8 support for inputenc
Now handling font encoding OML ...
... no UTF-8 mapping file for font encoding OML
Now handling font encoding T1 ...
... processing UTF-8 mapping file for font encoding T1

("C:\Program Files\MiKTeX 2.9\tex\latex\base\t1enc.dfu"
File: t1enc.dfu 2014/09/29 v1.1m UTF-8 support for inputenc
   defining Unicode char U+00A1 (decimal 161)
   defining Unicode char U+00A3 (decimal 163)
   defining Unicode char U+00AB (decimal 171)
   defining Unicode char U+00BB (decimal 187)
   defining Unicode char U+00BF (decimal 191)
   defining Unicode char U+00C0 (decimal 192)
   defining Unicode char U+00C1 (decimal 193)
   defining Unicode char U+00C2 (decimal 194)
   defining Unicode char U+00C3 (decimal 195)
   defining Unicode char U+00C4 (decimal 196)
   defining Unicode char U+00C5 (decimal 197)
   defining Unicode char U+00C6 (decimal 198)
   defining Unicode char U+00C7 (decimal 199)
   defining Unicode char U+00C8 (decimal 200)
   defining Unicode char U+00C9 (decimal 201)
   defining Unicode char U+00CA (decimal 202)
   defining Unicode char U+00CB (decimal 203)
   defining Unicode char U+00CC (decimal 204)
   defining Unicode char U+00CD (decimal 205)
   defining Unicode char U+00CE (decimal 206)
   defining Unicode char U+00CF (decimal 207)
   defining Unicode char U+00D0 (decimal 208)
   defining Unicode char U+00D1 (decimal 209)
   defining Unicode char U+00D2 (decimal 210)
   defining Unicode char U+00D3 (decimal 211)
   defining Unicode char U+00D4 (decimal 212)
   defining Unicode char U+00D5 (decimal 213)
   defining Unicode char U+00D6 (decimal 214)
   defining Unicode char U+00D8 (decimal 216)
   defining Unicode char U+00D9 (decimal 217)
   defining Unicode char U+00DA (decimal 218)
   defining Unicode char U+00DB (decimal 219)
   defining Unicode char U+00DC (decimal 220)
   defining Unicode char U+00DD (decimal 221)
   defining Unicode char U+00DE (decimal 222)
   defining Unicode char U+00DF (decimal 223)
   defining Unicode char U+00E0 (decimal 224)
   defining Unicode char U+00E1 (decimal 225)
   defining Unicode char U+00E2 (decimal 226)
   defining Unicode char U+00E3 (decimal 227)
   defining Unicode char U+00E4 (decimal 228)
   defining Unicode char U+00E5 (decimal 229)
   defining Unicode char U+00E6 (decimal 230)
   defining Unicode char U+00E7 (decimal 231)
   defining Unicode char U+00E8 (decimal 232)
   defining Unicode char U+00E9 (decimal 233)
   defining Unicode char U+00EA (decimal 234)
   defining Unicode char U+00EB (decimal 235)
   defining Unicode char U+00EC (decimal 236)
   defining Unicode char U+00ED (decimal 237)
   defining Unicode char U+00EE (decimal 238)
   defining Unicode char U+00EF (decimal 239)
   defining Unicode char U+00F0 (decimal 240)
   defining Unicode char U+00F1 (decimal 241)
   defining Unicode char U+00F2 (decimal 242)
   defining Unicode char U+00F3 (decimal 243)
   defining Unicode char U+00F4 (decimal 244)
   defining Unicode char U+00F5 (decimal 245)
   defining Unicode char U+00F6 (decimal 246)
   defining Unicode char U+00F8 (decimal 248)
   defining Unicode char U+00F9 (decimal 249)
   defining Unicode char U+00FA (decimal 250)
   defining Unicode char U+00FB (decimal 251)
   defining Unicode char U+00FC (decimal 252)
   defining Unicode char U+00FD (decimal 253)
   defining Unicode char U+00FE (decimal 254)
   defining Unicode char U+00FF (decimal 255)
   defining Unicode char U+0102 (decimal 258)
   defining Unicode char U+0103 (decimal 259)
   defining Unicode char U+0104 (decimal 260)
   defining Unicode char U+0105 (decimal 261)
   defining Unicode char U+0106 (decimal 262)
   defining Unicode char U+0107 (decimal 263)
   defining Unicode char U+010C (decimal 268)
   defining Unicode char U+010D (decimal 269)
   defining Unicode char U+010E (decimal 270)
   defining Unicode char U+010F (decimal 271)
   defining Unicode char U+0110 (decimal 272)
   defining Unicode char U+0111 (decimal 273)
   defining Unicode char U+0118 (decimal 280)
   defining Unicode char U+0119 (decimal 281)
   defining Unicode char U+011A (decimal 282)
   defining Unicode char U+011B (decimal 283)
   defining Unicode char U+011E (decimal 286)
   defining Unicode char U+011F (decimal 287)
   defining Unicode char U+0130 (decimal 304)
   defining Unicode char U+0131 (decimal 305)
   defining Unicode char U+0132 (decimal 306)
   defining Unicode char U+0133 (decimal 307)
   defining Unicode char U+0139 (decimal 313)
   defining Unicode char U+013A (decimal 314)
   defining Unicode char U+013D (decimal 317)
   defining Unicode char U+013E (decimal 318)
   defining Unicode char U+0141 (decimal 321)
   defining Unicode char U+0142 (decimal 322)
   defining Unicode char U+0143 (decimal 323)
   defining Unicode char U+0144 (decimal 324)
   defining Unicode char U+0147 (decimal 327)
   defining Unicode char U+0148 (decimal 328)
   defining Unicode char U+014A (decimal 330)
   defining Unicode char U+014B (decimal 331)
   defining Unicode char U+0150 (decimal 336)
   defining Unicode char U+0151 (decimal 337)
   defining Unicode char U+0152 (decimal 338)
   defining Unicode char U+0153 (decimal 339)
   defining Unicode char U+0154 (decimal 340)
   defining Unicode char U+0155 (decimal 341)
   defining Unicode char U+0158 (decimal 344)
   defining Unicode char U+0159 (decimal 345)
   defining Unicode char U+015A (decimal 346)
   defining Unicode char U+015B (decimal 347)
   defining Unicode char U+015E (decimal 350)
   defining Unicode char U+015F (decimal 351)
   defining Unicode char U+0160 (decimal 352)
   defining Unicode char U+0161 (decimal 353)
   defining Unicode char U+0162 (decimal 354)
   defining Unicode char U+0163 (decimal 355)
   defining Unicode char U+0164 (decimal 356)
   defining Unicode char U+0165 (decimal 357)
   defining Unicode char U+016E (decimal 366)
   defining Unicode char U+016F (decimal 367)
   defining Unicode char U+0170 (decimal 368)
   defining Unicode char U+0171 (decimal 369)
   defining Unicode char U+0178 (decimal 376)
   defining Unicode char U+0179 (decimal 377)
   defining Unicode char U+017A (decimal 378)
   defining Unicode char U+017B (decimal 379)
   defining Unicode char U+017C (decimal 380)
   defining Unicode char U+017D (decimal 381)
   defining Unicode char U+017E (decimal 382)
   defining Unicode char U+200C (decimal 8204)
   defining Unicode char U+2013 (decimal 8211)
   defining Unicode char U+2014 (decimal 8212)
   defining Unicode char U+2018 (decimal 8216)
   defining Unicode char U+2019 (decimal 8217)
   defining Unicode char U+201A (decimal 8218)
   defining Unicode char U+201C (decimal 8220)
   defining Unicode char U+201D (decimal 8221)
   defining Unicode char U+201E (decimal 8222)
   defining Unicode char U+2030 (decimal 8240)
   defining Unicode char U+2031 (decimal 8241)
   defining Unicode char U+2039 (decimal 8249)
   defining Unicode char U+203A (decimal 8250)
   defining Unicode char U+2423 (decimal 9251)
)
Now handling font encoding OT1 ...
... processing UTF-8 mapping file for font encoding OT1

("C:\Program Files\MiKTeX 2.9\tex\latex\base\ot1enc.dfu"
File: ot1enc.dfu 2014/09/29 v1.1m UTF-8 support for inputenc
   defining Unicode char U+00A1 (decimal 161)
   defining Unicode char U+00A3 (decimal 163)
   defining Unicode char U+00B8 (decimal 184)
   defining Unicode char U+00BF (decimal 191)
   defining Unicode char U+00C5 (decimal 197)
   defining Unicode char U+00C6 (decimal 198)
   defining Unicode char U+00D8 (decimal 216)
   defining Unicode char U+00DF (decimal 223)
   defining Unicode char U+00E6 (decimal 230)
   defining Unicode char U+00EC (decimal 236)
   defining Unicode char U+00ED (decimal 237)
   defining Unicode char U+00EE (decimal 238)
   defining Unicode char U+00EF (decimal 239)
   defining Unicode char U+00F8 (decimal 248)
   defining Unicode char U+0131 (decimal 305)
   defining Unicode char U+0141 (decimal 321)
   defining Unicode char U+0142 (decimal 322)
   defining Unicode char U+0152 (decimal 338)
   defining Unicode char U+0153 (decimal 339)
   defining Unicode char U+2013 (decimal 8211)
   defining Unicode char U+2014 (decimal 8212)
   defining Unicode char U+2018 (decimal 8216)
   defining Unicode char U+2019 (decimal 8217)
   defining Unicode char U+201C (decimal 8220)
   defining Unicode char U+201D (decimal 8221)
)
Now handling font encoding OMS ...
... processing UTF-8 mapping file for font encoding OMS

("C:\Program Files\MiKTeX 2.9\tex\latex\base\omsenc.dfu"
File: omsenc.dfu 2014/09/29 v1.1m UTF-8 support for inputenc
   defining Unicode char U+00A7 (decimal 167)
   defining Unicode char U+00B6 (decimal 182)
   defining Unicode char U+00B7 (decimal 183)
   defining Unicode char U+2020 (decimal 8224)
   defining Unicode char U+2021 (decimal 8225)
   defining Unicode char U+2022 (decimal 8226)
)
Now handling font encoding OMX ...
... no UTF-8 mapping file for font encoding OMX
Now handling font encoding U ...
... no UTF-8 mapping file for font encoding U
   defining Unicode char U+00A9 (decimal 169)
   defining Unicode char U+00AA (decimal 170)
   defining Unicode char U+00AE (decimal 174)
   defining Unicode char U+00BA (decimal 186)
   defining Unicode char U+02C6 (decimal 710)
   defining Unicode char U+02DC (decimal 732)
   defining Unicode char U+200C (decimal 8204)
   defining Unicode char U+2026 (decimal 8230)
   defining Unicode char U+2122 (decimal 8482)
   defining Unicode char U+2423 (decimal 9251)
))
("C:\Program Files\MiKTeX 2.9\tex\latex\babel\babel.sty"
Package: babel 2014/09/25 3.9l The Babel package

*************************************
* Local config file bblopts.cfg used
*
("C:\Program Files\MiKTeX 2.9\tex\latex\00miktex\bblopts.cfg"
File: bblopts.cfg 2006/07/31 v1.0 MiKTeX 'babel' configuration
)
("C:\Program Files\MiKTeX 2.9\tex\latex\babel-italian\italian.ldf"
Language: italian 2014/03/29 v1.3k Italian support from the babel system

("C:\Program Files\MiKTeX 2.9\tex\latex\babel\babel.def"
File: babel.def 2014/09/25 3.9l Babel common definitions
\babel@savecnt=\count87
\U@D=\dimen103
)
\it@lettering=\count88
\it@doublequoteactive=\count89
\it@ISOcompliance=\count90
\Virgola=\count91
))
("C:\Program Files\MiKTeX 2.9\tex\latex\etoolbox\etoolbox.sty"
Package: etoolbox 2015/03/10 v2.1b e-TeX tools for LaTeX (JAW)

("C:\Program Files\MiKTeX 2.9\tex\latex\misc\etex.sty"
Package: etex 2015/03/02 v2.1 eTeX basic definition package (PEB,DPC)
\et@xins=\count92
)
\etb@tempcnta=\count93
)
("C:\Program Files\MiKTeX 2.9\tex\latex\hyperref\hyperref.sty"
Package: hyperref 2012/11/06 v6.83m Hypertext links for LaTeX

("C:\Program Files\MiKTeX 2.9\tex\generic\oberdiek\hobsub-hyperref.sty"
Package: hobsub-hyperref 2012/04/25 v1.12 Bundle oberdiek, subset hyperref (HO)


("C:\Program Files\MiKTeX 2.9\tex\generic\oberdiek\hobsub-generic.sty"
Package: hobsub-generic 2012/04/25 v1.12 Bundle oberdiek, subset generic (HO)
Package: hobsub 2012/04/25 v1.12 Construct package bundles (HO)
Package: infwarerr 2010/04/08 v1.3 Providing info/warning/error messages (HO)
Package: ltxcmds 2011/11/09 v1.22 LaTeX kernel commands for general use (HO)
Package: ifluatex 2010/03/01 v1.3 Provides the ifluatex switch (HO)
Package ifluatex Info: LuaTeX not detected.
Package: ifvtex 2010/03/01 v1.5 Detect VTeX and its facilities (HO)
Package ifvtex Info: VTeX not detected.
Package: intcalc 2007/09/27 v1.1 Expandable calculations with integers (HO)
Package: ifpdf 2011/01/30 v2.3 Provides the ifpdf switch (HO)
Package ifpdf Info: pdfTeX in PDF mode is detected.
Package: etexcmds 2011/02/16 v1.5 Avoid name clashes with e-TeX commands (HO)
Package etexcmds Info: Could not find \expanded.
(etexcmds)             That can mean that you are not using pdfTeX 1.50 or
(etexcmds)             that some package has redefined \expanded.
(etexcmds)             In the latter case, load this package earlier.
Package: kvsetkeys 2012/04/25 v1.16 Key value parser (HO)
Package: kvdefinekeys 2011/04/07 v1.3 Define keys (HO)
Package: pdftexcmds 2011/11/29 v0.20 Utility functions of pdfTeX for LuaTeX (HO
)
Package pdftexcmds Info: LuaTeX not detected.
Package pdftexcmds Info: \pdf@primitive is available.
Package pdftexcmds Info: \pdf@ifprimitive is available.
Package pdftexcmds Info: \pdfdraftmode found.
Package: pdfescape 2011/11/25 v1.13 Implements pdfTeX's escape features (HO)
Package: bigintcalc 2012/04/08 v1.3 Expandable calculations on big integers (HO
)
Package: bitset 2011/01/30 v1.1 Handle bit-vector datatype (HO)
Package: uniquecounter 2011/01/30 v1.2 Provide unlimited unique counter (HO)
)
Package hobsub Info: Skipping package `hobsub' (already loaded).
Package: letltxmacro 2010/09/02 v1.4 Let assignment for LaTeX macros (HO)
Package: hopatch 2011/06/24 v1.1 Wrapper for package hooks (HO)
Package: xcolor-patch 2011/01/30 xcolor patch
Package: atveryend 2011/06/30 v1.8 Hooks at the very end of document (HO)
Package: atbegshi 2011/10/05 v1.16 At begin shipout hook (HO)
Package: refcount 2011/10/16 v3.4 Data extraction from label references (HO)
Package: hycolor 2011/01/30 v1.7 Color options for hyperref/bookmark (HO)
)
("C:\Program Files\MiKTeX 2.9\tex\latex\graphics\keyval.sty"
Package: keyval 2014/10/28 v1.15 key=value parser (DPC)
\KV@toks@=\toks16
)
("C:\Program Files\MiKTeX 2.9\tex\generic\ifxetex\ifxetex.sty"
Package: ifxetex 2010/09/12 v0.6 Provides ifxetex conditional
)
("C:\Program Files\MiKTeX 2.9\tex\latex\oberdiek\auxhook.sty"
Package: auxhook 2011/03/04 v1.3 Hooks for auxiliary files (HO)
)
("C:\Program Files\MiKTeX 2.9\tex\latex\oberdiek\kvoptions.sty"
Package: kvoptions 2011/06/30 v3.11 Key value format for package options (HO)
)
\@linkdim=\dimen104
\Hy@linkcounter=\count94
\Hy@pagecounter=\count95

("C:\Program Files\MiKTeX 2.9\tex\latex\hyperref\pd1enc.def"
File: pd1enc.def 2012/11/06 v6.83m Hyperref: PDFDocEncoding definition (HO)
Now handling font encoding PD1 ...
... no UTF-8 mapping file for font encoding PD1
)
\Hy@SavedSpaceFactor=\count96

("C:\Program Files\MiKTeX 2.9\tex\latex\00miktex\hyperref.cfg"
File: hyperref.cfg 2002/06/06 v1.2 hyperref configuration of TeXLive
)
Package hyperref Info: Hyper figures OFF on input line 4443.
Package hyperref Info: Link nesting OFF on input line 4448.
Package hyperref Info: Hyper index ON on input line 4451.
Package hyperref Info: Plain pages OFF on input line 4458.
Package hyperref Info: Backreferencing OFF on input line 4463.
Package hyperref Info: Implicit mode ON; LaTeX internals redefined.
Package hyperref Info: Bookmarks ON on input line 4688.
\c@Hy@tempcnt=\count97

("C:\Program Files\MiKTeX 2.9\tex\latex\url\url.sty"
\Urlmuskip=\muskip10
Package: url 2013/09/16  ver 3.4  Verb mode for urls, etc.
)
LaTeX Info: Redefining \url on input line 5041.
\XeTeXLinkMargin=\dimen105
\Fld@menulength=\count98
\Field@Width=\dimen106
\Fld@charsize=\dimen107
Package hyperref Info: Hyper figures OFF on input line 6295.
Package hyperref Info: Link nesting OFF on input line 6300.
Package hyperref Info: Hyper index ON on input line 6303.
Package hyperref Info: backreferencing OFF on input line 6310.
Package hyperref Info: Link coloring OFF on input line 6315.
Package hyperref Info: Link coloring with OCG OFF on input line 6320.
Package hyperref Info: PDF/A mode OFF on input line 6325.
LaTeX Info: Redefining \ref on input line 6365.
LaTeX Info: Redefining \pageref on input line 6369.
\Hy@abspage=\count99
\c@Item=\count100
\c@Hfootnote=\count101
)

Package hyperref Message: Driver (autodetected): hpdftex.

("C:\Program Files\MiKTeX 2.9\tex\latex\hyperref\hpdftex.def"
File: hpdftex.def 2012/11/06 v6.83m Hyperref driver for pdfTeX
\Fld@listcount=\count102
\c@bookmark@seq@number=\count103

("C:\Program Files\MiKTeX 2.9\tex\latex\oberdiek\rerunfilecheck.sty"
Package: rerunfilecheck 2011/04/15 v1.7 Rerun checks for auxiliary files (HO)
Package uniquecounter Info: New unique counter `rerunfilecheck' on input line 2
82.
)
\Hy@SectionHShift=\skip43
)
("C:\Program Files\MiKTeX 2.9\tex\latex\booktabs\booktabs.sty"
Package: booktabs 2005/04/14 v1.61803 publication quality tables
\heavyrulewidth=\dimen108
\lightrulewidth=\dimen109
\cmidrulewidth=\dimen110
\belowrulesep=\dimen111
\belowbottomsep=\dimen112
\aboverulesep=\dimen113
\abovetopsep=\dimen114
\cmidrulesep=\dimen115
\cmidrulekern=\dimen116
\defaultaddspace=\dimen117
\@cmidla=\count104
\@cmidlb=\count105
\@aboverulesep=\dimen118
\@belowrulesep=\dimen119
\@thisruleclass=\count106
\@lastruleclass=\count107
\@thisrulewidth=\dimen120
)
("C:\Program Files\MiKTeX 2.9\tex\latex\tools\longtable.sty"
Package: longtable 2014/10/28 v4.11 Multi-page Table package (DPC)
\LTleft=\skip44
\LTright=\skip45
\LTpre=\skip46
\LTpost=\skip47
\LTchunksize=\count108
\LTcapwidth=\dimen121
\LT@head=\box26
\LT@firsthead=\box27
\LT@foot=\box28
\LT@lastfoot=\box29
\LT@cols=\count109
\LT@rows=\count110
\c@LT@tables=\count111
\c@LT@chunks=\count112
\LT@p@ftn=\toks17
)
("C:\Program Files\MiKTeX 2.9\tex\latex\tools\tabularx.sty"
Package: tabularx 2014/10/28 v2.10 `tabularx' package (DPC)

("C:\Program Files\MiKTeX 2.9\tex\latex\tools\array.sty"
Package: array 2014/10/28 v2.4c Tabular extension package (FMi)
\col@sep=\dimen122
\extrarowheight=\dimen123
\NC@list=\toks18
\extratabsurround=\skip48
\backup@length=\skip49
)
\TX@col@width=\dimen124
\TX@old@table=\dimen125
\TX@old@col=\dimen126
\TX@target=\dimen127
\TX@delta=\dimen128
\TX@cols=\count113
\TX@ftn=\toks19
)
("C:\Program Files\MiKTeX 2.9\tex\latex\listings\listings.sty"
\lst@mode=\count114
\lst@gtempboxa=\box30
\lst@token=\toks20
\lst@length=\count115
\lst@currlwidth=\dimen129
\lst@column=\count116
\lst@pos=\count117
\lst@lostspace=\dimen130
\lst@width=\dimen131
\lst@newlines=\count118
\lst@lineno=\count119
\lst@maxwidth=\dimen132

("C:\Program Files\MiKTeX 2.9\tex\latex\listings\lstmisc.sty"
File: lstmisc.sty 2014/09/06 1.5e (Carsten Heinz)
\c@lstnumber=\count120
\lst@skipnumbers=\count121
\lst@framebox=\box31
)
("C:\Program Files\MiKTeX 2.9\tex\latex\listings\listings.cfg"
File: listings.cfg 2014/09/06 1.5e listings configuration
))
Package: listings 2014/09/06 1.5e (Carsten Heinz)

("C:\Program Files\MiKTeX 2.9\tex\latex\graphics\graphicx.sty"
Package: graphicx 2014/10/28 v1.0g Enhanced LaTeX Graphics (DPC,SPQR)

("C:\Program Files\MiKTeX 2.9\tex\latex\graphics\graphics.sty"
Package: graphics 2014/10/28 v1.0p Standard LaTeX Graphics (DPC,SPQR)

("C:\Program Files\MiKTeX 2.9\tex\latex\graphics\trig.sty"
Package: trig 1999/03/16 v1.09 sin cos tan (DPC)
)
("C:\Program Files\MiKTeX 2.9\tex\latex\00miktex\graphics.cfg"
File: graphics.cfg 2007/01/18 v1.5 graphics configuration of teTeX/TeXLive
)
Package graphics Info: Driver file: pdftex.def on input line 91.

("C:\Program Files\MiKTeX 2.9\tex\latex\pdftex-def\pdftex.def"
File: pdftex.def 2011/05/27 v0.06d Graphics/color for pdfTeX
\Gread@gobject=\count122
))
\Gin@req@height=\dimen133
\Gin@req@width=\dimen134
)
("C:\Program Files\MiKTeX 2.9\tex\latex\caption\caption.sty"
Package: caption 2013/05/02 v3.3-89 Customizing captions (AR)

("C:\Program Files\MiKTeX 2.9\tex\latex\caption\caption3.sty"
Package: caption3 2013/05/02 v1.6-88 caption3 kernel (AR)
Package caption3 Info: TeX engine: e-TeX on input line 57.
\captionmargin=\dimen135
\captionmargin@=\dimen136
\captionwidth=\dimen137
\caption@tempdima=\dimen138
\caption@indent=\dimen139
\caption@parindent=\dimen140
\caption@hangindent=\dimen141
)
\c@ContinuedFloat=\count123
Package caption Info: hyperref package is loaded.
Package caption Info: listings package is loaded.
Package caption Info: longtable package is loaded.

("C:\Program Files\MiKTeX 2.9\tex\latex\caption\ltcaption.sty"
Package: ltcaption 2013/02/03 v1.3-62 longtable captions (AR)
))
("C:\Program Files\MiKTeX 2.9\tex\latex\fancyhdr\fancyhdr.sty"
\fancy@headwidth=\skip50
\f@ncyO@elh=\skip51
\f@ncyO@erh=\skip52
\f@ncyO@olh=\skip53
\f@ncyO@orh=\skip54
\f@ncyO@elf=\skip55
\f@ncyO@erf=\skip56
\f@ncyO@olf=\skip57
\f@ncyO@orf=\skip58
)
("C:\Program Files\MiKTeX 2.9\tex\latex\geometry\geometry.sty"
Package: geometry 2010/09/12 v5.6 Page Geometry
\Gm@cnth=\count124
\Gm@cntv=\count125
\c@Gm@tempcnt=\count126
\Gm@bindingoffset=\dimen142
\Gm@wd@mp=\dimen143
\Gm@odd@mp=\dimen144
\Gm@even@mp=\dimen145
\Gm@layoutwidth=\dimen146
\Gm@layoutheight=\dimen147
\Gm@layouthoffset=\dimen148
\Gm@layoutvoffset=\dimen149
\Gm@dimlist=\toks21

("C:\Program Files\MiKTeX 2.9\tex\latex\geometry\geometry.cfg"))
("C:\Program Files\MiKTeX 2.9\tex\latex\base\makeidx.sty"
Package: makeidx 2014/09/29 v1.0m Standard LaTeX package
)
("C:\Program Files\MiKTeX 2.9\tex\latex\base\textcomp.sty"
Package: textcomp 2005/09/27 v1.99g Standard LaTeX package
Package textcomp Info: Sub-encoding information:
(textcomp)               5 = only ISO-Adobe without \textcurrency
(textcomp)               4 = 5 + \texteuro
(textcomp)               3 = 4 + \textohm
(textcomp)               2 = 3 + \textestimated + \textcurrency
(textcomp)               1 = TS1 - \textcircled - \t
(textcomp)               0 = TS1 (full)
(textcomp)             Font families with sub-encoding setting implement
(textcomp)             only a restricted character set as indicated.
(textcomp)             Family '?' is the default used for unknown fonts.
(textcomp)             See the documentation for details.
Package textcomp Info: Setting ? sub-encoding to TS1/1 on input line 71.

("C:\Program Files\MiKTeX 2.9\tex\latex\base\ts1enc.def"
File: ts1enc.def 2001/06/05 v3.0e (jk/car/fm) Standard LaTeX file
Now handling font encoding TS1 ...
... processing UTF-8 mapping file for font encoding TS1

("C:\Program Files\MiKTeX 2.9\tex\latex\base\ts1enc.dfu"
File: ts1enc.dfu 2014/09/29 v1.1m UTF-8 support for inputenc
   defining Unicode char U+00A2 (decimal 162)
   defining Unicode char U+00A3 (decimal 163)
   defining Unicode char U+00A4 (decimal 164)
   defining Unicode char U+00A5 (decimal 165)
   defining Unicode char U+00A6 (decimal 166)
   defining Unicode char U+00A7 (decimal 167)
   defining Unicode char U+00A8 (decimal 168)
   defining Unicode char U+00A9 (decimal 169)
   defining Unicode char U+00AA (decimal 170)
   defining Unicode char U+00AC (decimal 172)
   defining Unicode char U+00AE (decimal 174)
   defining Unicode char U+00AF (decimal 175)
   defining Unicode char U+00B0 (decimal 176)
   defining Unicode char U+00B1 (decimal 177)
   defining Unicode char U+00B2 (decimal 178)
   defining Unicode char U+00B3 (decimal 179)
   defining Unicode char U+00B4 (decimal 180)
   defining Unicode char U+00B5 (decimal 181)
   defining Unicode char U+00B6 (decimal 182)
   defining Unicode char U+00B7 (decimal 183)
   defining Unicode char U+00B9 (decimal 185)
   defining Unicode char U+00BA (decimal 186)
   defining Unicode char U+00BC (decimal 188)
   defining Unicode char U+00BD (decimal 189)
   defining Unicode char U+00BE (decimal 190)
   defining Unicode char U+00D7 (decimal 215)
   defining Unicode char U+00F7 (decimal 247)
   defining Unicode char U+0192 (decimal 402)
   defining Unicode char U+02C7 (decimal 711)
   defining Unicode char U+02D8 (decimal 728)
   defining Unicode char U+02DD (decimal 733)
   defining Unicode char U+0E3F (decimal 3647)
   defining Unicode char U+2016 (decimal 8214)
   defining Unicode char U+2020 (decimal 8224)
   defining Unicode char U+2021 (decimal 8225)
   defining Unicode char U+2022 (decimal 8226)
   defining Unicode char U+2030 (decimal 8240)
   defining Unicode char U+2031 (decimal 8241)
   defining Unicode char U+203B (decimal 8251)
   defining Unicode char U+203D (decimal 8253)
   defining Unicode char U+2044 (decimal 8260)
   defining Unicode char U+204E (decimal 8270)
   defining Unicode char U+2052 (decimal 8274)
   defining Unicode char U+20A1 (decimal 8353)
   defining Unicode char U+20A4 (decimal 8356)
   defining Unicode char U+20A6 (decimal 8358)
   defining Unicode char U+20A9 (decimal 8361)
   defining Unicode char U+20AB (decimal 8363)
   defining Unicode char U+20AC (decimal 8364)
   defining Unicode char U+20B1 (decimal 8369)
   defining Unicode char U+2103 (decimal 8451)
   defining Unicode char U+2116 (decimal 8470)
   defining Unicode char U+2117 (decimal 8471)
   defining Unicode char U+211E (decimal 8478)
   defining Unicode char U+2120 (decimal 8480)
   defining Unicode char U+2122 (decimal 8482)
   defining Unicode char U+2126 (decimal 8486)
   defining Unicode char U+2127 (decimal 8487)
   defining Unicode char U+212E (decimal 8494)
   defining Unicode char U+2190 (decimal 8592)
   defining Unicode char U+2191 (decimal 8593)
   defining Unicode char U+2192 (decimal 8594)
   defining Unicode char U+2193 (decimal 8595)
   defining Unicode char U+2329 (decimal 9001)
   defining Unicode char U+232A (decimal 9002)
   defining Unicode char U+2422 (decimal 9250)
   defining Unicode char U+25E6 (decimal 9702)
   defining Unicode char U+25EF (decimal 9711)
   defining Unicode char U+266A (decimal 9834)
))
LaTeX Info: Redefining \oldstylenums on input line 266.
Package textcomp Info: Setting cmr sub-encoding to TS1/0 on input line 281.
Package textcomp Info: Setting cmss sub-encoding to TS1/0 on input line 282.
Package textcomp Info: Setting cmtt sub-encoding to TS1/0 on input line 283.
Package textcomp Info: Setting cmvtt sub-encoding to TS1/0 on input line 284.
Package textcomp Info: Setting cmbr sub-encoding to TS1/0 on input line 285.
Package textcomp Info: Setting cmtl sub-encoding to TS1/0 on input line 286.
Package textcomp Info: Setting ccr sub-encoding to TS1/0 on input line 287.
Package textcomp Info: Setting ptm sub-encoding to TS1/4 on input line 288.
Package textcomp Info: Setting pcr sub-encoding to TS1/4 on input line 289.
Package textcomp Info: Setting phv sub-encoding to TS1/4 on input line 290.
Package textcomp Info: Setting ppl sub-encoding to TS1/3 on input line 291.
Package textcomp Info: Setting pag sub-encoding to TS1/4 on input line 292.
Package textcomp Info: Setting pbk sub-encoding to TS1/4 on input line 293.
Package textcomp Info: Setting pnc sub-encoding to TS1/4 on input line 294.
Package textcomp Info: Setting pzc sub-encoding to TS1/4 on input line 295.
Package textcomp Info: Setting bch sub-encoding to TS1/4 on input line 296.
Package textcomp Info: Setting put sub-encoding to TS1/5 on input line 297.
Package textcomp Info: Setting uag sub-encoding to TS1/5 on input line 298.
Package textcomp Info: Setting ugq sub-encoding to TS1/5 on input line 299.
Package textcomp Info: Setting ul8 sub-encoding to TS1/4 on input line 300.
Package textcomp Info: Setting ul9 sub-encoding to TS1/4 on input line 301.
Package textcomp Info: Setting augie sub-encoding to TS1/5 on input line 302.
Package textcomp Info: Setting dayrom sub-encoding to TS1/3 on input line 303.
Package textcomp Info: Setting dayroms sub-encoding to TS1/3 on input line 304.

Package textcomp Info: Setting pxr sub-encoding to TS1/0 on input line 305.
Package textcomp Info: Setting pxss sub-encoding to TS1/0 on input line 306.
Package textcomp Info: Setting pxtt sub-encoding to TS1/0 on input line 307.
Package textcomp Info: Setting txr sub-encoding to TS1/0 on input line 308.
Package textcomp Info: Setting txss sub-encoding to TS1/0 on input line 309.
Package textcomp Info: Setting txtt sub-encoding to TS1/0 on input line 310.
Package textcomp Info: Setting lmr sub-encoding to TS1/0 on input line 311.
Package textcomp Info: Setting lmdh sub-encoding to TS1/0 on input line 312.
Package textcomp Info: Setting lmss sub-encoding to TS1/0 on input line 313.
Package textcomp Info: Setting lmssq sub-encoding to TS1/0 on input line 314.
Package textcomp Info: Setting lmvtt sub-encoding to TS1/0 on input line 315.
Package textcomp Info: Setting qhv sub-encoding to TS1/0 on input line 316.
Package textcomp Info: Setting qag sub-encoding to TS1/0 on input line 317.
Package textcomp Info: Setting qbk sub-encoding to TS1/0 on input line 318.
Package textcomp Info: Setting qcr sub-encoding to TS1/0 on input line 319.
Package textcomp Info: Setting qcs sub-encoding to TS1/0 on input line 320.
Package textcomp Info: Setting qpl sub-encoding to TS1/0 on input line 321.
Package textcomp Info: Setting qtm sub-encoding to TS1/0 on input line 322.
Package textcomp Info: Setting qzc sub-encoding to TS1/0 on input line 323.
Package textcomp Info: Setting qhvc sub-encoding to TS1/0 on input line 324.
Package textcomp Info: Setting futs sub-encoding to TS1/4 on input line 325.
Package textcomp Info: Setting futx sub-encoding to TS1/4 on input line 326.
Package textcomp Info: Setting futj sub-encoding to TS1/4 on input line 327.
Package textcomp Info: Setting hlh sub-encoding to TS1/3 on input line 328.
Package textcomp Info: Setting hls sub-encoding to TS1/3 on input line 329.
Package textcomp Info: Setting hlst sub-encoding to TS1/3 on input line 330.
Package textcomp Info: Setting hlct sub-encoding to TS1/5 on input line 331.
Package textcomp Info: Setting hlx sub-encoding to TS1/5 on input line 332.
Package textcomp Info: Setting hlce sub-encoding to TS1/5 on input line 333.
Package textcomp Info: Setting hlcn sub-encoding to TS1/5 on input line 334.
Package textcomp Info: Setting hlcw sub-encoding to TS1/5 on input line 335.
Package textcomp Info: Setting hlcf sub-encoding to TS1/5 on input line 336.
Package textcomp Info: Setting pplx sub-encoding to TS1/3 on input line 337.
Package textcomp Info: Setting pplj sub-encoding to TS1/3 on input line 338.
Package textcomp Info: Setting ptmx sub-encoding to TS1/4 on input line 339.
Package textcomp Info: Setting ptmj sub-encoding to TS1/4 on input line 340.
)
("C:\Program Files\MiKTeX 2.9\tex\latex\multirow\multirow.sty"
\bigstrutjot=\dimen150
)
("C:\Program Files\MiKTeX 2.9\tex\latex\rotfloat\rotfloat.sty"
Package: rotfloat 2004/01/04 v1.2 Combining float+rotating package (AS)

("C:\Program Files\MiKTeX 2.9\tex\latex\float\float.sty"
Package: float 2001/11/08 v1.3d Float enhancements (AL)
\c@float@type=\count127
\float@exts=\toks22
\float@box=\box32
\@float@everytoks=\toks23
\@floatcapt=\box33
)
("C:\Program Files\MiKTeX 2.9\tex\latex\rotating\rotating.sty"
Package: rotating 2009/03/28 v2.16a rotated objects in LaTeX

("C:\Program Files\MiKTeX 2.9\tex\latex\base\ifthen.sty"
Package: ifthen 2014/09/29 v1.1c Standard LaTeX ifthen package (DPC)
)
\c@r@tfl@t=\count128
\rotFPtop=\skip59
\rotFPbot=\skip60
\rot@float@box=\box34
\rot@mess@toks=\toks24
)
Package rotfloat Info: float package v1.3 detected on input line 74.
)
("C:\Program Files\MiKTeX 2.9\tex\latex\lastpage\lastpage.sty"
Package: lastpage 2013/01/28 v1.2l Refers to last page's name (HMM; JPG)
)
("C:\Program Files\MiKTeX 2.9\tex\latex\titlesec\titlesec.sty"
Package: titlesec 2011/12/15 v2.10.0 Sectioning titles
\ttl@box=\box35
\beforetitleunit=\skip61
\aftertitleunit=\skip62
\ttl@plus=\dimen151
\ttl@minus=\dimen152
\ttl@toksa=\toks25
\titlewidth=\dimen153
\titlewidthlast=\dimen154
\titlewidthfirst=\dimen155
)
\c@subsubsubsection=\count129

("C:\Program Files\MiKTeX 2.9\tex\latex\listings\lstlang1.sty"
File: lstlang1.sty 2014/09/06 1.5e listings language file
)
("C:\Program Files\MiKTeX 2.9\tex\latex\cantarell\cantarell.sty"
Package: cantarell 2012/01/03 Cantarell

("C:\Program Files\MiKTeX 2.9\tex\latex\slantsc\slantsc.sty"
Package: slantsc 2012/01/01 v2.11 Provide Slanted an Italic Small Caps
LaTeX Info: Redefining \upshape on input line 35.
LaTeX Info: Redefining \slshape on input line 45.
LaTeX Info: Redefining \itshape on input line 55.
LaTeX Info: Redefining \scshape on input line 65.
))
("C:\Program Files\MiKTeX 2.9\tex\latex\base\fontenc.sty"
Package: fontenc 2005/09/27 v1.99g Standard LaTeX package

("C:\Program Files\MiKTeX 2.9\tex\latex\base\t1enc.def"
File: t1enc.def 2005/09/27 v1.99g Standard LaTeX file
LaTeX Font Info:    Redeclaring font encoding T1 on input line 43.
))
Package hyperref Info: Option `colorlinks' set `true' on input line 87.
)
\@indexfile=\write3

Writing index file analisi_dei_requisiti_3.0.idx
(analisi_dei_requisiti_3.0.aux)
LaTeX Font Info:    Checking defaults for OML/cmm/m/it on input line 13.
LaTeX Font Info:    ... okay on input line 13.
LaTeX Font Info:    Checking defaults for T1/cmr/m/n on input line 13.
LaTeX Font Info:    ... okay on input line 13.
LaTeX Font Info:    Checking defaults for OT1/cmr/m/n on input line 13.
LaTeX Font Info:    ... okay on input line 13.
LaTeX Font Info:    Checking defaults for OMS/cmsy/m/n on input line 13.
LaTeX Font Info:    ... okay on input line 13.
LaTeX Font Info:    Checking defaults for OMX/cmex/m/n on input line 13.
LaTeX Font Info:    ... okay on input line 13.
LaTeX Font Info:    Checking defaults for U/cmr/m/n on input line 13.
LaTeX Font Info:    ... okay on input line 13.
LaTeX Font Info:    Checking defaults for PD1/pdf/m/n on input line 13.
LaTeX Font Info:    ... okay on input line 13.
LaTeX Font Info:    Checking defaults for TS1/cmr/m/n on input line 13.
LaTeX Font Info:    Try loading font information for TS1+cmr on input line 13.

("C:\Program Files\MiKTeX 2.9\tex\latex\base\ts1cmr.fd"
File: ts1cmr.fd 2014/09/29 v2.5h Standard LaTeX font definitions
)
LaTeX Font Info:    ... okay on input line 13.
LaTeX Font Info:    Try loading font information for T1+fca on input line 13.

("C:\Program Files\MiKTeX 2.9\tex\latex\cantarell\t1fca.fd"
File: t1fca.fd 2012/06/11 Fontinst v1.933 font definitions for T1/fca.
)
LaTeX Info: Redefining \it@ocap on input line 13.
LaTeX Info: Redefining \it@ccap on input line 13.
\AtBeginShipoutBox=\box36

("C:\Program Files\MiKTeX 2.9\tex\latex\graphics\color.sty"
Package: color 2014/10/28 v1.1a Standard LaTeX Color (DPC)

("C:\Program Files\MiKTeX 2.9\tex\latex\00miktex\color.cfg"
File: color.cfg 2007/01/18 v1.5 color configuration of teTeX/TeXLive
)
Package color Info: Driver file: pdftex.def on input line 137.
)
Package hyperref Info: Link coloring ON on input line 13.

("C:\Program Files\MiKTeX 2.9\tex\latex\hyperref\nameref.sty"
Package: nameref 2012/10/27 v2.43 Cross-referencing by name of section

("C:\Program Files\MiKTeX 2.9\tex\generic\oberdiek\gettitlestring.sty"
Package: gettitlestring 2010/12/03 v1.4 Cleanup title references (HO)
)
\c@section@level=\count130
)
LaTeX Info: Redefining \ref on input line 13.
LaTeX Info: Redefining \pageref on input line 13.
LaTeX Info: Redefining \nameref on input line 13.

(analisi_dei_requisiti_3.0.out) (analisi_dei_requisiti_3.0.out)
\@outlinefile=\write4
\c@lstlisting=\count131

("C:\Program Files\MiKTeX 2.9\tex\context\base\supp-pdf.mkii"
[Loading MPS to PDF converter (version 2006.09.02).]
\scratchcounter=\count132
\scratchdimen=\dimen156
\scratchbox=\box37
\nofMPsegments=\count133
\nofMParguments=\count134
\everyMPshowfont=\toks26
\MPscratchCnt=\count135
\MPscratchDim=\dimen157
\MPnumerator=\count136
\makeMPintoPDFobject=\count137
\everyMPtoPDFconversion=\toks27
)
Package caption Info: Begin \AtBeginDocument code.
Package caption Info: float package is loaded.
Package caption Info: rotating package is loaded.
Package caption Info: End \AtBeginDocument code.

*geometry* driver: auto-detecting
*geometry* detected driver: pdftex
*geometry* verbose mode - [ preamble ] result:
* driver: pdftex
* paper: a4paper
* layout: <same size as paper>
* layoutoffset:(h,v)=(0.0pt,0.0pt)
* modes: 
* h-part:(L,W,R)=(71.13188pt, 455.24411pt, 71.13188pt)
* v-part:(T,H,B)=(85.35826pt, 674.33032pt, 85.35826pt)
* \paperwidth=597.50787pt
* \paperheight=845.04684pt
* \textwidth=455.24411pt
* \textheight=674.33032pt
* \oddsidemargin=-1.1381pt
* \evensidemargin=-1.1381pt
* \topmargin=-23.91173pt
* \headheight=12.0pt
* \headsep=25.0pt
* \topskip=11.0pt
* \footskip=30.0pt
* \marginparwidth=50.0pt
* \marginparsep=10.0pt
* \columnsep=10.0pt
* \skip\footins=10.0pt plus 4.0pt minus 2.0pt
* \hoffset=0.0pt
* \voffset=0.0pt
* \mag=1000
* \@twocolumnfalse
* \@twosidefalse
* \@mparswitchfalse
* \@reversemarginfalse
* (1in=72.27pt=25.4mm, 1cm=28.453pt)

Package lastpage Info: Please have a look at the pageslts package at
(lastpage)             http://www.ctan.org/tex-archive/ 
(lastpage)             macros/latex/contrib/pageslts/ 
(lastpage)             or
(lastpage)             http://www.ctan.org/tex-archive/ 
(lastpage)             install/macros/latex/contrib/pageslts.tds.zip
(lastpage)             ! on input line 13.
LaTeX Font Info:    Font shape `T1/fca/bx/n' in size <17.28> not available
(Font)              Font shape `T1/fca/b/n' tried instead on input line 16.
LaTeX Font Info:    Font shape `T1/fca/bx/n' in size <22.76219> not available
(Font)              Font shape `T1/fca/b/n' tried instead on input line 16.
LaTeX Font Info:    External font `cmex10' loaded for size
(Font)              <12> on input line 16.
LaTeX Font Info:    External font `cmex10' loaded for size
(Font)              <8> on input line 16.
LaTeX Font Info:    External font `cmex10' loaded for size
(Font)              <6> on input line 16.
<team_not_found.jpg, id=399, 382.42876pt x 153.57375pt>
File: team_not_found.jpg Graphic file (type jpg)

<use team_not_found.jpg>
Package pdftex.def Info: team_not_found.jpg used on input line 18.
(pdftex.def)             Requested size: 382.42781pt x 153.57336pt.
LaTeX Font Info:    Try loading font information for T1+cmtt on input line 19.
 ("C:\Program Files\MiKTeX 2.9\tex\latex\base\t1cmtt.fd"
File: t1cmtt.fd 2014/09/29 v2.5h Standard LaTeX font definitions
)
LaTeX Font Info:    Calculating math sizes for size <14.22636> on input line 19
.
LaTeX Font Info:    External font `cmex10' loaded for size
(Font)              <14.22636> on input line 19.
LaTeX Font Info:    External font `cmex10' loaded for size
(Font)              <9.9584> on input line 19.
LaTeX Font Info:    External font `cmex10' loaded for size
(Font)              <7.11317> on input line 19.
LaTeX Font Info:    Font shape `T1/fca/bx/n' in size <14.22636> not available
(Font)              Font shape `T1/fca/b/n' tried instead on input line 22.
LaTeX Font Info:    External font `cmex10' loaded for size
(Font)              <10.95> on input line 38.
LaTeX Font Info:    Font shape `T1/fca/bx/n' in size <10.95> not available
(Font)              Font shape `T1/fca/b/n' tried instead on input line 38.
 [1

{C:/ProgramData/MiKTeX/2.9/pdftex/config/pdftex.map} <./team_not_found.jpg>]
LaTeX Font Info:    Font shape `T1/fca/bx/n' in size <14.4> not available
(Font)              Font shape `T1/fca/b/n' tried instead on input line 46.
LaTeX Font Info:    Font shape `T1/fca/bx/n' in size <9> not available
(Font)              Font shape `T1/fca/b/n' tried instead on input line 49.

Underfull \hbox (badness 2671) in paragraph at lines 52--52
[]|\T1/fca/m/n/9 Marco Cri-vel-la-ro
 []


Underfull \hbox (badness 10000) in paragraph at lines 53--53
[]|\T1/fca/m/n/9 Luca Ales-sio
 []


Underfull \hbox (badness 10000) in paragraph at lines 54--54
[]|\T1/fca/m/n/9 Luca Ales-sio
 []


Underfull \hbox (badness 10000) in paragraph at lines 55--55
[]|\T1/fca/m/n/9 Luca Ales-sio
 []


Underfull \hbox (badness 10000) in paragraph at lines 57--57
[]|\T1/fca/m/n/9 Alex Bec-ca-ro
 []


Underfull \hbox (badness 10000) in paragraph at lines 58--58
[]|\T1/fca/m/n/9 Alex Bec-ca-ro
 []


Underfull \hbox (badness 10000) in paragraph at lines 59--59
[]|\T1/fca/m/n/9 Alex Bec-ca-ro
 []


Underfull \hbox (badness 5388) in paragraph at lines 59--59
[]|\T1/fca/m/n/9 Modificati re-qui-si-ti 8.x, ag-gior-na-te le ver-sio-ni dei
 []


Underfull \hbox (badness 10000) in paragraph at lines 60--60
[]|\T1/fca/m/n/9 Alex Bec-ca-ro
 []


Underfull \hbox (badness 10000) in paragraph at lines 61--61
[]|\T1/fca/m/n/9 Alex Bec-ca-ro
 []


Underfull \hbox (badness 10000) in paragraph at lines 62--62
[]|\T1/fca/m/n/9 Davide Bor-tot
 []


Underfull \hbox (badness 10000) in paragraph at lines 64--64
[]|\T1/fca/m/n/9 Alex Bec-ca-ro
 []


Underfull \hbox (badness 1297) in paragraph at lines 65--65
[]|\T1/fca/m/n/9 Modificata strut-tu-ra del do-cu-men-to per ri-spet-ta-re il
 []


Underfull \hbox (badness 10000) in paragraph at lines 68--68
[]|\T1/fca/m/n/9 Alex Bec-ca-ro
 []


Underfull \hbox (badness 2671) in paragraph at lines 69--69
[]|\T1/fca/m/n/9 Marco Cri-vel-la-ro
 []


Underfull \vbox (badness 10000) detected at line 69
 []


Underfull \hbox (badness 10000) in paragraph at lines 70--70
[]|\T1/fca/m/n/9 Alex Bec-ca-ro
 []


Underfull \hbox (badness 10000) in paragraph at lines 72--72
[]|\T1/fca/m/n/9 Alex Bec-ca-ro
 []


Underfull \hbox (badness 2671) in paragraph at lines 73--73
[]|\T1/fca/m/n/9 Marco Cri-vel-la-ro
 []


Underfull \hbox (badness 10000) in paragraph at lines 74--74
[]|\T1/fca/m/n/9 Alex Bec-ca-ro
 []


Underfull \hbox (badness 10000) in paragraph at lines 75--75
[]|\T1/fca/m/n/9 Luca Ales-sio
 []


Underfull \hbox (badness 10000) in paragraph at lines 76--76
[]|\T1/fca/m/n/9 Alex Bec-ca-ro
 []


Underfull \hbox (badness 4492) in paragraph at lines 76--76
[]|\T1/fca/m/n/9 Prima ste-su-ra del do-cu-men-to. Im-po-sta-zio-ne del
 []

<team404_small.jpg, id=411, 382.42876pt x 153.57375pt>
File: team404_small.jpg Graphic file (type jpg)
 <use team404_small.jpg>
Package pdftex.def Info: team404_small.jpg used on input line 78.
(pdftex.def)             Requested size: 57.36183pt x 23.03506pt.


Package Fancyhdr Warning: \headheight is too small (12.0pt): 
 Make it at least 27.1151pt.
 We now make it that large for the rest of the document.
 This may cause the page layout to be inconsistent, however.

[2 <./team404_small.jpg>]
File: team404_small.jpg Graphic file (type jpg)
 <use team404_small.jpg>
Package pdftex.def Info: team404_small.jpg used on input line 79.
(pdftex.def)             Requested size: 57.36183pt x 23.03506pt.
 [3]
(analisi_dei_requisiti_3.0.toc
File: team404_small.jpg Graphic file (type jpg)
 <use team404_small.jpg>
Package pdftex.def Info: team404_small.jpg used on input line 49.
(pdftex.def)             Requested size: 57.36183pt x 23.03506pt.
 [4]
File: team404_small.jpg Graphic file (type jpg)

<use team404_small.jpg>
Package pdftex.def Info: team404_small.jpg used on input line 97.
(pdftex.def)             Requested size: 57.36183pt x 23.03506pt.
 [5])
\tf@toc=\write5
File: team404_small.jpg Graphic file (type jpg)
 <use team404_small.jpg>
Package pdftex.def Info: team404_small.jpg used on input line 82.
(pdftex.def)             Requested size: 57.36183pt x 23.03506pt.
 [6]
(analisi_dei_requisiti_3.0.lof)
\tf@lof=\write6
 (analisi_dei_requisiti_3.0.lot)
\tf@lot=\write7
File: team404_small.jpg Graphic file (type jpg)

<use team404_small.jpg>
Package pdftex.def Info: team404_small.jpg used on input line 85.
(pdftex.def)             Requested size: 57.36183pt x 23.03506pt.
 [7]
File: team404_small.jpg Graphic file (type jpg)
 <use team404_small.jpg>
Package pdftex.def Info: team404_small.jpg used on input line 91.
(pdftex.def)             Requested size: 57.36183pt x 23.03506pt.
 [8]
LaTeX Font Info:    Font shape `T1/fca/bx/n' in size <12> not available
(Font)              Font shape `T1/fca/b/n' tried instead on input line 94.
LaTeX Font Info:    Font shape `T1/fca/m/it' in size <10.95> not available
(Font)              Font shape `T1/fca/m/sl' tried instead on input line 99.
LaTeX Font Info:    Try loading font information for TS1+fca on input line 103.


("C:\Program Files\MiKTeX 2.9\tex\latex\cantarell\ts1fca.fd"
File: ts1fca.fd 2012/06/11 Fontinst v1.933 font definitions for TS1/fca.
)
Overfull \hbox (4.93379pt too wide) in paragraph at lines 111--115
[][]$\T1/cmtt/m/n/10.95 http : / / www . math . unipd . it / ~tullio / IS-[]1 /
 2015 / Dispense / PD01 . pdf$[][] [][]$http : / / www . math .$
 []

File: team404_small.jpg Graphic file (type jpg)
<use team404_small.jpg>
Package pdftex.def Info: team404_small.jpg used on input line 117.
(pdftex.def)             Requested size: 57.36183pt x 23.03506pt.
 [1]
File: team404_small.jpg Graphic file (type jpg)
 <use team404_small.jpg>
Package pdftex.def Info: team404_small.jpg used on input line 129.
(pdftex.def)             Requested size: 57.36183pt x 23.03506pt.
 [2]
Underfull \hbox (badness 10000) in paragraph at lines 132--135

 []

<../immagini/Actors.png, id=612, 387.4475pt x 338.26375pt>
File: ../immagini/Actors.png Graphic file (type png)

<use ../immagini/Actors.png>
Package pdftex.def Info: ../immagini/Actors.png used on input line 138.
(pdftex.def)             Requested size: 387.44655pt x 338.26291pt.
File: team404_small.jpg Graphic file (type jpg)
 <use team404_small.jpg>
Package pdftex.def Info: team404_small.jpg used on input line 142.
(pdftex.def)             Requested size: 57.36183pt x 23.03506pt.
 [3 <../immagini/Actors.png>] <../immagini/Main.png, id=620, 829.0975pt x 1005.
7575pt>
File: ../immagini/Main.png Graphic file (type png)

<use ../immagini/Main.png>
Package pdftex.def Info: ../immagini/Main.png used on input line 147.
(pdftex.def)             Requested size: 497.46234pt x 603.45917pt.

Overfull \hbox (42.21823pt too wide) in paragraph at lines 147--148
 [][] 
 []


Underfull \hbox (badness 10000) in paragraph at lines 150--154

 []


Underfull \hbox (badness 10000) in paragraph at lines 150--154

 []

File: team404_small.jpg Graphic file (type jpg)
<use team404_small.jpg>
Package pdftex.def Info: team404_small.jpg used on input line 154.
(pdftex.def)             Requested size: 57.36183pt x 23.03506pt.
 [4 <../immagini/Main.png>]
<../immagini/UC1.png, id=627, 660.4675pt x 580.1675pt>
File: ../immagini/UC1.png Graphic file (type png)

<use ../immagini/UC1.png>
Package pdftex.def Info: ../immagini/UC1.png used on input line 160.
(pdftex.def)             Requested size: 396.28355pt x 348.10316pt.

Underfull \hbox (badness 10000) in paragraph at lines 163--173

 []


Underfull \hbox (badness 10000) in paragraph at lines 163--173

 []


Underfull \hbox (badness 10000) in paragraph at lines 163--173

 []


Underfull \hbox (badness 10000) in paragraph at lines 163--173

 []


Underfull \hbox (badness 10000) in paragraph at lines 163--173

 []

File: team404_small.jpg Graphic file (type jpg)
<use team404_small.jpg>
Package pdftex.def Info: team404_small.jpg used on input line 173.
(pdftex.def)             Requested size: 57.36183pt x 23.03506pt.
 [5 <../immagini/UC1.png>]
Underfull \hbox (badness 10000) in paragraph at lines 177--186

 []


Underfull \hbox (badness 10000) in paragraph at lines 177--186

 []


Underfull \hbox (badness 10000) in paragraph at lines 177--186

 []


Underfull \hbox (badness 10000) in paragraph at lines 177--186

 []


Underfull \hbox (badness 10000) in paragraph at lines 177--186

 []


Underfull \hbox (badness 10000) in paragraph at lines 190--199

 []


Underfull \hbox (badness 10000) in paragraph at lines 190--199

 []


Underfull \hbox (badness 10000) in paragraph at lines 190--199

 []


Underfull \hbox (badness 10000) in paragraph at lines 190--199

 []


Underfull \hbox (badness 10000) in paragraph at lines 190--199

 []


Underfull \hbox (badness 10000) in paragraph at lines 202--213

 []


Underfull \hbox (badness 10000) in paragraph at lines 202--213

 []


Underfull \hbox (badness 10000) in paragraph at lines 202--213

 []


Underfull \hbox (badness 10000) in paragraph at lines 202--213

 []


Underfull \hbox (badness 10000) in paragraph at lines 202--213

 []


Underfull \hbox (badness 10000) in paragraph at lines 220--229

 []


Underfull \hbox (badness 10000) in paragraph at lines 220--229

 []


Underfull \hbox (badness 10000) in paragraph at lines 220--229

 []


Underfull \hbox (badness 10000) in paragraph at lines 220--229

 []


Underfull \hbox (badness 10000) in paragraph at lines 220--229

 []

File: team404_small.jpg Graphic file (type jpg)
<use team404_small.jpg>
Package pdftex.def Info: team404_small.jpg used on input line 229.
(pdftex.def)             Requested size: 57.36183pt x 23.03506pt.
 [6]
<../immagini/UC2.png, id=640, 873.2625pt x 546.04pt>
File: ../immagini/UC2.png Graphic file (type png)
 <use ../immagini/UC2.png>
Package pdftex.def Info: ../immagini/UC2.png used on input line 235.
(pdftex.def)             Requested size: 523.96153pt x 327.62653pt.

Overfull \hbox (68.71742pt too wide) in paragraph at lines 235--236
 [][] 
 []


Underfull \hbox (badness 10000) in paragraph at lines 238--248

 []


Underfull \hbox (badness 10000) in paragraph at lines 238--248

 []


Underfull \hbox (badness 10000) in paragraph at lines 238--248

 []


Underfull \hbox (badness 10000) in paragraph at lines 238--248

 []


Underfull \hbox (badness 10000) in paragraph at lines 238--248

 []

File: team404_small.jpg Graphic file (type jpg)
<use team404_small.jpg>
Package pdftex.def Info: team404_small.jpg used on input line 248.
(pdftex.def)             Requested size: 57.36183pt x 23.03506pt.
 [7 <../immagini/UC2.png>]
Underfull \hbox (badness 10000) in paragraph at lines 252--261

 []


Underfull \hbox (badness 10000) in paragraph at lines 252--261

 []


Underfull \hbox (badness 10000) in paragraph at lines 252--261

 []


Underfull \hbox (badness 10000) in paragraph at lines 252--261

 []


Underfull \hbox (badness 10000) in paragraph at lines 252--261

 []


Underfull \hbox (badness 10000) in paragraph at lines 265--276

 []


Underfull \hbox (badness 10000) in paragraph at lines 265--276

 []


Underfull \hbox (badness 10000) in paragraph at lines 265--276

 []


Underfull \hbox (badness 10000) in paragraph at lines 265--276

 []


Underfull \hbox (badness 10000) in paragraph at lines 265--276

 []


Underfull \hbox (badness 10000) in paragraph at lines 283--292

 []


Underfull \hbox (badness 10000) in paragraph at lines 283--292

 []


Underfull \hbox (badness 10000) in paragraph at lines 283--292

 []


Underfull \hbox (badness 10000) in paragraph at lines 283--292

 []


Underfull \hbox (badness 10000) in paragraph at lines 283--292

 []

File: team404_small.jpg Graphic file (type jpg)
<use team404_small.jpg>
Package pdftex.def Info: team404_small.jpg used on input line 292.
(pdftex.def)             Requested size: 57.36183pt x 23.03506pt.
 [8]
Underfull \hbox (badness 10000) in paragraph at lines 296--307

 []


Underfull \hbox (badness 10000) in paragraph at lines 296--307

 []


Underfull \hbox (badness 10000) in paragraph at lines 296--307

 []


Underfull \hbox (badness 10000) in paragraph at lines 296--307

 []


Underfull \hbox (badness 10000) in paragraph at lines 296--307

 []


Underfull \hbox (badness 10000) in paragraph at lines 315--324

 []


Underfull \hbox (badness 10000) in paragraph at lines 315--324

 []


Underfull \hbox (badness 10000) in paragraph at lines 315--324

 []


Underfull \hbox (badness 10000) in paragraph at lines 315--324

 []


Underfull \hbox (badness 10000) in paragraph at lines 315--324

 []


Underfull \hbox (badness 10000) in paragraph at lines 328--337

 []


Underfull \hbox (badness 10000) in paragraph at lines 328--337

 []


Underfull \hbox (badness 10000) in paragraph at lines 328--337

 []


Underfull \hbox (badness 10000) in paragraph at lines 328--337

 []


Underfull \hbox (badness 10000) in paragraph at lines 328--337

 []

File: team404_small.jpg Graphic file (type jpg)
<use team404_small.jpg>
Package pdftex.def Info: team404_small.jpg used on input line 337.
(pdftex.def)             Requested size: 57.36183pt x 23.03506pt.
 [9]
<../immagini/UC3.png, id=657, 660.4675pt x 403.5075pt>
File: ../immagini/UC3.png Graphic file (type png)

<use ../immagini/UC3.png>
Package pdftex.def Info: ../immagini/UC3.png used on input line 343.
(pdftex.def)             Requested size: 396.28355pt x 242.10637pt.

Underfull \hbox (badness 10000) in paragraph at lines 346--356

 []


Underfull \hbox (badness 10000) in paragraph at lines 346--356

 []


Underfull \hbox (badness 10000) in paragraph at lines 346--356

 []


Underfull \hbox (badness 10000) in paragraph at lines 346--356

 []


Underfull \hbox (badness 10000) in paragraph at lines 346--356

 []


Underfull \hbox (badness 10000) in paragraph at lines 360--369

 []


Underfull \hbox (badness 10000) in paragraph at lines 360--369

 []


Underfull \hbox (badness 10000) in paragraph at lines 360--369

 []


Underfull \hbox (badness 10000) in paragraph at lines 360--369

 []


Underfull \hbox (badness 10000) in paragraph at lines 360--369

 []

File: team404_small.jpg Graphic file (type jpg)
<use team404_small.jpg>
Package pdftex.def Info: team404_small.jpg used on input line 369.
(pdftex.def)             Requested size: 57.36183pt x 23.03506pt.
 [10 <../immagini/UC3.png>]
Underfull \hbox (badness 10000) in paragraph at lines 373--382

 []


Underfull \hbox (badness 10000) in paragraph at lines 373--382

 []


Underfull \hbox (badness 10000) in paragraph at lines 373--382

 []


Underfull \hbox (badness 10000) in paragraph at lines 373--382

 []


Underfull \hbox (badness 10000) in paragraph at lines 373--382

 []


Underfull \hbox (badness 10000) in paragraph at lines 386--395

 []


Underfull \hbox (badness 10000) in paragraph at lines 386--395

 []


Underfull \hbox (badness 10000) in paragraph at lines 386--395

 []


Underfull \hbox (badness 10000) in paragraph at lines 386--395

 []


Underfull \hbox (badness 10000) in paragraph at lines 386--395

 []

File: team404_small.jpg Graphic file (type jpg)
<use team404_small.jpg>
Package pdftex.def Info: team404_small.jpg used on input line 397.
(pdftex.def)             Requested size: 57.36183pt x 23.03506pt.
 [11]
<../immagini/UC4.png, id=670, 620.3175pt x 491.8375pt>
File: ../immagini/UC4.png Graphic file (type png)

<use ../immagini/UC4.png>
Package pdftex.def Info: ../immagini/UC4.png used on input line 402.
(pdftex.def)             Requested size: 372.19337pt x 295.10477pt.

Underfull \hbox (badness 10000) in paragraph at lines 405--415

 []


Underfull \hbox (badness 10000) in paragraph at lines 405--415

 []


Underfull \hbox (badness 10000) in paragraph at lines 405--415

 []


Underfull \hbox (badness 10000) in paragraph at lines 405--415

 []


Underfull \hbox (badness 10000) in paragraph at lines 405--415

 []


Underfull \hbox (badness 10000) in paragraph at lines 419--428

 []


Underfull \hbox (badness 10000) in paragraph at lines 419--428

 []


Underfull \hbox (badness 10000) in paragraph at lines 419--428

 []


Underfull \hbox (badness 10000) in paragraph at lines 419--428

 []


Underfull \hbox (badness 10000) in paragraph at lines 419--428

 []

File: team404_small.jpg Graphic file (type jpg)
<use team404_small.jpg>
Package pdftex.def Info: team404_small.jpg used on input line 428.
(pdftex.def)             Requested size: 57.36183pt x 23.03506pt.
 [12 <../immagini/UC4.png>]
Underfull \hbox (badness 10000) in paragraph at lines 432--441

 []


Underfull \hbox (badness 10000) in paragraph at lines 432--441

 []


Underfull \hbox (badness 10000) in paragraph at lines 432--441

 []


Underfull \hbox (badness 10000) in paragraph at lines 432--441

 []


Underfull \hbox (badness 10000) in paragraph at lines 432--441

 []


Underfull \hbox (badness 10000) in paragraph at lines 445--454

 []


Underfull \hbox (badness 10000) in paragraph at lines 445--454

 []


Underfull \hbox (badness 10000) in paragraph at lines 445--454

 []


Underfull \hbox (badness 10000) in paragraph at lines 445--454

 []


Underfull \hbox (badness 10000) in paragraph at lines 445--454

 []


Underfull \hbox (badness 10000) in paragraph at lines 458--467

 []


Underfull \hbox (badness 10000) in paragraph at lines 458--467

 []


Underfull \hbox (badness 10000) in paragraph at lines 458--467

 []


Underfull \hbox (badness 10000) in paragraph at lines 458--467

 []


Underfull \hbox (badness 10000) in paragraph at lines 458--467

 []


Underfull \hbox (badness 10000) in paragraph at lines 471--480

 []


Underfull \hbox (badness 10000) in paragraph at lines 471--480

 []


Underfull \hbox (badness 10000) in paragraph at lines 471--480

 []


Underfull \hbox (badness 10000) in paragraph at lines 471--480

 []


Underfull \hbox (badness 10000) in paragraph at lines 471--480

 []

File: team404_small.jpg Graphic file (type jpg)
<use team404_small.jpg>
Package pdftex.def Info: team404_small.jpg used on input line 480.
(pdftex.def)             Requested size: 57.36183pt x 23.03506pt.
 [13]
<../immagini/UC6.png, id=682, 925.4575pt x 708.6475pt>
File: ../immagini/UC6.png Graphic file (type png)

<use ../immagini/UC6.png>
Package pdftex.def Info: ../immagini/UC6.png used on input line 486.
(pdftex.def)             Requested size: 462.72762pt x 354.32289pt.

Overfull \hbox (7.4835pt too wide) in paragraph at lines 486--487
 [][] 
 []


Underfull \hbox (badness 10000) in paragraph at lines 489--499

 []


Underfull \hbox (badness 10000) in paragraph at lines 489--499

 []


Underfull \hbox (badness 10000) in paragraph at lines 489--499

 []


Underfull \hbox (badness 10000) in paragraph at lines 489--499

 []


Underfull \hbox (badness 10000) in paragraph at lines 489--499

 []

File: team404_small.jpg Graphic file (type jpg)
<use team404_small.jpg>
Package pdftex.def Info: team404_small.jpg used on input line 499.
(pdftex.def)             Requested size: 57.36183pt x 23.03506pt.
 [14 <../immagini/UC6.png>]
<../immagini/UC6_1.png, id=689, 572.1375pt x 395.4775pt>
File: ../immagini/UC6_1.png Graphic file (type png)

<use ../immagini/UC6_1.png>
Package pdftex.def Info: ../immagini/UC6_1.png used on input line 505.
(pdftex.def)             Requested size: 343.28514pt x 237.28833pt.

Underfull \hbox (badness 10000) in paragraph at lines 508--518

 []


Underfull \hbox (badness 10000) in paragraph at lines 508--518

 []


Underfull \hbox (badness 10000) in paragraph at lines 508--518

 []


Underfull \hbox (badness 10000) in paragraph at lines 508--518

 []


Underfull \hbox (badness 10000) in paragraph at lines 508--518

 []


Underfull \hbox (badness 10000) in paragraph at lines 522--531

 []


Underfull \hbox (badness 10000) in paragraph at lines 522--531

 []


Underfull \hbox (badness 10000) in paragraph at lines 522--531

 []


Underfull \hbox (badness 10000) in paragraph at lines 522--531

 []


Underfull \hbox (badness 10000) in paragraph at lines 522--531

 []

File: team404_small.jpg Graphic file (type jpg)
<use team404_small.jpg>
Package pdftex.def Info: team404_small.jpg used on input line 531.
(pdftex.def)             Requested size: 57.36183pt x 23.03506pt.
 [15 <../immagini/UC6_1.png>]
Underfull \hbox (badness 10000) in paragraph at lines 535--544

 []


Underfull \hbox (badness 10000) in paragraph at lines 535--544

 []


Underfull \hbox (badness 10000) in paragraph at lines 535--544

 []


Underfull \hbox (badness 10000) in paragraph at lines 535--544

 []


Underfull \hbox (badness 10000) in paragraph at lines 535--544

 []


Underfull \hbox (badness 10000) in paragraph at lines 548--557

 []


Underfull \hbox (badness 10000) in paragraph at lines 548--557

 []


Underfull \hbox (badness 10000) in paragraph at lines 548--557

 []


Underfull \hbox (badness 10000) in paragraph at lines 548--557

 []


Underfull \hbox (badness 10000) in paragraph at lines 548--557

 []

File: team404_small.jpg Graphic file (type jpg)
<use team404_small.jpg>
Package pdftex.def Info: team404_small.jpg used on input line 559.
(pdftex.def)             Requested size: 57.36183pt x 23.03506pt.
 [16]
<../immagini/UC6_2.png, id=701, 684.5575pt x 620.3175pt>
File: ../immagini/UC6_2.png Graphic file (type png)

<use ../immagini/UC6_2.png>
Package pdftex.def Info: ../immagini/UC6_2.png used on input line 564.
(pdftex.def)             Requested size: 410.73766pt x 372.19337pt.

Underfull \hbox (badness 10000) in paragraph at lines 567--577

 []


Underfull \hbox (badness 10000) in paragraph at lines 567--577

 []


Underfull \hbox (badness 10000) in paragraph at lines 567--577

 []


Underfull \hbox (badness 10000) in paragraph at lines 567--577

 []


Underfull \hbox (badness 10000) in paragraph at lines 567--577

 []


Underfull \hbox (badness 10000) in paragraph at lines 581--590

 []


Underfull \hbox (badness 10000) in paragraph at lines 581--590

 []


Underfull \hbox (badness 10000) in paragraph at lines 581--590

 []


Underfull \hbox (badness 10000) in paragraph at lines 581--590

 []


Underfull \hbox (badness 10000) in paragraph at lines 581--590

 []

File: team404_small.jpg Graphic file (type jpg)
<use team404_small.jpg>
Package pdftex.def Info: team404_small.jpg used on input line 590.
(pdftex.def)             Requested size: 57.36183pt x 23.03506pt.
 [17 <../immagini/UC6_2.png>]
Underfull \hbox (badness 10000) in paragraph at lines 594--603

 []


Underfull \hbox (badness 10000) in paragraph at lines 594--603

 []


Underfull \hbox (badness 10000) in paragraph at lines 594--603

 []


Underfull \hbox (badness 10000) in paragraph at lines 594--603

 []


Underfull \hbox (badness 10000) in paragraph at lines 594--603

 []


Underfull \hbox (badness 10000) in paragraph at lines 607--616

 []


Underfull \hbox (badness 10000) in paragraph at lines 607--616

 []


Underfull \hbox (badness 10000) in paragraph at lines 607--616

 []


Underfull \hbox (badness 10000) in paragraph at lines 607--616

 []


Underfull \hbox (badness 10000) in paragraph at lines 607--616

 []


Underfull \hbox (badness 10000) in paragraph at lines 620--629

 []


Underfull \hbox (badness 10000) in paragraph at lines 620--629

 []


Underfull \hbox (badness 10000) in paragraph at lines 620--629

 []


Underfull \hbox (badness 10000) in paragraph at lines 620--629

 []


Underfull \hbox (badness 10000) in paragraph at lines 620--629

 []

File: team404_small.jpg Graphic file (type jpg)
<use team404_small.jpg>
Package pdftex.def Info: team404_small.jpg used on input line 631.
(pdftex.def)             Requested size: 57.36183pt x 23.03506pt.
 [18]
Underfull \hbox (badness 10000) in paragraph at lines 633--642

 []


Underfull \hbox (badness 10000) in paragraph at lines 633--642

 []


Underfull \hbox (badness 10000) in paragraph at lines 633--642

 []


Underfull \hbox (badness 10000) in paragraph at lines 633--642

 []


Underfull \hbox (badness 10000) in paragraph at lines 633--642

 []


Underfull \hbox (badness 10000) in paragraph at lines 646--657

 []


Underfull \hbox (badness 10000) in paragraph at lines 646--657

 []


Underfull \hbox (badness 10000) in paragraph at lines 646--657

 []


Underfull \hbox (badness 10000) in paragraph at lines 646--657

 []


Underfull \hbox (badness 10000) in paragraph at lines 646--657

 []


Underfull \hbox (badness 10000) in paragraph at lines 664--673

 []


Underfull \hbox (badness 10000) in paragraph at lines 664--673

 []


Underfull \hbox (badness 10000) in paragraph at lines 664--673

 []


Underfull \hbox (badness 10000) in paragraph at lines 664--673

 []


Underfull \hbox (badness 10000) in paragraph at lines 664--673

 []

<../immagini/UC6_5.png, id=714, 684.5575pt x 371.3875pt>
File: ../immagini/UC6_5.png Graphic file (type png)

<use ../immagini/UC6_5.png>
Package pdftex.def Info: ../immagini/UC6_5.png used on input line 679.
(pdftex.def)             Requested size: 410.73766pt x 222.83421pt.
File: team404_small.jpg Graphic file (type jpg)
 <use team404_small.jpg>
Package pdftex.def Info: team404_small.jpg used on input line 681.
(pdftex.def)             Requested size: 57.36183pt x 23.03506pt.
 [19]
Underfull \hbox (badness 10000) in paragraph at lines 682--692

 []


Underfull \hbox (badness 10000) in paragraph at lines 682--692

 []


Underfull \hbox (badness 10000) in paragraph at lines 682--692

 []


Underfull \hbox (badness 10000) in paragraph at lines 682--692

 []


Underfull \hbox (badness 10000) in paragraph at lines 682--692

 []


Underfull \hbox (badness 10000) in paragraph at lines 696--705

 []


Underfull \hbox (badness 10000) in paragraph at lines 696--705

 []


Underfull \hbox (badness 10000) in paragraph at lines 696--705

 []


Underfull \hbox (badness 10000) in paragraph at lines 696--705

 []


Underfull \hbox (badness 10000) in paragraph at lines 696--705

 []


Underfull \hbox (badness 10000) in paragraph at lines 709--718

 []


Underfull \hbox (badness 10000) in paragraph at lines 709--718

 []


Underfull \hbox (badness 10000) in paragraph at lines 709--718

 []


Underfull \hbox (badness 10000) in paragraph at lines 709--718

 []


Underfull \hbox (badness 10000) in paragraph at lines 709--718

 []

File: team404_small.jpg Graphic file (type jpg)
<use team404_small.jpg>
Package pdftex.def Info: team404_small.jpg used on input line 718.
(pdftex.def)             Requested size: 57.36183pt x 23.03506pt.
 [20 <../immagini/UC6_5.png>]
Underfull \hbox (badness 10000) in paragraph at lines 722--731

 []


Underfull \hbox (badness 10000) in paragraph at lines 722--731

 []


Underfull \hbox (badness 10000) in paragraph at lines 722--731

 []


Underfull \hbox (badness 10000) in paragraph at lines 722--731

 []


Underfull \hbox (badness 10000) in paragraph at lines 722--731

 []


Underfull \hbox (badness 10000) in paragraph at lines 735--744

 []


Underfull \hbox (badness 10000) in paragraph at lines 735--744

 []


Underfull \hbox (badness 10000) in paragraph at lines 735--744

 []


Underfull \hbox (badness 10000) in paragraph at lines 735--744

 []


Underfull \hbox (badness 10000) in paragraph at lines 735--744

 []


Underfull \hbox (badness 10000) in paragraph at lines 748--757

 []


Underfull \hbox (badness 10000) in paragraph at lines 748--757

 []


Underfull \hbox (badness 10000) in paragraph at lines 748--757

 []


Underfull \hbox (badness 10000) in paragraph at lines 748--757

 []


Underfull \hbox (badness 10000) in paragraph at lines 748--757

 []

File: team404_small.jpg Graphic file (type jpg)
<use team404_small.jpg>
Package pdftex.def Info: team404_small.jpg used on input line 757.
(pdftex.def)             Requested size: 57.36183pt x 23.03506pt.
 [21]
Underfull \hbox (badness 10000) in paragraph at lines 761--770

 []


Underfull \hbox (badness 10000) in paragraph at lines 761--770

 []


Underfull \hbox (badness 10000) in paragraph at lines 761--770

 []


Underfull \hbox (badness 10000) in paragraph at lines 761--770

 []


Underfull \hbox (badness 10000) in paragraph at lines 761--770

 []

<../immagini/UC7.png, id=731, 548.0475pt x 515.9275pt>
File: ../immagini/UC7.png Graphic file (type png)

<use ../immagini/UC7.png>
Package pdftex.def Info: ../immagini/UC7.png used on input line 776.
(pdftex.def)             Requested size: 328.83104pt x 309.55888pt.

Underfull \hbox (badness 10000) in paragraph at lines 779--789

 []


Underfull \hbox (badness 10000) in paragraph at lines 779--789

 []


Underfull \hbox (badness 10000) in paragraph at lines 779--789

 []


Underfull \hbox (badness 10000) in paragraph at lines 779--789

 []


Underfull \hbox (badness 10000) in paragraph at lines 779--789

 []

File: team404_small.jpg Graphic file (type jpg)
<use team404_small.jpg>
Package pdftex.def Info: team404_small.jpg used on input line 789.
(pdftex.def)             Requested size: 57.36183pt x 23.03506pt.
 [22 <../immagini/UC7.png>]
<../immagini/UC7_1.png, id=738, 572.1375pt x 459.7175pt>
File: ../immagini/UC7_1.png Graphic file (type png)

<use ../immagini/UC7_1.png>
Package pdftex.def Info: ../immagini/UC7_1.png used on input line 795.
(pdftex.def)             Requested size: 343.28514pt x 275.83263pt.

Underfull \hbox (badness 10000) in paragraph at lines 798--808

 []


Underfull \hbox (badness 10000) in paragraph at lines 798--808

 []


Underfull \hbox (badness 10000) in paragraph at lines 798--808

 []


Underfull \hbox (badness 10000) in paragraph at lines 798--808

 []


Underfull \hbox (badness 10000) in paragraph at lines 798--808

 []


Underfull \hbox (badness 10000) in paragraph at lines 812--821

 []


Underfull \hbox (badness 10000) in paragraph at lines 812--821

 []


Underfull \hbox (badness 10000) in paragraph at lines 812--821

 []


Underfull \hbox (badness 10000) in paragraph at lines 812--821

 []


Underfull \hbox (badness 10000) in paragraph at lines 812--821

 []

File: team404_small.jpg Graphic file (type jpg)
<use team404_small.jpg>
Package pdftex.def Info: team404_small.jpg used on input line 821.
(pdftex.def)             Requested size: 57.36183pt x 23.03506pt.
 [23 <../immagini/UC7_1.png>]
Underfull \hbox (badness 10000) in paragraph at lines 825--834

 []


Underfull \hbox (badness 10000) in paragraph at lines 825--834

 []


Underfull \hbox (badness 10000) in paragraph at lines 825--834

 []


Underfull \hbox (badness 10000) in paragraph at lines 825--834

 []


Underfull \hbox (badness 10000) in paragraph at lines 825--834

 []


Underfull \hbox (badness 10000) in paragraph at lines 838--847

 []


Underfull \hbox (badness 10000) in paragraph at lines 838--847

 []


Underfull \hbox (badness 10000) in paragraph at lines 838--847

 []


Underfull \hbox (badness 10000) in paragraph at lines 838--847

 []


Underfull \hbox (badness 10000) in paragraph at lines 838--847

 []

File: team404_small.jpg Graphic file (type jpg)
<use team404_small.jpg>
Package pdftex.def Info: team404_small.jpg used on input line 849.
(pdftex.def)             Requested size: 57.36183pt x 23.03506pt.
 [24]
<../immagini/UC7_2.png, id=751, 676.5275pt x 515.9275pt>
File: ../immagini/UC7_2.png Graphic file (type png)

<use ../immagini/UC7_2.png>
Package pdftex.def Info: ../immagini/UC7_2.png used on input line 854.
(pdftex.def)             Requested size: 405.91962pt x 309.55888pt.

Underfull \hbox (badness 10000) in paragraph at lines 857--867

 []


Underfull \hbox (badness 10000) in paragraph at lines 857--867

 []


Underfull \hbox (badness 10000) in paragraph at lines 857--867

 []


Underfull \hbox (badness 10000) in paragraph at lines 857--867

 []


Underfull \hbox (badness 10000) in paragraph at lines 857--867

 []


Underfull \hbox (badness 10000) in paragraph at lines 871--880

 []


Underfull \hbox (badness 10000) in paragraph at lines 871--880

 []


Underfull \hbox (badness 10000) in paragraph at lines 871--880

 []


Underfull \hbox (badness 10000) in paragraph at lines 871--880

 []


Underfull \hbox (badness 10000) in paragraph at lines 871--880

 []

File: team404_small.jpg Graphic file (type jpg)
<use team404_small.jpg>
Package pdftex.def Info: team404_small.jpg used on input line 880.
(pdftex.def)             Requested size: 57.36183pt x 23.03506pt.
 [25 <../immagini/UC7_2.png>]
Underfull \hbox (badness 10000) in paragraph at lines 884--893

 []


Underfull \hbox (badness 10000) in paragraph at lines 884--893

 []


Underfull \hbox (badness 10000) in paragraph at lines 884--893

 []


Underfull \hbox (badness 10000) in paragraph at lines 884--893

 []


Underfull \hbox (badness 10000) in paragraph at lines 884--893

 []


Underfull \hbox (badness 10000) in paragraph at lines 897--908

 []


Underfull \hbox (badness 10000) in paragraph at lines 897--908

 []


Underfull \hbox (badness 10000) in paragraph at lines 897--908

 []


Underfull \hbox (badness 10000) in paragraph at lines 897--908

 []


Underfull \hbox (badness 10000) in paragraph at lines 897--908

 []


Underfull \hbox (badness 10000) in paragraph at lines 916--925

 []


Underfull \hbox (badness 10000) in paragraph at lines 916--925

 []


Underfull \hbox (badness 10000) in paragraph at lines 916--925

 []


Underfull \hbox (badness 10000) in paragraph at lines 916--925

 []


Underfull \hbox (badness 10000) in paragraph at lines 916--925

 []

File: team404_small.jpg Graphic file (type jpg)
<use team404_small.jpg>
Package pdftex.def Info: team404_small.jpg used on input line 925.
(pdftex.def)             Requested size: 57.36183pt x 23.03506pt.
 [26]
Underfull \hbox (badness 10000) in paragraph at lines 929--938

 []


Underfull \hbox (badness 10000) in paragraph at lines 929--938

 []


Underfull \hbox (badness 10000) in paragraph at lines 929--938

 []


Underfull \hbox (badness 10000) in paragraph at lines 929--938

 []


Underfull \hbox (badness 10000) in paragraph at lines 929--938

 []

File: team404_small.jpg Graphic file (type jpg)
<use team404_small.jpg>
Package pdftex.def Info: team404_small.jpg used on input line 940.
(pdftex.def)             Requested size: 57.36183pt x 23.03506pt.
 [27]
<../immagini/UC7_3.png, id=768, 676.5275pt x 684.5575pt>
File: ../immagini/UC7_3.png Graphic file (type png)

<use ../immagini/UC7_3.png>
Package pdftex.def Info: ../immagini/UC7_3.png used on input line 945.
(pdftex.def)             Requested size: 405.91962pt x 410.73766pt.

Underfull \hbox (badness 10000) in paragraph at lines 948--958

 []


Underfull \hbox (badness 10000) in paragraph at lines 948--958

 []


Underfull \hbox (badness 10000) in paragraph at lines 948--958

 []


Underfull \hbox (badness 10000) in paragraph at lines 948--958

 []


Underfull \hbox (badness 10000) in paragraph at lines 948--958

 []

File: team404_small.jpg Graphic file (type jpg)
<use team404_small.jpg>
Package pdftex.def Info: team404_small.jpg used on input line 960.
(pdftex.def)             Requested size: 57.36183pt x 23.03506pt.
 [28 <../immagini/UC7_3.png>]
Underfull \hbox (badness 10000) in paragraph at lines 962--971

 []


Underfull \hbox (badness 10000) in paragraph at lines 962--971

 []


Underfull \hbox (badness 10000) in paragraph at lines 962--971

 []


Underfull \hbox (badness 10000) in paragraph at lines 962--971

 []


Underfull \hbox (badness 10000) in paragraph at lines 962--971

 []


Underfull \hbox (badness 10000) in paragraph at lines 975--984

 []


Underfull \hbox (badness 10000) in paragraph at lines 975--984

 []


Underfull \hbox (badness 10000) in paragraph at lines 975--984

 []


Underfull \hbox (badness 10000) in paragraph at lines 975--984

 []


Underfull \hbox (badness 10000) in paragraph at lines 975--984

 []


Underfull \hbox (badness 10000) in paragraph at lines 988--997

 []


Underfull \hbox (badness 10000) in paragraph at lines 988--997

 []


Underfull \hbox (badness 10000) in paragraph at lines 988--997

 []


Underfull \hbox (badness 10000) in paragraph at lines 988--997

 []


Underfull \hbox (badness 10000) in paragraph at lines 988--997

 []


Underfull \hbox (badness 10000) in paragraph at lines 1001--1012

 []


Underfull \hbox (badness 10000) in paragraph at lines 1001--1012

 []


Underfull \hbox (badness 10000) in paragraph at lines 1001--1012

 []


Underfull \hbox (badness 10000) in paragraph at lines 1001--1012

 []


Underfull \hbox (badness 10000) in paragraph at lines 1001--1012

 []

File: team404_small.jpg Graphic file (type jpg)
<use team404_small.jpg>
Package pdftex.def Info: team404_small.jpg used on input line 1012.
(pdftex.def)             Requested size: 57.36183pt x 23.03506pt.
 [29]
Underfull \hbox (badness 10000) in paragraph at lines 1020--1029

 []


Underfull \hbox (badness 10000) in paragraph at lines 1020--1029

 []


Underfull \hbox (badness 10000) in paragraph at lines 1020--1029

 []


Underfull \hbox (badness 10000) in paragraph at lines 1020--1029

 []


Underfull \hbox (badness 10000) in paragraph at lines 1020--1029

 []


Underfull \hbox (badness 10000) in paragraph at lines 1033--1042

 []


Underfull \hbox (badness 10000) in paragraph at lines 1033--1042

 []


Underfull \hbox (badness 10000) in paragraph at lines 1033--1042

 []


Underfull \hbox (badness 10000) in paragraph at lines 1033--1042

 []


Underfull \hbox (badness 10000) in paragraph at lines 1033--1042

 []

File: team404_small.jpg Graphic file (type jpg)
<use team404_small.jpg>
Package pdftex.def Info: team404_small.jpg used on input line 1044.
(pdftex.def)             Requested size: 57.36183pt x 23.03506pt.
 [30]
<../immagini/UC8.png, id=786, 1021.8175pt x 716.6775pt>
File: ../immagini/UC8.png Graphic file (type png)

<use ../immagini/UC8.png>
Package pdftex.def Info: ../immagini/UC8.png used on input line 1049.
(pdftex.def)             Requested size: 459.81363pt x 322.5019pt.

Overfull \hbox (4.56952pt too wide) in paragraph at lines 1049--1050
 [][] 
 []


Underfull \hbox (badness 10000) in paragraph at lines 1052--1062

 []


Underfull \hbox (badness 10000) in paragraph at lines 1052--1062

 []


Underfull \hbox (badness 10000) in paragraph at lines 1052--1062

 []


Underfull \hbox (badness 10000) in paragraph at lines 1052--1062

 []


Underfull \hbox (badness 10000) in paragraph at lines 1052--1062

 []


Underfull \hbox (badness 10000) in paragraph at lines 1066--1075

 []


Underfull \hbox (badness 10000) in paragraph at lines 1066--1075

 []


Underfull \hbox (badness 10000) in paragraph at lines 1066--1075

 []


Underfull \hbox (badness 10000) in paragraph at lines 1066--1075

 []


Underfull \hbox (badness 10000) in paragraph at lines 1066--1075

 []

File: team404_small.jpg Graphic file (type jpg)
<use team404_small.jpg>
Package pdftex.def Info: team404_small.jpg used on input line 1075.
(pdftex.def)             Requested size: 57.36183pt x 23.03506pt.
 [31 <../immagini/UC8.png>]
Underfull \hbox (badness 10000) in paragraph at lines 1079--1088

 []


Underfull \hbox (badness 10000) in paragraph at lines 1079--1088

 []


Underfull \hbox (badness 10000) in paragraph at lines 1079--1088

 []


Underfull \hbox (badness 10000) in paragraph at lines 1079--1088

 []


Underfull \hbox (badness 10000) in paragraph at lines 1079--1088

 []


Underfull \hbox (badness 10000) in paragraph at lines 1092--1101

 []


Underfull \hbox (badness 10000) in paragraph at lines 1092--1101

 []


Underfull \hbox (badness 10000) in paragraph at lines 1092--1101

 []


Underfull \hbox (badness 10000) in paragraph at lines 1092--1101

 []


Underfull \hbox (badness 10000) in paragraph at lines 1092--1101

 []


Underfull \hbox (badness 10000) in paragraph at lines 1105--1114

 []


Underfull \hbox (badness 10000) in paragraph at lines 1105--1114

 []


Underfull \hbox (badness 10000) in paragraph at lines 1105--1114

 []


Underfull \hbox (badness 10000) in paragraph at lines 1105--1114

 []


Underfull \hbox (badness 10000) in paragraph at lines 1105--1114

 []


Underfull \hbox (badness 10000) in paragraph at lines 1118--1129

 []


Underfull \hbox (badness 10000) in paragraph at lines 1118--1129

 []


Underfull \hbox (badness 10000) in paragraph at lines 1118--1129

 []


Underfull \hbox (badness 10000) in paragraph at lines 1118--1129

 []


Underfull \hbox (badness 10000) in paragraph at lines 1118--1129

 []

File: team404_small.jpg Graphic file (type jpg)
<use team404_small.jpg>
Package pdftex.def Info: team404_small.jpg used on input line 1129.
(pdftex.def)             Requested size: 57.36183pt x 23.03506pt.
 [32]
Underfull \hbox (badness 10000) in paragraph at lines 1137--1146

 []


Underfull \hbox (badness 10000) in paragraph at lines 1137--1146

 []


Underfull \hbox (badness 10000) in paragraph at lines 1137--1146

 []


Underfull \hbox (badness 10000) in paragraph at lines 1137--1146

 []


Underfull \hbox (badness 10000) in paragraph at lines 1137--1146

 []


Underfull \hbox (badness 10000) in paragraph at lines 1150--1159

 []


Underfull \hbox (badness 10000) in paragraph at lines 1150--1159

 []


Underfull \hbox (badness 10000) in paragraph at lines 1150--1159

 []


Underfull \hbox (badness 10000) in paragraph at lines 1150--1159

 []


Underfull \hbox (badness 10000) in paragraph at lines 1150--1159

 []

File: team404_small.jpg Graphic file (type jpg)
<use team404_small.jpg>
Package pdftex.def Info: team404_small.jpg used on input line 1159.
(pdftex.def)             Requested size: 57.36183pt x 23.03506pt.
 [33]
Underfull \hbox (badness 10000) in paragraph at lines 1163--1172

 []


Underfull \hbox (badness 10000) in paragraph at lines 1163--1172

 []


Underfull \hbox (badness 10000) in paragraph at lines 1163--1172

 []


Underfull \hbox (badness 10000) in paragraph at lines 1163--1172

 []


Underfull \hbox (badness 10000) in paragraph at lines 1163--1172

 []


Underfull \hbox (badness 10000) in paragraph at lines 1176--1185

 []


Underfull \hbox (badness 10000) in paragraph at lines 1176--1185

 []


Underfull \hbox (badness 10000) in paragraph at lines 1176--1185

 []


Underfull \hbox (badness 10000) in paragraph at lines 1176--1185

 []


Underfull \hbox (badness 10000) in paragraph at lines 1176--1185

 []

File: team404_small.jpg Graphic file (type jpg)
<use team404_small.jpg>
Package pdftex.def Info: team404_small.jpg used on input line 1187.
(pdftex.def)             Requested size: 57.36183pt x 23.03506pt.
 [34]
<../immagini/UC10.png, id=808, 598.235pt x 564.1075pt>
File: ../immagini/UC10.png Graphic file (type png)

<use ../immagini/UC10.png>
Package pdftex.def Info: ../immagini/UC10.png used on input line 1192.
(pdftex.def)             Requested size: 358.94377pt x 338.4671pt.

Underfull \hbox (badness 10000) in paragraph at lines 1195--1205

 []


Underfull \hbox (badness 10000) in paragraph at lines 1195--1205

 []


Underfull \hbox (badness 10000) in paragraph at lines 1195--1205

 []


Underfull \hbox (badness 10000) in paragraph at lines 1195--1205

 []


Underfull \hbox (badness 10000) in paragraph at lines 1195--1205

 []


Package hyperref Warning: Difference (2) between bookmark levels is greater 
(hyperref)                than one, level fixed on input line 1207.


Underfull \hbox (badness 10000) in paragraph at lines 1209--1218

 []


Underfull \hbox (badness 10000) in paragraph at lines 1209--1218

 []


Underfull \hbox (badness 10000) in paragraph at lines 1209--1218

 []


Underfull \hbox (badness 10000) in paragraph at lines 1209--1218

 []


Underfull \hbox (badness 10000) in paragraph at lines 1209--1218

 []

File: team404_small.jpg Graphic file (type jpg)
<use team404_small.jpg>
Package pdftex.def Info: team404_small.jpg used on input line 1218.
(pdftex.def)             Requested size: 57.36183pt x 23.03506pt.
 [35 <../immagini/UC10.png>]
Underfull \hbox (badness 10000) in paragraph at lines 1222--1231

 []


Underfull \hbox (badness 10000) in paragraph at lines 1222--1231

 []


Underfull \hbox (badness 10000) in paragraph at lines 1222--1231

 []


Underfull \hbox (badness 10000) in paragraph at lines 1222--1231

 []


Underfull \hbox (badness 10000) in paragraph at lines 1222--1231

 []


Underfull \hbox (badness 10000) in paragraph at lines 1235--1244

 []


Underfull \hbox (badness 10000) in paragraph at lines 1235--1244

 []


Underfull \hbox (badness 10000) in paragraph at lines 1235--1244

 []


Underfull \hbox (badness 10000) in paragraph at lines 1235--1244

 []


Underfull \hbox (badness 10000) in paragraph at lines 1235--1244

 []


Underfull \hbox (badness 10000) in paragraph at lines 1248--1257

 []


Underfull \hbox (badness 10000) in paragraph at lines 1248--1257

 []


Underfull \hbox (badness 10000) in paragraph at lines 1248--1257

 []


Underfull \hbox (badness 10000) in paragraph at lines 1248--1257

 []


Underfull \hbox (badness 10000) in paragraph at lines 1248--1257

 []

File: team404_small.jpg Graphic file (type jpg)
<use team404_small.jpg>
Package pdftex.def Info: team404_small.jpg used on input line 1257.
(pdftex.def)             Requested size: 57.36183pt x 23.03506pt.
 [36]
<../immagini/UC11.png, id=821, 592.2125pt x 475.7775pt>
File: ../immagini/UC11.png Graphic file (type png)

<use ../immagini/UC11.png>
Package pdftex.def Info: ../immagini/UC11.png used on input line 1263.
(pdftex.def)             Requested size: 355.33023pt x 285.46869pt.

Underfull \hbox (badness 10000) in paragraph at lines 1266--1276

 []


Underfull \hbox (badness 10000) in paragraph at lines 1266--1276

 []


Underfull \hbox (badness 10000) in paragraph at lines 1266--1276

 []


Underfull \hbox (badness 10000) in paragraph at lines 1266--1276

 []


Underfull \hbox (badness 10000) in paragraph at lines 1266--1276

 []


Package hyperref Warning: Difference (2) between bookmark levels is greater 
(hyperref)                than one, level fixed on input line 1278.


Underfull \hbox (badness 10000) in paragraph at lines 1280--1289

 []


Underfull \hbox (badness 10000) in paragraph at lines 1280--1289

 []


Underfull \hbox (badness 10000) in paragraph at lines 1280--1289

 []


Underfull \hbox (badness 10000) in paragraph at lines 1280--1289

 []


Underfull \hbox (badness 10000) in paragraph at lines 1280--1289

 []

File: team404_small.jpg Graphic file (type jpg)
<use team404_small.jpg>
Package pdftex.def Info: team404_small.jpg used on input line 1289.
(pdftex.def)             Requested size: 57.36183pt x 23.03506pt.
 [37 <../immagini/UC11.png>]
Underfull \hbox (badness 10000) in paragraph at lines 1293--1304

 []


Underfull \hbox (badness 10000) in paragraph at lines 1293--1304

 []


Underfull \hbox (badness 10000) in paragraph at lines 1293--1304

 []


Underfull \hbox (badness 10000) in paragraph at lines 1293--1304

 []


Underfull \hbox (badness 10000) in paragraph at lines 1293--1304

 []

File: team404_small.jpg Graphic file (type jpg)
<use team404_small.jpg>
Package pdftex.def Info: team404_small.jpg used on input line 1307.
(pdftex.def)             Requested size: 57.36183pt x 23.03506pt.
 [38]
Underfull \hbox (badness 10000) in paragraph at lines 1310--1314

 []


Overfull \hbox (35.99997pt too wide) in alignment at lines 1315--1320
 [] [] [] 
 []


Overfull \hbox (35.99997pt too wide) in alignment at lines 1320--1324
 [] [] [] 
 []

LaTeX Font Info:    Font shape `T1/fca/m/it' in size <9> not available
(Font)              Font shape `T1/fca/m/sl' tried instead on input line 1326.

Overfull \hbox (35.99997pt too wide) in alignment at lines 1324--1327
 [] [] [] 
 []


Overfull \hbox (35.99997pt too wide) in alignment at lines 1327--1330
 [] [] [] 
 []


Underfull \hbox (badness 2057) in paragraph at lines 1352--1352
[]|\T1/fca/m/n/10.95 Quando dei da-ti cor-ret-ti ven-go-no in-via-ti il si-ste-
ma
 []


Overfull \hbox (35.99997pt too wide) in alignment at lines 1330--1371
 [] [] [] 
 []


Underfull \hbox (badness 2735) in paragraph at lines 1392--1392
[]|\T1/fca/m/n/10.95 Per ogni ele-men-to del-l'e-len-co vie-ne vi-sua-liz-za-to
 il
 []


Underfull \hbox (badness 2735) in paragraph at lines 1400--1400
[]|\T1/fca/m/n/10.95 Per ogni ele-men-to del-l'e-len-co vie-ne vi-sua-liz-za-to
 il
 []


Underfull \hbox (badness 1038) in paragraph at lines 1410--1410
[]|\T1/fca/m/n/10.95 Il si-ste-ma de-ve per-met-te-re al-l'u-ten-te la ri-cer-c
a per
 []


Overfull \hbox (35.99997pt too wide) in alignment at lines 1371--1411
 [] [] [] 
 []

File: team404_small.jpg Graphic file (type jpg)
<use team404_small.jpg>
Package pdftex.def Info: team404_small.jpg used on input line 1411.
(pdftex.def)             Requested size: 57.36183pt x 23.03506pt.
 [39]
Underfull \hbox (badness 1038) in paragraph at lines 1412--1412
[]|\T1/fca/m/n/10.95 Il si-ste-ma de-ve per-met-te-re al-l'u-ten-te la ri-cer-c
a per
 []


Underfull \hbox (badness 6364) in paragraph at lines 1418--1418
[]|\T1/fca/m/n/10.95 Durante lo svol-gi-men-to di un que-stio-na-rio vie-ne
 []


Underfull \hbox (badness 6428) in paragraph at lines 1450--1450
[]|\T1/fca/m/n/10.95 La va-lu-ta-zio-ne del que-stio-na-rio vie-ne vi-sua-liz-z
a-ta
 []


Overfull \hbox (35.99997pt too wide) in alignment at lines 1411--1451
 [] [] [] 
 []

File: team404_small.jpg Graphic file (type jpg)
<use team404_small.jpg>
Package pdftex.def Info: team404_small.jpg used on input line 1451.
(pdftex.def)             Requested size: 57.36183pt x 23.03506pt.
 [40]
File: team404_small.jpg Graphic file (type jpg)
 <use team404_small.jpg>
Package pdftex.def Info: team404_small.jpg used on input line 1451.
(pdftex.def)             Requested size: 57.36183pt x 23.03506pt.
 [41]
Underfull \hbox (badness 1769) in paragraph at lines 1466--1466
[]|\T1/fca/m/n/10.95 Il si-ste-ma de-ve for-ni-re la pos-si-bi-li-t ad un uten
-te
 []


Underfull \hbox (badness 6461) in paragraph at lines 1478--1478
[]|\T1/fca/m/n/10.95 Se i da-ti ob-bli-ga-to-ri non ri-sul-ta-no in-se-ri-ti vi
e-ne
 []


Underfull \hbox (badness 1931) in paragraph at lines 1480--1480
[]|\T1/fca/m/n/10.95 Se il co-di-ce QML in-se-ri-to non ri-sul-ta va-li-do vie-
ne
 []


Overfull \hbox (35.99997pt too wide) in alignment at lines 1451--1491
 [] [] [] 
 []

File: team404_small.jpg Graphic file (type jpg)
<use team404_small.jpg>
Package pdftex.def Info: team404_small.jpg used on input line 1491.
(pdftex.def)             Requested size: 57.36183pt x 23.03506pt.
 [42]
Underfull \hbox (badness 1769) in paragraph at lines 1506--1506
[]|\T1/fca/m/n/10.95 Il si-ste-ma de-ve for-ni-re la pos-si-bi-li-t ad un uten
-te
 []


Underfull \hbox (badness 1158) in paragraph at lines 1516--1516
[]|\T1/fca/m/n/10.95 Se nes-su-na ca-te-go-ria  sta-ta se-le-zio-na-ta non vie
-ne
 []


Underfull \hbox (badness 6792) in paragraph at lines 1522--1522
[]|\T1/fca/m/n/10.95 Il tem-po li-mi-te mi-ni-mo per la com-pi-la-zio-ne del
 []


Underfull \hbox (badness 3989) in paragraph at lines 1524--1524
[]|\T1/fca/m/n/10.95 Il tem-po li-mi-te mas-si-mo per la com-pi-la-zio-ne del
 []


Underfull \hbox (badness 6575) in paragraph at lines 1528--1528
[]|\T1/fca/m/n/10.95 La se-zio-ne de-di-ca-ta al-la crea-zio-ne di un nuo-vo
 []


Overfull \hbox (35.99997pt too wide) in alignment at lines 1491--1531
 [] [] [] 
 []

File: team404_small.jpg Graphic file (type jpg)
<use team404_small.jpg>
Package pdftex.def Info: team404_small.jpg used on input line 1531.
(pdftex.def)             Requested size: 57.36183pt x 23.03506pt.
 [43]
File: team404_small.jpg Graphic file (type jpg)
 <use team404_small.jpg>
Package pdftex.def Info: team404_small.jpg used on input line 1531.
(pdftex.def)             Requested size: 57.36183pt x 23.03506pt.
 [44]
Underfull \hbox (badness 6461) in paragraph at lines 1532--1532
[]|\T1/fca/m/n/10.95 Se i da-ti ob-bli-ga-to-ri non ri-sul-ta-no in-se-ri-ti vi
e-ne
 []


Underfull \hbox (badness 1769) in paragraph at lines 1546--1546
[]|\T1/fca/m/n/10.95 Il si-ste-ma de-ve for-ni-re la pos-si-bi-li-t ad un uten
-te
 []


Underfull \hbox (badness 1024) in paragraph at lines 1558--1558
[]|\T1/fca/m/n/10.95 QML per-met-te la de-fi-ni-zio-ne di di-ver-se ti-po-lo-gi
e di
 []


Underfull \hbox (badness 2261) in paragraph at lines 1564--1564
[]|\T1/fca/m/n/10.95 QML de-fi-ni-sce do-man-de a scel-ta mul-ti-pla con pi
 []


Overfull \hbox (35.99997pt too wide) in alignment at lines 1531--1571
 [] [] [] 
 []

File: team404_small.jpg Graphic file (type jpg)
<use team404_small.jpg>
Package pdftex.def Info: team404_small.jpg used on input line 1571.
(pdftex.def)             Requested size: 57.36183pt x 23.03506pt.
 [45]
Overfull \hbox (35.99997pt too wide) in alignment at lines 1571--1581
 [] [] [] 
 []

File: team404_small.jpg Graphic file (type jpg)
<use team404_small.jpg>
Package pdftex.def Info: team404_small.jpg used on input line 1581.
(pdftex.def)             Requested size: 57.36183pt x 23.03506pt.
 [46]
File: team404_small.jpg Graphic file (type jpg)
 <use team404_small.jpg>
Package pdftex.def Info: team404_small.jpg used on input line 1581.
(pdftex.def)             Requested size: 57.36183pt x 23.03506pt.
 [47]
Overfull \hbox (35.99997pt too wide) in alignment at lines 1583--1588
 [] [] [] 
 []


Overfull \hbox (35.99997pt too wide) in alignment at lines 1588--1592
 [] [] [] 
 []


Overfull \hbox (35.99997pt too wide) in alignment at lines 1592--1595
 [] [] [] 
 []


Overfull \hbox (35.99997pt too wide) in alignment at lines 1595--1598
 [] [] [] 
 []


Overfull \hbox (35.99997pt too wide) in alignment at lines 1598--1616
 [] [] [] 
 []

File: team404_small.jpg Graphic file (type jpg)
<use team404_small.jpg>
Package pdftex.def Info: team404_small.jpg used on input line 1616.
(pdftex.def)             Requested size: 57.36183pt x 23.03506pt.
 [48]
Overfull \hbox (35.99997pt too wide) in alignment at lines 1618--1623
 [] [] [] 
 []


Overfull \hbox (35.99997pt too wide) in alignment at lines 1623--1627
 [] [] [] 
 []


Overfull \hbox (35.99997pt too wide) in alignment at lines 1627--1630
 [] [] [] 
 []


Overfull \hbox (35.99997pt too wide) in alignment at lines 1630--1633
 [] [] [] 
 []


Overfull \hbox (35.99997pt too wide) in alignment at lines 1633--1657
 [] [] [] 
 []

File: team404_small.jpg Graphic file (type jpg)
<use team404_small.jpg>
Package pdftex.def Info: team404_small.jpg used on input line 1657.
(pdftex.def)             Requested size: 57.36183pt x 23.03506pt.
 [49]
File: team404_small.jpg Graphic file (type jpg)
 <use team404_small.jpg>
Package pdftex.def Info: team404_small.jpg used on input line 1659.
(pdftex.def)             Requested size: 57.36183pt x 23.03506pt.
 [50]
Overfull \hbox (24.0pt too wide) in alignment at lines 1662--1667
 [] [] 
 []


Overfull \hbox (24.0pt too wide) in alignment at lines 1667--1671
 [] [] 
 []


Overfull \hbox (24.0pt too wide) in alignment at lines 1671--1674
 [] [] 
 []


Overfull \hbox (24.0pt too wide) in alignment at lines 1674--1677
 [] [] 
 []


Overfull \hbox (24.0pt too wide) in alignment at lines 1677--1718
 [] [] 
 []


Overfull \hbox (24.0pt too wide) in alignment at lines 1718--1758
 [] [] 
 []

File: team404_small.jpg Graphic file (type jpg)
<use team404_small.jpg>
Package pdftex.def Info: team404_small.jpg used on input line 1758.
(pdftex.def)             Requested size: 57.36183pt x 23.03506pt.
 [51]
Overfull \hbox (24.0pt too wide) in alignment at lines 1758--1794
 [] [] 
 []

File: team404_small.jpg Graphic file (type jpg)
<use team404_small.jpg>
Package pdftex.def Info: team404_small.jpg used on input line 1794.
(pdftex.def)             Requested size: 57.36183pt x 23.03506pt.
 [52]
File: team404_small.jpg Graphic file (type jpg)
 <use team404_small.jpg>
Package pdftex.def Info: team404_small.jpg used on input line 1794.
(pdftex.def)             Requested size: 57.36183pt x 23.03506pt.
 [53]
Overfull \hbox (24.0pt too wide) in alignment at lines 1797--1802
 [] [] 
 []


Overfull \hbox (24.0pt too wide) in alignment at lines 1802--1806
 [] [] 
 []


Overfull \hbox (24.0pt too wide) in alignment at lines 1806--1809
 [] [] 
 []


Overfull \hbox (24.0pt too wide) in alignment at lines 1809--1812
 [] [] 
 []


Overfull \hbox (24.0pt too wide) in alignment at lines 1812--1853
 [] [] 
 []


Overfull \hbox (24.0pt too wide) in alignment at lines 1853--1893
 [] [] 
 []

File: team404_small.jpg Graphic file (type jpg)
<use team404_small.jpg>
Package pdftex.def Info: team404_small.jpg used on input line 1893.
(pdftex.def)             Requested size: 57.36183pt x 23.03506pt.
 [54]
Overfull \hbox (24.0pt too wide) in alignment at lines 1893--1933
 [] [] 
 []

File: team404_small.jpg Graphic file (type jpg)
<use team404_small.jpg>
Package pdftex.def Info: team404_small.jpg used on input line 1933.
(pdftex.def)             Requested size: 57.36183pt x 23.03506pt.
 [55]
Overfull \hbox (24.0pt too wide) in alignment at lines 1933--1973
 [] [] 
 []

File: team404_small.jpg Graphic file (type jpg)
<use team404_small.jpg>
Package pdftex.def Info: team404_small.jpg used on input line 1973.
(pdftex.def)             Requested size: 57.36183pt x 23.03506pt.
 [56]
Overfull \hbox (24.0pt too wide) in alignment at lines 1973--1997
 [] [] 
 []

File: team404_small.jpg Graphic file (type jpg)
<use team404_small.jpg>
Package pdftex.def Info: team404_small.jpg used on input line 1997.
(pdftex.def)             Requested size: 57.36183pt x 23.03506pt.
 [57]
File: team404_small.jpg Graphic file (type jpg)
 <use team404_small.jpg>
Package pdftex.def Info: team404_small.jpg used on input line 1997.
(pdftex.def)             Requested size: 57.36183pt x 23.03506pt.
 [58]

AED: lastpage setting LastPage
File: team404_small.jpg Graphic file (type jpg)
<use team404_small.jpg>
Package pdftex.def Info: team404_small.jpg used on input line 1999.
(pdftex.def)             Requested size: 57.36183pt x 23.03506pt.
 [59]
Package atveryend Info: Empty hook `BeforeClearDocument' on input line 1999.
Package atveryend Info: Empty hook `AfterLastShipout' on input line 1999.
 (analisi_dei_requisiti_3.0.aux)
Package atveryend Info: Executing hook `AtVeryEndDocument' on input line 1999.
Package atveryend Info: Executing hook `AtEndAfterFileList' on input line 1999.



Package rerunfilecheck Warning: File `analisi_dei_requisiti_3.0.out' has change
d.
(rerunfilecheck)                Rerun to get outlines right
(rerunfilecheck)                or use package `bookmark'.

Package rerunfilecheck Info: Checksums for `analisi_dei_requisiti_3.0.out':
(rerunfilecheck)             Before: 24F9397F9D22306DC0D5CFAB4715D5F2;9041
(rerunfilecheck)             After:  1CF6FAEEA93981902D8AEE449EFCC392;9041.
 ) 
Here is how much of TeX's memory you used:
 10967 strings out of 493698
 161205 string characters out of 3144408
 300909 words of memory out of 3000000
 13882 multiletter control sequences out of 15000+200000
 26367 words of font info for 77 fonts, out of 3000000 for 9000
 1025 hyphenation exceptions out of 8191
 38i,17n,47p,918b,534s stack positions out of 5000i,500n,10000p,200000b,50000s
pdfTeX warning (dest): name{subsubsubsection.3.13.0.2} has been referenced bu
t does not exist, replaced by a fixed one

pdfTeX warning (dest): name{subsubsubsection.3.13.0.1} has been referenced but 
does not exist, replaced by a fixed one

{C:/Program Files/MiKTeX 2.9/fonts/enc/dvips/cantarell/cantarell-03.enc}{C:/Pro
gram Files/MiKTeX 2.9/fonts/enc/dvips/cantarell/cantarell-01.enc}{C:/Program Fi
les/MiKTeX 2.9/fonts/enc/dvips/cm-super/cm-super-t1.enc}<C:/Program Files/MiKTe
X 2.9/fonts/type1/public/cantarell/Cantarell-Bold.pfb><C:/Program Files/MiKTeX 
2.9/fonts/type1/public/cantarell/Cantarell-Regular.pfb><C:/Program Files/MiKTeX
 2.9/fonts/type1/public/cantarell/Cantarell-Regular.pfb><C:/Program Files/MiKTe
X 2.9/fonts/type1/public/cm-super/sftt1095.pfb><C:/Program Files/MiKTeX 2.9/fon
ts/type1/public/cm-super/sftt1440.pfb>
Output written on analisi_dei_requisiti_3.0.pdf (67 pages, 1128186 bytes).
PDF statistics:
 1012 PDF objects out of 1200 (max. 8388607)
 193 named destinations out of 1000 (max. 500000)
 888 words of extra memory for PDF output out of 10000 (max. 10000000)

