\BOOKMARK [1][-]{section.1}{Sommario}{}% 1
\BOOKMARK [1][-]{section.2}{Introduzione}{}% 2
\BOOKMARK [2][-]{subsection.2.1}{Scopo del documento}{section.2}% 3
\BOOKMARK [2][-]{subsection.2.2}{Scopo del prodotto}{section.2}% 4
\BOOKMARK [2][-]{subsection.2.3}{Glossario}{section.2}% 5
\BOOKMARK [2][-]{subsection.2.4}{Riferimenti}{section.2}% 6
\BOOKMARK [3][-]{subsubsection.2.4.1}{Normativi}{subsection.2.4}% 7
\BOOKMARK [3][-]{subsubsection.2.4.2}{Informativi}{subsection.2.4}% 8
\BOOKMARK [1][-]{section.3}{Organizzazione}{}% 9
\BOOKMARK [2][-]{subsection.3.1}{Organigramma}{section.3}% 10
\BOOKMARK [2][-]{subsection.3.2}{Ruoli di progetto}{section.3}% 11
\BOOKMARK [1][-]{section.4}{Analisi del ciclo di vita software}{}% 12
\BOOKMARK [2][-]{subsection.4.1}{Modelli di cicli di vita}{section.4}% 13
\BOOKMARK [3][-]{subsubsection.4.1.1}{Modello Iterativo}{subsection.4.1}% 14
\BOOKMARK [3][-]{subsubsection.4.1.2}{Modello Incrementale}{subsection.4.1}% 15
\BOOKMARK [3][-]{subsubsection.4.1.3}{Modello Evolutivo}{subsection.4.1}% 16
\BOOKMARK [3][-]{subsubsection.4.1.4}{Modello a Spirale}{subsection.4.1}% 17
\BOOKMARK [2][-]{subsection.4.2}{Scelta del modello}{section.4}% 18
\BOOKMARK [1][-]{section.5}{Analisi dei rischi}{}% 19
\BOOKMARK [2][-]{subsection.5.1}{Risorse Umane}{section.5}% 20
\BOOKMARK [3][-]{subsubsection.5.1.1}{Incompatibilit\340 componenti del gruppo}{subsection.5.1}% 21
\BOOKMARK [3][-]{subsubsection.5.1.2}{Impegni esterni al progetto didattico}{subsection.5.1}% 22
\BOOKMARK [3][-]{subsubsection.5.1.3}{Indisponibilit\340 prolungata}{subsection.5.1}% 23
\BOOKMARK [2][-]{subsection.5.2}{Conoscenze e Strumenti}{section.5}% 24
\BOOKMARK [3][-]{subsubsection.5.2.1}{Carenza di conoscenze tecniche}{subsection.5.2}% 25
\BOOKMARK [3][-]{subsubsection.5.2.2}{Carenza di strumenti adeguati}{subsection.5.2}% 26
\BOOKMARK [2][-]{subsection.5.3}{Errori d'analisi}{section.5}% 27
\BOOKMARK [3][-]{subsubsection.5.3.1}{Errore in fase di analisi dei requisiti}{subsection.5.3}% 28
\BOOKMARK [3][-]{subsubsection.5.3.2}{Errore in fase di studio di fattibilit\340}{subsection.5.3}% 29
\BOOKMARK [3][-]{subsubsection.5.3.3}{Errore di stima risorse/costi}{subsection.5.3}% 30
\BOOKMARK [2][-]{subsection.5.4}{Ritardi}{section.5}% 31
\BOOKMARK [3][-]{subsubsection.5.4.1}{Ritardo nel completamento di un'attivit\340}{subsection.5.4}% 32
\BOOKMARK [3][-]{subsubsection.5.4.2}{Ritardata partecipazione ad una revisione}{subsection.5.4}% 33
\BOOKMARK [1][-]{section.6}{Pianificazione delle risorse}{}% 34
\BOOKMARK [2][-]{subsection.6.1}{Scadenze}{section.6}% 35
\BOOKMARK [2][-]{subsection.6.2}{Pianificazione attivit\340 di sviluppo}{section.6}% 36
\BOOKMARK [3][-]{subsubsection.6.2.1}{Rotazione dei ruoli}{subsection.6.2}% 37
\BOOKMARK [3][-]{subsubsection.6.2.2}{Analisi}{subsection.6.2}% 38
\BOOKMARK [3][-]{subsubsection.6.2.3}{Progettazione}{subsection.6.2}% 39
\BOOKMARK [3][-]{subsubsection.6.2.4}{Codifica}{subsection.6.2}% 40
\BOOKMARK [3][-]{subsubsection.6.2.5}{Verifica e validazione}{subsection.6.2}% 41
\BOOKMARK [1][-]{section.7}{Conto Economico Preventivo}{}% 42
\BOOKMARK [2][-]{subsection.7.1}{Vincoli economici e didattici}{section.7}% 43
\BOOKMARK [2][-]{subsection.7.2}{Preventivo}{section.7}% 44
\BOOKMARK [3][-]{subsubsection.7.2.1}{Incidenza Fasi}{subsection.7.2}% 45
\BOOKMARK [3][-]{subsubsection.7.2.2}{Incidenza Ruoli}{subsection.7.2}% 46
\BOOKMARK [2][-]{subsection.7.3}{Prospetto Orario}{section.7}% 47
