\BOOKMARK [1][-]{section.1}{Introduzione}{}% 1
\BOOKMARK [2][-]{subsection.1.1}{Scopo del Documento}{section.1}% 2
\BOOKMARK [2][-]{subsection.1.2}{Scopo del Prodotto}{section.1}% 3
\BOOKMARK [2][-]{subsection.1.3}{Glossario}{section.1}% 4
\BOOKMARK [2][-]{subsection.1.4}{Riferimenti}{section.1}% 5
\BOOKMARK [3][-]{subsubsection.1.4.1}{Normativi}{subsection.1.4}% 6
\BOOKMARK [3][-]{subsubsection.1.4.2}{Informativi}{subsection.1.4}% 7
\BOOKMARK [1][-]{section.2}{Descrizione del Problema}{}% 8
\BOOKMARK [2][-]{subsection.2.1}{Contesto d'uso}{section.2}% 9
\BOOKMARK [2][-]{subsection.2.2}{Funzioni del Prodotto}{section.2}% 10
\BOOKMARK [2][-]{subsection.2.3}{Vincoli di Utilizzo}{section.2}% 11
\BOOKMARK [1][-]{section.3}{Casi d'uso}{}% 12
\BOOKMARK [2][-]{subsection.3.1}{Attori}{section.3}% 13
\BOOKMARK [2][-]{subsection.3.2}{Sistema Quizzipedia}{section.3}% 14
\BOOKMARK [2][-]{subsection.3.3}{UC 1 - Login}{section.3}% 15
\BOOKMARK [3][-]{subsubsection.3.3.1}{UC 1.1 - Inserimento email}{subsection.3.3}% 16
\BOOKMARK [3][-]{subsubsection.3.3.2}{UC 1.2 - Inserimento password}{subsection.3.3}% 17
\BOOKMARK [3][-]{subsubsection.3.3.3}{UC 1.3 - Password dimenticata}{subsection.3.3}% 18
\BOOKMARK [4][-]{subsubsubsection.3.3.3.1}{UC 1.3.1 - Inserimento email}{subsubsection.3.3.3}% 19
\BOOKMARK [4][-]{subsubsubsection.3.3.3.2}{UC 1.3.2 - Invio email recupero password}{subsubsection.3.3.3}% 20
\BOOKMARK [3][-]{subsubsection.3.3.4}{UC 1.4 - Invio dati login}{subsection.3.3}% 21
\BOOKMARK [2][-]{subsection.3.4}{UC 2 - Registrazione}{section.3}% 22
\BOOKMARK [3][-]{subsubsection.3.4.1}{UC 2.1 - Inserimento email}{subsection.3.4}% 23
\BOOKMARK [3][-]{subsubsection.3.4.2}{UC 2.2 - Inserimento password}{subsection.3.4}% 24
\BOOKMARK [3][-]{subsubsection.3.4.3}{UC 2.4 - Invio dati registrazione}{subsection.3.4}% 25
\BOOKMARK [2][-]{subsection.3.5}{UC 3 - Visualizzazione categorie}{section.3}% 26
\BOOKMARK [3][-]{subsubsection.3.5.1}{UC 3.1 - Visualizzazione nome categoria}{subsection.3.5}% 27
\BOOKMARK [3][-]{subsubsection.3.5.2}{UC 3.2 - Visualizzazione numero questionari categoria}{subsection.3.5}% 28
\BOOKMARK [2][-]{subsection.3.6}{UC 4 - Visualizzazione lista questionari categoria}{section.3}% 29
\BOOKMARK [3][-]{subsubsection.3.6.1}{UC 4.1 - Visualizzazione nome questionario}{subsection.3.6}% 30
\BOOKMARK [3][-]{subsubsection.3.6.2}{UC 4.2 - Visualizzazione numero domande}{subsection.3.6}% 31
\BOOKMARK [3][-]{subsubsection.3.6.3}{UC 4.3 - Visualizzazione autore}{subsection.3.6}% 32
\BOOKMARK [2][-]{subsection.3.7}{UC 5 - Scelta questionario}{section.3}% 33
\BOOKMARK [2][-]{subsection.3.8}{UC 6 - Compilazione questionario}{section.3}% 34
\BOOKMARK [3][-]{subsubsection.3.8.1}{UC 6.1 - Visualizzazione domande}{subsection.3.8}% 35
\BOOKMARK [4][-]{subsubsubsection.3.8.1.1}{UC 6.1.1 - Visualizzazione testo domanda}{subsubsection.3.8.1}% 36
\BOOKMARK [4][-]{subsubsubsection.3.8.1.2}{UC 6.1.2 - Visualizzazione risposte preimpostate}{subsubsection.3.8.1}% 37
\BOOKMARK [4][-]{subsubsubsection.3.8.1.3}{UC 6.1.3 - Visualizzazione risposta data}{subsubsection.3.8.1}% 38
\BOOKMARK [3][-]{subsubsection.3.8.2}{UC 6.2 - Compilazione domanda}{subsection.3.8}% 39
\BOOKMARK [4][-]{subsubsubsection.3.8.2.1}{UC 6.2.1 - Selezione risposta tra le presenti}{subsubsection.3.8.2}% 40
\BOOKMARK [4][-]{subsubsubsection.3.8.2.2}{UC 6.2.2 - Inserimento risposta come testo}{subsubsection.3.8.2}% 41
\BOOKMARK [4][-]{subsubsubsection.3.8.2.3}{UC 6.2.3 - Associazione tra elementi di due insiemi}{subsubsection.3.8.2}% 42
\BOOKMARK [4][-]{subsubsubsection.3.8.2.4}{UC 6.2.4 - Scelta di una parola per il completamento del testo}{subsubsection.3.8.2}% 43
\BOOKMARK [4][-]{subsubsubsection.3.8.2.5}{UC 6.2.5 - Associazione tra avvenimento e data}{subsubsection.3.8.2}% 44
\BOOKMARK [3][-]{subsubsection.3.8.3}{UC 6.3 - Consegna questionario}{subsection.3.8}% 45
\BOOKMARK [3][-]{subsubsection.3.8.4}{UC 6.5 - Valutazione questionario}{subsection.3.8}% 46
\BOOKMARK [4][-]{subsubsubsection.3.8.4.1}{UC 6.5.1 - Visualizzazione nome questionario}{subsubsection.3.8.4}% 47
\BOOKMARK [4][-]{subsubsubsection.3.8.4.2}{UC 6.5.2 - Visualizzazione punteggio ottenuto}{subsubsection.3.8.4}% 48
\BOOKMARK [4][-]{subsubsubsection.3.8.4.3}{UC 6.5.3 - Visualizzazione percentuale risposte corrette}{subsubsection.3.8.4}% 49
\BOOKMARK [3][-]{subsubsection.3.8.5}{UC 6.6 - Visualizzazione tempo rimanente}{subsection.3.8}% 50
\BOOKMARK [2][-]{subsection.3.9}{UC 7 - Creazione domanda}{section.3}% 51
\BOOKMARK [3][-]{subsubsection.3.9.1}{UC 7.1 - Inserimento categorie domanda}{subsection.3.9}% 52
\BOOKMARK [3][-]{subsubsection.3.9.2}{UC 7.2 - Inserimento QML domanda}{subsection.3.9}% 53
\BOOKMARK [3][-]{subsubsection.3.9.3}{UC 7.3 - Invio dati domanda}{subsection.3.9}% 54
\BOOKMARK [2][-]{subsection.3.10}{UC 8 - Creazione questionario}{section.3}% 55
\BOOKMARK [3][-]{subsubsection.3.10.1}{UC 8.1 - Inserimento nome questionario}{subsection.3.10}% 56
\BOOKMARK [3][-]{subsubsection.3.10.2}{UC 8.2 - Inserimento categoria questionario}{subsection.3.10}% 57
\BOOKMARK [3][-]{subsubsection.3.10.3}{UC 8.3 - Visualizzazione lista domande}{subsection.3.10}% 58
\BOOKMARK [3][-]{subsubsection.3.10.4}{UC 8.4 - Selezione domanda}{subsection.3.10}% 59
\BOOKMARK [3][-]{subsubsection.3.10.5}{UC 8.5 - Conferma questionario}{subsection.3.10}% 60
\BOOKMARK [3][-]{subsubsection.3.10.6}{UC 8.8 - Inserimento tempo di compilazione}{subsection.3.10}% 61
\BOOKMARK [2][-]{subsection.3.11}{UC 9 - Logout}{section.3}% 62
\BOOKMARK [1][-]{section.4}{Requisiti}{}% 63
\BOOKMARK [2][-]{subsection.4.1}{Requisiti funzionali}{section.4}% 64
\BOOKMARK [2][-]{subsection.4.2}{Requisiti di qualit\340}{section.4}% 65
\BOOKMARK [2][-]{subsection.4.3}{Vincoli di sistema}{section.4}% 66
\BOOKMARK [1][-]{section.5}{Mappature}{}% 67
\BOOKMARK [2][-]{subsection.5.1}{Mappatura casi d'uso - requisiti}{section.5}% 68
\BOOKMARK [2][-]{subsection.5.2}{Mappatura requisiti - casi d'uso}{section.5}% 69
